Peer_8:basic WARNING 0: Not enough peers, fetching more (0, 8)
Peer_8:basic INFO 4.082678796782573: Connecting to Peer_21:bootstrap
Peer_8:basic INFO 8.308956451809243: Received message <Hello:> from Peer_21:bootstrap
Peer_8:basic INFO 10.710155242026262: Received message <RequestPeers:> from Peer_21:bootstrap
Peer_8:basic INFO 10.710155242026262: Sending message <PeerList> to Peer_21:bootstrap
Peer_8:basic WARNING 500: Not enough peers, fetching more (1, 8)
Peer_8:basic INFO 500: Sending message <RequestPeers:> to Peer_21:bootstrap
Peer_8:basic INFO 509.97998993513625: Received message <PeerList> from Peer_21:bootstrap
Peer_8:basic WARNING 1000: Not enough peers, fetching more (1, 8)
Peer_8:basic INFO 1000: Sending message <RequestPeers:> to Peer_21:bootstrap
Peer_8:basic INFO 1005.0126481109888: Received message <Hello:> from Peer_4:basic
Peer_8:basic INFO 1005.0126481109888: Connecting to Peer_4:basic
Peer_8:basic INFO 1005.0126481109888: Sending message <Hello:> to Peer_4:basic
Peer_8:basic INFO 1005.0126481109888: Sending message <RequestPeers:> to Peer_4:basic
Peer_8:basic INFO 1005.1901467261938: Connecting to Peer_7:basic
Peer_8:basic INFO 1005.725214234729: Received message <Hello:> from Peer_18:basic
Peer_8:basic INFO 1005.725214234729: Connecting to Peer_18:basic
Peer_8:basic INFO 1005.725214234729: Sending message <Hello:> to Peer_18:basic
Peer_8:basic INFO 1005.725214234729: Sending message <RequestPeers:> to Peer_18:basic
Peer_8:basic INFO 1007.8729088674402: Received message <PeerList> from Peer_21:bootstrap
Peer_8:basic INFO 1010.3093362105825: Received message <Hello:> from Peer_7:basic
Peer_8:basic INFO 1010.3134881826944: Received message <RequestPeers:> from Peer_7:basic
Peer_8:basic INFO 1010.3134881826944: Sending message <PeerList> to Peer_7:basic
Peer_8:basic INFO 1014.9592215628113: Received message <PeerList> from Peer_18:basic
Peer_8:basic INFO 1015.2669445798302: Received message <PeerList> from Peer_4:basic
Peer_8:basic WARNING 1500: Not enough peers, fetching more (4, 8)
Peer_8:basic INFO 1500: Sending message <RequestPeers:> to Peer_21:bootstrap
Peer_8:basic INFO 1500: Sending message <RequestPeers:> to Peer_4:basic
Peer_8:basic INFO 1500: Sending message <RequestPeers:> to Peer_18:basic
Peer_8:basic INFO 1500: Sending message <RequestPeers:> to Peer_7:basic
Peer_8:basic INFO 1504.3920871144196: Received message <RequestPeers:> from Peer_18:basic
Peer_8:basic INFO 1504.3920871144196: Sending message <PeerList> to Peer_18:basic
Peer_8:basic INFO 1505.017540236485: Received message <RequestPeers:> from Peer_4:basic
Peer_8:basic INFO 1505.017540236485: Sending message <PeerList> to Peer_4:basic
Peer_8:basic INFO 1505.1282005551789: Received message <RequestPeers:> from Peer_7:basic
Peer_8:basic INFO 1505.1282005551789: Sending message <PeerList> to Peer_7:basic
Peer_8:basic INFO 1505.267461346955: Connecting to Peer_20:basic
Peer_8:basic INFO 1508.9040723449186: Received message <PeerList> from Peer_21:bootstrap
Peer_8:basic INFO 1509.5997257120102: Received message <RequestPeers:> from Peer_20:basic
Peer_8:basic INFO 1509.5997257120102: Sending message <PeerList> to Peer_20:basic
Peer_8:basic INFO 1510.1766875864828: Received message <PeerList> from Peer_7:basic
Peer_8:basic INFO 1510.3781633526532: Received message <PeerList> from Peer_4:basic
Peer_8:basic INFO 1510.4605186846024: Received message <Hello:> from Peer_20:basic
Peer_8:basic INFO 1510.849100004429: Received message <PeerList> from Peer_18:basic
Peer_8:basic WARNING 2000: Not enough peers, fetching more (5, 8)
Peer_8:basic INFO 2000: Sending message <RequestPeers:> to Peer_18:basic
Peer_8:basic INFO 2000: Sending message <RequestPeers:> to Peer_4:basic
Peer_8:basic INFO 2000: Sending message <RequestPeers:> to Peer_20:basic
Peer_8:basic INFO 2000: Sending message <RequestPeers:> to Peer_21:bootstrap
Peer_8:basic INFO 2000: Sending message <RequestPeers:> to Peer_7:basic
Peer_8:basic INFO 2005.162144375799: Received message <RequestPeers:> from Peer_4:basic
Peer_8:basic INFO 2005.162144375799: Sending message <PeerList> to Peer_4:basic
Peer_8:basic INFO 2005.4317169168216: Received message <Hello:> from Peer_6:basic
Peer_8:basic INFO 2005.4317169168216: Connecting to Peer_6:basic
Peer_8:basic INFO 2005.4317169168216: Sending message <Hello:> to Peer_6:basic
Peer_8:basic INFO 2005.4317169168216: Sending message <RequestPeers:> to Peer_6:basic
Peer_8:basic INFO 2005.7578379588992: Received message <Hello:> from Peer_10:basic
Peer_8:basic INFO 2005.7578379588992: Connecting to Peer_10:basic
Peer_8:basic INFO 2005.7578379588992: Sending message <Hello:> to Peer_10:basic
Peer_8:basic INFO 2005.7578379588992: Sending message <RequestPeers:> to Peer_10:basic
Peer_8:basic INFO 2006.5346225033627: Connecting to Peer_9:basic
Peer_8:basic INFO 2008.4634315032768: Received message <PeerList> from Peer_18:basic
Peer_8:basic INFO 2009.2306446631: Received message <PeerList> from Peer_4:basic
Peer_8:basic INFO 2010.3860575194046: Received message <PeerList> from Peer_7:basic
Peer_8:basic INFO 2010.4564513967755: Received message <PeerList> from Peer_21:bootstrap
Peer_8:basic INFO 2010.8801254643993: Received message <PeerList> from Peer_20:basic
Peer_8:basic INFO 2011.5457780748843: Received message <RequestPeers:> from Peer_9:basic
Peer_8:basic INFO 2011.5457780748843: Sending message <PeerList> to Peer_9:basic
Peer_8:basic INFO 2012.3961091240362: Received message <Hello:> from Peer_9:basic
Peer_8:basic INFO 2015.917388228344: Received message <PeerList> from Peer_6:basic
Peer_8:basic INFO 2018.1014973519025: Received message <PeerList> from Peer_10:basic
Peer_8:basic INFO 3000: Sending message <Ping:> to Peer_21:bootstrap
Peer_8:basic INFO 3000: Sending message <Ping:> to Peer_4:basic
Peer_8:basic INFO 3000: Sending message <Ping:> to Peer_7:basic
Peer_8:basic INFO 3000: Sending message <Ping:> to Peer_18:basic
Peer_8:basic INFO 3000: Sending message <Ping:> to Peer_20:basic
Peer_8:basic INFO 3000: Sending message <Ping:> to Peer_6:basic
Peer_8:basic INFO 3000: Sending message <Ping:> to Peer_10:basic
Peer_8:basic INFO 3000: Sending message <Ping:> to Peer_9:basic
Peer_8:basic INFO 3003.531480949817: Received message <Ping:> from Peer_21:bootstrap
Peer_8:basic INFO 3003.531480949817: Sending message <Pong:> to Peer_21:bootstrap
Peer_8:basic INFO 3004.025523025195: Received message <Ping:> from Peer_18:basic
Peer_8:basic INFO 3004.025523025195: Sending message <Pong:> to Peer_18:basic
Peer_8:basic INFO 3004.468307350392: Received message <Ping:> from Peer_10:basic
Peer_8:basic INFO 3004.468307350392: Sending message <Pong:> to Peer_10:basic
Peer_8:basic INFO 3004.6724868735614: Received message <Ping:> from Peer_7:basic
Peer_8:basic INFO 3004.6724868735614: Sending message <Pong:> to Peer_7:basic
Peer_8:basic INFO 3004.739041229573: Received message <Ping:> from Peer_4:basic
Peer_8:basic INFO 3004.739041229573: Sending message <Pong:> to Peer_4:basic
Peer_8:basic INFO 3004.8437183296446: Received message <Ping:> from Peer_6:basic
Peer_8:basic INFO 3004.8437183296446: Sending message <Pong:> to Peer_6:basic
Peer_8:basic INFO 3005.2371021816543: Received message <Ping:> from Peer_20:basic
Peer_8:basic INFO 3005.2371021816543: Sending message <Pong:> to Peer_20:basic
Peer_8:basic INFO 3006.7690482021517: Received message <Ping:> from Peer_9:basic
Peer_8:basic INFO 3006.7690482021517: Sending message <Pong:> to Peer_9:basic
Peer_8:basic INFO 3008.82611256686: Received message <Pong:> from Peer_20:basic
Peer_8:basic INFO 3009.2672338437706: Received message <Pong:> from Peer_18:basic
Peer_8:basic INFO 3009.5693793184937: Received message <Pong:> from Peer_4:basic
Peer_8:basic INFO 3010.0507134407276: Received message <Pong:> from Peer_6:basic
Peer_8:basic INFO 3010.3679409713195: Received message <Pong:> from Peer_7:basic
Peer_8:basic INFO 3010.6338496485455: Received message <Pong:> from Peer_9:basic
Peer_8:basic INFO 3013.211751706725: Received message <Pong:> from Peer_21:bootstrap
Peer_8:basic INFO 3014.0181617170797: Received message <Pong:> from Peer_10:basic
Peer_8:basic INFO 4000: Sending message <Ping:> to Peer_21:bootstrap
Peer_8:basic INFO 4000: Sending message <Ping:> to Peer_4:basic
Peer_8:basic INFO 4000: Sending message <Ping:> to Peer_7:basic
Peer_8:basic INFO 4000: Sending message <Ping:> to Peer_18:basic
Peer_8:basic INFO 4000: Sending message <Ping:> to Peer_20:basic
Peer_8:basic INFO 4000: Sending message <Ping:> to Peer_6:basic
Peer_8:basic INFO 4000: Sending message <Ping:> to Peer_10:basic
Peer_8:basic INFO 4000: Sending message <Ping:> to Peer_9:basic
Peer_8:basic INFO 4001.988309575481: Received message <Ping:> from Peer_18:basic
Peer_8:basic INFO 4001.988309575481: Sending message <Pong:> to Peer_18:basic
Peer_8:basic INFO 4004.0239969518148: Received message <Ping:> from Peer_20:basic
Peer_8:basic INFO 4004.0239969518148: Sending message <Pong:> to Peer_20:basic
Peer_8:basic INFO 4004.4836816863535: Received message <Ping:> from Peer_9:basic
Peer_8:basic INFO 4004.4836816863535: Sending message <Pong:> to Peer_9:basic
Peer_8:basic INFO 4004.8041338422645: Received message <Ping:> from Peer_6:basic
Peer_8:basic INFO 4004.8041338422645: Sending message <Pong:> to Peer_6:basic
Peer_8:basic INFO 4004.8219369289345: Received message <Ping:> from Peer_7:basic
Peer_8:basic INFO 4004.8219369289345: Sending message <Pong:> to Peer_7:basic
Peer_8:basic INFO 4004.9708741261966: Received message <Ping:> from Peer_4:basic
Peer_8:basic INFO 4004.9708741261966: Sending message <Pong:> to Peer_4:basic
Peer_8:basic INFO 4005.7899698659476: Received message <Ping:> from Peer_10:basic
Peer_8:basic INFO 4005.7899698659476: Sending message <Pong:> to Peer_10:basic
Peer_8:basic INFO 4006.008662635972: Received message <Ping:> from Peer_21:bootstrap
Peer_8:basic INFO 4006.008662635972: Sending message <Pong:> to Peer_21:bootstrap
Peer_8:basic INFO 4009.5501812553166: Received message <Pong:> from Peer_7:basic
Peer_8:basic INFO 4009.6343387074103: Received message <Pong:> from Peer_21:bootstrap
Peer_8:basic INFO 4009.819507620837: Received message <Pong:> from Peer_4:basic
Peer_8:basic INFO 4009.9630868981817: Received message <Pong:> from Peer_6:basic
Peer_8:basic INFO 4010.1751572856056: Received message <Pong:> from Peer_10:basic
Peer_8:basic INFO 4010.8376607689006: Received message <Pong:> from Peer_9:basic
Peer_8:basic INFO 4010.926688185603: Received message <Pong:> from Peer_18:basic
Peer_8:basic INFO 4012.2664354965214: Received message <Pong:> from Peer_20:basic
Peer_8:basic INFO 5000: Sending message <Ping:> to Peer_21:bootstrap
Peer_8:basic INFO 5000: Sending message <Ping:> to Peer_4:basic
Peer_8:basic INFO 5000: Sending message <Ping:> to Peer_7:basic
Peer_8:basic INFO 5000: Sending message <Ping:> to Peer_18:basic
Peer_8:basic INFO 5000: Sending message <Ping:> to Peer_20:basic
Peer_8:basic INFO 5000: Sending message <Ping:> to Peer_6:basic
Peer_8:basic INFO 5000: Sending message <Ping:> to Peer_10:basic
Peer_8:basic INFO 5000: Sending message <Ping:> to Peer_9:basic
Peer_8:basic INFO 5003.569479136649: Received message <Ping:> from Peer_20:basic
Peer_8:basic INFO 5003.569479136649: Sending message <Pong:> to Peer_20:basic
Peer_8:basic INFO 5003.951850154147: Received message <Ping:> from Peer_10:basic
Peer_8:basic INFO 5003.951850154147: Sending message <Pong:> to Peer_10:basic
Peer_8:basic INFO 5004.41365161994: Received message <Ping:> from Peer_7:basic
Peer_8:basic INFO 5004.41365161994: Sending message <Pong:> to Peer_7:basic
Peer_8:basic INFO 5004.535890239658: Received message <Ping:> from Peer_6:basic
Peer_8:basic INFO 5004.535890239658: Sending message <Pong:> to Peer_6:basic
Peer_8:basic INFO 5004.559058407416: Received message <Ping:> from Peer_4:basic
Peer_8:basic INFO 5004.559058407416: Sending message <Pong:> to Peer_4:basic
Peer_8:basic INFO 5005.103348573488: Received message <Ping:> from Peer_9:basic
Peer_8:basic INFO 5005.103348573488: Sending message <Pong:> to Peer_9:basic
Peer_8:basic INFO 5005.489527395306: Received message <Ping:> from Peer_21:bootstrap
Peer_8:basic INFO 5005.489527395306: Sending message <Pong:> to Peer_21:bootstrap
Peer_8:basic INFO 5006.5118677926985: Received message <Ping:> from Peer_18:basic
Peer_8:basic INFO 5006.5118677926985: Sending message <Pong:> to Peer_18:basic
Peer_8:basic INFO 5008.92388951049: Received message <Pong:> from Peer_21:bootstrap
Peer_8:basic INFO 5008.945919241409: Received message <Pong:> from Peer_18:basic
Peer_8:basic INFO 5009.466832906388: Received message <Pong:> from Peer_7:basic
Peer_8:basic INFO 5009.924749571709: Received message <Pong:> from Peer_10:basic
Peer_8:basic INFO 5010.178033354927: Received message <Pong:> from Peer_6:basic
Peer_8:basic INFO 5010.387154869084: Received message <Pong:> from Peer_20:basic
Peer_8:basic INFO 5010.4082895104375: Received message <Pong:> from Peer_4:basic
Peer_8:basic INFO 5010.481089262606: Received message <Pong:> from Peer_9:basic
Peer_8:basic INFO 6000: Sending message <Ping:> to Peer_21:bootstrap
Peer_8:basic INFO 6000: Sending message <Ping:> to Peer_4:basic
Peer_8:basic INFO 6000: Sending message <Ping:> to Peer_7:basic
Peer_8:basic INFO 6000: Sending message <Ping:> to Peer_18:basic
Peer_8:basic INFO 6000: Sending message <Ping:> to Peer_20:basic
Peer_8:basic INFO 6000: Sending message <Ping:> to Peer_6:basic
Peer_8:basic INFO 6000: Sending message <Ping:> to Peer_10:basic
Peer_8:basic INFO 6000: Sending message <Ping:> to Peer_9:basic
Peer_8:basic INFO 6004.26485699226: Received message <Ping:> from Peer_20:basic
Peer_8:basic INFO 6004.26485699226: Sending message <Pong:> to Peer_20:basic
Peer_8:basic INFO 6004.517085199256: Received message <Ping:> from Peer_7:basic
Peer_8:basic INFO 6004.517085199256: Sending message <Pong:> to Peer_7:basic
Peer_8:basic INFO 6004.560581169542: Received message <Ping:> from Peer_10:basic
Peer_8:basic INFO 6004.560581169542: Sending message <Pong:> to Peer_10:basic
Peer_8:basic INFO 6004.636475973862: Received message <Ping:> from Peer_21:bootstrap
Peer_8:basic INFO 6004.636475973862: Sending message <Pong:> to Peer_21:bootstrap
Peer_8:basic INFO 6004.866542017026: Received message <Ping:> from Peer_9:basic
Peer_8:basic INFO 6004.866542017026: Sending message <Pong:> to Peer_9:basic
Peer_8:basic INFO 6005.044614853473: Received message <Ping:> from Peer_4:basic
Peer_8:basic INFO 6005.044614853473: Sending message <Pong:> to Peer_4:basic
Peer_8:basic INFO 6005.062375004033: Received message <Ping:> from Peer_6:basic
Peer_8:basic INFO 6005.062375004033: Sending message <Pong:> to Peer_6:basic
Peer_8:basic INFO 6005.5451458967245: Received message <Ping:> from Peer_18:basic
Peer_8:basic INFO 6005.5451458967245: Sending message <Pong:> to Peer_18:basic
Peer_8:basic INFO 6009.465614323023: Received message <Pong:> from Peer_10:basic
Peer_8:basic INFO 6009.62488949122: Received message <Pong:> from Peer_6:basic
Peer_8:basic INFO 6009.748183136902: Received message <Pong:> from Peer_9:basic
Peer_8:basic INFO 6009.869350993733: Received message <Pong:> from Peer_18:basic
Peer_8:basic INFO 6009.896001247434: Received message <Pong:> from Peer_4:basic
Peer_8:basic INFO 6009.956092257882: Received message <Pong:> from Peer_20:basic
Peer_8:basic INFO 6010.111395716654: Received message <Pong:> from Peer_21:bootstrap
Peer_8:basic INFO 6010.409789491185: Received message <Pong:> from Peer_7:basic
Peer_8:basic INFO 7000: Sending message <Ping:> to Peer_21:bootstrap
Peer_8:basic INFO 7000: Sending message <Ping:> to Peer_4:basic
Peer_8:basic INFO 7000: Sending message <Ping:> to Peer_7:basic
Peer_8:basic INFO 7000: Sending message <Ping:> to Peer_18:basic
Peer_8:basic INFO 7000: Sending message <Ping:> to Peer_20:basic
Peer_8:basic INFO 7000: Sending message <Ping:> to Peer_6:basic
Peer_8:basic INFO 7000: Sending message <Ping:> to Peer_10:basic
Peer_8:basic INFO 7000: Sending message <Ping:> to Peer_9:basic
Peer_8:basic INFO 7002.860640097548: Received message <Ping:> from Peer_21:bootstrap
Peer_8:basic INFO 7002.860640097548: Sending message <Pong:> to Peer_21:bootstrap
Peer_8:basic INFO 7004.893553003778: Received message <Ping:> from Peer_9:basic
Peer_8:basic INFO 7004.893553003778: Sending message <Pong:> to Peer_9:basic
Peer_8:basic INFO 7004.933618237422: Received message <Ping:> from Peer_7:basic
Peer_8:basic INFO 7004.933618237422: Sending message <Pong:> to Peer_7:basic
Peer_8:basic INFO 7005.001853559417: Received message <Ping:> from Peer_10:basic
Peer_8:basic INFO 7005.001853559417: Sending message <Pong:> to Peer_10:basic
Peer_8:basic INFO 7005.066469103212: Received message <Ping:> from Peer_4:basic
Peer_8:basic INFO 7005.066469103212: Sending message <Pong:> to Peer_4:basic
Peer_8:basic INFO 7005.071904720785: Received message <Ping:> from Peer_6:basic
Peer_8:basic INFO 7005.071904720785: Sending message <Pong:> to Peer_6:basic
Peer_8:basic INFO 7005.167159318187: Received message <Ping:> from Peer_18:basic
Peer_8:basic INFO 7005.167159318187: Sending message <Pong:> to Peer_18:basic
Peer_8:basic INFO 7006.977604342254: Received message <Ping:> from Peer_20:basic
Peer_8:basic INFO 7006.977604342254: Sending message <Pong:> to Peer_20:basic
Peer_8:basic INFO 7008.051899920924: Received message <Pong:> from Peer_21:bootstrap
Peer_8:basic INFO 7009.976104958857: Received message <Pong:> from Peer_20:basic
Peer_8:basic INFO 7010.008385581762: Received message <Pong:> from Peer_18:basic
Peer_8:basic INFO 7010.051558083934: Received message <Pong:> from Peer_6:basic
Peer_8:basic INFO 7010.194287273657: Received message <Pong:> from Peer_4:basic
Peer_8:basic INFO 7010.271507586835: Received message <Pong:> from Peer_7:basic
Peer_8:basic INFO 7010.65801827245: Received message <Pong:> from Peer_9:basic
Peer_8:basic INFO 7010.757131605976: Received message <Pong:> from Peer_10:basic
Peer_8:basic INFO 8000: Sending message <Ping:> to Peer_21:bootstrap
Peer_8:basic INFO 8000: Sending message <Ping:> to Peer_4:basic
Peer_8:basic INFO 8000: Sending message <Ping:> to Peer_7:basic
Peer_8:basic INFO 8000: Sending message <Ping:> to Peer_18:basic
Peer_8:basic INFO 8000: Sending message <Ping:> to Peer_20:basic
Peer_8:basic INFO 8000: Sending message <Ping:> to Peer_6:basic
Peer_8:basic INFO 8000: Sending message <Ping:> to Peer_10:basic
Peer_8:basic INFO 8000: Sending message <Ping:> to Peer_9:basic
Peer_8:basic INFO 8004.605302947525: Received message <Ping:> from Peer_9:basic
Peer_8:basic INFO 8004.605302947525: Sending message <Pong:> to Peer_9:basic
Peer_8:basic INFO 8004.676466317005: Received message <Ping:> from Peer_18:basic
Peer_8:basic INFO 8004.676466317005: Sending message <Pong:> to Peer_18:basic
Peer_8:basic INFO 8004.767795240726: Received message <Ping:> from Peer_6:basic
Peer_8:basic INFO 8004.767795240726: Sending message <Pong:> to Peer_6:basic
Peer_8:basic INFO 8004.78996709216: Received message <Ping:> from Peer_4:basic
Peer_8:basic INFO 8004.78996709216: Sending message <Pong:> to Peer_4:basic
Peer_8:basic INFO 8005.188395955265: Received message <Ping:> from Peer_7:basic
Peer_8:basic INFO 8005.188395955265: Sending message <Pong:> to Peer_7:basic
Peer_8:basic INFO 8005.310585247541: Received message <Ping:> from Peer_20:basic
Peer_8:basic INFO 8005.310585247541: Sending message <Pong:> to Peer_20:basic
Peer_8:basic INFO 8005.67127607802: Received message <Ping:> from Peer_10:basic
Peer_8:basic INFO 8005.67127607802: Sending message <Pong:> to Peer_10:basic
Peer_8:basic INFO 8006.900912302051: Received message <Ping:> from Peer_21:bootstrap
Peer_8:basic INFO 8006.900912302051: Sending message <Pong:> to Peer_21:bootstrap
Peer_8:basic INFO 8007.720019683996: Received message <Pong:> from Peer_9:basic
Peer_8:basic INFO 8008.7894912518495: Received message <Pong:> from Peer_21:bootstrap
Peer_8:basic INFO 8008.877860557054: Received message <Pong:> from Peer_18:basic
Peer_8:basic INFO 8009.810804672285: Received message <Pong:> from Peer_10:basic
Peer_8:basic INFO 8009.836306440882: Received message <Pong:> from Peer_6:basic
Peer_8:basic INFO 8009.9361237759285: Received message <Pong:> from Peer_7:basic
Peer_8:basic INFO 8010.601323833606: Received message <Pong:> from Peer_4:basic
Peer_8:basic INFO 8011.09830192617: Received message <Pong:> from Peer_20:basic
Peer_8:basic INFO 9000: Sending message <Ping:> to Peer_21:bootstrap
Peer_8:basic INFO 9000: Sending message <Ping:> to Peer_4:basic
Peer_8:basic INFO 9000: Sending message <Ping:> to Peer_7:basic
Peer_8:basic INFO 9000: Sending message <Ping:> to Peer_18:basic
Peer_8:basic INFO 9000: Sending message <Ping:> to Peer_20:basic
Peer_8:basic INFO 9000: Sending message <Ping:> to Peer_6:basic
Peer_8:basic INFO 9000: Sending message <Ping:> to Peer_10:basic
Peer_8:basic INFO 9000: Sending message <Ping:> to Peer_9:basic
Peer_8:basic INFO 9004.21152620716: Received message <Ping:> from Peer_9:basic
Peer_8:basic INFO 9004.21152620716: Sending message <Pong:> to Peer_9:basic
Peer_8:basic INFO 9004.765181882885: Received message <Ping:> from Peer_4:basic
Peer_8:basic INFO 9004.765181882885: Sending message <Pong:> to Peer_4:basic
Peer_8:basic INFO 9004.976212293108: Received message <Ping:> from Peer_7:basic
Peer_8:basic INFO 9004.976212293108: Sending message <Pong:> to Peer_7:basic
Peer_8:basic INFO 9005.043088107972: Received message <Ping:> from Peer_18:basic
Peer_8:basic INFO 9005.043088107972: Sending message <Pong:> to Peer_18:basic
Peer_8:basic INFO 9005.258116844632: Received message <Ping:> from Peer_10:basic
Peer_8:basic INFO 9005.258116844632: Sending message <Pong:> to Peer_10:basic
Peer_8:basic INFO 9005.34731215839: Received message <Ping:> from Peer_6:basic
Peer_8:basic INFO 9005.34731215839: Sending message <Pong:> to Peer_6:basic
Peer_8:basic INFO 9005.36701512832: Received message <Ping:> from Peer_21:bootstrap
Peer_8:basic INFO 9005.36701512832: Sending message <Pong:> to Peer_21:bootstrap
Peer_8:basic INFO 9006.695074622734: Received message <Ping:> from Peer_20:basic
Peer_8:basic INFO 9006.695074622734: Sending message <Pong:> to Peer_20:basic
Peer_8:basic INFO 9008.675979272482: Received message <Pong:> from Peer_21:bootstrap
Peer_8:basic INFO 9009.112657078647: Received message <Pong:> from Peer_9:basic
Peer_8:basic INFO 9009.695812291448: Received message <Pong:> from Peer_10:basic
Peer_8:basic INFO 9009.83069646301: Received message <Pong:> from Peer_20:basic
Peer_8:basic INFO 9010.066354877614: Received message <Pong:> from Peer_4:basic
Peer_8:basic INFO 9010.32382585766: Received message <Pong:> from Peer_6:basic
Peer_8:basic INFO 9010.605033887126: Received message <Pong:> from Peer_7:basic
Peer_8:basic INFO 9011.206094839918: Received message <Pong:> from Peer_18:basic
