Peer_19:basic WARNING 0: Not enough peers, fetching more (0, 8)
Peer_19:basic INFO 4.333343623929273: Connecting to Peer_21:bootstrap
Peer_19:basic INFO 7.816110929905314: Received message <RequestPeers:> from Peer_21:bootstrap
Peer_19:basic INFO 7.816110929905314: Sending message <PeerList> to Peer_21:bootstrap
Peer_19:basic INFO 8.879984027772275: Received message <Hello:> from Peer_21:bootstrap
Peer_19:basic WARNING 500: Not enough peers, fetching more (1, 8)
Peer_19:basic INFO 500: Sending message <RequestPeers:> to Peer_21:bootstrap
Peer_19:basic INFO 510.6196390248497: Received message <PeerList> from Peer_21:bootstrap
Peer_19:basic WARNING 1000: Not enough peers, fetching more (1, 8)
Peer_19:basic INFO 1000: Sending message <RequestPeers:> to Peer_21:bootstrap
Peer_19:basic INFO 1004.7804654168076: Connecting to Peer_12:basic
Peer_19:basic INFO 1005.0267777703542: Received message <Hello:> from Peer_16:basic
Peer_19:basic INFO 1005.0267777703542: Connecting to Peer_16:basic
Peer_19:basic INFO 1005.0267777703542: Sending message <Hello:> to Peer_16:basic
Peer_19:basic INFO 1005.0267777703542: Sending message <RequestPeers:> to Peer_16:basic
Peer_19:basic INFO 1005.4184043113919: Received message <Hello:> from Peer_15:basic
Peer_19:basic INFO 1005.4184043113919: Connecting to Peer_15:basic
Peer_19:basic INFO 1005.4184043113919: Sending message <Hello:> to Peer_15:basic
Peer_19:basic INFO 1005.4184043113919: Sending message <RequestPeers:> to Peer_15:basic
Peer_19:basic INFO 1009.7598514696882: Received message <Hello:> from Peer_12:basic
Peer_19:basic INFO 1009.8029929244645: Received message <RequestPeers:> from Peer_12:basic
Peer_19:basic INFO 1009.8029929244645: Sending message <PeerList> to Peer_12:basic
Peer_19:basic INFO 1011.7858326908965: Received message <PeerList> from Peer_21:bootstrap
Peer_19:basic INFO 1013.5735794139392: Received message <PeerList> from Peer_16:basic
Peer_19:basic INFO 1014.1151236268565: Received message <PeerList> from Peer_15:basic
Peer_19:basic WARNING 1500: Not enough peers, fetching more (4, 8)
Peer_19:basic INFO 1500: Sending message <RequestPeers:> to Peer_12:basic
Peer_19:basic INFO 1500: Sending message <RequestPeers:> to Peer_16:basic
Peer_19:basic INFO 1500: Sending message <RequestPeers:> to Peer_21:bootstrap
Peer_19:basic INFO 1500: Sending message <RequestPeers:> to Peer_15:basic
Peer_19:basic INFO 1504.4583872620947: Received message <Hello:> from Peer_1:basic
Peer_19:basic INFO 1504.4583872620947: Connecting to Peer_1:basic
Peer_19:basic INFO 1504.4583872620947: Sending message <Hello:> to Peer_1:basic
Peer_19:basic INFO 1504.4583872620947: Sending message <RequestPeers:> to Peer_1:basic
Peer_19:basic INFO 1504.8643982626247: Received message <RequestPeers:> from Peer_12:basic
Peer_19:basic INFO 1504.8643982626247: Sending message <PeerList> to Peer_12:basic
Peer_19:basic INFO 1505.0570023182397: Received message <Hello:> from Peer_18:basic
Peer_19:basic INFO 1505.0570023182397: Connecting to Peer_18:basic
Peer_19:basic INFO 1505.0570023182397: Sending message <Hello:> to Peer_18:basic
Peer_19:basic INFO 1505.0570023182397: Sending message <RequestPeers:> to Peer_18:basic
Peer_19:basic INFO 1505.0945679914719: Connecting to Peer_6:basic
Peer_19:basic INFO 1505.301931621755: Received message <RequestPeers:> from Peer_16:basic
Peer_19:basic INFO 1505.301931621755: Sending message <PeerList> to Peer_16:basic
Peer_19:basic INFO 1505.9694836097713: Received message <RequestPeers:> from Peer_15:basic
Peer_19:basic INFO 1505.9694836097713: Sending message <PeerList> to Peer_15:basic
Peer_19:basic INFO 1509.1436781335326: Received message <PeerList> from Peer_16:basic
Peer_19:basic INFO 1510.0519177403444: Received message <RequestPeers:> from Peer_6:basic
Peer_19:basic INFO 1510.0519177403444: Sending message <PeerList> to Peer_6:basic
Peer_19:basic INFO 1510.269993594827: Received message <Hello:> from Peer_6:basic
Peer_19:basic INFO 1510.3580816524088: Received message <PeerList> from Peer_21:bootstrap
Peer_19:basic INFO 1510.5656774673926: Received message <PeerList> from Peer_12:basic
Peer_19:basic INFO 1511.758540805402: Received message <PeerList> from Peer_15:basic
Peer_19:basic INFO 1513.7541035069266: Received message <PeerList> from Peer_1:basic
Peer_19:basic INFO 1517.5921333602432: Received message <PeerList> from Peer_18:basic
Peer_19:basic WARNING 2000: Not enough peers, fetching more (7, 8)
Peer_19:basic INFO 2004.057774895039: Received message <Hello:> from Peer_5:basic
Peer_19:basic INFO 2004.057774895039: Connecting to Peer_5:basic
Peer_19:basic INFO 2004.057774895039: Sending message <Hello:> to Peer_5:basic
Peer_19:basic INFO 2004.057774895039: Sending message <RequestPeers:> to Peer_5:basic
Peer_19:basic INFO 2004.7446000776822: Received message <RequestPeers:> from Peer_16:basic
Peer_19:basic INFO 2004.7446000776822: Sending message <PeerList> to Peer_16:basic
Peer_19:basic INFO 2004.9879041910685: Connecting to Peer_7:basic
Peer_19:basic INFO 2005.1805344088857: Received message <Hello:> from Peer_13:basic
Peer_19:basic INFO 2005.1805344088857: Connecting to Peer_13:basic
Peer_19:basic INFO 2005.1805344088857: Sending message <Hello:> to Peer_13:basic
Peer_19:basic INFO 2005.1805344088857: Sending message <RequestPeers:> to Peer_13:basic
Peer_19:basic INFO 2005.2759659932776: Received message <RequestPeers:> from Peer_6:basic
Peer_19:basic INFO 2005.2759659932776: Sending message <PeerList> to Peer_6:basic
Peer_19:basic INFO 2010.003129940193: Received message <Hello:> from Peer_7:basic
Peer_19:basic INFO 2010.066536333407: Received message <RequestPeers:> from Peer_7:basic
Peer_19:basic INFO 2010.066536333407: Sending message <PeerList> to Peer_7:basic
Peer_19:basic INFO 2014.3191893187668: Received message <PeerList> from Peer_5:basic
Peer_19:basic INFO 2015.8129472243725: Received message <PeerList> from Peer_13:basic
Peer_19:basic INFO 2500: Sending message <Ping:> to Peer_21:bootstrap
Peer_19:basic INFO 2500: Sending message <Ping:> to Peer_12:basic
Peer_19:basic INFO 2500: Sending message <Ping:> to Peer_15:basic
Peer_19:basic INFO 2500: Sending message <Ping:> to Peer_1:basic
Peer_19:basic INFO 2500: Sending message <Ping:> to Peer_18:basic
Peer_19:basic INFO 2503.8974855156634: Received message <Hello:> from Peer_14:basic
Peer_19:basic INFO 2503.8974855156634: Connecting to Peer_14:basic
Peer_19:basic INFO 2503.8974855156634: Sending message <Hello:> to Peer_14:basic
Peer_19:basic INFO 2503.8974855156634: Sending message <RequestPeers:> to Peer_14:basic
Peer_19:basic INFO 2504.666832446064: Received message <Ping:> from Peer_15:basic
Peer_19:basic INFO 2504.666832446064: Sending message <Pong:> to Peer_15:basic
Peer_19:basic INFO 2505.0594477380687: Received message <Ping:> from Peer_1:basic
Peer_19:basic INFO 2505.0594477380687: Sending message <Pong:> to Peer_1:basic
Peer_19:basic INFO 2505.349905062676: Received message <Ping:> from Peer_12:basic
Peer_19:basic INFO 2505.349905062676: Sending message <Pong:> to Peer_12:basic
Peer_19:basic INFO 2506.3395731770725: Received message <Ping:> from Peer_18:basic
Peer_19:basic INFO 2506.3395731770725: Sending message <Pong:> to Peer_18:basic
Peer_19:basic INFO 2507.2073364640723: Received message <Ping:> from Peer_21:bootstrap
Peer_19:basic INFO 2507.2073364640723: Sending message <Pong:> to Peer_21:bootstrap
Peer_19:basic INFO 2508.52569567526: Received message <Pong:> from Peer_15:basic
Peer_19:basic INFO 2508.7351355730934: Received message <Pong:> from Peer_18:basic
Peer_19:basic INFO 2509.708149174888: Received message <Pong:> from Peer_12:basic
Peer_19:basic INFO 2510.4460082278097: Received message <Pong:> from Peer_21:bootstrap
Peer_19:basic INFO 2512.646953260149: Received message <Pong:> from Peer_1:basic
Peer_19:basic INFO 2513.933017957253: Received message <PeerList> from Peer_14:basic
Peer_19:basic INFO 3000: Sending message <Ping:> to Peer_16:basic
Peer_19:basic INFO 3000: Sending message <Ping:> to Peer_6:basic
Peer_19:basic INFO 3000: Sending message <Ping:> to Peer_5:basic
Peer_19:basic INFO 3000: Sending message <Ping:> to Peer_7:basic
Peer_19:basic INFO 3000: Sending message <Ping:> to Peer_13:basic
Peer_19:basic INFO 3004.7740756056346: Received message <Ping:> from Peer_6:basic
Peer_19:basic INFO 3004.7740756056346: Sending message <Pong:> to Peer_6:basic
Peer_19:basic INFO 3004.821887299093: Received message <Ping:> from Peer_5:basic
Peer_19:basic INFO 3004.821887299093: Sending message <Pong:> to Peer_5:basic
Peer_19:basic INFO 3004.934154422316: Received message <Ping:> from Peer_13:basic
Peer_19:basic INFO 3004.934154422316: Sending message <Pong:> to Peer_13:basic
Peer_19:basic INFO 3005.213599793648: Received message <Ping:> from Peer_7:basic
Peer_19:basic INFO 3005.213599793648: Sending message <Pong:> to Peer_7:basic
Peer_19:basic INFO 3005.692727320758: Received message <Ping:> from Peer_16:basic
Peer_19:basic INFO 3005.692727320758: Sending message <Pong:> to Peer_16:basic
Peer_19:basic INFO 3008.0975702594174: Received message <Pong:> from Peer_5:basic
Peer_19:basic INFO 3008.2983704782105: Received message <Pong:> from Peer_16:basic
Peer_19:basic INFO 3009.3788792647656: Received message <Pong:> from Peer_7:basic
Peer_19:basic INFO 3009.8964646453974: Received message <Pong:> from Peer_6:basic
Peer_19:basic INFO 3010.222186225877: Received message <Pong:> from Peer_13:basic
Peer_19:basic INFO 3500: Sending message <Ping:> to Peer_21:bootstrap
Peer_19:basic INFO 3500: Sending message <Ping:> to Peer_12:basic
Peer_19:basic INFO 3500: Sending message <Ping:> to Peer_15:basic
Peer_19:basic INFO 3500: Sending message <Ping:> to Peer_1:basic
Peer_19:basic INFO 3500: Sending message <Ping:> to Peer_18:basic
Peer_19:basic INFO 3500: Sending message <Ping:> to Peer_14:basic
Peer_19:basic INFO 3503.9435480826187: Received message <Ping:> from Peer_14:basic
Peer_19:basic INFO 3503.9435480826187: Sending message <Pong:> to Peer_14:basic
Peer_19:basic INFO 3504.0919809716875: Received message <Ping:> from Peer_1:basic
Peer_19:basic INFO 3504.0919809716875: Sending message <Pong:> to Peer_1:basic
Peer_19:basic INFO 3504.137005430925: Received message <Ping:> from Peer_21:bootstrap
Peer_19:basic INFO 3504.137005430925: Sending message <Pong:> to Peer_21:bootstrap
Peer_19:basic INFO 3504.7396884197274: Received message <Ping:> from Peer_12:basic
Peer_19:basic INFO 3504.7396884197274: Sending message <Pong:> to Peer_12:basic
Peer_19:basic INFO 3504.839572345705: Received message <Ping:> from Peer_15:basic
Peer_19:basic INFO 3504.839572345705: Sending message <Pong:> to Peer_15:basic
Peer_19:basic INFO 3505.6444593641254: Received message <Ping:> from Peer_18:basic
Peer_19:basic INFO 3505.6444593641254: Sending message <Pong:> to Peer_18:basic
Peer_19:basic INFO 3508.80266418877: Received message <Pong:> from Peer_18:basic
Peer_19:basic INFO 3509.6926870242273: Received message <Pong:> from Peer_14:basic
Peer_19:basic INFO 3510.3825332854494: Received message <Pong:> from Peer_1:basic
Peer_19:basic INFO 3510.3943951677293: Received message <Pong:> from Peer_12:basic
Peer_19:basic INFO 3510.5147319369557: Received message <Pong:> from Peer_21:bootstrap
Peer_19:basic INFO 3512.0947088216626: Received message <Pong:> from Peer_15:basic
Peer_19:basic INFO 4000: Sending message <Ping:> to Peer_16:basic
Peer_19:basic INFO 4000: Sending message <Ping:> to Peer_6:basic
Peer_19:basic INFO 4000: Sending message <Ping:> to Peer_5:basic
Peer_19:basic INFO 4000: Sending message <Ping:> to Peer_7:basic
Peer_19:basic INFO 4000: Sending message <Ping:> to Peer_13:basic
Peer_19:basic INFO 4003.8613077246046: Received message <Ping:> from Peer_5:basic
Peer_19:basic INFO 4003.8613077246046: Sending message <Pong:> to Peer_5:basic
Peer_19:basic INFO 4003.8731187586627: Received message <Ping:> from Peer_16:basic
Peer_19:basic INFO 4003.8731187586627: Sending message <Pong:> to Peer_16:basic
Peer_19:basic INFO 4004.6767258244727: Received message <Ping:> from Peer_7:basic
Peer_19:basic INFO 4004.6767258244727: Sending message <Pong:> to Peer_7:basic
Peer_19:basic INFO 4005.006329449338: Received message <Ping:> from Peer_6:basic
Peer_19:basic INFO 4005.006329449338: Sending message <Pong:> to Peer_6:basic
Peer_19:basic INFO 4007.0139565720706: Received message <Ping:> from Peer_13:basic
Peer_19:basic INFO 4007.0139565720706: Sending message <Pong:> to Peer_13:basic
Peer_19:basic INFO 4007.3518608128306: Received message <Pong:> from Peer_16:basic
Peer_19:basic INFO 4009.0142445113556: Received message <Pong:> from Peer_5:basic
Peer_19:basic INFO 4009.036464450982: Received message <Pong:> from Peer_13:basic
Peer_19:basic INFO 4010.2923718037496: Received message <Pong:> from Peer_6:basic
Peer_19:basic INFO 4010.580483651031: Received message <Pong:> from Peer_7:basic
Peer_19:basic INFO 4500: Sending message <Ping:> to Peer_21:bootstrap
Peer_19:basic INFO 4500: Sending message <Ping:> to Peer_12:basic
Peer_19:basic INFO 4500: Sending message <Ping:> to Peer_15:basic
Peer_19:basic INFO 4500: Sending message <Ping:> to Peer_1:basic
Peer_19:basic INFO 4500: Sending message <Ping:> to Peer_18:basic
Peer_19:basic INFO 4500: Sending message <Ping:> to Peer_14:basic
Peer_19:basic INFO 4503.867055405848: Received message <Ping:> from Peer_15:basic
Peer_19:basic INFO 4503.867055405848: Sending message <Pong:> to Peer_15:basic
Peer_19:basic INFO 4504.690474897818: Received message <Ping:> from Peer_21:bootstrap
Peer_19:basic INFO 4504.690474897818: Sending message <Pong:> to Peer_21:bootstrap
Peer_19:basic INFO 4505.02007340836: Received message <Ping:> from Peer_1:basic
Peer_19:basic INFO 4505.02007340836: Sending message <Pong:> to Peer_1:basic
Peer_19:basic INFO 4505.121502844936: Received message <Ping:> from Peer_12:basic
Peer_19:basic INFO 4505.121502844936: Sending message <Pong:> to Peer_12:basic
Peer_19:basic INFO 4506.215025354977: Received message <Ping:> from Peer_14:basic
Peer_19:basic INFO 4506.215025354977: Sending message <Pong:> to Peer_14:basic
Peer_19:basic INFO 4506.451387547492: Received message <Ping:> from Peer_18:basic
Peer_19:basic INFO 4506.451387547492: Sending message <Pong:> to Peer_18:basic
Peer_19:basic INFO 4508.187643733015: Received message <Pong:> from Peer_18:basic
Peer_19:basic INFO 4508.306923148481: Received message <Pong:> from Peer_15:basic
Peer_19:basic INFO 4510.108059747467: Received message <Pong:> from Peer_12:basic
Peer_19:basic INFO 4510.245948853237: Received message <Pong:> from Peer_1:basic
Peer_19:basic INFO 4510.437284982106: Received message <Pong:> from Peer_21:bootstrap
Peer_19:basic INFO 4510.734670060097: Received message <Pong:> from Peer_14:basic
Peer_19:basic INFO 5000: Sending message <Ping:> to Peer_16:basic
Peer_19:basic INFO 5000: Sending message <Ping:> to Peer_6:basic
Peer_19:basic INFO 5000: Sending message <Ping:> to Peer_5:basic
Peer_19:basic INFO 5000: Sending message <Ping:> to Peer_7:basic
Peer_19:basic INFO 5000: Sending message <Ping:> to Peer_13:basic
Peer_19:basic INFO 5004.513331928089: Received message <Ping:> from Peer_5:basic
Peer_19:basic INFO 5004.513331928089: Sending message <Pong:> to Peer_5:basic
Peer_19:basic INFO 5004.660597719466: Received message <Ping:> from Peer_7:basic
Peer_19:basic INFO 5004.660597719466: Sending message <Pong:> to Peer_7:basic
Peer_19:basic INFO 5004.971262165511: Received message <Ping:> from Peer_6:basic
Peer_19:basic INFO 5004.971262165511: Sending message <Pong:> to Peer_6:basic
Peer_19:basic INFO 5005.2065297988: Received message <Ping:> from Peer_16:basic
Peer_19:basic INFO 5005.2065297988: Sending message <Pong:> to Peer_16:basic
Peer_19:basic INFO 5005.298163720491: Received message <Ping:> from Peer_13:basic
Peer_19:basic INFO 5005.298163720491: Sending message <Pong:> to Peer_13:basic
Peer_19:basic INFO 5009.116629164924: Received message <Pong:> from Peer_16:basic
Peer_19:basic INFO 5009.6827201963515: Received message <Pong:> from Peer_6:basic
Peer_19:basic INFO 5010.40376675756: Received message <Pong:> from Peer_7:basic
Peer_19:basic INFO 5011.098909112087: Received message <Pong:> from Peer_13:basic
Peer_19:basic INFO 5011.308074478334: Received message <Pong:> from Peer_5:basic
Peer_19:basic INFO 5500: Sending message <Ping:> to Peer_21:bootstrap
Peer_19:basic INFO 5500: Sending message <Ping:> to Peer_12:basic
Peer_19:basic INFO 5500: Sending message <Ping:> to Peer_15:basic
Peer_19:basic INFO 5500: Sending message <Ping:> to Peer_1:basic
Peer_19:basic INFO 5500: Sending message <Ping:> to Peer_18:basic
Peer_19:basic INFO 5500: Sending message <Ping:> to Peer_14:basic
Peer_19:basic INFO 5503.1631384686825: Received message <Ping:> from Peer_21:bootstrap
Peer_19:basic INFO 5503.1631384686825: Sending message <Pong:> to Peer_21:bootstrap
Peer_19:basic INFO 5504.408619340358: Received message <Ping:> from Peer_1:basic
Peer_19:basic INFO 5504.408619340358: Sending message <Pong:> to Peer_1:basic
Peer_19:basic INFO 5504.703653271713: Received message <Ping:> from Peer_14:basic
Peer_19:basic INFO 5504.703653271713: Sending message <Pong:> to Peer_14:basic
Peer_19:basic INFO 5504.714445510904: Received message <Ping:> from Peer_18:basic
Peer_19:basic INFO 5504.714445510904: Sending message <Pong:> to Peer_18:basic
Peer_19:basic INFO 5504.726643560777: Received message <Ping:> from Peer_12:basic
Peer_19:basic INFO 5504.726643560777: Sending message <Pong:> to Peer_12:basic
Peer_19:basic INFO 5505.584797210249: Received message <Ping:> from Peer_15:basic
Peer_19:basic INFO 5505.584797210249: Sending message <Pong:> to Peer_15:basic
Peer_19:basic INFO 5508.735444122955: Received message <Pong:> from Peer_1:basic
Peer_19:basic INFO 5508.839992480204: Received message <Pong:> from Peer_15:basic
Peer_19:basic INFO 5508.977631370067: Received message <Pong:> from Peer_21:bootstrap
Peer_19:basic INFO 5509.323556161959: Received message <Pong:> from Peer_18:basic
Peer_19:basic INFO 5510.230822626299: Received message <Pong:> from Peer_14:basic
Peer_19:basic INFO 5510.255330127284: Received message <Pong:> from Peer_12:basic
Peer_19:basic INFO 6000: Sending message <Ping:> to Peer_16:basic
Peer_19:basic INFO 6000: Sending message <Ping:> to Peer_6:basic
Peer_19:basic INFO 6000: Sending message <Ping:> to Peer_5:basic
Peer_19:basic INFO 6000: Sending message <Ping:> to Peer_7:basic
Peer_19:basic INFO 6000: Sending message <Ping:> to Peer_13:basic
Peer_19:basic INFO 6004.743579308902: Received message <Ping:> from Peer_5:basic
Peer_19:basic INFO 6004.743579308902: Sending message <Pong:> to Peer_5:basic
Peer_19:basic INFO 6004.901432605038: Received message <Ping:> from Peer_7:basic
Peer_19:basic INFO 6004.901432605038: Sending message <Pong:> to Peer_7:basic
Peer_19:basic INFO 6004.907246160938: Received message <Ping:> from Peer_13:basic
Peer_19:basic INFO 6004.907246160938: Sending message <Pong:> to Peer_13:basic
Peer_19:basic INFO 6005.275346288247: Received message <Ping:> from Peer_6:basic
Peer_19:basic INFO 6005.275346288247: Sending message <Pong:> to Peer_6:basic
Peer_19:basic INFO 6005.548586146601: Received message <Ping:> from Peer_16:basic
Peer_19:basic INFO 6005.548586146601: Sending message <Pong:> to Peer_16:basic
Peer_19:basic INFO 6008.559856759091: Received message <Pong:> from Peer_13:basic
Peer_19:basic INFO 6009.272969651089: Received message <Pong:> from Peer_16:basic
Peer_19:basic INFO 6009.317130960745: Received message <Pong:> from Peer_7:basic
Peer_19:basic INFO 6009.8283656390795: Received message <Pong:> from Peer_5:basic
Peer_19:basic INFO 6009.9577614178215: Received message <Pong:> from Peer_6:basic
Peer_19:basic INFO 6500: Sending message <Ping:> to Peer_21:bootstrap
Peer_19:basic INFO 6500: Sending message <Ping:> to Peer_12:basic
Peer_19:basic INFO 6500: Sending message <Ping:> to Peer_15:basic
Peer_19:basic INFO 6500: Sending message <Ping:> to Peer_1:basic
Peer_19:basic INFO 6500: Sending message <Ping:> to Peer_18:basic
Peer_19:basic INFO 6500: Sending message <Ping:> to Peer_14:basic
Peer_19:basic INFO 6503.940601802156: Received message <Ping:> from Peer_18:basic
Peer_19:basic INFO 6503.940601802156: Sending message <Pong:> to Peer_18:basic
Peer_19:basic INFO 6504.114112863843: Received message <Ping:> from Peer_1:basic
Peer_19:basic INFO 6504.114112863843: Sending message <Pong:> to Peer_1:basic
Peer_19:basic INFO 6504.399800023634: Received message <Ping:> from Peer_15:basic
Peer_19:basic INFO 6504.399800023634: Sending message <Pong:> to Peer_15:basic
Peer_19:basic INFO 6504.740710158132: Received message <Ping:> from Peer_14:basic
Peer_19:basic INFO 6504.740710158132: Sending message <Pong:> to Peer_14:basic
Peer_19:basic INFO 6505.331294624189: Received message <Ping:> from Peer_12:basic
Peer_19:basic INFO 6505.331294624189: Sending message <Pong:> to Peer_12:basic
Peer_19:basic INFO 6505.625726482948: Received message <Ping:> from Peer_21:bootstrap
Peer_19:basic INFO 6505.625726482948: Sending message <Pong:> to Peer_21:bootstrap
Peer_19:basic INFO 6508.374643420036: Received message <Pong:> from Peer_21:bootstrap
Peer_19:basic INFO 6509.043843122089: Received message <Pong:> from Peer_18:basic
Peer_19:basic INFO 6509.754046833367: Received message <Pong:> from Peer_14:basic
Peer_19:basic INFO 6509.844012436063: Received message <Pong:> from Peer_15:basic
Peer_19:basic INFO 6510.413970907267: Received message <Pong:> from Peer_12:basic
Peer_19:basic INFO 6510.682552770743: Received message <Pong:> from Peer_1:basic
Peer_19:basic INFO 7000: Sending message <Ping:> to Peer_16:basic
Peer_19:basic INFO 7000: Sending message <Ping:> to Peer_6:basic
Peer_19:basic INFO 7000: Sending message <Ping:> to Peer_5:basic
Peer_19:basic INFO 7000: Sending message <Ping:> to Peer_7:basic
Peer_19:basic INFO 7000: Sending message <Ping:> to Peer_13:basic
Peer_19:basic INFO 7003.5213913457155: Received message <Ping:> from Peer_13:basic
Peer_19:basic INFO 7003.5213913457155: Sending message <Pong:> to Peer_13:basic
Peer_19:basic INFO 7004.245707187019: Received message <Ping:> from Peer_5:basic
Peer_19:basic INFO 7004.245707187019: Sending message <Pong:> to Peer_5:basic
Peer_19:basic INFO 7004.4791670719615: Received message <Ping:> from Peer_6:basic
Peer_19:basic INFO 7004.4791670719615: Sending message <Pong:> to Peer_6:basic
Peer_19:basic INFO 7004.921040252737: Received message <Ping:> from Peer_7:basic
Peer_19:basic INFO 7004.921040252737: Sending message <Pong:> to Peer_7:basic
Peer_19:basic INFO 7007.036110756331: Received message <Ping:> from Peer_16:basic
Peer_19:basic INFO 7007.036110756331: Sending message <Pong:> to Peer_16:basic
Peer_19:basic INFO 7009.47637534809: Received message <Pong:> from Peer_13:basic
Peer_19:basic INFO 7009.520702377807: Received message <Pong:> from Peer_5:basic
Peer_19:basic INFO 7009.619108080039: Received message <Pong:> from Peer_6:basic
Peer_19:basic INFO 7010.44469584998: Received message <Pong:> from Peer_7:basic
Peer_19:basic INFO 7012.430647257238: Received message <Pong:> from Peer_16:basic
Peer_19:basic INFO 7500: Sending message <Ping:> to Peer_21:bootstrap
Peer_19:basic INFO 7500: Sending message <Ping:> to Peer_12:basic
Peer_19:basic INFO 7500: Sending message <Ping:> to Peer_15:basic
Peer_19:basic INFO 7500: Sending message <Ping:> to Peer_1:basic
Peer_19:basic INFO 7500: Sending message <Ping:> to Peer_18:basic
Peer_19:basic INFO 7500: Sending message <Ping:> to Peer_14:basic
Peer_19:basic INFO 7504.141575787785: Received message <Ping:> from Peer_18:basic
Peer_19:basic INFO 7504.141575787785: Sending message <Pong:> to Peer_18:basic
Peer_19:basic INFO 7504.554713435147: Received message <Ping:> from Peer_15:basic
Peer_19:basic INFO 7504.554713435147: Sending message <Pong:> to Peer_15:basic
Peer_19:basic INFO 7504.890014357016: Received message <Ping:> from Peer_21:bootstrap
Peer_19:basic INFO 7504.890014357016: Sending message <Pong:> to Peer_21:bootstrap
Peer_19:basic INFO 7505.0030678004: Received message <Ping:> from Peer_12:basic
Peer_19:basic INFO 7505.0030678004: Sending message <Pong:> to Peer_12:basic
Peer_19:basic INFO 7505.349184476086: Received message <Ping:> from Peer_14:basic
Peer_19:basic INFO 7505.349184476086: Sending message <Pong:> to Peer_14:basic
Peer_19:basic INFO 7505.629213891145: Received message <Ping:> from Peer_1:basic
Peer_19:basic INFO 7505.629213891145: Sending message <Pong:> to Peer_1:basic
Peer_19:basic INFO 7508.631264341724: Received message <Pong:> from Peer_14:basic
Peer_19:basic INFO 7508.842395660073: Received message <Pong:> from Peer_1:basic
Peer_19:basic INFO 7509.822310893908: Received message <Pong:> from Peer_12:basic
Peer_19:basic INFO 7510.02624148277: Received message <Pong:> from Peer_15:basic
Peer_19:basic INFO 7510.362456326937: Received message <Pong:> from Peer_21:bootstrap
Peer_19:basic INFO 7512.464799333758: Received message <Pong:> from Peer_18:basic
Peer_19:basic INFO 8000: Sending message <Ping:> to Peer_16:basic
Peer_19:basic INFO 8000: Sending message <Ping:> to Peer_6:basic
Peer_19:basic INFO 8000: Sending message <Ping:> to Peer_5:basic
Peer_19:basic INFO 8000: Sending message <Ping:> to Peer_7:basic
Peer_19:basic INFO 8000: Sending message <Ping:> to Peer_13:basic
Peer_19:basic INFO 8002.530131871941: Received message <Ping:> from Peer_5:basic
Peer_19:basic INFO 8002.530131871941: Sending message <Pong:> to Peer_5:basic
Peer_19:basic INFO 8002.584899753262: Received message <Ping:> from Peer_13:basic
Peer_19:basic INFO 8002.584899753262: Sending message <Pong:> to Peer_13:basic
Peer_19:basic INFO 8004.777265740566: Received message <Ping:> from Peer_7:basic
Peer_19:basic INFO 8004.777265740566: Sending message <Pong:> to Peer_7:basic
Peer_19:basic INFO 8005.137529114634: Received message <Ping:> from Peer_6:basic
Peer_19:basic INFO 8005.137529114634: Sending message <Pong:> to Peer_6:basic
Peer_19:basic INFO 8005.6245591192965: Received message <Ping:> from Peer_16:basic
Peer_19:basic INFO 8005.6245591192965: Sending message <Pong:> to Peer_16:basic
Peer_19:basic INFO 8009.265891946788: Received message <Pong:> from Peer_6:basic
Peer_19:basic INFO 8009.304017801414: Received message <Pong:> from Peer_5:basic
Peer_19:basic INFO 8009.556679932564: Received message <Pong:> from Peer_13:basic
Peer_19:basic INFO 8010.100355687998: Received message <Pong:> from Peer_7:basic
Peer_19:basic INFO 8010.834629711103: Received message <Pong:> from Peer_16:basic
Peer_19:basic INFO 8500: Sending message <Ping:> to Peer_21:bootstrap
Peer_19:basic INFO 8500: Sending message <Ping:> to Peer_12:basic
Peer_19:basic INFO 8500: Sending message <Ping:> to Peer_15:basic
Peer_19:basic INFO 8500: Sending message <Ping:> to Peer_1:basic
Peer_19:basic INFO 8500: Sending message <Ping:> to Peer_18:basic
Peer_19:basic INFO 8500: Sending message <Ping:> to Peer_14:basic
Peer_19:basic INFO 8503.691797122625: Received message <Ping:> from Peer_14:basic
Peer_19:basic INFO 8503.691797122625: Sending message <Pong:> to Peer_14:basic
Peer_19:basic INFO 8504.17383628997: Received message <Ping:> from Peer_18:basic
Peer_19:basic INFO 8504.17383628997: Sending message <Pong:> to Peer_18:basic
Peer_19:basic INFO 8504.624086804522: Received message <Ping:> from Peer_12:basic
Peer_19:basic INFO 8504.624086804522: Sending message <Pong:> to Peer_12:basic
Peer_19:basic INFO 8504.91931492136: Received message <Ping:> from Peer_21:bootstrap
Peer_19:basic INFO 8504.91931492136: Sending message <Pong:> to Peer_21:bootstrap
Peer_19:basic INFO 8505.177745808678: Received message <Ping:> from Peer_15:basic
Peer_19:basic INFO 8505.177745808678: Sending message <Pong:> to Peer_15:basic
Peer_19:basic INFO 8506.07321964397: Received message <Ping:> from Peer_1:basic
Peer_19:basic INFO 8506.07321964397: Sending message <Pong:> to Peer_1:basic
Peer_19:basic INFO 8509.048813482646: Received message <Pong:> from Peer_1:basic
Peer_19:basic INFO 8509.363949649263: Received message <Pong:> from Peer_12:basic
Peer_19:basic INFO 8510.626799677515: Received message <Pong:> from Peer_14:basic
Peer_19:basic INFO 8510.773708415401: Received message <Pong:> from Peer_15:basic
Peer_19:basic INFO 8511.977747092013: Received message <Pong:> from Peer_18:basic
Peer_19:basic INFO 8512.156510752779: Received message <Pong:> from Peer_21:bootstrap
Peer_19:basic INFO 9000: Sending message <Ping:> to Peer_16:basic
Peer_19:basic INFO 9000: Sending message <Ping:> to Peer_6:basic
Peer_19:basic INFO 9000: Sending message <Ping:> to Peer_5:basic
Peer_19:basic INFO 9000: Sending message <Ping:> to Peer_7:basic
Peer_19:basic INFO 9000: Sending message <Ping:> to Peer_13:basic
Peer_19:basic INFO 9003.244551785616: Received message <Ping:> from Peer_16:basic
Peer_19:basic INFO 9003.244551785616: Sending message <Pong:> to Peer_16:basic
Peer_19:basic INFO 9004.517688092905: Received message <Ping:> from Peer_13:basic
Peer_19:basic INFO 9004.517688092905: Sending message <Pong:> to Peer_13:basic
Peer_19:basic INFO 9004.535369830655: Received message <Ping:> from Peer_7:basic
Peer_19:basic INFO 9004.535369830655: Sending message <Pong:> to Peer_7:basic
Peer_19:basic INFO 9004.878873602122: Received message <Ping:> from Peer_5:basic
Peer_19:basic INFO 9004.878873602122: Sending message <Pong:> to Peer_5:basic
Peer_19:basic INFO 9005.207440431825: Received message <Ping:> from Peer_6:basic
Peer_19:basic INFO 9005.207440431825: Sending message <Pong:> to Peer_6:basic
Peer_19:basic INFO 9009.139475175347: Received message <Pong:> from Peer_6:basic
Peer_19:basic INFO 9010.071555896824: Received message <Pong:> from Peer_7:basic
Peer_19:basic INFO 9010.23702312587: Received message <Pong:> from Peer_5:basic
Peer_19:basic INFO 9010.931435269174: Received message <Pong:> from Peer_16:basic
Peer_19:basic INFO 9011.877431025712: Received message <Pong:> from Peer_13:basic
Peer_19:basic INFO 9500: Sending message <Ping:> to Peer_21:bootstrap
Peer_19:basic INFO 9500: Sending message <Ping:> to Peer_12:basic
Peer_19:basic INFO 9500: Sending message <Ping:> to Peer_15:basic
Peer_19:basic INFO 9500: Sending message <Ping:> to Peer_1:basic
Peer_19:basic INFO 9500: Sending message <Ping:> to Peer_18:basic
Peer_19:basic INFO 9500: Sending message <Ping:> to Peer_14:basic
Peer_19:basic INFO 9503.857318628176: Received message <Ping:> from Peer_18:basic
Peer_19:basic INFO 9503.857318628176: Sending message <Pong:> to Peer_18:basic
Peer_19:basic INFO 9504.22564011212: Received message <Ping:> from Peer_15:basic
Peer_19:basic INFO 9504.22564011212: Sending message <Pong:> to Peer_15:basic
Peer_19:basic INFO 9504.659759038905: Received message <Ping:> from Peer_14:basic
Peer_19:basic INFO 9504.659759038905: Sending message <Pong:> to Peer_14:basic
Peer_19:basic INFO 9504.989621550765: Received message <Ping:> from Peer_12:basic
Peer_19:basic INFO 9504.989621550765: Sending message <Pong:> to Peer_12:basic
Peer_19:basic INFO 9505.37768284721: Received message <Ping:> from Peer_21:bootstrap
Peer_19:basic INFO 9505.37768284721: Sending message <Pong:> to Peer_21:bootstrap
Peer_19:basic INFO 9507.349213696973: Received message <Ping:> from Peer_1:basic
Peer_19:basic INFO 9507.349213696973: Sending message <Pong:> to Peer_1:basic
Peer_19:basic INFO 9508.208987814267: Received message <Pong:> from Peer_1:basic
Peer_19:basic INFO 9508.233236784847: Received message <Pong:> from Peer_21:bootstrap
Peer_19:basic INFO 9509.497159737912: Received message <Pong:> from Peer_14:basic
Peer_19:basic INFO 9509.730909134689: Received message <Pong:> from Peer_12:basic
Peer_19:basic INFO 9509.988444917079: Received message <Pong:> from Peer_18:basic
Peer_19:basic INFO 9510.196954580822: Received message <Pong:> from Peer_15:basic
