Peer_17:basic WARNING 0: Not enough peers, fetching more (0, 8)
Peer_17:basic INFO 4.100892537879381: Connecting to Peer_21:bootstrap
Peer_17:basic INFO 7.161960762352048: Received message <RequestPeers:> from Peer_21:bootstrap
Peer_17:basic INFO 7.161960762352048: Sending message <PeerList> to Peer_21:bootstrap
Peer_17:basic INFO 8.866705804017094: Received message <Hello:> from Peer_21:bootstrap
Peer_17:basic WARNING 500: Not enough peers, fetching more (1, 8)
Peer_17:basic INFO 500: Sending message <RequestPeers:> to Peer_21:bootstrap
Peer_17:basic INFO 510.1218783775637: Received message <PeerList> from Peer_21:bootstrap
Peer_17:basic WARNING 1000: Not enough peers, fetching more (1, 8)
Peer_17:basic INFO 1000: Sending message <RequestPeers:> to Peer_21:bootstrap
Peer_17:basic INFO 1003.0475265663421: Received message <Hello:> from Peer_1:basic
Peer_17:basic INFO 1003.0475265663421: Connecting to Peer_1:basic
Peer_17:basic INFO 1003.0475265663421: Sending message <Hello:> to Peer_1:basic
Peer_17:basic INFO 1003.0475265663421: Sending message <RequestPeers:> to Peer_1:basic
Peer_17:basic INFO 1004.2788776840322: Connecting to Peer_10:basic
Peer_17:basic INFO 1009.0434728007707: Received message <Hello:> from Peer_10:basic
Peer_17:basic INFO 1011.1405777614044: Received message <RequestPeers:> from Peer_10:basic
Peer_17:basic INFO 1011.1405777614044: Sending message <PeerList> to Peer_10:basic
Peer_17:basic INFO 1012.3300417437383: Received message <PeerList> from Peer_21:bootstrap
Peer_17:basic INFO 1012.9391865621676: Received message <PeerList> from Peer_1:basic
Peer_17:basic WARNING 1500: Not enough peers, fetching more (3, 8)
Peer_17:basic INFO 1500: Sending message <RequestPeers:> to Peer_21:bootstrap
Peer_17:basic INFO 1500: Sending message <RequestPeers:> to Peer_10:basic
Peer_17:basic INFO 1500: Sending message <RequestPeers:> to Peer_1:basic
Peer_17:basic INFO 1503.5454153795015: Connecting to Peer_13:basic
Peer_17:basic INFO 1503.8260219281715: Received message <RequestPeers:> from Peer_10:basic
Peer_17:basic INFO 1503.8260219281715: Sending message <PeerList> to Peer_10:basic
Peer_17:basic INFO 1504.357534592535: Received message <Hello:> from Peer_9:basic
Peer_17:basic INFO 1504.357534592535: Connecting to Peer_9:basic
Peer_17:basic INFO 1504.357534592535: Sending message <Hello:> to Peer_9:basic
Peer_17:basic INFO 1504.357534592535: Sending message <RequestPeers:> to Peer_9:basic
Peer_17:basic INFO 1505.879732368871: Received message <RequestPeers:> from Peer_1:basic
Peer_17:basic INFO 1505.879732368871: Sending message <PeerList> to Peer_1:basic
Peer_17:basic INFO 1506.2495505143588: Received message <Hello:> from Peer_18:basic
Peer_17:basic INFO 1506.2495505143588: Connecting to Peer_18:basic
Peer_17:basic INFO 1506.2495505143588: Sending message <Hello:> to Peer_18:basic
Peer_17:basic INFO 1506.2495505143588: Sending message <RequestPeers:> to Peer_18:basic
Peer_17:basic INFO 1507.2633625643757: Received message <Hello:> from Peer_13:basic
Peer_17:basic INFO 1508.871458388549: Received message <RequestPeers:> from Peer_13:basic
Peer_17:basic INFO 1508.871458388549: Sending message <PeerList> to Peer_13:basic
Peer_17:basic INFO 1510.363062378982: Received message <PeerList> from Peer_1:basic
Peer_17:basic INFO 1510.990129168325: Received message <PeerList> from Peer_21:bootstrap
Peer_17:basic INFO 1511.6731026953614: Received message <PeerList> from Peer_10:basic
Peer_17:basic INFO 1513.2435877037015: Received message <PeerList> from Peer_9:basic
Peer_17:basic INFO 1514.4928413772752: Received message <PeerList> from Peer_18:basic
Peer_17:basic WARNING 2000: Not enough peers, fetching more (6, 8)
Peer_17:basic INFO 2000: Sending message <RequestPeers:> to Peer_18:basic
Peer_17:basic INFO 2000: Sending message <RequestPeers:> to Peer_1:basic
Peer_17:basic INFO 2000: Sending message <RequestPeers:> to Peer_9:basic
Peer_17:basic INFO 2000: Sending message <RequestPeers:> to Peer_21:bootstrap
Peer_17:basic INFO 2000: Sending message <RequestPeers:> to Peer_10:basic
Peer_17:basic INFO 2004.6110912141633: Received message <RequestPeers:> from Peer_13:basic
Peer_17:basic INFO 2004.6110912141633: Sending message <PeerList> to Peer_13:basic
Peer_17:basic INFO 2004.7018194165496: Connecting to Peer_7:basic
Peer_17:basic INFO 2004.8678724462945: Received message <Hello:> from Peer_7:basic
Peer_17:basic INFO 2005.7991257367771: Received message <Hello:> from Peer_5:basic
Peer_17:basic INFO 2005.7991257367771: Connecting to Peer_5:basic
Peer_17:basic INFO 2005.7991257367771: Sending message <Hello:> to Peer_5:basic
Peer_17:basic INFO 2005.7991257367771: Sending message <RequestPeers:> to Peer_5:basic
Peer_17:basic INFO 2006.3539463015693: Received message <RequestPeers:> from Peer_10:basic
Peer_17:basic INFO 2006.3539463015693: Sending message <PeerList> to Peer_10:basic
Peer_17:basic INFO 2006.409328066788: Received message <RequestPeers:> from Peer_9:basic
Peer_17:basic INFO 2006.409328066788: Sending message <PeerList> to Peer_9:basic
Peer_17:basic INFO 2007.5391893909828: Received message <PeerList> from Peer_9:basic
Peer_17:basic INFO 2009.0597025322131: Received message <PeerList> from Peer_21:bootstrap
Peer_17:basic INFO 2009.6157318196617: Received message <RequestPeers:> from Peer_7:basic
Peer_17:basic INFO 2009.6157318196617: Sending message <PeerList> to Peer_7:basic
Peer_17:basic INFO 2009.727099827513: Received message <Hello:> from Peer_7:basic
Peer_17:basic INFO 2009.9362712226455: Received message <PeerList> from Peer_1:basic
Peer_17:basic INFO 2010.845036841317: Received message <PeerList> from Peer_10:basic
Peer_17:basic INFO 2012.3106584446746: Received message <PeerList> from Peer_18:basic
Peer_17:basic INFO 2014.7004279389027: Received message <PeerList> from Peer_5:basic
Peer_17:basic INFO 2505.1679171597007: Received message <Hello:> from Peer_4:basic
Peer_17:basic INFO 2505.1679171597007: Connecting to Peer_4:basic
Peer_17:basic INFO 2505.1679171597007: Sending message <Hello:> to Peer_4:basic
Peer_17:basic INFO 2505.1679171597007: Sending message <RequestPeers:> to Peer_4:basic
Peer_17:basic INFO 2515.3993462029516: Received message <PeerList> from Peer_4:basic
Peer_17:basic INFO 3000: Sending message <Ping:> to Peer_21:bootstrap
Peer_17:basic INFO 3000: Sending message <Ping:> to Peer_1:basic
Peer_17:basic INFO 3000: Sending message <Ping:> to Peer_10:basic
Peer_17:basic INFO 3000: Sending message <Ping:> to Peer_13:basic
Peer_17:basic INFO 3000: Sending message <Ping:> to Peer_9:basic
Peer_17:basic INFO 3000: Sending message <Ping:> to Peer_18:basic
Peer_17:basic INFO 3000: Sending message <Ping:> to Peer_7:basic
Peer_17:basic INFO 3000: Sending message <Ping:> to Peer_5:basic
Peer_17:basic INFO 3004.542479015216: Received message <Ping:> from Peer_21:bootstrap
Peer_17:basic INFO 3004.542479015216: Sending message <Pong:> to Peer_21:bootstrap
Peer_17:basic INFO 3004.6399535593105: Received message <Ping:> from Peer_18:basic
Peer_17:basic INFO 3004.6399535593105: Sending message <Pong:> to Peer_18:basic
Peer_17:basic INFO 3004.726234690424: Received message <Ping:> from Peer_5:basic
Peer_17:basic INFO 3004.726234690424: Sending message <Pong:> to Peer_5:basic
Peer_17:basic INFO 3004.8505172272653: Received message <Ping:> from Peer_13:basic
Peer_17:basic INFO 3004.8505172272653: Sending message <Pong:> to Peer_13:basic
Peer_17:basic INFO 3004.9181960753717: Received message <Ping:> from Peer_7:basic
Peer_17:basic INFO 3004.9181960753717: Sending message <Pong:> to Peer_7:basic
Peer_17:basic INFO 3005.1587246975864: Received message <Ping:> from Peer_9:basic
Peer_17:basic INFO 3005.1587246975864: Sending message <Pong:> to Peer_9:basic
Peer_17:basic INFO 3005.339591395514: Received message <Ping:> from Peer_10:basic
Peer_17:basic INFO 3005.339591395514: Sending message <Pong:> to Peer_10:basic
Peer_17:basic INFO 3006.720024471418: Received message <Ping:> from Peer_1:basic
Peer_17:basic INFO 3006.720024471418: Sending message <Pong:> to Peer_1:basic
Peer_17:basic INFO 3009.4702431854785: Received message <Pong:> from Peer_9:basic
Peer_17:basic INFO 3009.6372275661774: Received message <Pong:> from Peer_18:basic
Peer_17:basic INFO 3009.828200878984: Received message <Pong:> from Peer_10:basic
Peer_17:basic INFO 3009.8462650033052: Received message <Pong:> from Peer_1:basic
Peer_17:basic INFO 3009.8900589924706: Received message <Pong:> from Peer_21:bootstrap
Peer_17:basic INFO 3009.9495950733553: Received message <Pong:> from Peer_7:basic
Peer_17:basic INFO 3011.8008689695675: Received message <Pong:> from Peer_5:basic
Peer_17:basic INFO 3013.201064495748: Received message <Pong:> from Peer_13:basic
Peer_17:basic INFO 3500: Sending message <Ping:> to Peer_4:basic
Peer_17:basic INFO 3504.7876092018046: Received message <Ping:> from Peer_4:basic
Peer_17:basic INFO 3504.7876092018046: Sending message <Pong:> to Peer_4:basic
Peer_17:basic INFO 3510.6772234529076: Received message <Pong:> from Peer_4:basic
Peer_17:basic INFO 4000: Sending message <Ping:> to Peer_21:bootstrap
Peer_17:basic INFO 4000: Sending message <Ping:> to Peer_1:basic
Peer_17:basic INFO 4000: Sending message <Ping:> to Peer_10:basic
Peer_17:basic INFO 4000: Sending message <Ping:> to Peer_13:basic
Peer_17:basic INFO 4000: Sending message <Ping:> to Peer_9:basic
Peer_17:basic INFO 4000: Sending message <Ping:> to Peer_18:basic
Peer_17:basic INFO 4000: Sending message <Ping:> to Peer_7:basic
Peer_17:basic INFO 4000: Sending message <Ping:> to Peer_5:basic
Peer_17:basic INFO 4003.6243972232323: Received message <Ping:> from Peer_21:bootstrap
Peer_17:basic INFO 4003.6243972232323: Sending message <Pong:> to Peer_21:bootstrap
Peer_17:basic INFO 4003.881895179134: Received message <Ping:> from Peer_13:basic
Peer_17:basic INFO 4003.881895179134: Sending message <Pong:> to Peer_13:basic
Peer_17:basic INFO 4004.3067704157597: Received message <Ping:> from Peer_5:basic
Peer_17:basic INFO 4004.3067704157597: Sending message <Pong:> to Peer_5:basic
Peer_17:basic INFO 4004.9416859932126: Received message <Ping:> from Peer_10:basic
Peer_17:basic INFO 4004.9416859932126: Sending message <Pong:> to Peer_10:basic
Peer_17:basic INFO 4005.230426954177: Received message <Ping:> from Peer_7:basic
Peer_17:basic INFO 4005.230426954177: Sending message <Pong:> to Peer_7:basic
Peer_17:basic INFO 4005.3693518396126: Received message <Ping:> from Peer_18:basic
Peer_17:basic INFO 4005.3693518396126: Sending message <Pong:> to Peer_18:basic
Peer_17:basic INFO 4005.679764555653: Received message <Ping:> from Peer_1:basic
Peer_17:basic INFO 4005.679764555653: Sending message <Pong:> to Peer_1:basic
Peer_17:basic INFO 4007.053881310729: Received message <Ping:> from Peer_9:basic
Peer_17:basic INFO 4007.053881310729: Sending message <Pong:> to Peer_9:basic
Peer_17:basic INFO 4009.702328351373: Received message <Pong:> from Peer_21:bootstrap
Peer_17:basic INFO 4009.7976659567466: Received message <Pong:> from Peer_10:basic
Peer_17:basic INFO 4009.9011568540404: Received message <Pong:> from Peer_1:basic
Peer_17:basic INFO 4010.447164593571: Received message <Pong:> from Peer_7:basic
Peer_17:basic INFO 4010.594156263296: Received message <Pong:> from Peer_18:basic
Peer_17:basic INFO 4010.690116818769: Received message <Pong:> from Peer_13:basic
Peer_17:basic INFO 4011.535372366354: Received message <Pong:> from Peer_5:basic
Peer_17:basic INFO 4012.4070891927854: Received message <Pong:> from Peer_9:basic
Peer_17:basic INFO 4500: Sending message <Ping:> to Peer_4:basic
Peer_17:basic INFO 4505.054979374436: Received message <Ping:> from Peer_4:basic
Peer_17:basic INFO 4505.054979374436: Sending message <Pong:> to Peer_4:basic
Peer_17:basic INFO 4509.818481857663: Received message <Pong:> from Peer_4:basic
Peer_17:basic INFO 5000: Sending message <Ping:> to Peer_21:bootstrap
Peer_17:basic INFO 5000: Sending message <Ping:> to Peer_1:basic
Peer_17:basic INFO 5000: Sending message <Ping:> to Peer_10:basic
Peer_17:basic INFO 5000: Sending message <Ping:> to Peer_13:basic
Peer_17:basic INFO 5000: Sending message <Ping:> to Peer_9:basic
Peer_17:basic INFO 5000: Sending message <Ping:> to Peer_18:basic
Peer_17:basic INFO 5000: Sending message <Ping:> to Peer_7:basic
Peer_17:basic INFO 5000: Sending message <Ping:> to Peer_5:basic
Peer_17:basic INFO 5004.223742341889: Received message <Ping:> from Peer_10:basic
Peer_17:basic INFO 5004.223742341889: Sending message <Pong:> to Peer_10:basic
Peer_17:basic INFO 5004.473231733592: Received message <Ping:> from Peer_21:bootstrap
Peer_17:basic INFO 5004.473231733592: Sending message <Pong:> to Peer_21:bootstrap
Peer_17:basic INFO 5004.960996674636: Received message <Ping:> from Peer_5:basic
Peer_17:basic INFO 5004.960996674636: Sending message <Pong:> to Peer_5:basic
Peer_17:basic INFO 5005.036853840065: Received message <Ping:> from Peer_7:basic
Peer_17:basic INFO 5005.036853840065: Sending message <Pong:> to Peer_7:basic
Peer_17:basic INFO 5005.100836120088: Received message <Ping:> from Peer_13:basic
Peer_17:basic INFO 5005.100836120088: Sending message <Pong:> to Peer_13:basic
Peer_17:basic INFO 5005.585500448737: Received message <Ping:> from Peer_9:basic
Peer_17:basic INFO 5005.585500448737: Sending message <Pong:> to Peer_9:basic
Peer_17:basic INFO 5005.794491514082: Received message <Ping:> from Peer_18:basic
Peer_17:basic INFO 5005.794491514082: Sending message <Pong:> to Peer_18:basic
Peer_17:basic INFO 5006.1386685735415: Received message <Ping:> from Peer_1:basic
Peer_17:basic INFO 5006.1386685735415: Sending message <Pong:> to Peer_1:basic
Peer_17:basic INFO 5007.8695999505835: Received message <Pong:> from Peer_13:basic
Peer_17:basic INFO 5009.187242154221: Received message <Pong:> from Peer_5:basic
Peer_17:basic INFO 5009.226675318378: Received message <Pong:> from Peer_21:bootstrap
Peer_17:basic INFO 5009.71399967032: Received message <Pong:> from Peer_18:basic
Peer_17:basic INFO 5009.930706731813: Received message <Pong:> from Peer_7:basic
Peer_17:basic INFO 5010.006111152435: Received message <Pong:> from Peer_9:basic
Peer_17:basic INFO 5010.409443735369: Received message <Pong:> from Peer_1:basic
Peer_17:basic INFO 5010.470095212548: Received message <Pong:> from Peer_10:basic
Peer_17:basic INFO 5500: Sending message <Ping:> to Peer_4:basic
Peer_17:basic INFO 5505.046465469771: Received message <Ping:> from Peer_4:basic
Peer_17:basic INFO 5505.046465469771: Sending message <Pong:> to Peer_4:basic
Peer_17:basic INFO 5509.299762933709: Received message <Pong:> from Peer_4:basic
Peer_17:basic INFO 6000: Sending message <Ping:> to Peer_21:bootstrap
Peer_17:basic INFO 6000: Sending message <Ping:> to Peer_1:basic
Peer_17:basic INFO 6000: Sending message <Ping:> to Peer_10:basic
Peer_17:basic INFO 6000: Sending message <Ping:> to Peer_13:basic
Peer_17:basic INFO 6000: Sending message <Ping:> to Peer_9:basic
Peer_17:basic INFO 6000: Sending message <Ping:> to Peer_18:basic
Peer_17:basic INFO 6000: Sending message <Ping:> to Peer_7:basic
Peer_17:basic INFO 6000: Sending message <Ping:> to Peer_5:basic
Peer_17:basic INFO 6004.34690300723: Received message <Ping:> from Peer_5:basic
Peer_17:basic INFO 6004.34690300723: Sending message <Pong:> to Peer_5:basic
Peer_17:basic INFO 6004.448109255335: Received message <Ping:> from Peer_18:basic
Peer_17:basic INFO 6004.448109255335: Sending message <Pong:> to Peer_18:basic
Peer_17:basic INFO 6004.555065346154: Received message <Ping:> from Peer_13:basic
Peer_17:basic INFO 6004.555065346154: Sending message <Pong:> to Peer_13:basic
Peer_17:basic INFO 6004.611552476218: Received message <Ping:> from Peer_10:basic
Peer_17:basic INFO 6004.611552476218: Sending message <Pong:> to Peer_10:basic
Peer_17:basic INFO 6004.76923761935: Received message <Ping:> from Peer_1:basic
Peer_17:basic INFO 6004.76923761935: Sending message <Pong:> to Peer_1:basic
Peer_17:basic INFO 6005.297023729404: Received message <Ping:> from Peer_7:basic
Peer_17:basic INFO 6005.297023729404: Sending message <Pong:> to Peer_7:basic
Peer_17:basic INFO 6005.6494567937325: Received message <Ping:> from Peer_21:bootstrap
Peer_17:basic INFO 6005.6494567937325: Sending message <Pong:> to Peer_21:bootstrap
Peer_17:basic INFO 6006.748392953318: Received message <Ping:> from Peer_9:basic
Peer_17:basic INFO 6006.748392953318: Sending message <Pong:> to Peer_9:basic
Peer_17:basic INFO 6008.728646368213: Received message <Pong:> from Peer_13:basic
Peer_17:basic INFO 6008.7896425218905: Received message <Pong:> from Peer_10:basic
Peer_17:basic INFO 6009.513241335537: Received message <Pong:> from Peer_7:basic
Peer_17:basic INFO 6009.769873945422: Received message <Pong:> from Peer_18:basic
Peer_17:basic INFO 6009.8560382311225: Received message <Pong:> from Peer_1:basic
Peer_17:basic INFO 6010.145890454679: Received message <Pong:> from Peer_9:basic
Peer_17:basic INFO 6010.168024656091: Received message <Pong:> from Peer_5:basic
Peer_17:basic INFO 6011.902598096739: Received message <Pong:> from Peer_21:bootstrap
Peer_17:basic INFO 6500: Sending message <Ping:> to Peer_4:basic
Peer_17:basic INFO 6504.984462150137: Received message <Ping:> from Peer_4:basic
Peer_17:basic INFO 6504.984462150137: Sending message <Pong:> to Peer_4:basic
Peer_17:basic INFO 6509.890555026317: Received message <Pong:> from Peer_4:basic
Peer_17:basic INFO 7000: Sending message <Ping:> to Peer_21:bootstrap
Peer_17:basic INFO 7000: Sending message <Ping:> to Peer_1:basic
Peer_17:basic INFO 7000: Sending message <Ping:> to Peer_10:basic
Peer_17:basic INFO 7000: Sending message <Ping:> to Peer_13:basic
Peer_17:basic INFO 7000: Sending message <Ping:> to Peer_9:basic
Peer_17:basic INFO 7000: Sending message <Ping:> to Peer_18:basic
Peer_17:basic INFO 7000: Sending message <Ping:> to Peer_7:basic
Peer_17:basic INFO 7000: Sending message <Ping:> to Peer_5:basic
Peer_17:basic INFO 7003.119525233857: Received message <Ping:> from Peer_13:basic
Peer_17:basic INFO 7003.119525233857: Sending message <Pong:> to Peer_13:basic
Peer_17:basic INFO 7003.452091993296: Received message <Ping:> from Peer_5:basic
Peer_17:basic INFO 7003.452091993296: Sending message <Pong:> to Peer_5:basic
Peer_17:basic INFO 7003.810687591596: Received message <Ping:> from Peer_18:basic
Peer_17:basic INFO 7003.810687591596: Sending message <Pong:> to Peer_18:basic
Peer_17:basic INFO 7004.259503492121: Received message <Ping:> from Peer_9:basic
Peer_17:basic INFO 7004.259503492121: Sending message <Pong:> to Peer_9:basic
Peer_17:basic INFO 7004.611844482621: Received message <Ping:> from Peer_21:bootstrap
Peer_17:basic INFO 7004.611844482621: Sending message <Pong:> to Peer_21:bootstrap
Peer_17:basic INFO 7004.652348119771: Received message <Ping:> from Peer_1:basic
Peer_17:basic INFO 7004.652348119771: Sending message <Pong:> to Peer_1:basic
Peer_17:basic INFO 7005.554727798405: Received message <Ping:> from Peer_7:basic
Peer_17:basic INFO 7005.554727798405: Sending message <Pong:> to Peer_7:basic
Peer_17:basic INFO 7005.774043677343: Received message <Ping:> from Peer_10:basic
Peer_17:basic INFO 7005.774043677343: Sending message <Pong:> to Peer_10:basic
Peer_17:basic INFO 7008.0009629139295: Received message <Pong:> from Peer_13:basic
Peer_17:basic INFO 7009.730747407974: Received message <Pong:> from Peer_5:basic
Peer_17:basic INFO 7009.802488788512: Received message <Pong:> from Peer_18:basic
Peer_17:basic INFO 7010.3633803534185: Received message <Pong:> from Peer_7:basic
Peer_17:basic INFO 7010.579256365473: Received message <Pong:> from Peer_9:basic
Peer_17:basic INFO 7010.8811400039385: Received message <Pong:> from Peer_21:bootstrap
Peer_17:basic INFO 7011.160978428705: Received message <Pong:> from Peer_1:basic
Peer_17:basic INFO 7012.579604068174: Received message <Pong:> from Peer_10:basic
Peer_17:basic INFO 7500: Sending message <Ping:> to Peer_4:basic
Peer_17:basic INFO 7505.117401801082: Received message <Ping:> from Peer_4:basic
Peer_17:basic INFO 7505.117401801082: Sending message <Pong:> to Peer_4:basic
Peer_17:basic INFO 7509.3906179546775: Received message <Pong:> from Peer_4:basic
Peer_17:basic INFO 8000: Sending message <Ping:> to Peer_21:bootstrap
Peer_17:basic INFO 8000: Sending message <Ping:> to Peer_1:basic
Peer_17:basic INFO 8000: Sending message <Ping:> to Peer_10:basic
Peer_17:basic INFO 8000: Sending message <Ping:> to Peer_13:basic
Peer_17:basic INFO 8000: Sending message <Ping:> to Peer_9:basic
Peer_17:basic INFO 8000: Sending message <Ping:> to Peer_18:basic
Peer_17:basic INFO 8000: Sending message <Ping:> to Peer_7:basic
Peer_17:basic INFO 8000: Sending message <Ping:> to Peer_5:basic
Peer_17:basic INFO 8003.613689393772: Received message <Ping:> from Peer_13:basic
Peer_17:basic INFO 8003.613689393772: Sending message <Pong:> to Peer_13:basic
Peer_17:basic INFO 8004.568299837068: Received message <Ping:> from Peer_9:basic
Peer_17:basic INFO 8004.568299837068: Sending message <Pong:> to Peer_9:basic
Peer_17:basic INFO 8004.7845814235425: Received message <Ping:> from Peer_21:bootstrap
Peer_17:basic INFO 8004.7845814235425: Sending message <Pong:> to Peer_21:bootstrap
Peer_17:basic INFO 8004.811496932341: Received message <Ping:> from Peer_10:basic
Peer_17:basic INFO 8004.811496932341: Sending message <Pong:> to Peer_10:basic
Peer_17:basic INFO 8004.942897404918: Received message <Ping:> from Peer_5:basic
Peer_17:basic INFO 8004.942897404918: Sending message <Pong:> to Peer_5:basic
Peer_17:basic INFO 8005.23271537802: Received message <Ping:> from Peer_7:basic
Peer_17:basic INFO 8005.23271537802: Sending message <Pong:> to Peer_7:basic
Peer_17:basic INFO 8005.422524638324: Received message <Ping:> from Peer_18:basic
Peer_17:basic INFO 8005.422524638324: Sending message <Pong:> to Peer_18:basic
Peer_17:basic INFO 8007.016082446522: Received message <Ping:> from Peer_1:basic
Peer_17:basic INFO 8007.016082446522: Sending message <Pong:> to Peer_1:basic
Peer_17:basic INFO 8008.203077452111: Received message <Pong:> from Peer_10:basic
Peer_17:basic INFO 8008.4255551315655: Received message <Pong:> from Peer_9:basic
Peer_17:basic INFO 8009.348925481876: Received message <Pong:> from Peer_13:basic
Peer_17:basic INFO 8009.367484148676: Received message <Pong:> from Peer_18:basic
Peer_17:basic INFO 8009.671983575891: Received message <Pong:> from Peer_21:bootstrap
Peer_17:basic INFO 8009.805944957855: Received message <Pong:> from Peer_7:basic
Peer_17:basic INFO 8011.4653221504295: Received message <Pong:> from Peer_5:basic
Peer_17:basic INFO 8011.679894295421: Received message <Pong:> from Peer_1:basic
Peer_17:basic INFO 8500: Sending message <Ping:> to Peer_4:basic
Peer_17:basic INFO 8505.003102674193: Received message <Ping:> from Peer_4:basic
Peer_17:basic INFO 8505.003102674193: Sending message <Pong:> to Peer_4:basic
Peer_17:basic INFO 8509.884626855002: Received message <Pong:> from Peer_4:basic
Peer_17:basic INFO 9000: Sending message <Ping:> to Peer_21:bootstrap
Peer_17:basic INFO 9000: Sending message <Ping:> to Peer_1:basic
Peer_17:basic INFO 9000: Sending message <Ping:> to Peer_10:basic
Peer_17:basic INFO 9000: Sending message <Ping:> to Peer_13:basic
Peer_17:basic INFO 9000: Sending message <Ping:> to Peer_9:basic
Peer_17:basic INFO 9000: Sending message <Ping:> to Peer_18:basic
Peer_17:basic INFO 9000: Sending message <Ping:> to Peer_7:basic
Peer_17:basic INFO 9000: Sending message <Ping:> to Peer_5:basic
Peer_17:basic INFO 9002.785023410654: Received message <Ping:> from Peer_5:basic
Peer_17:basic INFO 9002.785023410654: Sending message <Pong:> to Peer_5:basic
Peer_17:basic INFO 9004.075378326472: Received message <Ping:> from Peer_1:basic
Peer_17:basic INFO 9004.075378326472: Sending message <Pong:> to Peer_1:basic
Peer_17:basic INFO 9004.783363028477: Received message <Ping:> from Peer_7:basic
Peer_17:basic INFO 9004.783363028477: Sending message <Pong:> to Peer_7:basic
Peer_17:basic INFO 9005.168213541769: Received message <Ping:> from Peer_13:basic
Peer_17:basic INFO 9005.168213541769: Sending message <Pong:> to Peer_13:basic
Peer_17:basic INFO 9005.351883285643: Received message <Ping:> from Peer_18:basic
Peer_17:basic INFO 9005.351883285643: Sending message <Pong:> to Peer_18:basic
Peer_17:basic INFO 9005.380038367955: Received message <Ping:> from Peer_10:basic
Peer_17:basic INFO 9005.380038367955: Sending message <Pong:> to Peer_10:basic
Peer_17:basic INFO 9005.685612013616: Received message <Ping:> from Peer_21:bootstrap
Peer_17:basic INFO 9005.685612013616: Sending message <Pong:> to Peer_21:bootstrap
Peer_17:basic INFO 9006.144760035613: Received message <Ping:> from Peer_9:basic
Peer_17:basic INFO 9006.144760035613: Sending message <Pong:> to Peer_9:basic
Peer_17:basic INFO 9008.416370699872: Received message <Pong:> from Peer_18:basic
Peer_17:basic INFO 9009.579616704837: Received message <Pong:> from Peer_9:basic
Peer_17:basic INFO 9009.66854286611: Received message <Pong:> from Peer_1:basic
Peer_17:basic INFO 9009.763787813989: Received message <Pong:> from Peer_5:basic
Peer_17:basic INFO 9009.914251328979: Received message <Pong:> from Peer_7:basic
Peer_17:basic INFO 9010.04198921518: Received message <Pong:> from Peer_13:basic
Peer_17:basic INFO 9010.438545558609: Received message <Pong:> from Peer_10:basic
Peer_17:basic INFO 9010.495809667967: Received message <Pong:> from Peer_21:bootstrap
Peer_17:basic INFO 9500: Sending message <Ping:> to Peer_4:basic
Peer_17:basic INFO 9504.827481585517: Received message <Ping:> from Peer_4:basic
Peer_17:basic INFO 9504.827481585517: Sending message <Pong:> to Peer_4:basic
Peer_17:basic INFO 9509.873093393267: Received message <Pong:> from Peer_4:basic
