Peer_12:basic WARNING 0: Not enough peers, fetching more (0, 8)
Peer_12:basic INFO 4.868332440331563: Connecting to Peer_21:bootstrap
Peer_12:basic INFO 8.887403466129507: Received message <RequestPeers:> from Peer_21:bootstrap
Peer_12:basic INFO 8.887403466129507: Sending message <PeerList> to Peer_21:bootstrap
Peer_12:basic INFO 10.293557582640826: Received message <Hello:> from Peer_21:bootstrap
Peer_12:basic WARNING 500: Not enough peers, fetching more (1, 8)
Peer_12:basic INFO 500: Sending message <RequestPeers:> to Peer_21:bootstrap
Peer_12:basic INFO 508.0856585806828: Received message <PeerList> from Peer_21:bootstrap
Peer_12:basic WARNING 1000: Not enough peers, fetching more (1, 8)
Peer_12:basic INFO 1000: Sending message <RequestPeers:> to Peer_21:bootstrap
Peer_12:basic INFO 1004.7804654168076: Received message <Hello:> from Peer_19:basic
Peer_12:basic INFO 1004.7804654168076: Connecting to Peer_19:basic
Peer_12:basic INFO 1004.7804654168076: Sending message <Hello:> to Peer_19:basic
Peer_12:basic INFO 1004.7804654168076: Sending message <RequestPeers:> to Peer_19:basic
Peer_12:basic INFO 1005.0570501752559: Connecting to Peer_7:basic
Peer_12:basic INFO 1010.1618176464538: Received message <Hello:> from Peer_7:basic
Peer_12:basic INFO 1010.3032470160853: Received message <RequestPeers:> from Peer_7:basic
Peer_12:basic INFO 1010.3032470160853: Sending message <PeerList> to Peer_7:basic
Peer_12:basic INFO 1010.5488179979745: Received message <PeerList> from Peer_21:bootstrap
Peer_12:basic INFO 1014.7698680018306: Received message <PeerList> from Peer_19:basic
Peer_12:basic WARNING 1500: Not enough peers, fetching more (3, 8)
Peer_12:basic INFO 1500: Sending message <RequestPeers:> to Peer_21:bootstrap
Peer_12:basic INFO 1500: Sending message <RequestPeers:> to Peer_7:basic
Peer_12:basic INFO 1500: Sending message <RequestPeers:> to Peer_19:basic
Peer_12:basic INFO 1502.4193184874068: Connecting to Peer_15:basic
Peer_12:basic INFO 1504.6819039374027: Received message <Hello:> from Peer_20:basic
Peer_12:basic INFO 1504.6819039374027: Connecting to Peer_20:basic
Peer_12:basic INFO 1504.6819039374027: Sending message <Hello:> to Peer_20:basic
Peer_12:basic INFO 1504.6819039374027: Sending message <RequestPeers:> to Peer_20:basic
Peer_12:basic INFO 1505.073345599259: Connecting to Peer_5:basic
Peer_12:basic INFO 1505.2284430626871: Received message <Hello:> from Peer_16:basic
Peer_12:basic INFO 1505.2284430626871: Connecting to Peer_16:basic
Peer_12:basic INFO 1505.2284430626871: Sending message <Hello:> to Peer_16:basic
Peer_12:basic INFO 1505.2284430626871: Sending message <RequestPeers:> to Peer_16:basic
Peer_12:basic INFO 1505.270150388509: Received message <RequestPeers:> from Peer_7:basic
Peer_12:basic INFO 1505.270150388509: Sending message <PeerList> to Peer_7:basic
Peer_12:basic INFO 1505.332484444084: Received message <RequestPeers:> from Peer_19:basic
Peer_12:basic INFO 1505.332484444084: Sending message <PeerList> to Peer_19:basic
Peer_12:basic INFO 1506.163546268354: Received message <Hello:> from Peer_15:basic
Peer_12:basic INFO 1507.0543232939503: Received message <RequestPeers:> from Peer_15:basic
Peer_12:basic INFO 1507.0543232939503: Sending message <PeerList> to Peer_15:basic
Peer_12:basic INFO 1509.4853711050052: Received message <PeerList> from Peer_19:basic
Peer_12:basic INFO 1510.157348091948: Received message <PeerList> from Peer_21:bootstrap
Peer_12:basic INFO 1510.452246622188: Received message <PeerList> from Peer_7:basic
Peer_12:basic INFO 1510.5326321980924: Received message <RequestPeers:> from Peer_5:basic
Peer_12:basic INFO 1510.5326321980924: Sending message <PeerList> to Peer_5:basic
Peer_12:basic INFO 1511.1599494913648: Received message <Hello:> from Peer_5:basic
Peer_12:basic INFO 1515.9886351048883: Received message <PeerList> from Peer_16:basic
Peer_12:basic INFO 1516.0845906854995: Received message <PeerList> from Peer_20:basic
Peer_12:basic WARNING 2000: Not enough peers, fetching more (7, 8)
Peer_12:basic INFO 2003.652802690538: Received message <RequestPeers:> from Peer_16:basic
Peer_12:basic INFO 2003.652802690538: Sending message <PeerList> to Peer_16:basic
Peer_12:basic INFO 2004.914608030438: Connecting to Peer_9:basic
Peer_12:basic INFO 2008.9951233057936: Received message <RequestPeers:> from Peer_9:basic
Peer_12:basic INFO 2008.9951233057936: Sending message <PeerList> to Peer_9:basic
Peer_12:basic INFO 2011.7310181779217: Received message <Hello:> from Peer_9:basic
Peer_12:basic INFO 2500: Sending message <Ping:> to Peer_21:bootstrap
Peer_12:basic INFO 2500: Sending message <Ping:> to Peer_19:basic
Peer_12:basic INFO 2500: Sending message <Ping:> to Peer_7:basic
Peer_12:basic INFO 2500: Sending message <Ping:> to Peer_15:basic
Peer_12:basic INFO 2500: Sending message <Ping:> to Peer_20:basic
Peer_12:basic INFO 2500: Sending message <Ping:> to Peer_5:basic
Peer_12:basic INFO 2504.5886695141517: Received message <Ping:> from Peer_19:basic
Peer_12:basic INFO 2504.5886695141517: Sending message <Pong:> to Peer_19:basic
Peer_12:basic INFO 2505.179073423937: Received message <Ping:> from Peer_7:basic
Peer_12:basic INFO 2505.179073423937: Sending message <Pong:> to Peer_7:basic
Peer_12:basic INFO 2505.396525175826: Received message <Ping:> from Peer_20:basic
Peer_12:basic INFO 2505.396525175826: Sending message <Pong:> to Peer_20:basic
Peer_12:basic INFO 2505.5158023829185: Received message <Ping:> from Peer_5:basic
Peer_12:basic INFO 2505.5158023829185: Sending message <Pong:> to Peer_5:basic
Peer_12:basic INFO 2505.7395117425594: Received message <Ping:> from Peer_15:basic
Peer_12:basic INFO 2505.7395117425594: Sending message <Pong:> to Peer_15:basic
Peer_12:basic INFO 2506.0763340856724: Received message <Ping:> from Peer_21:bootstrap
Peer_12:basic INFO 2506.0763340856724: Sending message <Pong:> to Peer_21:bootstrap
Peer_12:basic INFO 2509.610773636918: Received message <Pong:> from Peer_5:basic
Peer_12:basic INFO 2509.923288954014: Received message <Pong:> from Peer_21:bootstrap
Peer_12:basic INFO 2509.9749004485425: Received message <Pong:> from Peer_15:basic
Peer_12:basic INFO 2510.0526406298563: Received message <Pong:> from Peer_7:basic
Peer_12:basic INFO 2510.55983943822: Received message <Pong:> from Peer_19:basic
Peer_12:basic INFO 2512.5800400677213: Received message <Pong:> from Peer_20:basic
Peer_12:basic INFO 3000: Sending message <Ping:> to Peer_16:basic
Peer_12:basic INFO 3000: Sending message <Ping:> to Peer_9:basic
Peer_12:basic INFO 3005.0696444227206: Received message <Ping:> from Peer_16:basic
Peer_12:basic INFO 3005.0696444227206: Sending message <Pong:> to Peer_16:basic
Peer_12:basic INFO 3005.348454027948: Received message <Ping:> from Peer_9:basic
Peer_12:basic INFO 3005.348454027948: Sending message <Pong:> to Peer_9:basic
Peer_12:basic INFO 3009.6645447485935: Received message <Pong:> from Peer_9:basic
Peer_12:basic INFO 3010.376471870655: Received message <Pong:> from Peer_16:basic
Peer_12:basic INFO 3500: Sending message <Ping:> to Peer_21:bootstrap
Peer_12:basic INFO 3500: Sending message <Ping:> to Peer_19:basic
Peer_12:basic INFO 3500: Sending message <Ping:> to Peer_7:basic
Peer_12:basic INFO 3500: Sending message <Ping:> to Peer_15:basic
Peer_12:basic INFO 3500: Sending message <Ping:> to Peer_20:basic
Peer_12:basic INFO 3500: Sending message <Ping:> to Peer_5:basic
Peer_12:basic INFO 3504.7984769411228: Received message <Ping:> from Peer_5:basic
Peer_12:basic INFO 3504.7984769411228: Sending message <Pong:> to Peer_5:basic
Peer_12:basic INFO 3505.1390936508164: Received message <Ping:> from Peer_7:basic
Peer_12:basic INFO 3505.1390936508164: Sending message <Pong:> to Peer_7:basic
Peer_12:basic INFO 3505.262957404669: Received message <Ping:> from Peer_19:basic
Peer_12:basic INFO 3505.262957404669: Sending message <Pong:> to Peer_19:basic
Peer_12:basic INFO 3505.28072373253: Received message <Ping:> from Peer_21:bootstrap
Peer_12:basic INFO 3505.28072373253: Sending message <Pong:> to Peer_21:bootstrap
Peer_12:basic INFO 3505.2847876050055: Received message <Ping:> from Peer_15:basic
Peer_12:basic INFO 3505.2847876050055: Sending message <Pong:> to Peer_15:basic
Peer_12:basic INFO 3505.6561598549824: Received message <Ping:> from Peer_20:basic
Peer_12:basic INFO 3505.6561598549824: Sending message <Pong:> to Peer_20:basic
Peer_12:basic INFO 3509.516537733762: Received message <Pong:> from Peer_19:basic
Peer_12:basic INFO 3509.9771746762663: Received message <Pong:> from Peer_20:basic
Peer_12:basic INFO 3510.310735525392: Received message <Pong:> from Peer_7:basic
Peer_12:basic INFO 3510.540652142294: Received message <Pong:> from Peer_5:basic
Peer_12:basic INFO 3510.7549935883653: Received message <Pong:> from Peer_21:bootstrap
Peer_12:basic INFO 3510.834348410619: Received message <Pong:> from Peer_15:basic
Peer_12:basic INFO 4000: Sending message <Ping:> to Peer_16:basic
Peer_12:basic INFO 4000: Sending message <Ping:> to Peer_9:basic
Peer_12:basic INFO 4005.5898368471294: Received message <Ping:> from Peer_16:basic
Peer_12:basic INFO 4005.5898368471294: Sending message <Pong:> to Peer_16:basic
Peer_12:basic INFO 4005.759086140512: Received message <Ping:> from Peer_9:basic
Peer_12:basic INFO 4005.759086140512: Sending message <Pong:> to Peer_9:basic
Peer_12:basic INFO 4007.981490165766: Received message <Pong:> from Peer_9:basic
Peer_12:basic INFO 4011.3243114842744: Received message <Pong:> from Peer_16:basic
Peer_12:basic INFO 4500: Sending message <Ping:> to Peer_21:bootstrap
Peer_12:basic INFO 4500: Sending message <Ping:> to Peer_19:basic
Peer_12:basic INFO 4500: Sending message <Ping:> to Peer_7:basic
Peer_12:basic INFO 4500: Sending message <Ping:> to Peer_15:basic
Peer_12:basic INFO 4500: Sending message <Ping:> to Peer_20:basic
Peer_12:basic INFO 4500: Sending message <Ping:> to Peer_5:basic
Peer_12:basic INFO 4503.058659411059: Received message <Ping:> from Peer_5:basic
Peer_12:basic INFO 4503.058659411059: Sending message <Pong:> to Peer_5:basic
Peer_12:basic INFO 4503.083837525563: Received message <Ping:> from Peer_21:bootstrap
Peer_12:basic INFO 4503.083837525563: Sending message <Pong:> to Peer_21:bootstrap
Peer_12:basic INFO 4504.252482380656: Received message <Ping:> from Peer_20:basic
Peer_12:basic INFO 4504.252482380656: Sending message <Pong:> to Peer_20:basic
Peer_12:basic INFO 4504.87275963081: Received message <Ping:> from Peer_7:basic
Peer_12:basic INFO 4504.87275963081: Sending message <Pong:> to Peer_7:basic
Peer_12:basic INFO 4505.09100153378: Received message <Ping:> from Peer_19:basic
Peer_12:basic INFO 4505.09100153378: Sending message <Pong:> to Peer_19:basic
Peer_12:basic INFO 4505.375328661541: Received message <Ping:> from Peer_15:basic
Peer_12:basic INFO 4505.375328661541: Sending message <Pong:> to Peer_15:basic
Peer_12:basic INFO 4509.891428470123: Received message <Pong:> from Peer_7:basic
Peer_12:basic INFO 4509.934000981837: Received message <Pong:> from Peer_15:basic
Peer_12:basic INFO 4510.368060878866: Received message <Pong:> from Peer_19:basic
Peer_12:basic INFO 4510.448451591347: Received message <Pong:> from Peer_21:bootstrap
Peer_12:basic INFO 4510.473836681571: Received message <Pong:> from Peer_5:basic
Peer_12:basic INFO 4513.110316299637: Received message <Pong:> from Peer_20:basic
Peer_12:basic INFO 5000: Sending message <Ping:> to Peer_16:basic
Peer_12:basic INFO 5000: Sending message <Ping:> to Peer_9:basic
Peer_12:basic INFO 5004.488241091455: Received message <Ping:> from Peer_16:basic
Peer_12:basic INFO 5004.488241091455: Sending message <Pong:> to Peer_16:basic
Peer_12:basic INFO 5004.578770100958: Received message <Ping:> from Peer_9:basic
Peer_12:basic INFO 5004.578770100958: Sending message <Pong:> to Peer_9:basic
Peer_12:basic INFO 5009.461412511676: Received message <Pong:> from Peer_9:basic
Peer_12:basic INFO 5010.793450885654: Received message <Pong:> from Peer_16:basic
Peer_12:basic INFO 5500: Sending message <Ping:> to Peer_21:bootstrap
Peer_12:basic INFO 5500: Sending message <Ping:> to Peer_19:basic
Peer_12:basic INFO 5500: Sending message <Ping:> to Peer_7:basic
Peer_12:basic INFO 5500: Sending message <Ping:> to Peer_15:basic
Peer_12:basic INFO 5500: Sending message <Ping:> to Peer_20:basic
Peer_12:basic INFO 5500: Sending message <Ping:> to Peer_5:basic
Peer_12:basic INFO 5504.282970418002: Received message <Ping:> from Peer_20:basic
Peer_12:basic INFO 5504.282970418002: Sending message <Pong:> to Peer_20:basic
Peer_12:basic INFO 5504.971681376608: Received message <Ping:> from Peer_7:basic
Peer_12:basic INFO 5504.971681376608: Sending message <Pong:> to Peer_7:basic
Peer_12:basic INFO 5505.262339380983: Received message <Ping:> from Peer_19:basic
Peer_12:basic INFO 5505.262339380983: Sending message <Pong:> to Peer_19:basic
Peer_12:basic INFO 5505.911548892601: Received message <Ping:> from Peer_21:bootstrap
Peer_12:basic INFO 5505.911548892601: Sending message <Pong:> to Peer_21:bootstrap
Peer_12:basic INFO 5505.915139992613: Received message <Pong:> from Peer_21:bootstrap
Peer_12:basic INFO 5506.151922321689: Received message <Ping:> from Peer_15:basic
Peer_12:basic INFO 5506.151922321689: Sending message <Pong:> to Peer_15:basic
Peer_12:basic INFO 5506.335361817305: Received message <Ping:> from Peer_5:basic
Peer_12:basic INFO 5506.335361817305: Sending message <Pong:> to Peer_5:basic
Peer_12:basic INFO 5507.461344051451: Received message <Pong:> from Peer_15:basic
Peer_12:basic INFO 5508.044810967649: Received message <Pong:> from Peer_5:basic
Peer_12:basic INFO 5509.1189343730575: Received message <Pong:> from Peer_20:basic
Peer_12:basic INFO 5509.746677003035: Received message <Pong:> from Peer_19:basic
Peer_12:basic INFO 5510.129994849541: Received message <Pong:> from Peer_7:basic
Peer_12:basic INFO 6000: Sending message <Ping:> to Peer_16:basic
Peer_12:basic INFO 6000: Sending message <Ping:> to Peer_9:basic
Peer_12:basic INFO 6003.992710187163: Received message <Ping:> from Peer_9:basic
Peer_12:basic INFO 6003.992710187163: Sending message <Pong:> to Peer_9:basic
Peer_12:basic INFO 6005.372880083176: Received message <Ping:> from Peer_16:basic
Peer_12:basic INFO 6005.372880083176: Sending message <Pong:> to Peer_16:basic
Peer_12:basic INFO 6006.651601947477: Received message <Pong:> from Peer_9:basic
Peer_12:basic INFO 6009.430384431583: Received message <Pong:> from Peer_16:basic
Peer_12:basic INFO 6500: Sending message <Ping:> to Peer_21:bootstrap
Peer_12:basic INFO 6500: Sending message <Ping:> to Peer_19:basic
Peer_12:basic INFO 6500: Sending message <Ping:> to Peer_7:basic
Peer_12:basic INFO 6500: Sending message <Ping:> to Peer_15:basic
Peer_12:basic INFO 6500: Sending message <Ping:> to Peer_20:basic
Peer_12:basic INFO 6500: Sending message <Ping:> to Peer_5:basic
Peer_12:basic INFO 6503.03430861431: Received message <Ping:> from Peer_5:basic
Peer_12:basic INFO 6503.03430861431: Sending message <Pong:> to Peer_5:basic
Peer_12:basic INFO 6503.967705722257: Received message <Ping:> from Peer_15:basic
Peer_12:basic INFO 6503.967705722257: Sending message <Pong:> to Peer_15:basic
Peer_12:basic INFO 6505.068547808992: Received message <Ping:> from Peer_20:basic
Peer_12:basic INFO 6505.068547808992: Sending message <Pong:> to Peer_20:basic
Peer_12:basic INFO 6505.253269880243: Received message <Ping:> from Peer_19:basic
Peer_12:basic INFO 6505.253269880243: Sending message <Pong:> to Peer_19:basic
Peer_12:basic INFO 6505.302081567165: Received message <Ping:> from Peer_7:basic
Peer_12:basic INFO 6505.302081567165: Sending message <Pong:> to Peer_7:basic
Peer_12:basic INFO 6506.165871388742: Received message <Ping:> from Peer_21:bootstrap
Peer_12:basic INFO 6506.165871388742: Sending message <Pong:> to Peer_21:bootstrap
Peer_12:basic INFO 6506.538134780657: Received message <Pong:> from Peer_20:basic
Peer_12:basic INFO 6509.714896109837: Received message <Pong:> from Peer_7:basic
Peer_12:basic INFO 6509.967347485006: Received message <Pong:> from Peer_21:bootstrap
Peer_12:basic INFO 6510.258731347216: Received message <Pong:> from Peer_5:basic
Peer_12:basic INFO 6510.707987756796: Received message <Pong:> from Peer_19:basic
Peer_12:basic INFO 6510.966373189873: Received message <Pong:> from Peer_15:basic
Peer_12:basic INFO 7000: Sending message <Ping:> to Peer_16:basic
Peer_12:basic INFO 7000: Sending message <Ping:> to Peer_9:basic
Peer_12:basic INFO 7004.301107746062: Received message <Ping:> from Peer_16:basic
Peer_12:basic INFO 7004.301107746062: Sending message <Pong:> to Peer_16:basic
Peer_12:basic INFO 7005.578458484703: Received message <Ping:> from Peer_9:basic
Peer_12:basic INFO 7005.578458484703: Sending message <Pong:> to Peer_9:basic
Peer_12:basic INFO 7010.359737763952: Received message <Pong:> from Peer_16:basic
Peer_12:basic INFO 7013.184040380731: Received message <Pong:> from Peer_9:basic
Peer_12:basic INFO 7500: Sending message <Ping:> to Peer_21:bootstrap
Peer_12:basic INFO 7500: Sending message <Ping:> to Peer_19:basic
Peer_12:basic INFO 7500: Sending message <Ping:> to Peer_7:basic
Peer_12:basic INFO 7500: Sending message <Ping:> to Peer_15:basic
Peer_12:basic INFO 7500: Sending message <Ping:> to Peer_20:basic
Peer_12:basic INFO 7500: Sending message <Ping:> to Peer_5:basic
Peer_12:basic INFO 7503.244728839474: Received message <Ping:> from Peer_20:basic
Peer_12:basic INFO 7503.244728839474: Sending message <Pong:> to Peer_20:basic
Peer_12:basic INFO 7504.053262444803: Received message <Ping:> from Peer_5:basic
Peer_12:basic INFO 7504.053262444803: Sending message <Pong:> to Peer_5:basic
Peer_12:basic INFO 7504.114331228977: Received message <Ping:> from Peer_21:bootstrap
Peer_12:basic INFO 7504.114331228977: Sending message <Pong:> to Peer_21:bootstrap
Peer_12:basic INFO 7505.10203023498: Received message <Ping:> from Peer_19:basic
Peer_12:basic INFO 7505.10203023498: Sending message <Pong:> to Peer_19:basic
Peer_12:basic INFO 7505.280419447271: Received message <Ping:> from Peer_7:basic
Peer_12:basic INFO 7505.280419447271: Sending message <Pong:> to Peer_7:basic
Peer_12:basic INFO 7505.581886812338: Received message <Ping:> from Peer_15:basic
Peer_12:basic INFO 7505.581886812338: Sending message <Pong:> to Peer_15:basic
Peer_12:basic INFO 7509.402661043755: Received message <Pong:> from Peer_21:bootstrap
Peer_12:basic INFO 7509.407004967029: Received message <Pong:> from Peer_5:basic
Peer_12:basic INFO 7509.820898216737: Received message <Pong:> from Peer_19:basic
Peer_12:basic INFO 7509.948497076037: Received message <Pong:> from Peer_7:basic
Peer_12:basic INFO 7510.174518987915: Received message <Pong:> from Peer_15:basic
Peer_12:basic INFO 7513.28390322802: Received message <Pong:> from Peer_20:basic
Peer_12:basic INFO 8000: Sending message <Ping:> to Peer_16:basic
Peer_12:basic INFO 8000: Sending message <Ping:> to Peer_9:basic
Peer_12:basic INFO 8005.768505597018: Received message <Ping:> from Peer_9:basic
Peer_12:basic INFO 8005.768505597018: Sending message <Pong:> to Peer_9:basic
Peer_12:basic INFO 8006.112408072527: Received message <Ping:> from Peer_16:basic
Peer_12:basic INFO 8006.112408072527: Sending message <Pong:> to Peer_16:basic
Peer_12:basic INFO 8008.035654386138: Received message <Pong:> from Peer_9:basic
Peer_12:basic INFO 8011.160285730157: Received message <Pong:> from Peer_16:basic
Peer_12:basic INFO 8500: Sending message <Ping:> to Peer_21:bootstrap
Peer_12:basic INFO 8500: Sending message <Ping:> to Peer_19:basic
Peer_12:basic INFO 8500: Sending message <Ping:> to Peer_7:basic
Peer_12:basic INFO 8500: Sending message <Ping:> to Peer_15:basic
Peer_12:basic INFO 8500: Sending message <Ping:> to Peer_20:basic
Peer_12:basic INFO 8500: Sending message <Ping:> to Peer_5:basic
Peer_12:basic INFO 8504.10099057367: Received message <Ping:> from Peer_15:basic
Peer_12:basic INFO 8504.10099057367: Sending message <Pong:> to Peer_15:basic
Peer_12:basic INFO 8504.80886573459: Received message <Ping:> from Peer_20:basic
Peer_12:basic INFO 8504.80886573459: Sending message <Pong:> to Peer_20:basic
Peer_12:basic INFO 8504.883760203322: Received message <Ping:> from Peer_19:basic
Peer_12:basic INFO 8504.883760203322: Sending message <Pong:> to Peer_19:basic
Peer_12:basic INFO 8504.95262761625: Received message <Ping:> from Peer_7:basic
Peer_12:basic INFO 8504.95262761625: Sending message <Pong:> to Peer_7:basic
Peer_12:basic INFO 8505.140156984908: Received message <Ping:> from Peer_5:basic
Peer_12:basic INFO 8505.140156984908: Sending message <Pong:> to Peer_5:basic
Peer_12:basic INFO 8505.581608415245: Received message <Ping:> from Peer_21:bootstrap
Peer_12:basic INFO 8505.581608415245: Sending message <Pong:> to Peer_21:bootstrap
Peer_12:basic INFO 8508.464405975823: Received message <Pong:> from Peer_20:basic
Peer_12:basic INFO 8509.053513148965: Received message <Pong:> from Peer_21:bootstrap
Peer_12:basic INFO 8509.65909692487: Received message <Pong:> from Peer_19:basic
Peer_12:basic INFO 8510.303376639617: Received message <Pong:> from Peer_7:basic
Peer_12:basic INFO 8512.164252933006: Received message <Pong:> from Peer_15:basic
Peer_12:basic INFO 8512.240697183846: Received message <Pong:> from Peer_5:basic
Peer_12:basic INFO 9000: Sending message <Ping:> to Peer_16:basic
Peer_12:basic INFO 9000: Sending message <Ping:> to Peer_9:basic
Peer_12:basic INFO 9004.612816586365: Received message <Ping:> from Peer_16:basic
Peer_12:basic INFO 9004.612816586365: Sending message <Pong:> to Peer_16:basic
Peer_12:basic INFO 9004.996012376872: Received message <Ping:> from Peer_9:basic
Peer_12:basic INFO 9004.996012376872: Sending message <Pong:> to Peer_9:basic
Peer_12:basic INFO 9009.109257653501: Received message <Pong:> from Peer_16:basic
Peer_12:basic INFO 9011.343219765737: Received message <Pong:> from Peer_9:basic
Peer_12:basic INFO 9500: Sending message <Ping:> to Peer_21:bootstrap
Peer_12:basic INFO 9500: Sending message <Ping:> to Peer_19:basic
Peer_12:basic INFO 9500: Sending message <Ping:> to Peer_7:basic
Peer_12:basic INFO 9500: Sending message <Ping:> to Peer_15:basic
Peer_12:basic INFO 9500: Sending message <Ping:> to Peer_20:basic
Peer_12:basic INFO 9500: Sending message <Ping:> to Peer_5:basic
Peer_12:basic INFO 9504.066570887939: Received message <Ping:> from Peer_21:bootstrap
Peer_12:basic INFO 9504.066570887939: Sending message <Pong:> to Peer_21:bootstrap
Peer_12:basic INFO 9504.536368053823: Received message <Ping:> from Peer_15:basic
Peer_12:basic INFO 9504.536368053823: Sending message <Pong:> to Peer_15:basic
Peer_12:basic INFO 9504.843357610027: Received message <Ping:> from Peer_20:basic
Peer_12:basic INFO 9504.843357610027: Sending message <Pong:> to Peer_20:basic
Peer_12:basic INFO 9504.873311126035: Received message <Ping:> from Peer_19:basic
Peer_12:basic INFO 9504.873311126035: Sending message <Pong:> to Peer_19:basic
Peer_12:basic INFO 9504.936915083144: Received message <Ping:> from Peer_7:basic
Peer_12:basic INFO 9504.936915083144: Sending message <Pong:> to Peer_7:basic
Peer_12:basic INFO 9505.490953405006: Received message <Ping:> from Peer_5:basic
Peer_12:basic INFO 9505.490953405006: Sending message <Pong:> to Peer_5:basic
Peer_12:basic INFO 9508.39936489706: Received message <Pong:> from Peer_21:bootstrap
Peer_12:basic INFO 9509.662784767694: Received message <Pong:> from Peer_15:basic
Peer_12:basic INFO 9509.677485443639: Received message <Pong:> from Peer_7:basic
Peer_12:basic INFO 9510.087917218643: Received message <Pong:> from Peer_19:basic
Peer_12:basic INFO 9511.231672086304: Received message <Pong:> from Peer_20:basic
Peer_12:basic INFO 9512.11981329445: Received message <Pong:> from Peer_5:basic
