Peer_4:basic WARNING 0: Not enough peers, fetching more (0, 8)
Peer_4:basic INFO 5.147174494291949: Connecting to Peer_21:bootstrap
Peer_4:basic INFO 10.22412755406149: Received message <RequestPeers:> from Peer_21:bootstrap
Peer_4:basic INFO 10.22412755406149: Sending message <PeerList> to Peer_21:bootstrap
Peer_4:basic INFO 11.047748319319131: Received message <Hello:> from Peer_21:bootstrap
Peer_4:basic WARNING 500: Not enough peers, fetching more (1, 8)
Peer_4:basic INFO 500: Sending message <RequestPeers:> to Peer_21:bootstrap
Peer_4:basic INFO 510.38319700372125: Received message <PeerList> from Peer_21:bootstrap
Peer_4:basic WARNING 1000: Not enough peers, fetching more (1, 8)
Peer_4:basic INFO 1000: Sending message <RequestPeers:> to Peer_21:bootstrap
Peer_4:basic INFO 1005.0126481109888: Connecting to Peer_8:basic
Peer_4:basic INFO 1010.053549058755: Received message <Hello:> from Peer_8:basic
Peer_4:basic INFO 1010.5361493675634: Received message <RequestPeers:> from Peer_8:basic
Peer_4:basic INFO 1010.5361493675634: Sending message <PeerList> to Peer_8:basic
Peer_4:basic INFO 1011.2401833518521: Received message <PeerList> from Peer_21:bootstrap
Peer_4:basic WARNING 1500: Not enough peers, fetching more (2, 8)
Peer_4:basic INFO 1500: Sending message <RequestPeers:> to Peer_8:basic
Peer_4:basic INFO 1500: Sending message <RequestPeers:> to Peer_21:bootstrap
Peer_4:basic INFO 1504.911452524858: Received message <Hello:> from Peer_5:basic
Peer_4:basic INFO 1504.911452524858: Connecting to Peer_5:basic
Peer_4:basic INFO 1504.911452524858: Sending message <Hello:> to Peer_5:basic
Peer_4:basic INFO 1504.911452524858: Sending message <RequestPeers:> to Peer_5:basic
Peer_4:basic INFO 1505.0232532762038: Received message <RequestPeers:> from Peer_8:basic
Peer_4:basic INFO 1505.0232532762038: Sending message <PeerList> to Peer_8:basic
Peer_4:basic INFO 1505.2826091135753: Connecting to Peer_11:basic
Peer_4:basic INFO 1509.4942163221076: Received message <PeerList> from Peer_21:bootstrap
Peer_4:basic INFO 1509.7628296031373: Received message <PeerList> from Peer_8:basic
Peer_4:basic INFO 1510.2407049109886: Received message <Hello:> from Peer_11:basic
Peer_4:basic INFO 1510.421245729631: Received message <RequestPeers:> from Peer_11:basic
Peer_4:basic INFO 1510.421245729631: Sending message <PeerList> to Peer_11:basic
Peer_4:basic INFO 1512.043207059888: Received message <PeerList> from Peer_5:basic
Peer_4:basic WARNING 2000: Not enough peers, fetching more (4, 8)
Peer_4:basic INFO 2000: Sending message <RequestPeers:> to Peer_8:basic
Peer_4:basic INFO 2000: Sending message <RequestPeers:> to Peer_21:bootstrap
Peer_4:basic INFO 2000: Sending message <RequestPeers:> to Peer_5:basic
Peer_4:basic INFO 2000: Sending message <RequestPeers:> to Peer_11:basic
Peer_4:basic INFO 2004.457561596286: Received message <RequestPeers:> from Peer_8:basic
Peer_4:basic INFO 2004.457561596286: Sending message <PeerList> to Peer_8:basic
Peer_4:basic INFO 2004.6173794360307: Connecting to Peer_13:basic
Peer_4:basic INFO 2004.7175042463061: Connecting to Peer_2:basic
Peer_4:basic INFO 2004.8295767299285: Connecting to Peer_7:basic
Peer_4:basic INFO 2005.4763304241976: Received message <RequestPeers:> from Peer_11:basic
Peer_4:basic INFO 2005.4763304241976: Sending message <PeerList> to Peer_11:basic
Peer_4:basic INFO 2007.4087050489197: Received message <RequestPeers:> from Peer_13:basic
Peer_4:basic INFO 2007.4087050489197: Sending message <PeerList> to Peer_13:basic
Peer_4:basic INFO 2009.389429780938: Received message <PeerList> from Peer_21:bootstrap
Peer_4:basic INFO 2009.6796499977806: Received message <Hello:> from Peer_13:basic
Peer_4:basic INFO 2009.7127243878933: Received message <RequestPeers:> from Peer_2:basic
Peer_4:basic INFO 2009.7127243878933: Sending message <PeerList> to Peer_2:basic
Peer_4:basic INFO 2009.8004355876737: Received message <PeerList> from Peer_11:basic
Peer_4:basic INFO 2010.076651178808: Received message <RequestPeers:> from Peer_7:basic
Peer_4:basic INFO 2010.076651178808: Sending message <PeerList> to Peer_7:basic
Peer_4:basic INFO 2010.2021309035479: Received message <Hello:> from Peer_7:basic
Peer_4:basic INFO 2010.2059946146433: Received message <Hello:> from Peer_2:basic
Peer_4:basic INFO 2010.2330541467682: Received message <PeerList> from Peer_8:basic
Peer_4:basic INFO 2011.4061264737772: Received message <PeerList> from Peer_5:basic
Peer_4:basic WARNING 2500: Not enough peers, fetching more (7, 8)
Peer_4:basic INFO 2505.1679171597007: Connecting to Peer_17:basic
Peer_4:basic INFO 2509.9651228303105: Received message <Hello:> from Peer_17:basic
Peer_4:basic INFO 2510.675952486759: Received message <RequestPeers:> from Peer_17:basic
Peer_4:basic INFO 2510.675952486759: Sending message <PeerList> to Peer_17:basic
Peer_4:basic INFO 3000: Sending message <Ping:> to Peer_21:bootstrap
Peer_4:basic INFO 3000: Sending message <Ping:> to Peer_8:basic
Peer_4:basic INFO 3000: Sending message <Ping:> to Peer_5:basic
Peer_4:basic INFO 3000: Sending message <Ping:> to Peer_11:basic
Peer_4:basic INFO 3000: Sending message <Ping:> to Peer_13:basic
Peer_4:basic INFO 3000: Sending message <Ping:> to Peer_2:basic
Peer_4:basic INFO 3000: Sending message <Ping:> to Peer_7:basic
Peer_4:basic INFO 3004.6168196098333: Received message <Ping:> from Peer_8:basic
Peer_4:basic INFO 3004.6168196098333: Sending message <Pong:> to Peer_8:basic
Peer_4:basic INFO 3004.6897829004683: Received message <Ping:> from Peer_13:basic
Peer_4:basic INFO 3004.6897829004683: Sending message <Pong:> to Peer_13:basic
Peer_4:basic INFO 3004.8495420390186: Received message <Ping:> from Peer_11:basic
Peer_4:basic INFO 3004.8495420390186: Sending message <Pong:> to Peer_11:basic
Peer_4:basic INFO 3004.893167646787: Received message <Ping:> from Peer_7:basic
Peer_4:basic INFO 3004.893167646787: Sending message <Pong:> to Peer_7:basic
Peer_4:basic INFO 3005.0784688323715: Received message <Ping:> from Peer_2:basic
Peer_4:basic INFO 3005.0784688323715: Sending message <Pong:> to Peer_2:basic
Peer_4:basic INFO 3005.0845294426526: Received message <Ping:> from Peer_21:bootstrap
Peer_4:basic INFO 3005.0845294426526: Sending message <Pong:> to Peer_21:bootstrap
Peer_4:basic INFO 3005.1454599782005: Received message <Ping:> from Peer_5:basic
Peer_4:basic INFO 3005.1454599782005: Sending message <Pong:> to Peer_5:basic
Peer_4:basic INFO 3009.5411930837563: Received message <Pong:> from Peer_11:basic
Peer_4:basic INFO 3009.7991443376127: Received message <Pong:> from Peer_8:basic
Peer_4:basic INFO 3010.2880231175523: Received message <Pong:> from Peer_7:basic
Peer_4:basic INFO 3010.5912668719607: Received message <Pong:> from Peer_2:basic
Peer_4:basic INFO 3010.607018976899: Received message <Pong:> from Peer_5:basic
Peer_4:basic INFO 3010.737629472376: Received message <Pong:> from Peer_13:basic
Peer_4:basic INFO 3013.0229027821715: Received message <Pong:> from Peer_21:bootstrap
Peer_4:basic INFO 3500: Sending message <Ping:> to Peer_17:basic
Peer_4:basic INFO 3505.1002187895792: Received message <Ping:> from Peer_17:basic
Peer_4:basic INFO 3505.1002187895792: Sending message <Pong:> to Peer_17:basic
Peer_4:basic INFO 3509.6784937046937: Received message <Pong:> from Peer_17:basic
Peer_4:basic INFO 4000: Sending message <Ping:> to Peer_21:bootstrap
Peer_4:basic INFO 4000: Sending message <Ping:> to Peer_8:basic
Peer_4:basic INFO 4000: Sending message <Ping:> to Peer_5:basic
Peer_4:basic INFO 4000: Sending message <Ping:> to Peer_11:basic
Peer_4:basic INFO 4000: Sending message <Ping:> to Peer_13:basic
Peer_4:basic INFO 4000: Sending message <Ping:> to Peer_2:basic
Peer_4:basic INFO 4000: Sending message <Ping:> to Peer_7:basic
Peer_4:basic INFO 4004.285250833292: Received message <Ping:> from Peer_5:basic
Peer_4:basic INFO 4004.285250833292: Sending message <Pong:> to Peer_5:basic
Peer_4:basic INFO 4004.6684024968094: Received message <Ping:> from Peer_8:basic
Peer_4:basic INFO 4004.6684024968094: Sending message <Pong:> to Peer_8:basic
Peer_4:basic INFO 4004.683466483916: Received message <Ping:> from Peer_13:basic
Peer_4:basic INFO 4004.683466483916: Sending message <Pong:> to Peer_13:basic
Peer_4:basic INFO 4004.8653885611716: Received message <Ping:> from Peer_21:bootstrap
Peer_4:basic INFO 4004.8653885611716: Sending message <Pong:> to Peer_21:bootstrap
Peer_4:basic INFO 4005.1492850290642: Received message <Ping:> from Peer_2:basic
Peer_4:basic INFO 4005.1492850290642: Sending message <Pong:> to Peer_2:basic
Peer_4:basic INFO 4005.248137026609: Received message <Ping:> from Peer_11:basic
Peer_4:basic INFO 4005.248137026609: Sending message <Pong:> to Peer_11:basic
Peer_4:basic INFO 4005.408138902066: Received message <Ping:> from Peer_7:basic
Peer_4:basic INFO 4005.408138902066: Sending message <Pong:> to Peer_7:basic
Peer_4:basic INFO 4008.82507479135: Received message <Pong:> from Peer_5:basic
Peer_4:basic INFO 4009.1396871757515: Received message <Pong:> from Peer_21:bootstrap
Peer_4:basic INFO 4009.707891237818: Received message <Pong:> from Peer_11:basic
Peer_4:basic INFO 4010.0298821403658: Received message <Pong:> from Peer_8:basic
Peer_4:basic INFO 4010.1216119826663: Received message <Pong:> from Peer_2:basic
Peer_4:basic INFO 4010.1487992937964: Received message <Pong:> from Peer_7:basic
Peer_4:basic INFO 4011.7586641572016: Received message <Pong:> from Peer_13:basic
Peer_4:basic INFO 4500: Sending message <Ping:> to Peer_17:basic
Peer_4:basic INFO 4504.65914300408: Received message <Ping:> from Peer_17:basic
Peer_4:basic INFO 4504.65914300408: Sending message <Pong:> to Peer_17:basic
Peer_4:basic INFO 4510.413350621022: Received message <Pong:> from Peer_17:basic
Peer_4:basic INFO 5000: Sending message <Ping:> to Peer_21:bootstrap
Peer_4:basic INFO 5000: Sending message <Ping:> to Peer_8:basic
Peer_4:basic INFO 5000: Sending message <Ping:> to Peer_5:basic
Peer_4:basic INFO 5000: Sending message <Ping:> to Peer_11:basic
Peer_4:basic INFO 5000: Sending message <Ping:> to Peer_13:basic
Peer_4:basic INFO 5000: Sending message <Ping:> to Peer_2:basic
Peer_4:basic INFO 5000: Sending message <Ping:> to Peer_7:basic
Peer_4:basic INFO 5003.591555207057: Received message <Ping:> from Peer_13:basic
Peer_4:basic INFO 5003.591555207057: Sending message <Pong:> to Peer_13:basic
Peer_4:basic INFO 5004.704927399767: Received message <Ping:> from Peer_7:basic
Peer_4:basic INFO 5004.704927399767: Sending message <Pong:> to Peer_7:basic
Peer_4:basic INFO 5005.110283596526: Received message <Ping:> from Peer_11:basic
Peer_4:basic INFO 5005.110283596526: Sending message <Pong:> to Peer_11:basic
Peer_4:basic INFO 5005.176376286771: Received message <Ping:> from Peer_2:basic
Peer_4:basic INFO 5005.176376286771: Sending message <Pong:> to Peer_2:basic
Peer_4:basic INFO 5005.279788027996: Received message <Ping:> from Peer_21:bootstrap
Peer_4:basic INFO 5005.279788027996: Sending message <Pong:> to Peer_21:bootstrap
Peer_4:basic INFO 5005.299521224308: Received message <Ping:> from Peer_8:basic
Peer_4:basic INFO 5005.299521224308: Sending message <Pong:> to Peer_8:basic
Peer_4:basic INFO 5006.26145754563: Received message <Ping:> from Peer_5:basic
Peer_4:basic INFO 5006.26145754563: Sending message <Pong:> to Peer_5:basic
Peer_4:basic INFO 5008.462301287796: Received message <Pong:> from Peer_5:basic
Peer_4:basic INFO 5009.751072156033: Received message <Pong:> from Peer_8:basic
Peer_4:basic INFO 5010.125148010568: Received message <Pong:> from Peer_11:basic
Peer_4:basic INFO 5010.273163072054: Received message <Pong:> from Peer_2:basic
Peer_4:basic INFO 5010.603775046824: Received message <Pong:> from Peer_21:bootstrap
Peer_4:basic INFO 5010.658100508194: Received message <Pong:> from Peer_7:basic
Peer_4:basic INFO 5010.723129869271: Received message <Pong:> from Peer_13:basic
Peer_4:basic INFO 5500: Sending message <Ping:> to Peer_17:basic
Peer_4:basic INFO 5504.469156136872: Received message <Ping:> from Peer_17:basic
Peer_4:basic INFO 5504.469156136872: Sending message <Pong:> to Peer_17:basic
Peer_4:basic INFO 5510.468902810535: Received message <Pong:> from Peer_17:basic
Peer_4:basic INFO 6000: Sending message <Ping:> to Peer_21:bootstrap
Peer_4:basic INFO 6000: Sending message <Ping:> to Peer_8:basic
Peer_4:basic INFO 6000: Sending message <Ping:> to Peer_5:basic
Peer_4:basic INFO 6000: Sending message <Ping:> to Peer_11:basic
Peer_4:basic INFO 6000: Sending message <Ping:> to Peer_13:basic
Peer_4:basic INFO 6000: Sending message <Ping:> to Peer_2:basic
Peer_4:basic INFO 6000: Sending message <Ping:> to Peer_7:basic
Peer_4:basic INFO 6003.80454608508: Received message <Ping:> from Peer_21:bootstrap
Peer_4:basic INFO 6003.80454608508: Sending message <Pong:> to Peer_21:bootstrap
Peer_4:basic INFO 6004.627138690956: Received message <Ping:> from Peer_7:basic
Peer_4:basic INFO 6004.627138690956: Sending message <Pong:> to Peer_7:basic
Peer_4:basic INFO 6004.893636925333: Received message <Ping:> from Peer_11:basic
Peer_4:basic INFO 6004.893636925333: Sending message <Pong:> to Peer_11:basic
Peer_4:basic INFO 6005.017219049977: Received message <Ping:> from Peer_8:basic
Peer_4:basic INFO 6005.017219049977: Sending message <Pong:> to Peer_8:basic
Peer_4:basic INFO 6005.250855200413: Received message <Ping:> from Peer_2:basic
Peer_4:basic INFO 6005.250855200413: Sending message <Pong:> to Peer_2:basic
Peer_4:basic INFO 6005.633447614765: Received message <Ping:> from Peer_5:basic
Peer_4:basic INFO 6005.633447614765: Sending message <Pong:> to Peer_5:basic
Peer_4:basic INFO 6006.081409947828: Received message <Ping:> from Peer_13:basic
Peer_4:basic INFO 6006.081409947828: Sending message <Pong:> to Peer_13:basic
Peer_4:basic INFO 6008.915091355816: Received message <Pong:> from Peer_5:basic
Peer_4:basic INFO 6009.2607980293: Received message <Pong:> from Peer_7:basic
Peer_4:basic INFO 6010.007762046167: Received message <Pong:> from Peer_13:basic
Peer_4:basic INFO 6010.133540633387: Received message <Pong:> from Peer_2:basic
Peer_4:basic INFO 6010.135317666695: Received message <Pong:> from Peer_8:basic
Peer_4:basic INFO 6010.167597182081: Received message <Pong:> from Peer_11:basic
Peer_4:basic INFO 6011.895164701897: Received message <Pong:> from Peer_21:bootstrap
Peer_4:basic INFO 6500: Sending message <Ping:> to Peer_17:basic
Peer_4:basic INFO 6505.09919534071: Received message <Ping:> from Peer_17:basic
Peer_4:basic INFO 6505.09919534071: Sending message <Pong:> to Peer_17:basic
Peer_4:basic INFO 6509.895760729989: Received message <Pong:> from Peer_17:basic
Peer_4:basic INFO 7000: Sending message <Ping:> to Peer_21:bootstrap
Peer_4:basic INFO 7000: Sending message <Ping:> to Peer_8:basic
Peer_4:basic INFO 7000: Sending message <Ping:> to Peer_5:basic
Peer_4:basic INFO 7000: Sending message <Ping:> to Peer_11:basic
Peer_4:basic INFO 7000: Sending message <Ping:> to Peer_13:basic
Peer_4:basic INFO 7000: Sending message <Ping:> to Peer_2:basic
Peer_4:basic INFO 7000: Sending message <Ping:> to Peer_7:basic
Peer_4:basic INFO 7004.892135727333: Received message <Ping:> from Peer_2:basic
Peer_4:basic INFO 7004.892135727333: Sending message <Pong:> to Peer_2:basic
Peer_4:basic INFO 7004.91648187898: Received message <Ping:> from Peer_11:basic
Peer_4:basic INFO 7004.91648187898: Sending message <Pong:> to Peer_11:basic
Peer_4:basic INFO 7004.927195168055: Received message <Ping:> from Peer_7:basic
Peer_4:basic INFO 7004.927195168055: Sending message <Pong:> to Peer_7:basic
Peer_4:basic INFO 7004.993757633555: Received message <Ping:> from Peer_8:basic
Peer_4:basic INFO 7004.993757633555: Sending message <Pong:> to Peer_8:basic
Peer_4:basic INFO 7006.268540833717: Received message <Ping:> from Peer_13:basic
Peer_4:basic INFO 7006.268540833717: Sending message <Pong:> to Peer_13:basic
Peer_4:basic INFO 7006.273665134949: Received message <Ping:> from Peer_5:basic
Peer_4:basic INFO 7006.273665134949: Sending message <Pong:> to Peer_5:basic
Peer_4:basic INFO 7006.60442161681: Received message <Ping:> from Peer_21:bootstrap
Peer_4:basic INFO 7006.60442161681: Sending message <Pong:> to Peer_21:bootstrap
Peer_4:basic INFO 7008.305058895086: Received message <Pong:> from Peer_13:basic
Peer_4:basic INFO 7009.3202676054225: Received message <Pong:> from Peer_21:bootstrap
Peer_4:basic INFO 7009.847202722264: Received message <Pong:> from Peer_11:basic
Peer_4:basic INFO 7009.906497455571: Received message <Pong:> from Peer_2:basic
Peer_4:basic INFO 7010.223588805769: Received message <Pong:> from Peer_7:basic
Peer_4:basic INFO 7010.360613746065: Received message <Pong:> from Peer_8:basic
Peer_4:basic INFO 7011.440948650424: Received message <Pong:> from Peer_5:basic
Peer_4:basic INFO 7500: Sending message <Ping:> to Peer_17:basic
Peer_4:basic INFO 7504.558695316645: Received message <Ping:> from Peer_17:basic
Peer_4:basic INFO 7504.558695316645: Sending message <Pong:> to Peer_17:basic
Peer_4:basic INFO 7510.357979285581: Received message <Pong:> from Peer_17:basic
Peer_4:basic INFO 8000: Sending message <Ping:> to Peer_21:bootstrap
Peer_4:basic INFO 8000: Sending message <Ping:> to Peer_8:basic
Peer_4:basic INFO 8000: Sending message <Ping:> to Peer_5:basic
Peer_4:basic INFO 8000: Sending message <Ping:> to Peer_11:basic
Peer_4:basic INFO 8000: Sending message <Ping:> to Peer_13:basic
Peer_4:basic INFO 8000: Sending message <Ping:> to Peer_2:basic
Peer_4:basic INFO 8000: Sending message <Ping:> to Peer_7:basic
Peer_4:basic INFO 8004.234305536605: Received message <Ping:> from Peer_13:basic
Peer_4:basic INFO 8004.234305536605: Sending message <Pong:> to Peer_13:basic
Peer_4:basic INFO 8004.891990135323: Received message <Ping:> from Peer_2:basic
Peer_4:basic INFO 8004.891990135323: Sending message <Pong:> to Peer_2:basic
Peer_4:basic INFO 8004.987975280208: Received message <Ping:> from Peer_7:basic
Peer_4:basic INFO 8004.987975280208: Sending message <Pong:> to Peer_7:basic
Peer_4:basic INFO 8005.052808250952: Received message <Ping:> from Peer_11:basic
Peer_4:basic INFO 8005.052808250952: Sending message <Pong:> to Peer_11:basic
Peer_4:basic INFO 8005.116607075999: Received message <Ping:> from Peer_8:basic
Peer_4:basic INFO 8005.116607075999: Sending message <Pong:> to Peer_8:basic
Peer_4:basic INFO 8005.5429842257945: Received message <Ping:> from Peer_5:basic
Peer_4:basic INFO 8005.5429842257945: Sending message <Pong:> to Peer_5:basic
Peer_4:basic INFO 8005.626846047373: Received message <Ping:> from Peer_21:bootstrap
Peer_4:basic INFO 8005.626846047373: Sending message <Pong:> to Peer_21:bootstrap
Peer_4:basic INFO 8009.657195735458: Received message <Pong:> from Peer_8:basic
Peer_4:basic INFO 8009.849995263377: Received message <Pong:> from Peer_11:basic
Peer_4:basic INFO 8009.942588870171: Received message <Pong:> from Peer_5:basic
Peer_4:basic INFO 8010.125920679297: Received message <Pong:> from Peer_13:basic
Peer_4:basic INFO 8010.291378261659: Received message <Pong:> from Peer_7:basic
Peer_4:basic INFO 8010.3249049965725: Received message <Pong:> from Peer_2:basic
Peer_4:basic INFO 8011.7879171049535: Received message <Pong:> from Peer_21:bootstrap
Peer_4:basic INFO 8500: Sending message <Ping:> to Peer_17:basic
Peer_4:basic INFO 8504.870601861188: Received message <Ping:> from Peer_17:basic
Peer_4:basic INFO 8504.870601861188: Sending message <Pong:> to Peer_17:basic
Peer_4:basic INFO 8510.099985110244: Received message <Pong:> from Peer_17:basic
Peer_4:basic INFO 9000: Sending message <Ping:> to Peer_21:bootstrap
Peer_4:basic INFO 9000: Sending message <Ping:> to Peer_8:basic
Peer_4:basic INFO 9000: Sending message <Ping:> to Peer_5:basic
Peer_4:basic INFO 9000: Sending message <Ping:> to Peer_11:basic
Peer_4:basic INFO 9000: Sending message <Ping:> to Peer_13:basic
Peer_4:basic INFO 9000: Sending message <Ping:> to Peer_2:basic
Peer_4:basic INFO 9000: Sending message <Ping:> to Peer_7:basic
Peer_4:basic INFO 9004.814771836714: Received message <Ping:> from Peer_5:basic
Peer_4:basic INFO 9004.814771836714: Sending message <Pong:> to Peer_5:basic
Peer_4:basic INFO 9004.8305915473: Received message <Ping:> from Peer_2:basic
Peer_4:basic INFO 9004.8305915473: Sending message <Pong:> to Peer_2:basic
Peer_4:basic INFO 9004.934239562584: Received message <Ping:> from Peer_8:basic
Peer_4:basic INFO 9004.934239562584: Sending message <Pong:> to Peer_8:basic
Peer_4:basic INFO 9005.091501561361: Received message <Ping:> from Peer_11:basic
Peer_4:basic INFO 9005.091501561361: Sending message <Pong:> to Peer_11:basic
Peer_4:basic INFO 9005.205360592594: Received message <Ping:> from Peer_7:basic
Peer_4:basic INFO 9005.205360592594: Sending message <Pong:> to Peer_7:basic
Peer_4:basic INFO 9005.368988657221: Received message <Ping:> from Peer_21:bootstrap
Peer_4:basic INFO 9005.368988657221: Sending message <Pong:> to Peer_21:bootstrap
Peer_4:basic INFO 9005.970784208124: Received message <Ping:> from Peer_13:basic
Peer_4:basic INFO 9005.970784208124: Sending message <Pong:> to Peer_13:basic
Peer_4:basic INFO 9009.625365659726: Received message <Pong:> from Peer_11:basic
Peer_4:basic INFO 9009.9005219073: Received message <Pong:> from Peer_7:basic
Peer_4:basic INFO 9009.955920939663: Received message <Pong:> from Peer_8:basic
Peer_4:basic INFO 9010.09532861988: Received message <Pong:> from Peer_2:basic
Peer_4:basic INFO 9010.166092984779: Received message <Pong:> from Peer_5:basic
Peer_4:basic INFO 9010.486029617805: Received message <Pong:> from Peer_13:basic
Peer_4:basic INFO 9011.541161859706: Received message <Pong:> from Peer_21:bootstrap
Peer_4:basic INFO 9500: Sending message <Ping:> to Peer_17:basic
Peer_4:basic INFO 9505.052514693514: Received message <Ping:> from Peer_17:basic
Peer_4:basic INFO 9505.052514693514: Sending message <Pong:> to Peer_17:basic
Peer_4:basic INFO 9510.01508516898: Received message <Pong:> from Peer_17:basic
