Peer_14:basic WARNING 0: Not enough peers, fetching more (0, 8)
Peer_14:basic INFO 3.437461388647057: Connecting to Peer_21:bootstrap
Peer_14:basic INFO 7.955868780186791: Received message <Hello:> from Peer_21:bootstrap
Peer_14:basic INFO 8.451535096752334: Received message <RequestPeers:> from Peer_21:bootstrap
Peer_14:basic INFO 8.451535096752334: Sending message <PeerList> to Peer_21:bootstrap
Peer_14:basic WARNING 500: Not enough peers, fetching more (1, 8)
Peer_14:basic INFO 500: Sending message <RequestPeers:> to Peer_21:bootstrap
Peer_14:basic INFO 514.265781329717: Received message <PeerList> from Peer_21:bootstrap
Peer_14:basic WARNING 1000: Not enough peers, fetching more (1, 8)
Peer_14:basic INFO 1000: Sending message <RequestPeers:> to Peer_21:bootstrap
Peer_14:basic INFO 1007.9239781177107: Connecting to Peer_1:basic
Peer_14:basic INFO 1010.2845545402248: Received message <PeerList> from Peer_21:bootstrap
Peer_14:basic INFO 1014.6836546313457: Received message <RequestPeers:> from Peer_1:basic
Peer_14:basic INFO 1014.6836546313457: Sending message <PeerList> to Peer_1:basic
Peer_14:basic INFO 1014.8930622986805: Received message <Hello:> from Peer_1:basic
Peer_14:basic WARNING 1500: Not enough peers, fetching more (2, 8)
Peer_14:basic INFO 1500: Sending message <RequestPeers:> to Peer_21:bootstrap
Peer_14:basic INFO 1500: Sending message <RequestPeers:> to Peer_1:basic
Peer_14:basic INFO 1505.2218772262022: Received message <Hello:> from Peer_6:basic
Peer_14:basic INFO 1505.2218772262022: Connecting to Peer_6:basic
Peer_14:basic INFO 1505.2218772262022: Sending message <Hello:> to Peer_6:basic
Peer_14:basic INFO 1505.2218772262022: Sending message <RequestPeers:> to Peer_6:basic
Peer_14:basic INFO 1505.6054839807944: Received message <RequestPeers:> from Peer_1:basic
Peer_14:basic INFO 1505.6054839807944: Sending message <PeerList> to Peer_1:basic
Peer_14:basic INFO 1506.6168568458581: Connecting to Peer_16:basic
Peer_14:basic INFO 1510.6483146530913: Received message <RequestPeers:> from Peer_16:basic
Peer_14:basic INFO 1510.6483146530913: Sending message <PeerList> to Peer_16:basic
Peer_14:basic INFO 1512.1716390493891: Received message <Hello:> from Peer_16:basic
Peer_14:basic INFO 1512.613942666337: Received message <PeerList> from Peer_21:bootstrap
Peer_14:basic INFO 1517.692918757804: Received message <PeerList> from Peer_1:basic
Peer_14:basic INFO 1517.941053147791: Received message <PeerList> from Peer_6:basic
Peer_14:basic WARNING 2000: Not enough peers, fetching more (4, 8)
Peer_14:basic INFO 2000: Sending message <RequestPeers:> to Peer_6:basic
Peer_14:basic INFO 2000: Sending message <RequestPeers:> to Peer_16:basic
Peer_14:basic INFO 2000: Sending message <RequestPeers:> to Peer_21:bootstrap
Peer_14:basic INFO 2000: Sending message <RequestPeers:> to Peer_1:basic
Peer_14:basic INFO 2004.6091866704419: Received message <RequestPeers:> from Peer_6:basic
Peer_14:basic INFO 2004.6091866704419: Sending message <PeerList> to Peer_6:basic
Peer_14:basic INFO 2004.63442160493: Connecting to Peer_15:basic
Peer_14:basic INFO 2005.5434274538677: Connecting to Peer_7:basic
Peer_14:basic INFO 2007.4403398341049: Received message <RequestPeers:> from Peer_16:basic
Peer_14:basic INFO 2007.4403398341049: Sending message <PeerList> to Peer_16:basic
Peer_14:basic INFO 2007.5690455781937: Received message <Hello:> from Peer_9:basic
Peer_14:basic INFO 2007.5690455781937: Connecting to Peer_9:basic
Peer_14:basic INFO 2007.5690455781937: Sending message <Hello:> to Peer_9:basic
Peer_14:basic INFO 2007.5690455781937: Sending message <RequestPeers:> to Peer_9:basic
Peer_14:basic INFO 2008.815848611051: Received message <RequestPeers:> from Peer_15:basic
Peer_14:basic INFO 2008.815848611051: Sending message <PeerList> to Peer_15:basic
Peer_14:basic INFO 2008.8870248410728: Received message <PeerList> from Peer_6:basic
Peer_14:basic INFO 2009.0561516637765: Received message <Hello:> from Peer_15:basic
Peer_14:basic INFO 2009.5377891970422: Received message <Hello:> from Peer_7:basic
Peer_14:basic INFO 2010.5320037338588: Received message <RequestPeers:> from Peer_7:basic
Peer_14:basic INFO 2010.5320037338588: Sending message <PeerList> to Peer_7:basic
Peer_14:basic INFO 2011.9492431430692: Received message <PeerList> from Peer_1:basic
Peer_14:basic INFO 2012.490884959319: Received message <PeerList> from Peer_16:basic
Peer_14:basic INFO 2012.8644518507704: Received message <PeerList> from Peer_21:bootstrap
Peer_14:basic INFO 2016.7461760686072: Received message <PeerList> from Peer_9:basic
Peer_14:basic WARNING 2500: Not enough peers, fetching more (7, 8)
Peer_14:basic INFO 2503.8974855156634: Connecting to Peer_19:basic
Peer_14:basic INFO 2507.292688414124: Received message <Hello:> from Peer_19:basic
Peer_14:basic INFO 2508.149556461791: Received message <RequestPeers:> from Peer_19:basic
Peer_14:basic INFO 2508.149556461791: Sending message <PeerList> to Peer_19:basic
Peer_14:basic INFO 3000: Sending message <Ping:> to Peer_21:bootstrap
Peer_14:basic INFO 3000: Sending message <Ping:> to Peer_1:basic
Peer_14:basic INFO 3000: Sending message <Ping:> to Peer_6:basic
Peer_14:basic INFO 3000: Sending message <Ping:> to Peer_16:basic
Peer_14:basic INFO 3000: Sending message <Ping:> to Peer_15:basic
Peer_14:basic INFO 3000: Sending message <Ping:> to Peer_7:basic
Peer_14:basic INFO 3000: Sending message <Ping:> to Peer_9:basic
Peer_14:basic INFO 3003.546830619727: Received message <Ping:> from Peer_16:basic
Peer_14:basic INFO 3003.546830619727: Sending message <Pong:> to Peer_16:basic
Peer_14:basic INFO 3004.649767762883: Received message <Ping:> from Peer_6:basic
Peer_14:basic INFO 3004.649767762883: Sending message <Pong:> to Peer_6:basic
Peer_14:basic INFO 3005.116709545855: Received message <Ping:> from Peer_7:basic
Peer_14:basic INFO 3005.116709545855: Sending message <Pong:> to Peer_7:basic
Peer_14:basic INFO 3006.5919110275645: Received message <Ping:> from Peer_1:basic
Peer_14:basic INFO 3006.5919110275645: Sending message <Pong:> to Peer_1:basic
Peer_14:basic INFO 3007.623492188194: Received message <Ping:> from Peer_21:bootstrap
Peer_14:basic INFO 3007.623492188194: Sending message <Pong:> to Peer_21:bootstrap
Peer_14:basic INFO 3008.9540223091026: Received message <Pong:> from Peer_9:basic
Peer_14:basic INFO 3009.4163162037057: Received message <Pong:> from Peer_1:basic
Peer_14:basic INFO 3009.6646259408544: Received message <Pong:> from Peer_15:basic
Peer_14:basic INFO 3009.8930606143044: Received message <Ping:> from Peer_9:basic
Peer_14:basic INFO 3009.8930606143044: Sending message <Pong:> to Peer_9:basic
Peer_14:basic INFO 3010.5586738545458: Received message <Pong:> from Peer_7:basic
Peer_14:basic INFO 3010.6646325991314: Received message <Pong:> from Peer_6:basic
Peer_14:basic INFO 3013.9324338235565: Received message <Ping:> from Peer_15:basic
Peer_14:basic INFO 3013.9324338235565: Sending message <Pong:> to Peer_15:basic
Peer_14:basic INFO 3014.756085533785: Received message <Pong:> from Peer_21:bootstrap
Peer_14:basic INFO 3017.009079303795: Received message <Pong:> from Peer_16:basic
Peer_14:basic INFO 3500: Sending message <Ping:> to Peer_19:basic
Peer_14:basic INFO 3504.236853549781: Received message <Ping:> from Peer_19:basic
Peer_14:basic INFO 3504.236853549781: Sending message <Pong:> to Peer_19:basic
Peer_14:basic INFO 3508.0500509017247: Received message <Pong:> from Peer_19:basic
Peer_14:basic INFO 4000: Sending message <Ping:> to Peer_21:bootstrap
Peer_14:basic INFO 4000: Sending message <Ping:> to Peer_1:basic
Peer_14:basic INFO 4000: Sending message <Ping:> to Peer_6:basic
Peer_14:basic INFO 4000: Sending message <Ping:> to Peer_16:basic
Peer_14:basic INFO 4000: Sending message <Ping:> to Peer_15:basic
Peer_14:basic INFO 4000: Sending message <Ping:> to Peer_7:basic
Peer_14:basic INFO 4000: Sending message <Ping:> to Peer_9:basic
Peer_14:basic INFO 4003.3655935682073: Received message <Ping:> from Peer_7:basic
Peer_14:basic INFO 4003.3655935682073: Sending message <Pong:> to Peer_7:basic
Peer_14:basic INFO 4004.0568437896245: Received message <Ping:> from Peer_9:basic
Peer_14:basic INFO 4004.0568437896245: Sending message <Pong:> to Peer_9:basic
Peer_14:basic INFO 4004.165631651653: Received message <Ping:> from Peer_1:basic
Peer_14:basic INFO 4004.165631651653: Sending message <Pong:> to Peer_1:basic
Peer_14:basic INFO 4004.193003016141: Received message <Ping:> from Peer_6:basic
Peer_14:basic INFO 4004.193003016141: Sending message <Pong:> to Peer_6:basic
Peer_14:basic INFO 4006.1591237271264: Received message <Pong:> from Peer_1:basic
Peer_14:basic INFO 4006.296326766307: Received message <Ping:> from Peer_16:basic
Peer_14:basic INFO 4006.296326766307: Sending message <Pong:> to Peer_16:basic
Peer_14:basic INFO 4006.7278715028506: Received message <Ping:> from Peer_21:bootstrap
Peer_14:basic INFO 4006.7278715028506: Sending message <Pong:> to Peer_21:bootstrap
Peer_14:basic INFO 4008.3982944007: Received message <Ping:> from Peer_15:basic
Peer_14:basic INFO 4008.3982944007: Sending message <Pong:> to Peer_15:basic
Peer_14:basic INFO 4008.7891665341886: Received message <Pong:> from Peer_9:basic
Peer_14:basic INFO 4009.087952514066: Received message <Pong:> from Peer_6:basic
Peer_14:basic INFO 4010.390426461451: Received message <Pong:> from Peer_7:basic
Peer_14:basic INFO 4010.7304254178644: Received message <Pong:> from Peer_16:basic
Peer_14:basic INFO 4011.213217008759: Received message <Pong:> from Peer_15:basic
Peer_14:basic INFO 4015.1834475521773: Received message <Pong:> from Peer_21:bootstrap
Peer_14:basic INFO 4500: Sending message <Ping:> to Peer_19:basic
Peer_14:basic INFO 4506.103108258587: Received message <Ping:> from Peer_19:basic
Peer_14:basic INFO 4506.103108258587: Sending message <Pong:> to Peer_19:basic
Peer_14:basic INFO 4513.046753502233: Received message <Pong:> from Peer_19:basic
Peer_14:basic INFO 5000: Sending message <Ping:> to Peer_21:bootstrap
Peer_14:basic INFO 5000: Sending message <Ping:> to Peer_1:basic
Peer_14:basic INFO 5000: Sending message <Ping:> to Peer_6:basic
Peer_14:basic INFO 5000: Sending message <Ping:> to Peer_16:basic
Peer_14:basic INFO 5000: Sending message <Ping:> to Peer_15:basic
Peer_14:basic INFO 5000: Sending message <Ping:> to Peer_7:basic
Peer_14:basic INFO 5000: Sending message <Ping:> to Peer_9:basic
Peer_14:basic INFO 5002.619537076693: Received message <Ping:> from Peer_1:basic
Peer_14:basic INFO 5002.619537076693: Sending message <Pong:> to Peer_1:basic
Peer_14:basic INFO 5003.249026719147: Received message <Ping:> from Peer_7:basic
Peer_14:basic INFO 5003.249026719147: Sending message <Pong:> to Peer_7:basic
Peer_14:basic INFO 5003.795813400737: Received message <Ping:> from Peer_16:basic
Peer_14:basic INFO 5003.795813400737: Sending message <Pong:> to Peer_16:basic
Peer_14:basic INFO 5004.965473668062: Received message <Ping:> from Peer_21:bootstrap
Peer_14:basic INFO 5004.965473668062: Sending message <Pong:> to Peer_21:bootstrap
Peer_14:basic INFO 5005.043389632831: Received message <Ping:> from Peer_15:basic
Peer_14:basic INFO 5005.043389632831: Sending message <Pong:> to Peer_15:basic
Peer_14:basic INFO 5005.06200511626: Received message <Ping:> from Peer_6:basic
Peer_14:basic INFO 5005.06200511626: Sending message <Pong:> to Peer_6:basic
Peer_14:basic INFO 5005.686538813002: Received message <Ping:> from Peer_9:basic
Peer_14:basic INFO 5005.686538813002: Sending message <Pong:> to Peer_9:basic
Peer_14:basic INFO 5008.770985719618: Received message <Pong:> from Peer_6:basic
Peer_14:basic INFO 5008.821892254458: Received message <Pong:> from Peer_15:basic
Peer_14:basic INFO 5008.861357287049: Received message <Pong:> from Peer_7:basic
Peer_14:basic INFO 5009.731063375269: Received message <Pong:> from Peer_9:basic
Peer_14:basic INFO 5010.221862035216: Received message <Pong:> from Peer_21:bootstrap
Peer_14:basic INFO 5010.951826866156: Received message <Pong:> from Peer_16:basic
Peer_14:basic INFO 5012.819878872131: Received message <Pong:> from Peer_1:basic
Peer_14:basic INFO 5500: Sending message <Ping:> to Peer_19:basic
Peer_14:basic INFO 5504.962712052947: Received message <Ping:> from Peer_19:basic
Peer_14:basic INFO 5504.962712052947: Sending message <Pong:> to Peer_19:basic
Peer_14:basic INFO 5509.173998683951: Received message <Pong:> from Peer_19:basic
Peer_14:basic INFO 6000: Sending message <Ping:> to Peer_21:bootstrap
Peer_14:basic INFO 6000: Sending message <Ping:> to Peer_1:basic
Peer_14:basic INFO 6000: Sending message <Ping:> to Peer_6:basic
Peer_14:basic INFO 6000: Sending message <Ping:> to Peer_16:basic
Peer_14:basic INFO 6000: Sending message <Ping:> to Peer_15:basic
Peer_14:basic INFO 6000: Sending message <Ping:> to Peer_7:basic
Peer_14:basic INFO 6000: Sending message <Ping:> to Peer_9:basic
Peer_14:basic INFO 6004.713709415346: Received message <Ping:> from Peer_7:basic
Peer_14:basic INFO 6004.713709415346: Sending message <Pong:> to Peer_7:basic
Peer_14:basic INFO 6005.014923803744: Received message <Ping:> from Peer_6:basic
Peer_14:basic INFO 6005.014923803744: Sending message <Pong:> to Peer_6:basic
Peer_14:basic INFO 6005.320563615794: Received message <Ping:> from Peer_21:bootstrap
Peer_14:basic INFO 6005.320563615794: Sending message <Pong:> to Peer_21:bootstrap
Peer_14:basic INFO 6005.443221360149: Received message <Pong:> from Peer_1:basic
Peer_14:basic INFO 6005.526544332195: Received message <Ping:> from Peer_15:basic
Peer_14:basic INFO 6005.526544332195: Sending message <Pong:> to Peer_15:basic
Peer_14:basic INFO 6007.065298278479: Received message <Ping:> from Peer_1:basic
Peer_14:basic INFO 6007.065298278479: Sending message <Pong:> to Peer_1:basic
Peer_14:basic INFO 6007.636123977407: Received message <Ping:> from Peer_9:basic
Peer_14:basic INFO 6007.636123977407: Sending message <Pong:> to Peer_9:basic
Peer_14:basic INFO 6008.191908191131: Received message <Pong:> from Peer_16:basic
Peer_14:basic INFO 6009.304937879483: Received message <Pong:> from Peer_15:basic
Peer_14:basic INFO 6010.269837159273: Received message <Ping:> from Peer_16:basic
Peer_14:basic INFO 6010.269837159273: Sending message <Pong:> to Peer_16:basic
Peer_14:basic INFO 6011.240132851371: Received message <Pong:> from Peer_6:basic
Peer_14:basic INFO 6011.818787542373: Received message <Pong:> from Peer_7:basic
Peer_14:basic INFO 6012.478135136663: Received message <Pong:> from Peer_9:basic
Peer_14:basic INFO 6017.670054383565: Received message <Pong:> from Peer_21:bootstrap
Peer_14:basic INFO 6500: Sending message <Ping:> to Peer_19:basic
Peer_14:basic INFO 6505.255801560433: Received message <Ping:> from Peer_19:basic
Peer_14:basic INFO 6505.255801560433: Sending message <Pong:> to Peer_19:basic
Peer_14:basic INFO 6508.964109000173: Received message <Pong:> from Peer_19:basic
Peer_14:basic INFO 7000: Sending message <Ping:> to Peer_21:bootstrap
Peer_14:basic INFO 7000: Sending message <Ping:> to Peer_1:basic
Peer_14:basic INFO 7000: Sending message <Ping:> to Peer_6:basic
Peer_14:basic INFO 7000: Sending message <Ping:> to Peer_16:basic
Peer_14:basic INFO 7000: Sending message <Ping:> to Peer_15:basic
Peer_14:basic INFO 7000: Sending message <Ping:> to Peer_7:basic
Peer_14:basic INFO 7000: Sending message <Ping:> to Peer_9:basic
Peer_14:basic INFO 7002.679487734282: Received message <Ping:> from Peer_1:basic
Peer_14:basic INFO 7002.679487734282: Sending message <Pong:> to Peer_1:basic
Peer_14:basic INFO 7002.700950077377: Received message <Ping:> from Peer_15:basic
Peer_14:basic INFO 7002.700950077377: Sending message <Pong:> to Peer_15:basic
Peer_14:basic INFO 7003.4091938086085: Received message <Ping:> from Peer_9:basic
Peer_14:basic INFO 7003.4091938086085: Sending message <Pong:> to Peer_9:basic
Peer_14:basic INFO 7003.976839075038: Received message <Ping:> from Peer_16:basic
Peer_14:basic INFO 7003.976839075038: Sending message <Pong:> to Peer_16:basic
Peer_14:basic INFO 7004.036703865099: Received message <Ping:> from Peer_6:basic
Peer_14:basic INFO 7004.036703865099: Sending message <Pong:> to Peer_6:basic
Peer_14:basic INFO 7004.746228270019: Received message <Ping:> from Peer_21:bootstrap
Peer_14:basic INFO 7004.746228270019: Sending message <Pong:> to Peer_21:bootstrap
Peer_14:basic INFO 7005.36930316342: Received message <Ping:> from Peer_7:basic
Peer_14:basic INFO 7005.36930316342: Sending message <Pong:> to Peer_7:basic
Peer_14:basic INFO 7006.604076324221: Received message <Pong:> from Peer_1:basic
Peer_14:basic INFO 7009.604982257807: Received message <Pong:> from Peer_7:basic
Peer_14:basic INFO 7010.132542063833: Received message <Pong:> from Peer_9:basic
Peer_14:basic INFO 7010.540522844785: Received message <Pong:> from Peer_6:basic
Peer_14:basic INFO 7013.308921531664: Received message <Pong:> from Peer_16:basic
Peer_14:basic INFO 7013.41902923095: Received message <Pong:> from Peer_21:bootstrap
Peer_14:basic INFO 7014.768001648832: Received message <Pong:> from Peer_15:basic
Peer_14:basic INFO 7500: Sending message <Ping:> to Peer_19:basic
Peer_14:basic INFO 7504.484895671108: Received message <Ping:> from Peer_19:basic
Peer_14:basic INFO 7504.484895671108: Sending message <Pong:> to Peer_19:basic
Peer_14:basic INFO 7511.583338435335: Received message <Pong:> from Peer_19:basic
Peer_14:basic INFO 8000: Sending message <Ping:> to Peer_21:bootstrap
Peer_14:basic INFO 8000: Sending message <Ping:> to Peer_1:basic
Peer_14:basic INFO 8000: Sending message <Ping:> to Peer_6:basic
Peer_14:basic INFO 8000: Sending message <Ping:> to Peer_16:basic
Peer_14:basic INFO 8000: Sending message <Ping:> to Peer_15:basic
Peer_14:basic INFO 8000: Sending message <Ping:> to Peer_7:basic
Peer_14:basic INFO 8000: Sending message <Ping:> to Peer_9:basic
Peer_14:basic INFO 8003.2027691414905: Received message <Ping:> from Peer_16:basic
Peer_14:basic INFO 8003.2027691414905: Sending message <Pong:> to Peer_16:basic
Peer_14:basic INFO 8003.474943538428: Received message <Ping:> from Peer_9:basic
Peer_14:basic INFO 8003.474943538428: Sending message <Pong:> to Peer_9:basic
Peer_14:basic INFO 8004.104445291208: Received message <Ping:> from Peer_7:basic
Peer_14:basic INFO 8004.104445291208: Sending message <Pong:> to Peer_7:basic
Peer_14:basic INFO 8004.132144892163: Received message <Ping:> from Peer_1:basic
Peer_14:basic INFO 8004.132144892163: Sending message <Pong:> to Peer_1:basic
Peer_14:basic INFO 8004.428740874033: Received message <Ping:> from Peer_6:basic
Peer_14:basic INFO 8004.428740874033: Sending message <Pong:> to Peer_6:basic
Peer_14:basic INFO 8007.044367988106: Received message <Ping:> from Peer_21:bootstrap
Peer_14:basic INFO 8007.044367988106: Sending message <Pong:> to Peer_21:bootstrap
Peer_14:basic INFO 8007.543938535823: Received message <Ping:> from Peer_15:basic
Peer_14:basic INFO 8007.543938535823: Sending message <Pong:> to Peer_15:basic
Peer_14:basic INFO 8008.2575664117485: Received message <Pong:> from Peer_9:basic
Peer_14:basic INFO 8008.546786096999: Received message <Pong:> from Peer_15:basic
Peer_14:basic INFO 8009.168745591748: Received message <Pong:> from Peer_6:basic
Peer_14:basic INFO 8010.138759201921: Received message <Pong:> from Peer_7:basic
Peer_14:basic INFO 8010.475862868728: Received message <Pong:> from Peer_16:basic
Peer_14:basic INFO 8010.523423727354: Received message <Pong:> from Peer_21:bootstrap
Peer_14:basic INFO 8011.754484051067: Received message <Pong:> from Peer_1:basic
Peer_14:basic INFO 8500: Sending message <Ping:> to Peer_19:basic
Peer_14:basic INFO 8505.401328979095: Received message <Ping:> from Peer_19:basic
Peer_14:basic INFO 8505.401328979095: Sending message <Pong:> to Peer_19:basic
Peer_14:basic INFO 8507.864686252342: Received message <Pong:> from Peer_19:basic
Peer_14:basic INFO 9000: Sending message <Ping:> to Peer_21:bootstrap
Peer_14:basic INFO 9000: Sending message <Ping:> to Peer_1:basic
Peer_14:basic INFO 9000: Sending message <Ping:> to Peer_6:basic
Peer_14:basic INFO 9000: Sending message <Ping:> to Peer_16:basic
Peer_14:basic INFO 9000: Sending message <Ping:> to Peer_15:basic
Peer_14:basic INFO 9000: Sending message <Ping:> to Peer_7:basic
Peer_14:basic INFO 9000: Sending message <Ping:> to Peer_9:basic
Peer_14:basic INFO 9003.603498256225: Received message <Ping:> from Peer_21:bootstrap
Peer_14:basic INFO 9003.603498256225: Sending message <Pong:> to Peer_21:bootstrap
Peer_14:basic INFO 9004.665339339144: Received message <Ping:> from Peer_1:basic
Peer_14:basic INFO 9004.665339339144: Sending message <Pong:> to Peer_1:basic
Peer_14:basic INFO 9005.220016554511: Received message <Ping:> from Peer_16:basic
Peer_14:basic INFO 9005.220016554511: Sending message <Pong:> to Peer_16:basic
Peer_14:basic INFO 9005.369598100526: Received message <Ping:> from Peer_7:basic
Peer_14:basic INFO 9005.369598100526: Sending message <Pong:> to Peer_7:basic
Peer_14:basic INFO 9005.717449966427: Received message <Ping:> from Peer_6:basic
Peer_14:basic INFO 9005.717449966427: Sending message <Pong:> to Peer_6:basic
Peer_14:basic INFO 9005.796440772225: Received message <Ping:> from Peer_9:basic
Peer_14:basic INFO 9005.796440772225: Sending message <Pong:> to Peer_9:basic
Peer_14:basic INFO 9008.329001162178: Received message <Ping:> from Peer_15:basic
Peer_14:basic INFO 9008.329001162178: Sending message <Pong:> to Peer_15:basic
Peer_14:basic INFO 9010.101222457384: Received message <Pong:> from Peer_9:basic
Peer_14:basic INFO 9010.172585540902: Received message <Pong:> from Peer_16:basic
Peer_14:basic INFO 9011.707621201378: Received message <Pong:> from Peer_6:basic
Peer_14:basic INFO 9011.723597239126: Received message <Pong:> from Peer_7:basic
Peer_14:basic INFO 9012.221291944463: Received message <Pong:> from Peer_1:basic
Peer_14:basic INFO 9014.535305688223: Received message <Pong:> from Peer_21:bootstrap
Peer_14:basic INFO 9015.601718788686: Received message <Pong:> from Peer_15:basic
Peer_14:basic INFO 9500: Sending message <Ping:> to Peer_19:basic
Peer_14:basic INFO 9503.25715344105: Received message <Ping:> from Peer_19:basic
Peer_14:basic INFO 9503.25715344105: Sending message <Pong:> to Peer_19:basic
Peer_14:basic INFO 9508.723290969841: Received message <Pong:> from Peer_19:basic
