Peer_20:basic WARNING 0: Not enough peers, fetching more (0, 8)
Peer_20:basic INFO 7.175704035915373: Connecting to Peer_21:bootstrap
Peer_20:basic INFO 13.877764883957818: Received message <RequestPeers:> from Peer_21:bootstrap
Peer_20:basic INFO 13.877764883957818: Sending message <PeerList> to Peer_21:bootstrap
Peer_20:basic INFO 15.124606827798956: Received message <Hello:> from Peer_21:bootstrap
Peer_20:basic WARNING 500: Not enough peers, fetching more (1, 8)
Peer_20:basic INFO 500: Sending message <RequestPeers:> to Peer_21:bootstrap
Peer_20:basic INFO 509.55693593275834: Received message <PeerList> from Peer_21:bootstrap
Peer_20:basic WARNING 1000: Not enough peers, fetching more (1, 8)
Peer_20:basic INFO 1000: Sending message <RequestPeers:> to Peer_21:bootstrap
Peer_20:basic INFO 1003.1262037857427: Connecting to Peer_18:basic
Peer_20:basic INFO 1005.4990746455437: Received message <Hello:> from Peer_7:basic
Peer_20:basic INFO 1005.4990746455437: Connecting to Peer_7:basic
Peer_20:basic INFO 1005.4990746455437: Sending message <Hello:> to Peer_7:basic
Peer_20:basic INFO 1005.4990746455437: Sending message <RequestPeers:> to Peer_7:basic
Peer_20:basic INFO 1005.7312985817643: Received message <Hello:> from Peer_3:basic
Peer_20:basic INFO 1005.7312985817643: Connecting to Peer_3:basic
Peer_20:basic INFO 1005.7312985817643: Sending message <Hello:> to Peer_3:basic
Peer_20:basic INFO 1005.7312985817643: Sending message <RequestPeers:> to Peer_3:basic
Peer_20:basic INFO 1005.7670781889041: Received message <Hello:> from Peer_18:basic
Peer_20:basic INFO 1008.5344791345581: Received message <RequestPeers:> from Peer_18:basic
Peer_20:basic INFO 1008.5344791345581: Sending message <PeerList> to Peer_18:basic
Peer_20:basic INFO 1012.3777786928507: Received message <PeerList> from Peer_21:bootstrap
Peer_20:basic INFO 1016.3056580403091: Received message <PeerList> from Peer_3:basic
Peer_20:basic INFO 1018.1420398915747: Received message <PeerList> from Peer_7:basic
Peer_20:basic WARNING 1500: Not enough peers, fetching more (4, 8)
Peer_20:basic INFO 1500: Sending message <RequestPeers:> to Peer_3:basic
Peer_20:basic INFO 1500: Sending message <RequestPeers:> to Peer_21:bootstrap
Peer_20:basic INFO 1500: Sending message <RequestPeers:> to Peer_18:basic
Peer_20:basic INFO 1500: Sending message <RequestPeers:> to Peer_7:basic
Peer_20:basic INFO 1504.1267975498683: Received message <RequestPeers:> from Peer_3:basic
Peer_20:basic INFO 1504.1267975498683: Sending message <PeerList> to Peer_3:basic
Peer_20:basic INFO 1504.6819039374027: Connecting to Peer_12:basic
Peer_20:basic INFO 1504.6869844338066: Connecting to Peer_6:basic
Peer_20:basic INFO 1505.267461346955: Received message <Hello:> from Peer_8:basic
Peer_20:basic INFO 1505.267461346955: Connecting to Peer_8:basic
Peer_20:basic INFO 1505.267461346955: Sending message <Hello:> to Peer_8:basic
Peer_20:basic INFO 1505.267461346955: Sending message <RequestPeers:> to Peer_8:basic
Peer_20:basic INFO 1505.2780619340417: Received message <RequestPeers:> from Peer_18:basic
Peer_20:basic INFO 1505.2780619340417: Sending message <PeerList> to Peer_18:basic
Peer_20:basic INFO 1506.4481393935303: Received message <RequestPeers:> from Peer_7:basic
Peer_20:basic INFO 1506.4481393935303: Sending message <PeerList> to Peer_7:basic
Peer_20:basic INFO 1506.8056341376055: Received message <PeerList> from Peer_21:bootstrap
Peer_20:basic INFO 1507.6197367744342: Received message <PeerList> from Peer_18:basic
Peer_20:basic INFO 1509.301731384833: Received message <Hello:> from Peer_12:basic
Peer_20:basic INFO 1509.537404330308: Received message <Hello:> from Peer_6:basic
Peer_20:basic INFO 1510.29894056624: Received message <RequestPeers:> from Peer_12:basic
Peer_20:basic INFO 1510.29894056624: Sending message <PeerList> to Peer_12:basic
Peer_20:basic INFO 1510.3073023908116: Received message <RequestPeers:> from Peer_6:basic
Peer_20:basic INFO 1510.3073023908116: Sending message <PeerList> to Peer_6:basic
Peer_20:basic INFO 1511.0462542205264: Received message <PeerList> from Peer_3:basic
Peer_20:basic INFO 1511.3178263637813: Received message <PeerList> from Peer_7:basic
Peer_20:basic INFO 1514.3845752844427: Received message <PeerList> from Peer_8:basic
Peer_20:basic WARNING 2000: Not enough peers, fetching more (7, 8)
Peer_20:basic INFO 2004.3290391804685: Received message <Hello:> from Peer_13:basic
Peer_20:basic INFO 2004.3290391804685: Connecting to Peer_13:basic
Peer_20:basic INFO 2004.3290391804685: Sending message <Hello:> to Peer_13:basic
Peer_20:basic INFO 2004.3290391804685: Sending message <RequestPeers:> to Peer_13:basic
Peer_20:basic INFO 2004.429585722406: Connecting to Peer_2:basic
Peer_20:basic INFO 2004.4896330702272: Received message <RequestPeers:> from Peer_6:basic
Peer_20:basic INFO 2004.4896330702272: Sending message <PeerList> to Peer_6:basic
Peer_20:basic INFO 2005.1411824412394: Received message <RequestPeers:> from Peer_8:basic
Peer_20:basic INFO 2005.1411824412394: Sending message <PeerList> to Peer_8:basic
Peer_20:basic INFO 2009.168498857588: Received message <RequestPeers:> from Peer_2:basic
Peer_20:basic INFO 2009.168498857588: Sending message <PeerList> to Peer_2:basic
Peer_20:basic INFO 2010.1748810691324: Received message <Hello:> from Peer_2:basic
Peer_20:basic INFO 2017.3175026277236: Received message <PeerList> from Peer_13:basic
Peer_20:basic INFO 2500: Sending message <Ping:> to Peer_21:bootstrap
Peer_20:basic INFO 2500: Sending message <Ping:> to Peer_18:basic
Peer_20:basic INFO 2500: Sending message <Ping:> to Peer_7:basic
Peer_20:basic INFO 2500: Sending message <Ping:> to Peer_3:basic
Peer_20:basic INFO 2500: Sending message <Ping:> to Peer_12:basic
Peer_20:basic INFO 2504.019566347018: Received message <Ping:> from Peer_21:bootstrap
Peer_20:basic INFO 2504.019566347018: Sending message <Pong:> to Peer_21:bootstrap
Peer_20:basic INFO 2504.329630297766: Received message <Ping:> from Peer_12:basic
Peer_20:basic INFO 2504.329630297766: Sending message <Pong:> to Peer_12:basic
Peer_20:basic INFO 2504.351730833037: Received message <Ping:> from Peer_18:basic
Peer_20:basic INFO 2504.351730833037: Sending message <Pong:> to Peer_18:basic
Peer_20:basic INFO 2504.579801757304: Received message <Ping:> from Peer_3:basic
Peer_20:basic INFO 2504.579801757304: Sending message <Pong:> to Peer_3:basic
Peer_20:basic INFO 2505.7013871371996: Received message <Ping:> from Peer_7:basic
Peer_20:basic INFO 2505.7013871371996: Sending message <Pong:> to Peer_7:basic
Peer_20:basic INFO 2507.1165712571965: Received message <Pong:> from Peer_21:bootstrap
Peer_20:basic INFO 2509.010429132495: Received message <Pong:> from Peer_18:basic
Peer_20:basic INFO 2509.9525140188207: Received message <Pong:> from Peer_7:basic
Peer_20:basic INFO 2510.287231661797: Received message <Pong:> from Peer_12:basic
Peer_20:basic INFO 2510.8085231711225: Received message <Pong:> from Peer_3:basic
Peer_20:basic INFO 3000: Sending message <Ping:> to Peer_6:basic
Peer_20:basic INFO 3000: Sending message <Ping:> to Peer_8:basic
Peer_20:basic INFO 3000: Sending message <Ping:> to Peer_13:basic
Peer_20:basic INFO 3000: Sending message <Ping:> to Peer_2:basic
Peer_20:basic INFO 3004.312535201786: Received message <Ping:> from Peer_6:basic
Peer_20:basic INFO 3004.312535201786: Sending message <Pong:> to Peer_6:basic
Peer_20:basic INFO 3004.37974129707: Received message <Ping:> from Peer_2:basic
Peer_20:basic INFO 3004.37974129707: Sending message <Pong:> to Peer_2:basic
Peer_20:basic INFO 3005.430405325584: Received message <Ping:> from Peer_13:basic
Peer_20:basic INFO 3005.430405325584: Sending message <Pong:> to Peer_13:basic
Peer_20:basic INFO 3005.4530089105833: Received message <Ping:> from Peer_8:basic
Peer_20:basic INFO 3005.4530089105833: Sending message <Pong:> to Peer_8:basic
Peer_20:basic INFO 3007.9425009423994: Received message <Pong:> from Peer_13:basic
Peer_20:basic INFO 3010.2797877343196: Received message <Pong:> from Peer_8:basic
Peer_20:basic INFO 3011.1508102400367: Received message <Pong:> from Peer_6:basic
Peer_20:basic INFO 3011.276755567703: Received message <Pong:> from Peer_2:basic
Peer_20:basic INFO 3500: Sending message <Ping:> to Peer_21:bootstrap
Peer_20:basic INFO 3500: Sending message <Ping:> to Peer_18:basic
Peer_20:basic INFO 3500: Sending message <Ping:> to Peer_7:basic
Peer_20:basic INFO 3500: Sending message <Ping:> to Peer_3:basic
Peer_20:basic INFO 3500: Sending message <Ping:> to Peer_12:basic
Peer_20:basic INFO 3502.929434656276: Received message <Ping:> from Peer_21:bootstrap
Peer_20:basic INFO 3502.929434656276: Sending message <Pong:> to Peer_21:bootstrap
Peer_20:basic INFO 3503.2256053263955: Received message <Ping:> from Peer_18:basic
Peer_20:basic INFO 3503.2256053263955: Sending message <Pong:> to Peer_18:basic
Peer_20:basic INFO 3505.7750321943913: Received message <Ping:> from Peer_3:basic
Peer_20:basic INFO 3505.7750321943913: Sending message <Pong:> to Peer_3:basic
Peer_20:basic INFO 3506.010167997684: Received message <Ping:> from Peer_7:basic
Peer_20:basic INFO 3506.010167997684: Sending message <Pong:> to Peer_7:basic
Peer_20:basic INFO 3506.2905229541834: Received message <Ping:> from Peer_12:basic
Peer_20:basic INFO 3506.2905229541834: Sending message <Pong:> to Peer_12:basic
Peer_20:basic INFO 3509.37582695847: Received message <Pong:> from Peer_7:basic
Peer_20:basic INFO 3510.4160302588507: Received message <Pong:> from Peer_21:bootstrap
Peer_20:basic INFO 3510.6982539961828: Received message <Pong:> from Peer_3:basic
Peer_20:basic INFO 3513.0273331479693: Received message <Pong:> from Peer_18:basic
Peer_20:basic INFO 3514.266776514145: Received message <Pong:> from Peer_12:basic
Peer_20:basic INFO 4000: Sending message <Ping:> to Peer_6:basic
Peer_20:basic INFO 4000: Sending message <Ping:> to Peer_8:basic
Peer_20:basic INFO 4000: Sending message <Ping:> to Peer_13:basic
Peer_20:basic INFO 4000: Sending message <Ping:> to Peer_2:basic
Peer_20:basic INFO 4005.1631683128076: Received message <Ping:> from Peer_6:basic
Peer_20:basic INFO 4005.1631683128076: Sending message <Pong:> to Peer_6:basic
Peer_20:basic INFO 4005.434067599172: Received message <Ping:> from Peer_8:basic
Peer_20:basic INFO 4005.434067599172: Sending message <Pong:> to Peer_8:basic
Peer_20:basic INFO 4005.4754135428557: Received message <Ping:> from Peer_2:basic
Peer_20:basic INFO 4005.4754135428557: Sending message <Pong:> to Peer_2:basic
Peer_20:basic INFO 4008.448867236512: Received message <Pong:> from Peer_8:basic
Peer_20:basic INFO 4008.7141021713433: Received message <Pong:> from Peer_6:basic
Peer_20:basic INFO 4008.8923478580027: Received message <Ping:> from Peer_13:basic
Peer_20:basic INFO 4008.8923478580027: Sending message <Pong:> to Peer_13:basic
Peer_20:basic INFO 4010.3271891815516: Received message <Pong:> from Peer_2:basic
Peer_20:basic INFO 4013.6030316297224: Received message <Pong:> from Peer_13:basic
Peer_20:basic INFO 4500: Sending message <Ping:> to Peer_21:bootstrap
Peer_20:basic INFO 4500: Sending message <Ping:> to Peer_18:basic
Peer_20:basic INFO 4500: Sending message <Ping:> to Peer_7:basic
Peer_20:basic INFO 4500: Sending message <Ping:> to Peer_3:basic
Peer_20:basic INFO 4500: Sending message <Ping:> to Peer_12:basic
Peer_20:basic INFO 4504.207123071178: Received message <Ping:> from Peer_3:basic
Peer_20:basic INFO 4504.207123071178: Sending message <Pong:> to Peer_3:basic
Peer_20:basic INFO 4504.429724480118: Received message <Ping:> from Peer_7:basic
Peer_20:basic INFO 4504.429724480118: Sending message <Pong:> to Peer_7:basic
Peer_20:basic INFO 4504.7441396987315: Received message <Ping:> from Peer_18:basic
Peer_20:basic INFO 4504.7441396987315: Sending message <Pong:> to Peer_18:basic
Peer_20:basic INFO 4506.392231572929: Received message <Ping:> from Peer_21:bootstrap
Peer_20:basic INFO 4506.392231572929: Sending message <Pong:> to Peer_21:bootstrap
Peer_20:basic INFO 4507.8923533159705: Received message <Ping:> from Peer_12:basic
Peer_20:basic INFO 4507.8923533159705: Sending message <Pong:> to Peer_12:basic
Peer_20:basic INFO 4509.220979131152: Received message <Pong:> from Peer_12:basic
Peer_20:basic INFO 4510.660884123228: Received message <Pong:> from Peer_3:basic
Peer_20:basic INFO 4512.869553235334: Received message <Pong:> from Peer_7:basic
Peer_20:basic INFO 4513.17692949569: Received message <Pong:> from Peer_18:basic
Peer_20:basic INFO 4518.989888355361: Received message <Pong:> from Peer_21:bootstrap
Peer_20:basic INFO 5000: Sending message <Ping:> to Peer_6:basic
Peer_20:basic INFO 5000: Sending message <Ping:> to Peer_8:basic
Peer_20:basic INFO 5000: Sending message <Ping:> to Peer_13:basic
Peer_20:basic INFO 5000: Sending message <Ping:> to Peer_2:basic
Peer_20:basic INFO 5002.946215205322: Received message <Ping:> from Peer_13:basic
Peer_20:basic INFO 5002.946215205322: Sending message <Pong:> to Peer_13:basic
Peer_20:basic INFO 5004.083630609605: Received message <Ping:> from Peer_2:basic
Peer_20:basic INFO 5004.083630609605: Sending message <Pong:> to Peer_2:basic
Peer_20:basic INFO 5004.764006932295: Received message <Ping:> from Peer_8:basic
Peer_20:basic INFO 5004.764006932295: Sending message <Pong:> to Peer_8:basic
Peer_20:basic INFO 5004.981435259212: Received message <Ping:> from Peer_6:basic
Peer_20:basic INFO 5004.981435259212: Sending message <Pong:> to Peer_6:basic
Peer_20:basic INFO 5007.308266724807: Received message <Pong:> from Peer_13:basic
Peer_20:basic INFO 5009.749518343863: Received message <Pong:> from Peer_8:basic
Peer_20:basic INFO 5010.224133792504: Received message <Pong:> from Peer_2:basic
Peer_20:basic INFO 5012.397393421427: Received message <Pong:> from Peer_6:basic
Peer_20:basic INFO 5500: Sending message <Ping:> to Peer_21:bootstrap
Peer_20:basic INFO 5500: Sending message <Ping:> to Peer_18:basic
Peer_20:basic INFO 5500: Sending message <Ping:> to Peer_7:basic
Peer_20:basic INFO 5500: Sending message <Ping:> to Peer_3:basic
Peer_20:basic INFO 5500: Sending message <Ping:> to Peer_12:basic
Peer_20:basic INFO 5502.668752277481: Received message <Ping:> from Peer_7:basic
Peer_20:basic INFO 5502.668752277481: Sending message <Pong:> to Peer_7:basic
Peer_20:basic INFO 5503.364888334879: Received message <Ping:> from Peer_3:basic
Peer_20:basic INFO 5503.364888334879: Sending message <Pong:> to Peer_3:basic
Peer_20:basic INFO 5503.561965792979: Received message <Ping:> from Peer_18:basic
Peer_20:basic INFO 5503.561965792979: Sending message <Pong:> to Peer_18:basic
Peer_20:basic INFO 5504.48317343706: Received message <Ping:> from Peer_12:basic
Peer_20:basic INFO 5504.48317343706: Sending message <Pong:> to Peer_12:basic
Peer_20:basic INFO 5504.516613117657: Received message <Ping:> from Peer_21:bootstrap
Peer_20:basic INFO 5504.516613117657: Sending message <Pong:> to Peer_21:bootstrap
Peer_20:basic INFO 5508.830917584228: Received message <Pong:> from Peer_12:basic
Peer_20:basic INFO 5509.464688036234: Received message <Pong:> from Peer_7:basic
Peer_20:basic INFO 5510.740047859551: Received message <Pong:> from Peer_18:basic
Peer_20:basic INFO 5510.902227673668: Received message <Pong:> from Peer_21:bootstrap
Peer_20:basic INFO 5511.846363116708: Received message <Pong:> from Peer_3:basic
Peer_20:basic INFO 6000: Sending message <Ping:> to Peer_6:basic
Peer_20:basic INFO 6000: Sending message <Ping:> to Peer_8:basic
Peer_20:basic INFO 6000: Sending message <Ping:> to Peer_13:basic
Peer_20:basic INFO 6000: Sending message <Ping:> to Peer_2:basic
Peer_20:basic INFO 6004.302072110198: Received message <Ping:> from Peer_2:basic
Peer_20:basic INFO 6004.302072110198: Sending message <Pong:> to Peer_2:basic
Peer_20:basic INFO 6004.525074565978: Received message <Ping:> from Peer_8:basic
Peer_20:basic INFO 6004.525074565978: Sending message <Pong:> to Peer_8:basic
Peer_20:basic INFO 6004.991793262178: Received message <Ping:> from Peer_6:basic
Peer_20:basic INFO 6004.991793262178: Sending message <Pong:> to Peer_6:basic
Peer_20:basic INFO 6009.455262045095: Received message <Pong:> from Peer_2:basic
Peer_20:basic INFO 6010.79522610964: Received message <Pong:> from Peer_6:basic
Peer_20:basic INFO 6010.880012693293: Received message <Pong:> from Peer_8:basic
Peer_20:basic INFO 6012.734908837344: Received message <Ping:> from Peer_13:basic
Peer_20:basic INFO 6012.734908837344: Sending message <Pong:> to Peer_13:basic
Peer_20:basic INFO 6015.452815949435: Received message <Pong:> from Peer_13:basic
Peer_20:basic INFO 6500: Sending message <Ping:> to Peer_21:bootstrap
Peer_20:basic INFO 6500: Sending message <Ping:> to Peer_18:basic
Peer_20:basic INFO 6500: Sending message <Ping:> to Peer_7:basic
Peer_20:basic INFO 6500: Sending message <Ping:> to Peer_3:basic
Peer_20:basic INFO 6500: Sending message <Ping:> to Peer_12:basic
Peer_20:basic INFO 6502.807066782183: Received message <Ping:> from Peer_21:bootstrap
Peer_20:basic INFO 6502.807066782183: Sending message <Pong:> to Peer_21:bootstrap
Peer_20:basic INFO 6503.241916492391: Received message <Ping:> from Peer_12:basic
Peer_20:basic INFO 6503.241916492391: Sending message <Pong:> to Peer_12:basic
Peer_20:basic INFO 6503.515174313224: Received message <Ping:> from Peer_7:basic
Peer_20:basic INFO 6503.515174313224: Sending message <Pong:> to Peer_7:basic
Peer_20:basic INFO 6504.406478832372: Received message <Ping:> from Peer_18:basic
Peer_20:basic INFO 6504.406478832372: Sending message <Pong:> to Peer_18:basic
Peer_20:basic INFO 6505.99764363207: Received message <Ping:> from Peer_3:basic
Peer_20:basic INFO 6505.99764363207: Sending message <Pong:> to Peer_3:basic
Peer_20:basic INFO 6507.446944614889: Received message <Pong:> from Peer_18:basic
Peer_20:basic INFO 6509.639631864915: Received message <Pong:> from Peer_3:basic
Peer_20:basic INFO 6510.654291632239: Received message <Pong:> from Peer_21:bootstrap
Peer_20:basic INFO 6511.0406427818025: Received message <Pong:> from Peer_7:basic
Peer_20:basic INFO 6511.102340306346: Received message <Pong:> from Peer_12:basic
Peer_20:basic INFO 7000: Sending message <Ping:> to Peer_6:basic
Peer_20:basic INFO 7000: Sending message <Ping:> to Peer_8:basic
Peer_20:basic INFO 7000: Sending message <Ping:> to Peer_13:basic
Peer_20:basic INFO 7000: Sending message <Ping:> to Peer_2:basic
Peer_20:basic INFO 7004.418148678656: Received message <Ping:> from Peer_2:basic
Peer_20:basic INFO 7004.418148678656: Sending message <Pong:> to Peer_2:basic
Peer_20:basic INFO 7005.000134200934: Received message <Ping:> from Peer_13:basic
Peer_20:basic INFO 7005.000134200934: Sending message <Pong:> to Peer_13:basic
Peer_20:basic INFO 7005.7090850159475: Received message <Ping:> from Peer_6:basic
Peer_20:basic INFO 7005.7090850159475: Sending message <Pong:> to Peer_6:basic
Peer_20:basic INFO 7005.9456404991115: Received message <Ping:> from Peer_8:basic
Peer_20:basic INFO 7005.9456404991115: Sending message <Pong:> to Peer_8:basic
Peer_20:basic INFO 7009.303221698007: Received message <Pong:> from Peer_2:basic
Peer_20:basic INFO 7012.077861039319: Received message <Pong:> from Peer_6:basic
Peer_20:basic INFO 7012.238776485248: Received message <Pong:> from Peer_13:basic
Peer_20:basic INFO 7012.696315173307: Received message <Pong:> from Peer_8:basic
Peer_20:basic INFO 7500: Sending message <Ping:> to Peer_21:bootstrap
Peer_20:basic INFO 7500: Sending message <Ping:> to Peer_18:basic
Peer_20:basic INFO 7500: Sending message <Ping:> to Peer_7:basic
Peer_20:basic INFO 7500: Sending message <Ping:> to Peer_3:basic
Peer_20:basic INFO 7500: Sending message <Ping:> to Peer_12:basic
Peer_20:basic INFO 7503.250434530067: Received message <Ping:> from Peer_7:basic
Peer_20:basic INFO 7503.250434530067: Sending message <Pong:> to Peer_7:basic
Peer_20:basic INFO 7504.036478336509: Received message <Ping:> from Peer_18:basic
Peer_20:basic INFO 7504.036478336509: Sending message <Pong:> to Peer_18:basic
Peer_20:basic INFO 7505.408610960471: Received message <Ping:> from Peer_21:bootstrap
Peer_20:basic INFO 7505.408610960471: Sending message <Pong:> to Peer_21:bootstrap
Peer_20:basic INFO 7505.517293294978: Received message <Ping:> from Peer_3:basic
Peer_20:basic INFO 7505.517293294978: Sending message <Pong:> to Peer_3:basic
Peer_20:basic INFO 7505.941353731003: Received message <Ping:> from Peer_12:basic
Peer_20:basic INFO 7505.941353731003: Sending message <Pong:> to Peer_12:basic
Peer_20:basic INFO 7506.272943816592: Received message <Pong:> from Peer_18:basic
Peer_20:basic INFO 7507.002491578134: Received message <Pong:> from Peer_12:basic
Peer_20:basic INFO 7511.039161771853: Received message <Pong:> from Peer_3:basic
Peer_20:basic INFO 7511.497958505691: Received message <Pong:> from Peer_7:basic
Peer_20:basic INFO 7511.691085677959: Received message <Pong:> from Peer_21:bootstrap
Peer_20:basic INFO 8000: Sending message <Ping:> to Peer_6:basic
Peer_20:basic INFO 8000: Sending message <Ping:> to Peer_8:basic
Peer_20:basic INFO 8000: Sending message <Ping:> to Peer_13:basic
Peer_20:basic INFO 8000: Sending message <Ping:> to Peer_2:basic
Peer_20:basic INFO 8003.9757728929035: Received message <Ping:> from Peer_2:basic
Peer_20:basic INFO 8003.9757728929035: Sending message <Pong:> to Peer_2:basic
Peer_20:basic INFO 8004.576973550834: Received message <Ping:> from Peer_6:basic
Peer_20:basic INFO 8004.576973550834: Sending message <Pong:> to Peer_6:basic
Peer_20:basic INFO 8006.608246594475: Received message <Ping:> from Peer_8:basic
Peer_20:basic INFO 8006.608246594475: Sending message <Pong:> to Peer_8:basic
Peer_20:basic INFO 8009.283927588698: Received message <Pong:> from Peer_8:basic
Peer_20:basic INFO 8009.425086915382: Received message <Ping:> from Peer_13:basic
Peer_20:basic INFO 8009.425086915382: Sending message <Pong:> to Peer_13:basic
Peer_20:basic INFO 8010.104553241095: Received message <Pong:> from Peer_2:basic
Peer_20:basic INFO 8010.318520821042: Received message <Pong:> from Peer_6:basic
Peer_20:basic INFO 8018.321429538159: Received message <Pong:> from Peer_13:basic
Peer_20:basic INFO 8500: Sending message <Ping:> to Peer_21:bootstrap
Peer_20:basic INFO 8500: Sending message <Ping:> to Peer_18:basic
Peer_20:basic INFO 8500: Sending message <Ping:> to Peer_7:basic
Peer_20:basic INFO 8500: Sending message <Ping:> to Peer_3:basic
Peer_20:basic INFO 8500: Sending message <Ping:> to Peer_12:basic
Peer_20:basic INFO 8504.00687811454: Received message <Ping:> from Peer_12:basic
Peer_20:basic INFO 8504.00687811454: Sending message <Pong:> to Peer_12:basic
Peer_20:basic INFO 8504.85985210814: Received message <Ping:> from Peer_7:basic
Peer_20:basic INFO 8504.85985210814: Sending message <Pong:> to Peer_7:basic
Peer_20:basic INFO 8507.718738637699: Received message <Ping:> from Peer_3:basic
Peer_20:basic INFO 8507.718738637699: Sending message <Pong:> to Peer_3:basic
Peer_20:basic INFO 8508.420331946476: Received message <Pong:> from Peer_7:basic
Peer_20:basic INFO 8508.784779042335: Received message <Pong:> from Peer_3:basic
Peer_20:basic INFO 8508.95701114199: Received message <Ping:> from Peer_21:bootstrap
Peer_20:basic INFO 8508.95701114199: Sending message <Pong:> to Peer_21:bootstrap
Peer_20:basic INFO 8510.592530832033: Received message <Ping:> from Peer_18:basic
Peer_20:basic INFO 8510.592530832033: Sending message <Pong:> to Peer_18:basic
Peer_20:basic INFO 8512.664308295618: Received message <Pong:> from Peer_12:basic
Peer_20:basic INFO 8517.581936512719: Received message <Pong:> from Peer_18:basic
Peer_20:basic INFO 8518.962662054075: Received message <Pong:> from Peer_21:bootstrap
Peer_20:basic INFO 9000: Sending message <Ping:> to Peer_6:basic
Peer_20:basic INFO 9000: Sending message <Ping:> to Peer_8:basic
Peer_20:basic INFO 9000: Sending message <Ping:> to Peer_13:basic
Peer_20:basic INFO 9000: Sending message <Ping:> to Peer_2:basic
Peer_20:basic INFO 9002.746272478618: Received message <Ping:> from Peer_13:basic
Peer_20:basic INFO 9002.746272478618: Sending message <Pong:> to Peer_13:basic
Peer_20:basic INFO 9004.277003550455: Received message <Ping:> from Peer_8:basic
Peer_20:basic INFO 9004.277003550455: Sending message <Pong:> to Peer_8:basic
Peer_20:basic INFO 9004.7400111419: Received message <Ping:> from Peer_2:basic
Peer_20:basic INFO 9004.7400111419: Sending message <Pong:> to Peer_2:basic
Peer_20:basic INFO 9005.032833167297: Received message <Ping:> from Peer_6:basic
Peer_20:basic INFO 9005.032833167297: Sending message <Pong:> to Peer_6:basic
Peer_20:basic INFO 9010.453544335469: Received message <Pong:> from Peer_2:basic
Peer_20:basic INFO 9011.663840189136: Received message <Pong:> from Peer_6:basic
Peer_20:basic INFO 9013.494963934549: Received message <Pong:> from Peer_13:basic
Peer_20:basic INFO 9013.731958643737: Received message <Pong:> from Peer_8:basic
Peer_20:basic INFO 9500: Sending message <Ping:> to Peer_21:bootstrap
Peer_20:basic INFO 9500: Sending message <Ping:> to Peer_18:basic
Peer_20:basic INFO 9500: Sending message <Ping:> to Peer_7:basic
Peer_20:basic INFO 9500: Sending message <Ping:> to Peer_3:basic
Peer_20:basic INFO 9500: Sending message <Ping:> to Peer_12:basic
Peer_20:basic INFO 9505.238199718115: Received message <Ping:> from Peer_12:basic
Peer_20:basic INFO 9505.238199718115: Sending message <Pong:> to Peer_12:basic
Peer_20:basic INFO 9505.47094083756: Received message <Ping:> from Peer_3:basic
Peer_20:basic INFO 9505.47094083756: Sending message <Pong:> to Peer_3:basic
Peer_20:basic INFO 9506.26930348468: Received message <Ping:> from Peer_7:basic
Peer_20:basic INFO 9506.26930348468: Sending message <Pong:> to Peer_7:basic
Peer_20:basic INFO 9506.866925995728: Received message <Ping:> from Peer_18:basic
Peer_20:basic INFO 9506.866925995728: Sending message <Pong:> to Peer_18:basic
Peer_20:basic INFO 9507.597319463881: Received message <Ping:> from Peer_21:bootstrap
Peer_20:basic INFO 9507.597319463881: Sending message <Pong:> to Peer_21:bootstrap
Peer_20:basic INFO 9508.661956022708: Received message <Pong:> from Peer_7:basic
Peer_20:basic INFO 9508.704015884741: Received message <Pong:> from Peer_18:basic
Peer_20:basic INFO 9509.336706100516: Received message <Pong:> from Peer_3:basic
Peer_20:basic INFO 9509.449176981323: Received message <Pong:> from Peer_21:bootstrap
Peer_20:basic INFO 9510.028102570515: Received message <Pong:> from Peer_12:basic
