Peer_1:basic WARNING 0: Not enough peers, fetching more (0, 8)
Peer_1:basic INFO 5.332926134352314: Connecting to Peer_21:bootstrap
Peer_1:basic INFO 10.539684777659353: Received message <RequestPeers:> from Peer_21:bootstrap
Peer_1:basic INFO 10.539684777659353: Sending message <PeerList> to Peer_21:bootstrap
Peer_1:basic INFO 10.546781365308924: Received message <Hello:> from Peer_21:bootstrap
Peer_1:basic WARNING 500: Not enough peers, fetching more (1, 8)
Peer_1:basic INFO 500: Sending message <RequestPeers:> to Peer_21:bootstrap
Peer_1:basic INFO 507.1625020072709: Received message <PeerList> from Peer_21:bootstrap
Peer_1:basic WARNING 1000: Not enough peers, fetching more (1, 8)
Peer_1:basic INFO 1000: Sending message <RequestPeers:> to Peer_21:bootstrap
Peer_1:basic INFO 1003.0475265663421: Connecting to Peer_17:basic
Peer_1:basic INFO 1005.1793436514447: Received message <Hello:> from Peer_5:basic
Peer_1:basic INFO 1005.1793436514447: Connecting to Peer_5:basic
Peer_1:basic INFO 1005.1793436514447: Sending message <Hello:> to Peer_5:basic
Peer_1:basic INFO 1005.1793436514447: Sending message <RequestPeers:> to Peer_5:basic
Peer_1:basic INFO 1007.422313011634: Received message <Hello:> from Peer_17:basic
Peer_1:basic INFO 1007.9239781177107: Received message <Hello:> from Peer_14:basic
Peer_1:basic INFO 1007.9239781177107: Connecting to Peer_14:basic
Peer_1:basic INFO 1007.9239781177107: Sending message <Hello:> to Peer_14:basic
Peer_1:basic INFO 1007.9239781177107: Sending message <RequestPeers:> to Peer_14:basic
Peer_1:basic INFO 1009.0758121117566: Received message <RequestPeers:> from Peer_17:basic
Peer_1:basic INFO 1009.0758121117566: Sending message <PeerList> to Peer_17:basic
Peer_1:basic INFO 1012.8960751421937: Received message <PeerList> from Peer_5:basic
Peer_1:basic INFO 1013.920926543482: Received message <PeerList> from Peer_21:bootstrap
Peer_1:basic INFO 1021.789714331374: Received message <PeerList> from Peer_14:basic
Peer_1:basic WARNING 1500: Not enough peers, fetching more (4, 8)
Peer_1:basic INFO 1500: Sending message <RequestPeers:> to Peer_21:bootstrap
Peer_1:basic INFO 1500: Sending message <RequestPeers:> to Peer_14:basic
Peer_1:basic INFO 1500: Sending message <RequestPeers:> to Peer_17:basic
Peer_1:basic INFO 1500: Sending message <RequestPeers:> to Peer_5:basic
Peer_1:basic INFO 1503.697177981929: Received message <RequestPeers:> from Peer_14:basic
Peer_1:basic INFO 1503.697177981929: Sending message <PeerList> to Peer_14:basic
Peer_1:basic INFO 1504.4583872620947: Connecting to Peer_19:basic
Peer_1:basic INFO 1505.306862648248: Received message <Hello:> from Peer_19:basic
Peer_1:basic INFO 1505.5110791766317: Received message <RequestPeers:> from Peer_17:basic
Peer_1:basic INFO 1505.5110791766317: Sending message <PeerList> to Peer_17:basic
Peer_1:basic INFO 1507.9078000116895: Received message <RequestPeers:> from Peer_5:basic
Peer_1:basic INFO 1507.9078000116895: Sending message <PeerList> to Peer_5:basic
Peer_1:basic INFO 1508.7035049733358: Received message <RequestPeers:> from Peer_19:basic
Peer_1:basic INFO 1508.7035049733358: Sending message <PeerList> to Peer_19:basic
Peer_1:basic INFO 1509.1396855811838: Received message <PeerList> from Peer_5:basic
Peer_1:basic INFO 1509.2759245883549: Received message <Hello:> from Peer_19:basic
Peer_1:basic INFO 1510.4845280173151: Received message <PeerList> from Peer_17:basic
Peer_1:basic INFO 1514.900936706326: Received message <PeerList> from Peer_14:basic
Peer_1:basic INFO 1519.6498470159563: Received message <PeerList> from Peer_21:bootstrap
Peer_1:basic WARNING 2000: Not enough peers, fetching more (5, 8)
Peer_1:basic INFO 2004.8230776613223: Received message <RequestPeers:> from Peer_17:basic
Peer_1:basic INFO 2004.8230776613223: Sending message <PeerList> to Peer_17:basic
Peer_1:basic INFO 2004.9820823359496: Connecting to Peer_9:basic
Peer_1:basic INFO 2005.7408958355898: Connecting to Peer_3:basic
Peer_1:basic INFO 2006.3226451311355: Connecting to Peer_6:basic
Peer_1:basic INFO 2007.259277812602: Received message <RequestPeers:> from Peer_14:basic
Peer_1:basic INFO 2007.259277812602: Sending message <PeerList> to Peer_14:basic
Peer_1:basic INFO 2008.3008095866057: Received message <Hello:> from Peer_9:basic
Peer_1:basic INFO 2009.2633059974487: Received message <RequestPeers:> from Peer_3:basic
Peer_1:basic INFO 2009.2633059974487: Sending message <PeerList> to Peer_3:basic
Peer_1:basic INFO 2010.0914968821571: Received message <RequestPeers:> from Peer_9:basic
Peer_1:basic INFO 2010.0914968821571: Sending message <PeerList> to Peer_9:basic
Peer_1:basic INFO 2010.5353320258205: Received message <Hello:> from Peer_3:basic
Peer_1:basic INFO 2011.4287335159775: Received message <Hello:> from Peer_6:basic
Peer_1:basic INFO 2011.8773552798948: Received message <RequestPeers:> from Peer_6:basic
Peer_1:basic INFO 2011.8773552798948: Sending message <PeerList> to Peer_6:basic
Peer_1:basic INFO 2500: Sending message <Ping:> to Peer_21:bootstrap
Peer_1:basic INFO 2500: Sending message <Ping:> to Peer_5:basic
Peer_1:basic INFO 2500: Sending message <Ping:> to Peer_19:basic
Peer_1:basic INFO 2504.9355996609293: Received message <Ping:> from Peer_21:bootstrap
Peer_1:basic INFO 2504.9355996609293: Sending message <Pong:> to Peer_21:bootstrap
Peer_1:basic INFO 2505.3137229238423: Received message <Ping:> from Peer_19:basic
Peer_1:basic INFO 2505.3137229238423: Sending message <Pong:> to Peer_19:basic
Peer_1:basic INFO 2508.547339552912: Received message <Ping:> from Peer_5:basic
Peer_1:basic INFO 2508.547339552912: Sending message <Pong:> to Peer_5:basic
Peer_1:basic INFO 2511.1312376766705: Received message <Pong:> from Peer_19:basic
Peer_1:basic INFO 2513.208403751332: Received message <Pong:> from Peer_5:basic
Peer_1:basic INFO 2521.3607286626097: Received message <Pong:> from Peer_21:bootstrap
Peer_1:basic INFO 3000: Sending message <Ping:> to Peer_17:basic
Peer_1:basic INFO 3000: Sending message <Ping:> to Peer_14:basic
Peer_1:basic INFO 3000: Sending message <Ping:> to Peer_9:basic
Peer_1:basic INFO 3000: Sending message <Ping:> to Peer_3:basic
Peer_1:basic INFO 3000: Sending message <Ping:> to Peer_6:basic
Peer_1:basic INFO 3004.269243514965: Received message <Ping:> from Peer_14:basic
Peer_1:basic INFO 3004.269243514965: Sending message <Pong:> to Peer_14:basic
Peer_1:basic INFO 3004.370534659293: Received message <Ping:> from Peer_6:basic
Peer_1:basic INFO 3004.370534659293: Sending message <Pong:> to Peer_6:basic
Peer_1:basic INFO 3005.521994283856: Received message <Ping:> from Peer_17:basic
Peer_1:basic INFO 3005.521994283856: Sending message <Pong:> to Peer_17:basic
Peer_1:basic INFO 3005.552161416552: Received message <Ping:> from Peer_9:basic
Peer_1:basic INFO 3005.552161416552: Sending message <Pong:> to Peer_9:basic
Peer_1:basic INFO 3005.8705286366817: Received message <Ping:> from Peer_3:basic
Peer_1:basic INFO 3005.8705286366817: Sending message <Pong:> to Peer_3:basic
Peer_1:basic INFO 3006.703752089909: Received message <Pong:> from Peer_9:basic
Peer_1:basic INFO 3010.743998878541: Received message <Pong:> from Peer_17:basic
Peer_1:basic INFO 3010.8041416052874: Received message <Pong:> from Peer_3:basic
Peer_1:basic INFO 3011.604715050121: Received message <Pong:> from Peer_6:basic
Peer_1:basic INFO 3014.4838477435014: Received message <Pong:> from Peer_14:basic
Peer_1:basic INFO 3500: Sending message <Ping:> to Peer_21:bootstrap
Peer_1:basic INFO 3500: Sending message <Ping:> to Peer_5:basic
Peer_1:basic INFO 3500: Sending message <Ping:> to Peer_19:basic
Peer_1:basic INFO 3504.4181469271944: Received message <Ping:> from Peer_19:basic
Peer_1:basic INFO 3504.4181469271944: Sending message <Pong:> to Peer_19:basic
Peer_1:basic INFO 3506.1679352238716: Received message <Ping:> from Peer_5:basic
Peer_1:basic INFO 3506.1679352238716: Sending message <Pong:> to Peer_5:basic
Peer_1:basic INFO 3506.5573335864797: Received message <Ping:> from Peer_21:bootstrap
Peer_1:basic INFO 3506.5573335864797: Sending message <Pong:> to Peer_21:bootstrap
Peer_1:basic INFO 3507.638208078771: Received message <Pong:> from Peer_19:basic
Peer_1:basic INFO 3511.130789749482: Received message <Pong:> from Peer_21:bootstrap
Peer_1:basic INFO 3515.2804850292277: Received message <Pong:> from Peer_5:basic
Peer_1:basic INFO 4000: Sending message <Ping:> to Peer_17:basic
Peer_1:basic INFO 4000: Sending message <Ping:> to Peer_14:basic
Peer_1:basic INFO 4000: Sending message <Ping:> to Peer_9:basic
Peer_1:basic INFO 4000: Sending message <Ping:> to Peer_3:basic
Peer_1:basic INFO 4000: Sending message <Ping:> to Peer_6:basic
Peer_1:basic INFO 4003.625636703538: Received message <Ping:> from Peer_3:basic
Peer_1:basic INFO 4003.625636703538: Sending message <Pong:> to Peer_3:basic
Peer_1:basic INFO 4003.6338770673983: Received message <Ping:> from Peer_17:basic
Peer_1:basic INFO 4003.6338770673983: Sending message <Pong:> to Peer_17:basic
Peer_1:basic INFO 4004.0322714007407: Received message <Ping:> from Peer_14:basic
Peer_1:basic INFO 4004.0322714007407: Sending message <Pong:> to Peer_14:basic
Peer_1:basic INFO 4004.8698036228857: Received message <Ping:> from Peer_9:basic
Peer_1:basic INFO 4004.8698036228857: Sending message <Pong:> to Peer_9:basic
Peer_1:basic INFO 4005.454648096692: Received message <Ping:> from Peer_6:basic
Peer_1:basic INFO 4005.454648096692: Sending message <Pong:> to Peer_6:basic
Peer_1:basic INFO 4007.3226768779523: Received message <Pong:> from Peer_3:basic
Peer_1:basic INFO 4008.6771660980953: Received message <Pong:> from Peer_6:basic
Peer_1:basic INFO 4009.627799891817: Received message <Pong:> from Peer_9:basic
Peer_1:basic INFO 4009.938148416906: Received message <Pong:> from Peer_17:basic
Peer_1:basic INFO 4011.1047509429063: Received message <Pong:> from Peer_14:basic
Peer_1:basic INFO 4500: Sending message <Ping:> to Peer_21:bootstrap
Peer_1:basic INFO 4500: Sending message <Ping:> to Peer_5:basic
Peer_1:basic INFO 4500: Sending message <Ping:> to Peer_19:basic
Peer_1:basic INFO 4505.233325393904: Received message <Ping:> from Peer_19:basic
Peer_1:basic INFO 4505.233325393904: Sending message <Pong:> to Peer_19:basic
Peer_1:basic INFO 4505.41850562989: Received message <Ping:> from Peer_5:basic
Peer_1:basic INFO 4505.41850562989: Sending message <Pong:> to Peer_5:basic
Peer_1:basic INFO 4508.435496667482: Received message <Pong:> from Peer_21:bootstrap
Peer_1:basic INFO 4508.602223500376: Received message <Pong:> from Peer_19:basic
Peer_1:basic INFO 4510.364954744221: Received message <Pong:> from Peer_5:basic
Peer_1:basic INFO 4510.650699936376: Received message <Ping:> from Peer_21:bootstrap
Peer_1:basic INFO 4510.650699936376: Sending message <Pong:> to Peer_21:bootstrap
Peer_1:basic INFO 5000: Sending message <Ping:> to Peer_17:basic
Peer_1:basic INFO 5000: Sending message <Ping:> to Peer_14:basic
Peer_1:basic INFO 5000: Sending message <Ping:> to Peer_9:basic
Peer_1:basic INFO 5000: Sending message <Ping:> to Peer_3:basic
Peer_1:basic INFO 5000: Sending message <Ping:> to Peer_6:basic
Peer_1:basic INFO 5003.077405749811: Received message <Ping:> from Peer_6:basic
Peer_1:basic INFO 5003.077405749811: Sending message <Pong:> to Peer_6:basic
Peer_1:basic INFO 5004.837316316898: Received message <Ping:> from Peer_17:basic
Peer_1:basic INFO 5004.837316316898: Sending message <Pong:> to Peer_17:basic
Peer_1:basic INFO 5005.210473418903: Received message <Ping:> from Peer_3:basic
Peer_1:basic INFO 5005.210473418903: Sending message <Pong:> to Peer_3:basic
Peer_1:basic INFO 5006.545618423193: Received message <Ping:> from Peer_9:basic
Peer_1:basic INFO 5006.545618423193: Sending message <Pong:> to Peer_9:basic
Peer_1:basic INFO 5007.088840741684: Received message <Ping:> from Peer_14:basic
Peer_1:basic INFO 5007.088840741684: Sending message <Pong:> to Peer_14:basic
Peer_1:basic INFO 5009.750077511524: Received message <Pong:> from Peer_6:basic
Peer_1:basic INFO 5009.895260285266: Received message <Pong:> from Peer_9:basic
Peer_1:basic INFO 5010.281029718033: Received message <Pong:> from Peer_14:basic
Peer_1:basic INFO 5010.593949567876: Received message <Pong:> from Peer_3:basic
Peer_1:basic INFO 5010.834597792134: Received message <Pong:> from Peer_17:basic
Peer_1:basic INFO 5500: Sending message <Ping:> to Peer_21:bootstrap
Peer_1:basic INFO 5500: Sending message <Ping:> to Peer_5:basic
Peer_1:basic INFO 5500: Sending message <Ping:> to Peer_19:basic
Peer_1:basic INFO 5504.706856420495: Received message <Ping:> from Peer_19:basic
Peer_1:basic INFO 5504.706856420495: Sending message <Pong:> to Peer_19:basic
Peer_1:basic INFO 5505.040133237351: Received message <Ping:> from Peer_21:bootstrap
Peer_1:basic INFO 5505.040133237351: Sending message <Pong:> to Peer_21:bootstrap
Peer_1:basic INFO 5509.184375605771: Received message <Pong:> from Peer_19:basic
Peer_1:basic INFO 5510.394160842067: Received message <Ping:> from Peer_5:basic
Peer_1:basic INFO 5510.394160842067: Sending message <Pong:> to Peer_5:basic
Peer_1:basic INFO 5510.519067091573: Received message <Pong:> from Peer_21:bootstrap
Peer_1:basic INFO 5516.553514352: Received message <Pong:> from Peer_5:basic
Peer_1:basic INFO 6000: Sending message <Ping:> to Peer_17:basic
Peer_1:basic INFO 6000: Sending message <Ping:> to Peer_14:basic
Peer_1:basic INFO 6000: Sending message <Ping:> to Peer_9:basic
Peer_1:basic INFO 6000: Sending message <Ping:> to Peer_3:basic
Peer_1:basic INFO 6000: Sending message <Ping:> to Peer_6:basic
Peer_1:basic INFO 6002.970106327157: Received message <Ping:> from Peer_6:basic
Peer_1:basic INFO 6002.970106327157: Sending message <Pong:> to Peer_6:basic
Peer_1:basic INFO 6003.256079408456: Received message <Ping:> from Peer_14:basic
Peer_1:basic INFO 6003.256079408456: Sending message <Pong:> to Peer_14:basic
Peer_1:basic INFO 6003.567092049513: Received message <Ping:> from Peer_9:basic
Peer_1:basic INFO 6003.567092049513: Sending message <Pong:> to Peer_9:basic
Peer_1:basic INFO 6005.079886768865: Received message <Ping:> from Peer_3:basic
Peer_1:basic INFO 6005.079886768865: Sending message <Pong:> to Peer_3:basic
Peer_1:basic INFO 6006.006627920884: Received message <Ping:> from Peer_17:basic
Peer_1:basic INFO 6006.006627920884: Sending message <Pong:> to Peer_17:basic
Peer_1:basic INFO 6008.588995794432: Received message <Pong:> from Peer_3:basic
Peer_1:basic INFO 6009.106971370572: Received message <Pong:> from Peer_9:basic
Peer_1:basic INFO 6009.865746046806: Received message <Pong:> from Peer_17:basic
Peer_1:basic INFO 6011.130889562581: Received message <Pong:> from Peer_6:basic
Peer_1:basic INFO 6011.209812914614: Received message <Pong:> from Peer_14:basic
Peer_1:basic INFO 6500: Sending message <Ping:> to Peer_21:bootstrap
Peer_1:basic INFO 6500: Sending message <Ping:> to Peer_5:basic
Peer_1:basic INFO 6500: Sending message <Ping:> to Peer_19:basic
Peer_1:basic INFO 6503.282493657762: Received message <Ping:> from Peer_5:basic
Peer_1:basic INFO 6503.282493657762: Sending message <Pong:> to Peer_5:basic
Peer_1:basic INFO 6504.785375416473: Received message <Ping:> from Peer_19:basic
Peer_1:basic INFO 6504.785375416473: Sending message <Pong:> to Peer_19:basic
Peer_1:basic INFO 6506.825932647325: Received message <Ping:> from Peer_21:bootstrap
Peer_1:basic INFO 6506.825932647325: Sending message <Pong:> to Peer_21:bootstrap
Peer_1:basic INFO 6508.5548357535745: Received message <Pong:> from Peer_19:basic
Peer_1:basic INFO 6512.005225918038: Received message <Pong:> from Peer_21:bootstrap
Peer_1:basic INFO 6514.140949529176: Received message <Pong:> from Peer_5:basic
Peer_1:basic INFO 7000: Sending message <Ping:> to Peer_17:basic
Peer_1:basic INFO 7000: Sending message <Ping:> to Peer_14:basic
Peer_1:basic INFO 7000: Sending message <Ping:> to Peer_9:basic
Peer_1:basic INFO 7000: Sending message <Ping:> to Peer_3:basic
Peer_1:basic INFO 7000: Sending message <Ping:> to Peer_6:basic
Peer_1:basic INFO 7003.134500077182: Received message <Ping:> from Peer_14:basic
Peer_1:basic INFO 7003.134500077182: Sending message <Pong:> to Peer_14:basic
Peer_1:basic INFO 7003.693888325099: Received message <Ping:> from Peer_6:basic
Peer_1:basic INFO 7003.693888325099: Sending message <Pong:> to Peer_6:basic
Peer_1:basic INFO 7004.065644607682: Received message <Ping:> from Peer_3:basic
Peer_1:basic INFO 7004.065644607682: Sending message <Pong:> to Peer_3:basic
Peer_1:basic INFO 7004.4625539721055: Received message <Ping:> from Peer_9:basic
Peer_1:basic INFO 7004.4625539721055: Sending message <Pong:> to Peer_9:basic
Peer_1:basic INFO 7005.214964899582: Received message <Pong:> from Peer_14:basic
Peer_1:basic INFO 7006.52405434738: Received message <Ping:> from Peer_17:basic
Peer_1:basic INFO 7006.52405434738: Sending message <Pong:> to Peer_17:basic
Peer_1:basic INFO 7009.21753983118: Received message <Pong:> from Peer_3:basic
Peer_1:basic INFO 7009.673435148507: Received message <Pong:> from Peer_17:basic
Peer_1:basic INFO 7010.571524733123: Received message <Pong:> from Peer_6:basic
Peer_1:basic INFO 7011.818478806225: Received message <Pong:> from Peer_9:basic
Peer_1:basic INFO 7500: Sending message <Ping:> to Peer_21:bootstrap
Peer_1:basic INFO 7500: Sending message <Ping:> to Peer_5:basic
Peer_1:basic INFO 7500: Sending message <Ping:> to Peer_19:basic
Peer_1:basic INFO 7504.493880466156: Received message <Ping:> from Peer_19:basic
Peer_1:basic INFO 7504.493880466156: Sending message <Pong:> to Peer_19:basic
Peer_1:basic INFO 7505.301487242419: Received message <Ping:> from Peer_5:basic
Peer_1:basic INFO 7505.301487242419: Sending message <Pong:> to Peer_5:basic
Peer_1:basic INFO 7506.163002356744: Received message <Ping:> from Peer_21:bootstrap
Peer_1:basic INFO 7506.163002356744: Sending message <Pong:> to Peer_21:bootstrap
Peer_1:basic INFO 7512.2038918279695: Received message <Pong:> from Peer_19:basic
Peer_1:basic INFO 7513.9465915436585: Received message <Pong:> from Peer_5:basic
Peer_1:basic INFO 7514.742844806498: Received message <Pong:> from Peer_21:bootstrap
Peer_1:basic INFO 8000: Sending message <Ping:> to Peer_17:basic
Peer_1:basic INFO 8000: Sending message <Ping:> to Peer_14:basic
Peer_1:basic INFO 8000: Sending message <Ping:> to Peer_9:basic
Peer_1:basic INFO 8000: Sending message <Ping:> to Peer_3:basic
Peer_1:basic INFO 8000: Sending message <Ping:> to Peer_6:basic
Peer_1:basic INFO 8003.9128909524825: Received message <Ping:> from Peer_9:basic
Peer_1:basic INFO 8003.9128909524825: Sending message <Pong:> to Peer_9:basic
Peer_1:basic INFO 8004.507519867665: Received message <Ping:> from Peer_14:basic
Peer_1:basic INFO 8004.507519867665: Sending message <Pong:> to Peer_14:basic
Peer_1:basic INFO 8004.74706098461: Received message <Ping:> from Peer_3:basic
Peer_1:basic INFO 8004.74706098461: Sending message <Pong:> to Peer_3:basic
Peer_1:basic INFO 8005.627532487884: Received message <Ping:> from Peer_17:basic
Peer_1:basic INFO 8005.627532487884: Sending message <Pong:> to Peer_17:basic
Peer_1:basic INFO 8006.483122984016: Received message <Ping:> from Peer_6:basic
Peer_1:basic INFO 8006.483122984016: Sending message <Pong:> to Peer_6:basic
Peer_1:basic INFO 8007.246863242125: Received message <Pong:> from Peer_9:basic
Peer_1:basic INFO 8007.318483862177: Received message <Pong:> from Peer_14:basic
Peer_1:basic INFO 8007.581597738275: Received message <Pong:> from Peer_3:basic
Peer_1:basic INFO 8011.204944880845: Received message <Pong:> from Peer_6:basic
Peer_1:basic INFO 8011.807041678814: Received message <Pong:> from Peer_17:basic
Peer_1:basic INFO 8500: Sending message <Ping:> to Peer_21:bootstrap
Peer_1:basic INFO 8500: Sending message <Ping:> to Peer_5:basic
Peer_1:basic INFO 8500: Sending message <Ping:> to Peer_19:basic
Peer_1:basic INFO 8503.681103740793: Received message <Ping:> from Peer_19:basic
Peer_1:basic INFO 8503.681103740793: Sending message <Pong:> to Peer_19:basic
Peer_1:basic INFO 8504.051719908772: Received message <Ping:> from Peer_21:bootstrap
Peer_1:basic INFO 8504.051719908772: Sending message <Pong:> to Peer_21:bootstrap
Peer_1:basic INFO 8506.600393499057: Received message <Ping:> from Peer_5:basic
Peer_1:basic INFO 8506.600393499057: Sending message <Pong:> to Peer_5:basic
Peer_1:basic INFO 8507.790135225108: Received message <Pong:> from Peer_21:bootstrap
Peer_1:basic INFO 8509.957600503112: Received message <Pong:> from Peer_19:basic
Peer_1:basic INFO 8519.395469537974: Received message <Pong:> from Peer_5:basic
Peer_1:basic INFO 9000: Sending message <Ping:> to Peer_17:basic
Peer_1:basic INFO 9000: Sending message <Ping:> to Peer_14:basic
Peer_1:basic INFO 9000: Sending message <Ping:> to Peer_9:basic
Peer_1:basic INFO 9000: Sending message <Ping:> to Peer_3:basic
Peer_1:basic INFO 9000: Sending message <Ping:> to Peer_6:basic
Peer_1:basic INFO 9003.864991348059: Received message <Ping:> from Peer_6:basic
Peer_1:basic INFO 9003.864991348059: Sending message <Pong:> to Peer_6:basic
Peer_1:basic INFO 9004.663301350252: Received message <Ping:> from Peer_3:basic
Peer_1:basic INFO 9004.663301350252: Sending message <Pong:> to Peer_3:basic
Peer_1:basic INFO 9004.793388308324: Received message <Ping:> from Peer_17:basic
Peer_1:basic INFO 9004.793388308324: Sending message <Pong:> to Peer_17:basic
Peer_1:basic INFO 9008.426511174821: Received message <Ping:> from Peer_9:basic
Peer_1:basic INFO 9008.426511174821: Sending message <Pong:> to Peer_9:basic
Peer_1:basic INFO 9008.49429310544: Received message <Pong:> from Peer_14:basic
Peer_1:basic INFO 9008.659162833721: Received message <Ping:> from Peer_14:basic
Peer_1:basic INFO 9008.659162833721: Sending message <Pong:> to Peer_14:basic
Peer_1:basic INFO 9009.12507812467: Received message <Pong:> from Peer_3:basic
Peer_1:basic INFO 9009.707536781183: Received message <Pong:> from Peer_6:basic
Peer_1:basic INFO 9009.72536942282: Received message <Pong:> from Peer_17:basic
Peer_1:basic INFO 9012.234219535196: Received message <Pong:> from Peer_9:basic
Peer_1:basic INFO 9500: Sending message <Ping:> to Peer_21:bootstrap
Peer_1:basic INFO 9500: Sending message <Ping:> to Peer_5:basic
Peer_1:basic INFO 9500: Sending message <Ping:> to Peer_19:basic
Peer_1:basic INFO 9503.644266547815: Received message <Ping:> from Peer_19:basic
Peer_1:basic INFO 9503.644266547815: Sending message <Pong:> to Peer_19:basic
Peer_1:basic INFO 9504.535649239693: Received message <Ping:> from Peer_21:bootstrap
Peer_1:basic INFO 9504.535649239693: Sending message <Pong:> to Peer_21:bootstrap
Peer_1:basic INFO 9505.883085982403: Received message <Ping:> from Peer_5:basic
Peer_1:basic INFO 9505.883085982403: Sending message <Pong:> to Peer_5:basic
Peer_1:basic INFO 9506.636938757561: Received message <Pong:> from Peer_21:bootstrap
Peer_1:basic INFO 9509.353543846983: Received message <Pong:> from Peer_5:basic
Peer_1:basic INFO 9511.361860480816: Received message <Pong:> from Peer_19:basic
