Peer_9:basic WARNING 0: Not enough peers, fetching more (0, 8)
Peer_9:basic INFO 4.274720636752965: Connecting to Peer_21:bootstrap
Peer_9:basic INFO 13.244649832739949: Received message <RequestPeers:> from Peer_21:bootstrap
Peer_9:basic INFO 13.244649832739949: Sending message <PeerList> to Peer_21:bootstrap
Peer_9:basic INFO 16.699110456489574: Received message <Hello:> from Peer_21:bootstrap
Peer_9:basic WARNING 500: Not enough peers, fetching more (1, 8)
Peer_9:basic INFO 500: Sending message <RequestPeers:> to Peer_21:bootstrap
Peer_9:basic INFO 506.4464718950696: Received message <PeerList> from Peer_21:bootstrap
Peer_9:basic WARNING 1000: Not enough peers, fetching more (1, 8)
Peer_9:basic INFO 1000: Sending message <RequestPeers:> to Peer_21:bootstrap
Peer_9:basic INFO 1005.4272944153522: Connecting to Peer_7:basic
Peer_9:basic INFO 1010.3523737720709: Received message <RequestPeers:> from Peer_7:basic
Peer_9:basic INFO 1010.3523737720709: Sending message <PeerList> to Peer_7:basic
Peer_9:basic INFO 1010.8272394406931: Received message <Hello:> from Peer_7:basic
Peer_9:basic INFO 1010.8720356914718: Received message <PeerList> from Peer_21:bootstrap
Peer_9:basic WARNING 1500: Not enough peers, fetching more (2, 8)
Peer_9:basic INFO 1500: Sending message <RequestPeers:> to Peer_7:basic
Peer_9:basic INFO 1500: Sending message <RequestPeers:> to Peer_21:bootstrap
Peer_9:basic INFO 1504.357534592535: Connecting to Peer_17:basic
Peer_9:basic INFO 1506.0729923878862: Received message <RequestPeers:> from Peer_7:basic
Peer_9:basic INFO 1506.0729923878862: Sending message <PeerList> to Peer_7:basic
Peer_9:basic INFO 1507.451007169391: Received message <RequestPeers:> from Peer_17:basic
Peer_9:basic INFO 1507.451007169391: Sending message <PeerList> to Peer_17:basic
Peer_9:basic INFO 1508.5694980809553: Received message <Hello:> from Peer_17:basic
Peer_9:basic INFO 1509.980917115267: Received message <PeerList> from Peer_7:basic
Peer_9:basic INFO 1510.340431659336: Received message <PeerList> from Peer_21:bootstrap
Peer_9:basic WARNING 2000: Not enough peers, fetching more (3, 8)
Peer_9:basic INFO 2000: Sending message <RequestPeers:> to Peer_7:basic
Peer_9:basic INFO 2000: Sending message <RequestPeers:> to Peer_21:bootstrap
Peer_9:basic INFO 2000: Sending message <RequestPeers:> to Peer_17:basic
Peer_9:basic INFO 2003.4183597909775: Received message <RequestPeers:> from Peer_17:basic
Peer_9:basic INFO 2003.4183597909775: Sending message <PeerList> to Peer_17:basic
Peer_9:basic INFO 2004.914608030438: Received message <Hello:> from Peer_12:basic
Peer_9:basic INFO 2004.914608030438: Connecting to Peer_12:basic
Peer_9:basic INFO 2004.914608030438: Sending message <Hello:> to Peer_12:basic
Peer_9:basic INFO 2004.914608030438: Sending message <RequestPeers:> to Peer_12:basic
Peer_9:basic INFO 2004.9820823359496: Received message <Hello:> from Peer_1:basic
Peer_9:basic INFO 2004.9820823359496: Connecting to Peer_1:basic
Peer_9:basic INFO 2004.9820823359496: Sending message <Hello:> to Peer_1:basic
Peer_9:basic INFO 2004.9820823359496: Sending message <RequestPeers:> to Peer_1:basic
Peer_9:basic INFO 2006.2484680555133: Received message <Hello:> from Peer_18:basic
Peer_9:basic INFO 2006.2484680555133: Connecting to Peer_18:basic
Peer_9:basic INFO 2006.2484680555133: Sending message <Hello:> to Peer_18:basic
Peer_9:basic INFO 2006.2484680555133: Sending message <RequestPeers:> to Peer_18:basic
Peer_9:basic INFO 2006.5346225033627: Received message <Hello:> from Peer_8:basic
Peer_9:basic INFO 2006.5346225033627: Connecting to Peer_8:basic
Peer_9:basic INFO 2006.5346225033627: Sending message <Hello:> to Peer_8:basic
Peer_9:basic INFO 2006.5346225033627: Sending message <RequestPeers:> to Peer_8:basic
Peer_9:basic INFO 2007.5563753554586: Received message <Hello:> from Peer_16:basic
Peer_9:basic INFO 2007.5563753554586: Connecting to Peer_16:basic
Peer_9:basic INFO 2007.5563753554586: Sending message <Hello:> to Peer_16:basic
Peer_9:basic INFO 2007.5563753554586: Sending message <RequestPeers:> to Peer_16:basic
Peer_9:basic INFO 2007.5690455781937: Connecting to Peer_14:basic
Peer_9:basic INFO 2009.4197328245787: Received message <PeerList> from Peer_7:basic
Peer_9:basic INFO 2009.7713920364133: Received message <RequestPeers:> from Peer_14:basic
Peer_9:basic INFO 2009.7713920364133: Sending message <PeerList> to Peer_14:basic
Peer_9:basic INFO 2010.1168958742865: Received message <PeerList> from Peer_21:bootstrap
Peer_9:basic INFO 2010.525904593308: Received message <PeerList> from Peer_17:basic
Peer_9:basic INFO 2012.0847827776176: Received message <Hello:> from Peer_14:basic
Peer_9:basic INFO 2013.6649323124725: Received message <PeerList> from Peer_18:basic
Peer_9:basic INFO 2015.0268967526952: Received message <PeerList> from Peer_12:basic
Peer_9:basic INFO 2015.1907275446943: Received message <PeerList> from Peer_8:basic
Peer_9:basic INFO 2019.818875583784: Received message <PeerList> from Peer_1:basic
Peer_9:basic INFO 2020.9118949484327: Received message <PeerList> from Peer_16:basic
Peer_9:basic INFO 3000: Sending message <Ping:> to Peer_21:bootstrap
Peer_9:basic INFO 3000: Sending message <Ping:> to Peer_7:basic
Peer_9:basic INFO 3000: Sending message <Ping:> to Peer_17:basic
Peer_9:basic INFO 3000: Sending message <Ping:> to Peer_12:basic
Peer_9:basic INFO 3000: Sending message <Ping:> to Peer_1:basic
Peer_9:basic INFO 3000: Sending message <Ping:> to Peer_18:basic
Peer_9:basic INFO 3000: Sending message <Ping:> to Peer_8:basic
Peer_9:basic INFO 3000: Sending message <Ping:> to Peer_16:basic
Peer_9:basic INFO 3000: Sending message <Ping:> to Peer_14:basic
Peer_9:basic INFO 3002.6126990880066: Received message <Ping:> from Peer_14:basic
Peer_9:basic INFO 3002.6126990880066: Sending message <Pong:> to Peer_14:basic
Peer_9:basic INFO 3003.3967148375305: Received message <Ping:> from Peer_1:basic
Peer_9:basic INFO 3003.3967148375305: Sending message <Pong:> to Peer_1:basic
Peer_9:basic INFO 3003.915865638799: Received message <Ping:> from Peer_18:basic
Peer_9:basic INFO 3003.915865638799: Sending message <Pong:> to Peer_18:basic
Peer_9:basic INFO 3004.3507976500805: Received message <Ping:> from Peer_12:basic
Peer_9:basic INFO 3004.3507976500805: Sending message <Pong:> to Peer_12:basic
Peer_9:basic INFO 3004.711228267151: Received message <Ping:> from Peer_7:basic
Peer_9:basic INFO 3004.711228267151: Sending message <Pong:> to Peer_7:basic
Peer_9:basic INFO 3005.1115235173747: Received message <Ping:> from Peer_17:basic
Peer_9:basic INFO 3005.1115235173747: Sending message <Pong:> to Peer_17:basic
Peer_9:basic INFO 3005.157835470013: Received message <Ping:> from Peer_21:bootstrap
Peer_9:basic INFO 3005.157835470013: Sending message <Pong:> to Peer_21:bootstrap
Peer_9:basic INFO 3005.37026148919: Received message <Ping:> from Peer_16:basic
Peer_9:basic INFO 3005.37026148919: Sending message <Pong:> to Peer_16:basic
Peer_9:basic INFO 3005.3992747611987: Received message <Ping:> from Peer_8:basic
Peer_9:basic INFO 3005.3992747611987: Sending message <Pong:> to Peer_8:basic
Peer_9:basic INFO 3006.504742635396: Received message <Pong:> from Peer_16:basic
Peer_9:basic INFO 3008.831307170127: Received message <Pong:> from Peer_7:basic
Peer_9:basic INFO 3010.398136477916: Received message <Pong:> from Peer_17:basic
Peer_9:basic INFO 3010.9365713506163: Received message <Pong:> from Peer_12:basic
Peer_9:basic INFO 3012.4426676402854: Received message <Pong:> from Peer_8:basic
Peer_9:basic INFO 3013.230628786989: Received message <Pong:> from Peer_18:basic
Peer_9:basic INFO 3014.4317422592117: Received message <Pong:> from Peer_14:basic
Peer_9:basic INFO 3015.8097144455896: Received message <Pong:> from Peer_21:bootstrap
Peer_9:basic INFO 3017.993972217285: Received message <Pong:> from Peer_1:basic
Peer_9:basic INFO 4000: Sending message <Ping:> to Peer_21:bootstrap
Peer_9:basic INFO 4000: Sending message <Ping:> to Peer_7:basic
Peer_9:basic INFO 4000: Sending message <Ping:> to Peer_17:basic
Peer_9:basic INFO 4000: Sending message <Ping:> to Peer_12:basic
Peer_9:basic INFO 4000: Sending message <Ping:> to Peer_1:basic
Peer_9:basic INFO 4000: Sending message <Ping:> to Peer_18:basic
Peer_9:basic INFO 4000: Sending message <Ping:> to Peer_8:basic
Peer_9:basic INFO 4000: Sending message <Ping:> to Peer_16:basic
Peer_9:basic INFO 4000: Sending message <Ping:> to Peer_14:basic
Peer_9:basic INFO 4004.6040013974907: Received message <Ping:> from Peer_7:basic
Peer_9:basic INFO 4004.6040013974907: Sending message <Pong:> to Peer_7:basic
Peer_9:basic INFO 4004.606061867573: Received message <Ping:> from Peer_1:basic
Peer_9:basic INFO 4004.606061867573: Sending message <Pong:> to Peer_1:basic
Peer_9:basic INFO 4004.842620951291: Received message <Ping:> from Peer_12:basic
Peer_9:basic INFO 4004.842620951291: Sending message <Pong:> to Peer_12:basic
Peer_9:basic INFO 4005.442243422108: Received message <Ping:> from Peer_21:bootstrap
Peer_9:basic INFO 4005.442243422108: Sending message <Pong:> to Peer_21:bootstrap
Peer_9:basic INFO 4005.6835502436256: Received message <Ping:> from Peer_14:basic
Peer_9:basic INFO 4005.6835502436256: Sending message <Pong:> to Peer_14:basic
Peer_9:basic INFO 4006.07181339014: Received message <Pong:> from Peer_21:bootstrap
Peer_9:basic INFO 4006.259613614019: Received message <Ping:> from Peer_17:basic
Peer_9:basic INFO 4006.259613614019: Sending message <Pong:> to Peer_17:basic
Peer_9:basic INFO 4006.279950163717: Received message <Ping:> from Peer_8:basic
Peer_9:basic INFO 4006.279950163717: Sending message <Pong:> to Peer_8:basic
Peer_9:basic INFO 4006.7900162314168: Received message <Ping:> from Peer_18:basic
Peer_9:basic INFO 4006.7900162314168: Sending message <Pong:> to Peer_18:basic
Peer_9:basic INFO 4007.0757503952977: Received message <Pong:> from Peer_14:basic
Peer_9:basic INFO 4007.9793960258053: Received message <Ping:> from Peer_16:basic
Peer_9:basic INFO 4007.9793960258053: Sending message <Pong:> to Peer_16:basic
Peer_9:basic INFO 4008.5497661139607: Received message <Pong:> from Peer_12:basic
Peer_9:basic INFO 4008.7349887197915: Received message <Pong:> from Peer_7:basic
Peer_9:basic INFO 4009.362867269182: Received message <Pong:> from Peer_8:basic
Peer_9:basic INFO 4010.0517024365795: Received message <Pong:> from Peer_1:basic
Peer_9:basic INFO 4011.830398093264: Received message <Pong:> from Peer_17:basic
Peer_9:basic INFO 4012.4252773315993: Received message <Pong:> from Peer_16:basic
Peer_9:basic INFO 4012.427064462999: Received message <Pong:> from Peer_18:basic
Peer_9:basic INFO 5000: Sending message <Ping:> to Peer_21:bootstrap
Peer_9:basic INFO 5000: Sending message <Ping:> to Peer_7:basic
Peer_9:basic INFO 5000: Sending message <Ping:> to Peer_17:basic
Peer_9:basic INFO 5000: Sending message <Ping:> to Peer_12:basic
Peer_9:basic INFO 5000: Sending message <Ping:> to Peer_1:basic
Peer_9:basic INFO 5000: Sending message <Ping:> to Peer_18:basic
Peer_9:basic INFO 5000: Sending message <Ping:> to Peer_8:basic
Peer_9:basic INFO 5000: Sending message <Ping:> to Peer_16:basic
Peer_9:basic INFO 5000: Sending message <Ping:> to Peer_14:basic
Peer_9:basic INFO 5003.154794840297: Received message <Ping:> from Peer_21:bootstrap
Peer_9:basic INFO 5003.154794840297: Sending message <Pong:> to Peer_21:bootstrap
Peer_9:basic INFO 5003.869819665062: Received message <Ping:> from Peer_1:basic
Peer_9:basic INFO 5003.869819665062: Sending message <Pong:> to Peer_1:basic
Peer_9:basic INFO 5004.535191227881: Received message <Ping:> from Peer_8:basic
Peer_9:basic INFO 5004.535191227881: Sending message <Pong:> to Peer_8:basic
Peer_9:basic INFO 5004.964567722241: Received message <Ping:> from Peer_14:basic
Peer_9:basic INFO 5004.964567722241: Sending message <Pong:> to Peer_14:basic
Peer_9:basic INFO 5005.035806485165: Received message <Ping:> from Peer_7:basic
Peer_9:basic INFO 5005.035806485165: Sending message <Pong:> to Peer_7:basic
Peer_9:basic INFO 5005.4604213746625: Received message <Ping:> from Peer_18:basic
Peer_9:basic INFO 5005.4604213746625: Sending message <Pong:> to Peer_18:basic
Peer_9:basic INFO 5005.70548521851: Received message <Ping:> from Peer_12:basic
Peer_9:basic INFO 5005.70548521851: Sending message <Pong:> to Peer_12:basic
Peer_9:basic INFO 5005.850414358541: Received message <Ping:> from Peer_16:basic
Peer_9:basic INFO 5005.850414358541: Sending message <Pong:> to Peer_16:basic
Peer_9:basic INFO 5006.123748235349: Received message <Ping:> from Peer_17:basic
Peer_9:basic INFO 5006.123748235349: Sending message <Pong:> to Peer_17:basic
Peer_9:basic INFO 5007.414882037703: Received message <Pong:> from Peer_18:basic
Peer_9:basic INFO 5009.237565574672: Received message <Pong:> from Peer_8:basic
Peer_9:basic INFO 5009.962222766797: Received message <Pong:> from Peer_17:basic
Peer_9:basic INFO 5010.077002215725: Received message <Pong:> from Peer_12:basic
Peer_9:basic INFO 5010.36830638246: Received message <Pong:> from Peer_14:basic
Peer_9:basic INFO 5012.063952381871: Received message <Pong:> from Peer_7:basic
Peer_9:basic INFO 5013.283927256238: Received message <Pong:> from Peer_16:basic
Peer_9:basic INFO 5014.865305176967: Received message <Pong:> from Peer_1:basic
Peer_9:basic INFO 5017.399397629922: Received message <Pong:> from Peer_21:bootstrap
Peer_9:basic INFO 6000: Sending message <Ping:> to Peer_21:bootstrap
Peer_9:basic INFO 6000: Sending message <Ping:> to Peer_7:basic
Peer_9:basic INFO 6000: Sending message <Ping:> to Peer_17:basic
Peer_9:basic INFO 6000: Sending message <Ping:> to Peer_12:basic
Peer_9:basic INFO 6000: Sending message <Ping:> to Peer_1:basic
Peer_9:basic INFO 6000: Sending message <Ping:> to Peer_18:basic
Peer_9:basic INFO 6000: Sending message <Ping:> to Peer_8:basic
Peer_9:basic INFO 6000: Sending message <Ping:> to Peer_16:basic
Peer_9:basic INFO 6000: Sending message <Ping:> to Peer_14:basic
Peer_9:basic INFO 6002.5859226073235: Received message <Ping:> from Peer_21:bootstrap
Peer_9:basic INFO 6002.5859226073235: Sending message <Pong:> to Peer_21:bootstrap
Peer_9:basic INFO 6003.690272649411: Received message <Ping:> from Peer_12:basic
Peer_9:basic INFO 6003.690272649411: Sending message <Pong:> to Peer_12:basic
Peer_9:basic INFO 6004.287240427663: Received message <Ping:> from Peer_1:basic
Peer_9:basic INFO 6004.287240427663: Sending message <Pong:> to Peer_1:basic
Peer_9:basic INFO 6004.611783655889: Received message <Ping:> from Peer_16:basic
Peer_9:basic INFO 6004.611783655889: Sending message <Pong:> to Peer_16:basic
Peer_9:basic INFO 6005.190043381594: Received message <Ping:> from Peer_8:basic
Peer_9:basic INFO 6005.190043381594: Sending message <Pong:> to Peer_8:basic
Peer_9:basic INFO 6005.377299691848: Received message <Ping:> from Peer_7:basic
Peer_9:basic INFO 6005.377299691848: Sending message <Pong:> to Peer_7:basic
Peer_9:basic INFO 6005.752770481427: Received message <Ping:> from Peer_17:basic
Peer_9:basic INFO 6005.752770481427: Sending message <Pong:> to Peer_17:basic
Peer_9:basic INFO 6006.719879931663: Received message <Ping:> from Peer_14:basic
Peer_9:basic INFO 6006.719879931663: Sending message <Pong:> to Peer_14:basic
Peer_9:basic INFO 6007.15207502348: Received message <Ping:> from Peer_18:basic
Peer_9:basic INFO 6007.15207502348: Sending message <Pong:> to Peer_18:basic
Peer_9:basic INFO 6009.39589127552: Received message <Pong:> from Peer_7:basic
Peer_9:basic INFO 6009.737174628279: Received message <Pong:> from Peer_12:basic
Peer_9:basic INFO 6009.855391681178: Received message <Pong:> from Peer_8:basic
Peer_9:basic INFO 6010.8441747576035: Received message <Pong:> from Peer_21:bootstrap
Peer_9:basic INFO 6010.850720990378: Received message <Pong:> from Peer_16:basic
Peer_9:basic INFO 6011.09421936307: Received message <Pong:> from Peer_17:basic
Peer_9:basic INFO 6012.621100453539: Received message <Pong:> from Peer_18:basic
Peer_9:basic INFO 6014.009407984802: Received message <Pong:> from Peer_1:basic
Peer_9:basic INFO 6015.082780061398: Received message <Pong:> from Peer_14:basic
Peer_9:basic INFO 7000: Sending message <Ping:> to Peer_21:bootstrap
Peer_9:basic INFO 7000: Sending message <Ping:> to Peer_7:basic
Peer_9:basic INFO 7000: Sending message <Ping:> to Peer_17:basic
Peer_9:basic INFO 7000: Sending message <Ping:> to Peer_12:basic
Peer_9:basic INFO 7000: Sending message <Ping:> to Peer_1:basic
Peer_9:basic INFO 7000: Sending message <Ping:> to Peer_18:basic
Peer_9:basic INFO 7000: Sending message <Ping:> to Peer_8:basic
Peer_9:basic INFO 7000: Sending message <Ping:> to Peer_16:basic
Peer_9:basic INFO 7000: Sending message <Ping:> to Peer_14:basic
Peer_9:basic INFO 7002.649307263939: Received message <Ping:> from Peer_21:bootstrap
Peer_9:basic INFO 7002.649307263939: Sending message <Pong:> to Peer_21:bootstrap
Peer_9:basic INFO 7003.413369783957: Received message <Ping:> from Peer_18:basic
Peer_9:basic INFO 7003.413369783957: Sending message <Pong:> to Peer_18:basic
Peer_9:basic INFO 7004.664499410824: Received message <Ping:> from Peer_7:basic
Peer_9:basic INFO 7004.664499410824: Sending message <Pong:> to Peer_7:basic
Peer_9:basic INFO 7005.0906582033995: Received message <Ping:> from Peer_14:basic
Peer_9:basic INFO 7005.0906582033995: Sending message <Pong:> to Peer_14:basic
Peer_9:basic INFO 7005.291712145061: Received message <Ping:> from Peer_17:basic
Peer_9:basic INFO 7005.291712145061: Sending message <Pong:> to Peer_17:basic
Peer_9:basic INFO 7005.707485272181: Received message <Ping:> from Peer_8:basic
Peer_9:basic INFO 7005.707485272181: Sending message <Pong:> to Peer_8:basic
Peer_9:basic INFO 7006.224232606124: Received message <Ping:> from Peer_12:basic
Peer_9:basic INFO 7006.224232606124: Sending message <Pong:> to Peer_12:basic
Peer_9:basic INFO 7006.224918918542: Received message <Pong:> from Peer_14:basic
Peer_9:basic INFO 7006.765959865249: Received message <Ping:> from Peer_1:basic
Peer_9:basic INFO 7006.765959865249: Sending message <Pong:> to Peer_1:basic
Peer_9:basic INFO 7007.678234369464: Received message <Pong:> from Peer_21:bootstrap
Peer_9:basic INFO 7008.199248122778: Received message <Pong:> from Peer_17:basic
Peer_9:basic INFO 7008.841743866825: Received message <Pong:> from Peer_12:basic
Peer_9:basic INFO 7009.345202517371: Received message <Ping:> from Peer_16:basic
Peer_9:basic INFO 7009.345202517371: Sending message <Pong:> to Peer_16:basic
Peer_9:basic INFO 7010.130693284424: Received message <Pong:> from Peer_8:basic
Peer_9:basic INFO 7010.385373423735: Received message <Pong:> from Peer_18:basic
Peer_9:basic INFO 7011.773950311526: Received message <Pong:> from Peer_1:basic
Peer_9:basic INFO 7012.335055399477: Received message <Pong:> from Peer_7:basic
Peer_9:basic INFO 7018.79281282882: Received message <Pong:> from Peer_16:basic
Peer_9:basic INFO 8000: Sending message <Ping:> to Peer_21:bootstrap
Peer_9:basic INFO 8000: Sending message <Ping:> to Peer_7:basic
Peer_9:basic INFO 8000: Sending message <Ping:> to Peer_17:basic
Peer_9:basic INFO 8000: Sending message <Ping:> to Peer_12:basic
Peer_9:basic INFO 8000: Sending message <Ping:> to Peer_1:basic
Peer_9:basic INFO 8000: Sending message <Ping:> to Peer_18:basic
Peer_9:basic INFO 8000: Sending message <Ping:> to Peer_8:basic
Peer_9:basic INFO 8000: Sending message <Ping:> to Peer_16:basic
Peer_9:basic INFO 8000: Sending message <Ping:> to Peer_14:basic
Peer_9:basic INFO 8002.883949879481: Received message <Ping:> from Peer_1:basic
Peer_9:basic INFO 8002.883949879481: Sending message <Pong:> to Peer_1:basic
Peer_9:basic INFO 8003.03978890305: Received message <Ping:> from Peer_12:basic
Peer_9:basic INFO 8003.03978890305: Sending message <Pong:> to Peer_12:basic
Peer_9:basic INFO 8003.268714230565: Received message <Ping:> from Peer_7:basic
Peer_9:basic INFO 8003.268714230565: Sending message <Pong:> to Peer_7:basic
Peer_9:basic INFO 8003.999892405269: Received message <Ping:> from Peer_14:basic
Peer_9:basic INFO 8003.999892405269: Sending message <Pong:> to Peer_14:basic
Peer_9:basic INFO 8004.380411117817: Received message <Ping:> from Peer_18:basic
Peer_9:basic INFO 8004.380411117817: Sending message <Pong:> to Peer_18:basic
Peer_9:basic INFO 8004.713147639252: Received message <Ping:> from Peer_17:basic
Peer_9:basic INFO 8004.713147639252: Sending message <Pong:> to Peer_17:basic
Peer_9:basic INFO 8004.8230392452: Received message <Ping:> from Peer_8:basic
Peer_9:basic INFO 8004.8230392452: Sending message <Pong:> to Peer_8:basic
Peer_9:basic INFO 8004.903392284047: Received message <Ping:> from Peer_16:basic
Peer_9:basic INFO 8004.903392284047: Sending message <Pong:> to Peer_16:basic
Peer_9:basic INFO 8005.535891809541: Received message <Ping:> from Peer_21:bootstrap
Peer_9:basic INFO 8005.535891809541: Sending message <Pong:> to Peer_21:bootstrap
Peer_9:basic INFO 8008.039746197154: Received message <Pong:> from Peer_17:basic
Peer_9:basic INFO 8009.110822177195: Received message <Pong:> from Peer_21:bootstrap
Peer_9:basic INFO 8009.609204580172: Received message <Pong:> from Peer_8:basic
Peer_9:basic INFO 8010.533626607888: Received message <Pong:> from Peer_7:basic
Peer_9:basic INFO 8010.780723458027: Received message <Pong:> from Peer_16:basic
Peer_9:basic INFO 8010.924931033716: Received message <Pong:> from Peer_1:basic
Peer_9:basic INFO 8011.049960161183: Received message <Pong:> from Peer_12:basic
Peer_9:basic INFO 8012.2811436954125: Received message <Pong:> from Peer_14:basic
Peer_9:basic INFO 8014.7818318800955: Received message <Pong:> from Peer_18:basic
Peer_9:basic INFO 9000: Sending message <Ping:> to Peer_21:bootstrap
Peer_9:basic INFO 9000: Sending message <Ping:> to Peer_7:basic
Peer_9:basic INFO 9000: Sending message <Ping:> to Peer_17:basic
Peer_9:basic INFO 9000: Sending message <Ping:> to Peer_12:basic
Peer_9:basic INFO 9000: Sending message <Ping:> to Peer_1:basic
Peer_9:basic INFO 9000: Sending message <Ping:> to Peer_18:basic
Peer_9:basic INFO 9000: Sending message <Ping:> to Peer_8:basic
Peer_9:basic INFO 9000: Sending message <Ping:> to Peer_16:basic
Peer_9:basic INFO 9000: Sending message <Ping:> to Peer_14:basic
Peer_9:basic INFO 9002.962162489595: Received message <Ping:> from Peer_16:basic
Peer_9:basic INFO 9002.962162489595: Sending message <Pong:> to Peer_16:basic
Peer_9:basic INFO 9004.358410969806: Received message <Ping:> from Peer_8:basic
Peer_9:basic INFO 9004.358410969806: Sending message <Pong:> to Peer_8:basic
Peer_9:basic INFO 9004.850133805077: Received message <Ping:> from Peer_7:basic
Peer_9:basic INFO 9004.850133805077: Sending message <Pong:> to Peer_7:basic
Peer_9:basic INFO 9005.524685854523: Received message <Ping:> from Peer_12:basic
Peer_9:basic INFO 9005.524685854523: Sending message <Pong:> to Peer_12:basic
Peer_9:basic INFO 9005.535691088957: Received message <Ping:> from Peer_14:basic
Peer_9:basic INFO 9005.535691088957: Sending message <Pong:> to Peer_14:basic
Peer_9:basic INFO 9005.62933520763: Received message <Ping:> from Peer_21:bootstrap
Peer_9:basic INFO 9005.62933520763: Sending message <Pong:> to Peer_21:bootstrap
Peer_9:basic INFO 9005.777908103473: Received message <Ping:> from Peer_1:basic
Peer_9:basic INFO 9005.777908103473: Sending message <Pong:> to Peer_1:basic
Peer_9:basic INFO 9005.877534908475: Received message <Ping:> from Peer_17:basic
Peer_9:basic INFO 9005.877534908475: Sending message <Pong:> to Peer_17:basic
Peer_9:basic INFO 9006.989836008608: Received message <Ping:> from Peer_18:basic
Peer_9:basic INFO 9006.989836008608: Sending message <Pong:> to Peer_18:basic
Peer_9:basic INFO 9007.629141199417: Received message <Pong:> from Peer_8:basic
Peer_9:basic INFO 9009.208965036223: Received message <Pong:> from Peer_12:basic
Peer_9:basic INFO 9009.59399982737: Received message <Pong:> from Peer_21:bootstrap
Peer_9:basic INFO 9010.474022262848: Received message <Pong:> from Peer_17:basic
Peer_9:basic INFO 9011.616390744326: Received message <Pong:> from Peer_14:basic
Peer_9:basic INFO 9011.73633954008: Received message <Pong:> from Peer_18:basic
Peer_9:basic INFO 9012.114240820918: Received message <Pong:> from Peer_7:basic
Peer_9:basic INFO 9012.341469406192: Received message <Pong:> from Peer_16:basic
Peer_9:basic INFO 9013.312598440873: Received message <Pong:> from Peer_1:basic
