Peer_5:basic WARNING 0: Not enough peers, fetching more (0, 8)
Peer_5:basic INFO 3.3349189324653725: Connecting to Peer_21:bootstrap
Peer_5:basic INFO 11.428547904105832: Received message <Hello:> from Peer_21:bootstrap
Peer_5:basic INFO 11.958990300457554: Received message <RequestPeers:> from Peer_21:bootstrap
Peer_5:basic INFO 11.958990300457554: Sending message <PeerList> to Peer_21:bootstrap
Peer_5:basic WARNING 500: Not enough peers, fetching more (1, 8)
Peer_5:basic INFO 500: Sending message <RequestPeers:> to Peer_21:bootstrap
Peer_5:basic INFO 516.606399993888: Received message <PeerList> from Peer_21:bootstrap
Peer_5:basic WARNING 1000: Not enough peers, fetching more (1, 8)
Peer_5:basic INFO 1000: Sending message <RequestPeers:> to Peer_21:bootstrap
Peer_5:basic INFO 1005.1793436514447: Connecting to Peer_1:basic
Peer_5:basic INFO 1008.4004706120496: Received message <Hello:> from Peer_1:basic
Peer_5:basic INFO 1010.0815961810418: Received message <RequestPeers:> from Peer_1:basic
Peer_5:basic INFO 1010.0815961810418: Sending message <PeerList> to Peer_1:basic
Peer_5:basic INFO 1022.2064545225543: Received message <PeerList> from Peer_21:bootstrap
Peer_5:basic WARNING 1500: Not enough peers, fetching more (2, 8)
Peer_5:basic INFO 1500: Sending message <RequestPeers:> to Peer_21:bootstrap
Peer_5:basic INFO 1500: Sending message <RequestPeers:> to Peer_1:basic
Peer_5:basic INFO 1504.911452524858: Connecting to Peer_4:basic
Peer_5:basic INFO 1505.073345599259: Received message <Hello:> from Peer_12:basic
Peer_5:basic INFO 1505.073345599259: Connecting to Peer_12:basic
Peer_5:basic INFO 1505.073345599259: Sending message <Hello:> to Peer_12:basic
Peer_5:basic INFO 1505.073345599259: Sending message <RequestPeers:> to Peer_12:basic
Peer_5:basic INFO 1505.6058406381803: Received message <RequestPeers:> from Peer_1:basic
Peer_5:basic INFO 1505.6058406381803: Sending message <PeerList> to Peer_1:basic
Peer_5:basic INFO 1506.6616870240398: Received message <Hello:> from Peer_13:basic
Peer_5:basic INFO 1506.6616870240398: Connecting to Peer_13:basic
Peer_5:basic INFO 1506.6616870240398: Sending message <Hello:> to Peer_13:basic
Peer_5:basic INFO 1506.6616870240398: Sending message <RequestPeers:> to Peer_13:basic
Peer_5:basic INFO 1507.4154148979978: Received message <RequestPeers:> from Peer_4:basic
Peer_5:basic INFO 1507.4154148979978: Sending message <PeerList> to Peer_4:basic
Peer_5:basic INFO 1509.1632680967998: Received message <PeerList> from Peer_21:bootstrap
Peer_5:basic INFO 1510.9561730159026: Received message <Hello:> from Peer_4:basic
Peer_5:basic INFO 1513.6907696746487: Received message <PeerList> from Peer_1:basic
Peer_5:basic INFO 1514.7317072734236: Received message <PeerList> from Peer_12:basic
Peer_5:basic INFO 1517.7264272189698: Received message <PeerList> from Peer_13:basic
Peer_5:basic WARNING 2000: Not enough peers, fetching more (5, 8)
Peer_5:basic INFO 2003.4930665100887: Connecting to Peer_2:basic
Peer_5:basic INFO 2004.057774895039: Connecting to Peer_19:basic
Peer_5:basic INFO 2004.3973047100221: Received message <RequestPeers:> from Peer_13:basic
Peer_5:basic INFO 2004.3973047100221: Sending message <PeerList> to Peer_13:basic
Peer_5:basic INFO 2005.3598754375698: Received message <Hello:> from Peer_11:basic
Peer_5:basic INFO 2005.3598754375698: Connecting to Peer_11:basic
Peer_5:basic INFO 2005.3598754375698: Sending message <Hello:> to Peer_11:basic
Peer_5:basic INFO 2005.3598754375698: Sending message <RequestPeers:> to Peer_11:basic
Peer_5:basic INFO 2005.7991257367771: Connecting to Peer_17:basic
Peer_5:basic INFO 2006.0808439485324: Received message <RequestPeers:> from Peer_4:basic
Peer_5:basic INFO 2006.0808439485324: Sending message <PeerList> to Peer_4:basic
Peer_5:basic INFO 2008.3190176832393: Received message <Hello:> from Peer_2:basic
Peer_5:basic INFO 2008.5613991384555: Received message <RequestPeers:> from Peer_19:basic
Peer_5:basic INFO 2008.5613991384555: Sending message <PeerList> to Peer_19:basic
Peer_5:basic INFO 2009.3904843104253: Received message <RequestPeers:> from Peer_2:basic
Peer_5:basic INFO 2009.3904843104253: Sending message <PeerList> to Peer_2:basic
Peer_5:basic INFO 2009.8167457700638: Received message <Hello:> from Peer_19:basic
Peer_5:basic INFO 2010.7805413640544: Received message <Hello:> from Peer_17:basic
Peer_5:basic INFO 2010.8019710375224: Received message <RequestPeers:> from Peer_17:basic
Peer_5:basic INFO 2010.8019710375224: Sending message <PeerList> to Peer_17:basic
Peer_5:basic INFO 2018.049017411527: Received message <PeerList> from Peer_11:basic
Peer_5:basic INFO 2500: Sending message <Ping:> to Peer_21:bootstrap
Peer_5:basic INFO 2500: Sending message <Ping:> to Peer_1:basic
Peer_5:basic INFO 2500: Sending message <Ping:> to Peer_12:basic
Peer_5:basic INFO 2503.774620704476: Received message <Ping:> from Peer_12:basic
Peer_5:basic INFO 2503.774620704476: Sending message <Pong:> to Peer_12:basic
Peer_5:basic INFO 2508.7900470341388: Received message <Ping:> from Peer_1:basic
Peer_5:basic INFO 2508.7900470341388: Sending message <Pong:> to Peer_1:basic
Peer_5:basic INFO 2509.2891325719183: Received message <Ping:> from Peer_21:bootstrap
Peer_5:basic INFO 2509.2891325719183: Sending message <Pong:> to Peer_21:bootstrap
Peer_5:basic INFO 2509.994232835447: Received message <Pong:> from Peer_21:bootstrap
Peer_5:basic INFO 2511.505092356663: Received message <Pong:> from Peer_12:basic
Peer_5:basic INFO 2520.2377411462257: Received message <Pong:> from Peer_1:basic
Peer_5:basic INFO 3000: Sending message <Ping:> to Peer_4:basic
Peer_5:basic INFO 3000: Sending message <Ping:> to Peer_13:basic
Peer_5:basic INFO 3000: Sending message <Ping:> to Peer_2:basic
Peer_5:basic INFO 3000: Sending message <Ping:> to Peer_19:basic
Peer_5:basic INFO 3000: Sending message <Ping:> to Peer_11:basic
Peer_5:basic INFO 3000: Sending message <Ping:> to Peer_17:basic
Peer_5:basic INFO 3003.6138588831245: Received message <Ping:> from Peer_19:basic
Peer_5:basic INFO 3003.6138588831245: Sending message <Pong:> to Peer_19:basic
Peer_5:basic INFO 3004.8564145179457: Received message <Ping:> from Peer_13:basic
Peer_5:basic INFO 3004.8564145179457: Sending message <Pong:> to Peer_13:basic
Peer_5:basic INFO 3004.9287059575727: Received message <Ping:> from Peer_11:basic
Peer_5:basic INFO 3004.9287059575727: Sending message <Pong:> to Peer_11:basic
Peer_5:basic INFO 3005.5297753439886: Received message <Ping:> from Peer_2:basic
Peer_5:basic INFO 3005.5297753439886: Sending message <Pong:> to Peer_2:basic
Peer_5:basic INFO 3006.4978211246967: Received message <Ping:> from Peer_4:basic
Peer_5:basic INFO 3006.4978211246967: Sending message <Pong:> to Peer_4:basic
Peer_5:basic INFO 3007.085845909545: Received message <Ping:> from Peer_17:basic
Peer_5:basic INFO 3007.085845909545: Sending message <Pong:> to Peer_17:basic
Peer_5:basic INFO 3008.4416214918824: Received message <Pong:> from Peer_19:basic
Peer_5:basic INFO 3009.3921838916667: Received message <Pong:> from Peer_17:basic
Peer_5:basic INFO 3009.7533653085866: Received message <Pong:> from Peer_4:basic
Peer_5:basic INFO 3010.9221693963186: Received message <Pong:> from Peer_11:basic
Peer_5:basic INFO 3013.2396357988946: Received message <Pong:> from Peer_2:basic
Peer_5:basic INFO 3014.8244214265387: Received message <Pong:> from Peer_13:basic
Peer_5:basic INFO 3500: Sending message <Ping:> to Peer_21:bootstrap
Peer_5:basic INFO 3500: Sending message <Ping:> to Peer_1:basic
Peer_5:basic INFO 3500: Sending message <Ping:> to Peer_12:basic
Peer_5:basic INFO 3504.0587751661915: Received message <Ping:> from Peer_21:bootstrap
Peer_5:basic INFO 3504.0587751661915: Sending message <Pong:> to Peer_21:bootstrap
Peer_5:basic INFO 3506.821272102212: Received message <Ping:> from Peer_12:basic
Peer_5:basic INFO 3506.821272102212: Sending message <Pong:> to Peer_12:basic
Peer_5:basic INFO 3510.0958935425224: Received message <Pong:> from Peer_21:bootstrap
Peer_5:basic INFO 3510.202384996999: Received message <Pong:> from Peer_1:basic
Peer_5:basic INFO 3510.4683012777527: Received message <Pong:> from Peer_12:basic
Peer_5:basic INFO 3511.1892617065405: Received message <Ping:> from Peer_1:basic
Peer_5:basic INFO 3511.1892617065405: Sending message <Pong:> to Peer_1:basic
Peer_5:basic INFO 4000: Sending message <Ping:> to Peer_4:basic
Peer_5:basic INFO 4000: Sending message <Ping:> to Peer_13:basic
Peer_5:basic INFO 4000: Sending message <Ping:> to Peer_2:basic
Peer_5:basic INFO 4000: Sending message <Ping:> to Peer_19:basic
Peer_5:basic INFO 4000: Sending message <Ping:> to Peer_11:basic
Peer_5:basic INFO 4000: Sending message <Ping:> to Peer_17:basic
Peer_5:basic INFO 4003.649317329871: Received message <Ping:> from Peer_11:basic
Peer_5:basic INFO 4003.649317329871: Sending message <Pong:> to Peer_11:basic
Peer_5:basic INFO 4004.9781290668807: Received message <Ping:> from Peer_19:basic
Peer_5:basic INFO 4004.9781290668807: Sending message <Pong:> to Peer_19:basic
Peer_5:basic INFO 4005.023384447543: Received message <Ping:> from Peer_2:basic
Peer_5:basic INFO 4005.023384447543: Sending message <Pong:> to Peer_2:basic
Peer_5:basic INFO 4005.1708042447776: Received message <Ping:> from Peer_4:basic
Peer_5:basic INFO 4005.1708042447776: Sending message <Pong:> to Peer_4:basic
Peer_5:basic INFO 4006.0006707327093: Received message <Ping:> from Peer_13:basic
Peer_5:basic INFO 4006.0006707327093: Sending message <Pong:> to Peer_13:basic
Peer_5:basic INFO 4006.1449708959703: Received message <Ping:> from Peer_17:basic
Peer_5:basic INFO 4006.1449708959703: Sending message <Pong:> to Peer_17:basic
Peer_5:basic INFO 4007.7798284744026: Received message <Pong:> from Peer_19:basic
Peer_5:basic INFO 4008.5943503875747: Received message <Pong:> from Peer_4:basic
Peer_5:basic INFO 4009.2219046411865: Received message <Pong:> from Peer_2:basic
Peer_5:basic INFO 4010.185579766504: Received message <Pong:> from Peer_11:basic
Peer_5:basic INFO 4010.214109231355: Received message <Pong:> from Peer_13:basic
Peer_5:basic INFO 4010.6108991888327: Received message <Pong:> from Peer_17:basic
Peer_5:basic INFO 4500: Sending message <Ping:> to Peer_21:bootstrap
Peer_5:basic INFO 4500: Sending message <Ping:> to Peer_1:basic
Peer_5:basic INFO 4500: Sending message <Ping:> to Peer_12:basic
Peer_5:basic INFO 4504.14449312268: Received message <Ping:> from Peer_21:bootstrap
Peer_5:basic INFO 4504.14449312268: Sending message <Pong:> to Peer_21:bootstrap
Peer_5:basic INFO 4504.480600394749: Received message <Ping:> from Peer_12:basic
Peer_5:basic INFO 4504.480600394749: Sending message <Pong:> to Peer_12:basic
Peer_5:basic INFO 4506.934255394884: Received message <Ping:> from Peer_1:basic
Peer_5:basic INFO 4506.934255394884: Sending message <Pong:> to Peer_1:basic
Peer_5:basic INFO 4508.182036249535: Received message <Pong:> from Peer_1:basic
Peer_5:basic INFO 4508.395804628016: Received message <Pong:> from Peer_12:basic
Peer_5:basic INFO 4510.246142434177: Received message <Pong:> from Peer_21:bootstrap
Peer_5:basic INFO 5000: Sending message <Ping:> to Peer_4:basic
Peer_5:basic INFO 5000: Sending message <Ping:> to Peer_13:basic
Peer_5:basic INFO 5000: Sending message <Ping:> to Peer_2:basic
Peer_5:basic INFO 5000: Sending message <Ping:> to Peer_19:basic
Peer_5:basic INFO 5000: Sending message <Ping:> to Peer_11:basic
Peer_5:basic INFO 5000: Sending message <Ping:> to Peer_17:basic
Peer_5:basic INFO 5003.401875898844: Received message <Ping:> from Peer_4:basic
Peer_5:basic INFO 5003.401875898844: Sending message <Pong:> to Peer_4:basic
Peer_5:basic INFO 5004.283273658897: Received message <Ping:> from Peer_17:basic
Peer_5:basic INFO 5004.283273658897: Sending message <Pong:> to Peer_17:basic
Peer_5:basic INFO 5004.433931440473: Received message <Ping:> from Peer_13:basic
Peer_5:basic INFO 5004.433931440473: Sending message <Pong:> to Peer_13:basic
Peer_5:basic INFO 5005.097543271795: Received message <Ping:> from Peer_11:basic
Peer_5:basic INFO 5005.097543271795: Sending message <Pong:> to Peer_11:basic
Peer_5:basic INFO 5006.293793671512: Received message <Ping:> from Peer_2:basic
Peer_5:basic INFO 5006.293793671512: Sending message <Pong:> to Peer_2:basic
Peer_5:basic INFO 5006.830721611379: Received message <Ping:> from Peer_19:basic
Peer_5:basic INFO 5006.830721611379: Sending message <Pong:> to Peer_19:basic
Peer_5:basic INFO 5007.896807015623: Received message <Pong:> from Peer_19:basic
Peer_5:basic INFO 5009.285575128897: Received message <Pong:> from Peer_2:basic
Peer_5:basic INFO 5010.03570511065: Received message <Pong:> from Peer_11:basic
Peer_5:basic INFO 5010.741839308665: Received message <Pong:> from Peer_13:basic
Peer_5:basic INFO 5011.998077063786: Received message <Pong:> from Peer_17:basic
Peer_5:basic INFO 5012.013290531558: Received message <Pong:> from Peer_4:basic
Peer_5:basic INFO 5500: Sending message <Ping:> to Peer_21:bootstrap
Peer_5:basic INFO 5500: Sending message <Ping:> to Peer_1:basic
Peer_5:basic INFO 5500: Sending message <Ping:> to Peer_12:basic
Peer_5:basic INFO 5503.755892055712: Received message <Ping:> from Peer_12:basic
Peer_5:basic INFO 5503.755892055712: Sending message <Pong:> to Peer_12:basic
Peer_5:basic INFO 5509.825761700805: Received message <Ping:> from Peer_21:bootstrap
Peer_5:basic INFO 5509.825761700805: Sending message <Pong:> to Peer_21:bootstrap
Peer_5:basic INFO 5510.507398276434: Received message <Pong:> from Peer_12:basic
Peer_5:basic INFO 5511.536858299624: Received message <Pong:> from Peer_21:bootstrap
Peer_5:basic INFO 5513.460931702822: Received message <Ping:> from Peer_1:basic
Peer_5:basic INFO 5513.460931702822: Sending message <Pong:> to Peer_1:basic
Peer_5:basic INFO 5517.023063573891: Received message <Pong:> from Peer_1:basic
Peer_5:basic INFO 6000: Sending message <Ping:> to Peer_4:basic
Peer_5:basic INFO 6000: Sending message <Ping:> to Peer_13:basic
Peer_5:basic INFO 6000: Sending message <Ping:> to Peer_2:basic
Peer_5:basic INFO 6000: Sending message <Ping:> to Peer_19:basic
Peer_5:basic INFO 6000: Sending message <Ping:> to Peer_11:basic
Peer_5:basic INFO 6000: Sending message <Ping:> to Peer_17:basic
Peer_5:basic INFO 6002.993556957542: Received message <Ping:> from Peer_13:basic
Peer_5:basic INFO 6002.993556957542: Sending message <Pong:> to Peer_13:basic
Peer_5:basic INFO 6004.351934314457: Received message <Ping:> from Peer_2:basic
Peer_5:basic INFO 6004.351934314457: Sending message <Pong:> to Peer_2:basic
Peer_5:basic INFO 6004.472627875914: Received message <Ping:> from Peer_19:basic
Peer_5:basic INFO 6004.472627875914: Sending message <Pong:> to Peer_19:basic
Peer_5:basic INFO 6004.8595752535: Received message <Ping:> from Peer_4:basic
Peer_5:basic INFO 6004.8595752535: Sending message <Pong:> to Peer_4:basic
Peer_5:basic INFO 6004.941422982761: Received message <Ping:> from Peer_17:basic
Peer_5:basic INFO 6004.941422982761: Sending message <Pong:> to Peer_17:basic
Peer_5:basic INFO 6005.162551002547: Received message <Ping:> from Peer_11:basic
Peer_5:basic INFO 6005.162551002547: Sending message <Pong:> to Peer_11:basic
Peer_5:basic INFO 6007.2060901716195: Received message <Pong:> from Peer_19:basic
Peer_5:basic INFO 6009.754267289424: Received message <Pong:> from Peer_11:basic
Peer_5:basic INFO 6010.1280811640945: Received message <Pong:> from Peer_17:basic
Peer_5:basic INFO 6010.424731376373: Received message <Pong:> from Peer_4:basic
Peer_5:basic INFO 6010.547047974593: Received message <Pong:> from Peer_2:basic
Peer_5:basic INFO 6010.857510847046: Received message <Pong:> from Peer_13:basic
Peer_5:basic INFO 6500: Sending message <Ping:> to Peer_21:bootstrap
Peer_5:basic INFO 6500: Sending message <Ping:> to Peer_1:basic
Peer_5:basic INFO 6500: Sending message <Ping:> to Peer_12:basic
Peer_5:basic INFO 6504.368393810959: Received message <Ping:> from Peer_21:bootstrap
Peer_5:basic INFO 6504.368393810959: Sending message <Pong:> to Peer_21:bootstrap
Peer_5:basic INFO 6504.795167881369: Received message <Ping:> from Peer_12:basic
Peer_5:basic INFO 6504.795167881369: Sending message <Pong:> to Peer_12:basic
Peer_5:basic INFO 6507.869233060396: Received message <Pong:> from Peer_1:basic
Peer_5:basic INFO 6508.667812821265: Received message <Pong:> from Peer_12:basic
Peer_5:basic INFO 6508.913500447019: Received message <Ping:> from Peer_1:basic
Peer_5:basic INFO 6508.913500447019: Sending message <Pong:> to Peer_1:basic
Peer_5:basic INFO 6510.942228917468: Received message <Pong:> from Peer_21:bootstrap
Peer_5:basic INFO 7000: Sending message <Ping:> to Peer_4:basic
Peer_5:basic INFO 7000: Sending message <Ping:> to Peer_13:basic
Peer_5:basic INFO 7000: Sending message <Ping:> to Peer_2:basic
Peer_5:basic INFO 7000: Sending message <Ping:> to Peer_19:basic
Peer_5:basic INFO 7000: Sending message <Ping:> to Peer_11:basic
Peer_5:basic INFO 7000: Sending message <Ping:> to Peer_17:basic
Peer_5:basic INFO 7003.604188076368: Received message <Ping:> from Peer_11:basic
Peer_5:basic INFO 7003.604188076368: Sending message <Pong:> to Peer_11:basic
Peer_5:basic INFO 7003.700036145452: Received message <Ping:> from Peer_2:basic
Peer_5:basic INFO 7003.700036145452: Sending message <Pong:> to Peer_2:basic
Peer_5:basic INFO 7003.700819241369: Received message <Ping:> from Peer_17:basic
Peer_5:basic INFO 7003.700819241369: Sending message <Pong:> to Peer_17:basic
Peer_5:basic INFO 7004.401004812527: Received message <Ping:> from Peer_4:basic
Peer_5:basic INFO 7004.401004812527: Sending message <Pong:> to Peer_4:basic
Peer_5:basic INFO 7004.549274151485: Received message <Ping:> from Peer_19:basic
Peer_5:basic INFO 7004.549274151485: Sending message <Pong:> to Peer_19:basic
Peer_5:basic INFO 7007.561996663775: Received message <Ping:> from Peer_13:basic
Peer_5:basic INFO 7007.561996663775: Sending message <Pong:> to Peer_13:basic
Peer_5:basic INFO 7008.035289374591: Received message <Pong:> from Peer_17:basic
Peer_5:basic INFO 7008.781960579225: Received message <Pong:> from Peer_19:basic
Peer_5:basic INFO 7009.433133649362: Received message <Pong:> from Peer_11:basic
Peer_5:basic INFO 7010.425592017192: Received message <Pong:> from Peer_13:basic
Peer_5:basic INFO 7010.86111401113: Received message <Pong:> from Peer_2:basic
Peer_5:basic INFO 7010.963401878319: Received message <Pong:> from Peer_4:basic
Peer_5:basic INFO 7500: Sending message <Ping:> to Peer_21:bootstrap
Peer_5:basic INFO 7500: Sending message <Ping:> to Peer_1:basic
Peer_5:basic INFO 7500: Sending message <Ping:> to Peer_12:basic
Peer_5:basic INFO 7504.016460046111: Received message <Ping:> from Peer_12:basic
Peer_5:basic INFO 7504.016460046111: Sending message <Pong:> to Peer_12:basic
Peer_5:basic INFO 7504.759184697341: Received message <Ping:> from Peer_21:bootstrap
Peer_5:basic INFO 7504.759184697341: Sending message <Pong:> to Peer_21:bootstrap
Peer_5:basic INFO 7505.809776925287: Received message <Ping:> from Peer_1:basic
Peer_5:basic INFO 7505.809776925287: Sending message <Pong:> to Peer_1:basic
Peer_5:basic INFO 7508.862802591278: Received message <Pong:> from Peer_12:basic
Peer_5:basic INFO 7510.4832951665785: Received message <Pong:> from Peer_1:basic
Peer_5:basic INFO 7531.263792985525: Received message <Pong:> from Peer_21:bootstrap
Peer_5:basic INFO 8000: Sending message <Ping:> to Peer_4:basic
Peer_5:basic INFO 8000: Sending message <Ping:> to Peer_13:basic
Peer_5:basic INFO 8000: Sending message <Ping:> to Peer_2:basic
Peer_5:basic INFO 8000: Sending message <Ping:> to Peer_19:basic
Peer_5:basic INFO 8000: Sending message <Ping:> to Peer_11:basic
Peer_5:basic INFO 8000: Sending message <Ping:> to Peer_17:basic
Peer_5:basic INFO 8002.776322840988: Received message <Ping:> from Peer_19:basic
Peer_5:basic INFO 8002.776322840988: Sending message <Pong:> to Peer_19:basic
Peer_5:basic INFO 8004.335845976232: Received message <Ping:> from Peer_2:basic
Peer_5:basic INFO 8004.335845976232: Sending message <Pong:> to Peer_2:basic
Peer_5:basic INFO 8006.020592478793: Received message <Ping:> from Peer_17:basic
Peer_5:basic INFO 8006.020592478793: Sending message <Pong:> to Peer_17:basic
Peer_5:basic INFO 8006.43132491842: Received message <Ping:> from Peer_4:basic
Peer_5:basic INFO 8006.43132491842: Sending message <Pong:> to Peer_4:basic
Peer_5:basic INFO 8006.593578306945: Received message <Pong:> from Peer_2:basic
Peer_5:basic INFO 8006.631916957162: Received message <Ping:> from Peer_11:basic
Peer_5:basic INFO 8006.631916957162: Sending message <Pong:> to Peer_11:basic
Peer_5:basic INFO 8008.924341294034: Received message <Ping:> from Peer_13:basic
Peer_5:basic INFO 8008.924341294034: Sending message <Pong:> to Peer_13:basic
Peer_5:basic INFO 8009.310713577339: Received message <Pong:> from Peer_19:basic
Peer_5:basic INFO 8010.281868858385: Received message <Pong:> from Peer_13:basic
Peer_5:basic INFO 8010.492876372169: Received message <Pong:> from Peer_17:basic
Peer_5:basic INFO 8010.583292418392: Received message <Pong:> from Peer_4:basic
Peer_5:basic INFO 8012.308202398735: Received message <Pong:> from Peer_11:basic
Peer_5:basic INFO 8500: Sending message <Ping:> to Peer_21:bootstrap
Peer_5:basic INFO 8500: Sending message <Ping:> to Peer_1:basic
Peer_5:basic INFO 8500: Sending message <Ping:> to Peer_12:basic
Peer_5:basic INFO 8502.10650904799: Received message <Ping:> from Peer_21:bootstrap
Peer_5:basic INFO 8502.10650904799: Sending message <Pong:> to Peer_21:bootstrap
Peer_5:basic INFO 8505.141661844844: Received message <Ping:> from Peer_12:basic
Peer_5:basic INFO 8505.141661844844: Sending message <Pong:> to Peer_12:basic
Peer_5:basic INFO 8508.984867628076: Received message <Ping:> from Peer_1:basic
Peer_5:basic INFO 8508.984867628076: Sending message <Pong:> to Peer_1:basic
Peer_5:basic INFO 8510.03856560484: Received message <Pong:> from Peer_12:basic
Peer_5:basic INFO 8510.533922328194: Received message <Pong:> from Peer_1:basic
Peer_5:basic INFO 8516.842189118814: Received message <Pong:> from Peer_21:bootstrap
Peer_5:basic INFO 9000: Sending message <Ping:> to Peer_4:basic
Peer_5:basic INFO 9000: Sending message <Ping:> to Peer_13:basic
Peer_5:basic INFO 9000: Sending message <Ping:> to Peer_2:basic
Peer_5:basic INFO 9000: Sending message <Ping:> to Peer_19:basic
Peer_5:basic INFO 9000: Sending message <Ping:> to Peer_11:basic
Peer_5:basic INFO 9000: Sending message <Ping:> to Peer_17:basic
Peer_5:basic INFO 9005.015533844662: Received message <Ping:> from Peer_17:basic
Peer_5:basic INFO 9005.015533844662: Sending message <Pong:> to Peer_17:basic
Peer_5:basic INFO 9005.280682434404: Received message <Ping:> from Peer_11:basic
Peer_5:basic INFO 9005.280682434404: Sending message <Pong:> to Peer_11:basic
Peer_5:basic INFO 9005.354144070152: Received message <Ping:> from Peer_4:basic
Peer_5:basic INFO 9005.354144070152: Sending message <Pong:> to Peer_4:basic
Peer_5:basic INFO 9005.585977099807: Received message <Ping:> from Peer_19:basic
Peer_5:basic INFO 9005.585977099807: Sending message <Pong:> to Peer_19:basic
Peer_5:basic INFO 9006.14767167356: Received message <Ping:> from Peer_2:basic
Peer_5:basic INFO 9006.14767167356: Sending message <Pong:> to Peer_2:basic
Peer_5:basic INFO 9006.764428822224: Received message <Pong:> from Peer_17:basic
Peer_5:basic INFO 9007.26720444703: Received message <Ping:> from Peer_13:basic
Peer_5:basic INFO 9007.26720444703: Sending message <Pong:> to Peer_13:basic
Peer_5:basic INFO 9007.49663292103: Received message <Pong:> from Peer_11:basic
Peer_5:basic INFO 9009.530379606136: Received message <Pong:> from Peer_13:basic
Peer_5:basic INFO 9010.191263662187: Received message <Pong:> from Peer_19:basic
Peer_5:basic INFO 9010.363422681636: Received message <Pong:> from Peer_4:basic
Peer_5:basic INFO 9011.590313638315: Received message <Pong:> from Peer_2:basic
Peer_5:basic INFO 9500: Sending message <Ping:> to Peer_21:bootstrap
Peer_5:basic INFO 9500: Sending message <Ping:> to Peer_1:basic
Peer_5:basic INFO 9500: Sending message <Ping:> to Peer_12:basic
Peer_5:basic INFO 9505.251463047567: Received message <Ping:> from Peer_1:basic
Peer_5:basic INFO 9505.251463047567: Sending message <Pong:> to Peer_1:basic
Peer_5:basic INFO 9505.499761118357: Received message <Ping:> from Peer_12:basic
Peer_5:basic INFO 9505.499761118357: Sending message <Pong:> to Peer_12:basic
Peer_5:basic INFO 9506.802212326213: Received message <Ping:> from Peer_21:bootstrap
Peer_5:basic INFO 9506.802212326213: Sending message <Pong:> to Peer_21:bootstrap
Peer_5:basic INFO 9509.63181628259: Received message <Pong:> from Peer_1:basic
Peer_5:basic INFO 9510.853960715755: Received message <Pong:> from Peer_12:basic
Peer_5:basic INFO 9514.135948958925: Received message <Pong:> from Peer_21:bootstrap
