Peer_10:basic WARNING 0: Not enough peers, fetching more (0, 8)
Peer_10:basic INFO 7.752914558566681: Connecting to Peer_21:bootstrap
Peer_10:basic INFO 11.230804966338487: Received message <RequestPeers:> from Peer_21:bootstrap
Peer_10:basic INFO 11.230804966338487: Sending message <PeerList> to Peer_21:bootstrap
Peer_10:basic INFO 11.766340171509745: Received message <Hello:> from Peer_21:bootstrap
Peer_10:basic WARNING 500: Not enough peers, fetching more (1, 8)
Peer_10:basic INFO 500: Sending message <RequestPeers:> to Peer_21:bootstrap
Peer_10:basic INFO 508.1971063923368: Received message <PeerList> from Peer_21:bootstrap
Peer_10:basic WARNING 1000: Not enough peers, fetching more (1, 8)
Peer_10:basic INFO 1000: Sending message <RequestPeers:> to Peer_21:bootstrap
Peer_10:basic INFO 1004.2788776840322: Received message <Hello:> from Peer_17:basic
Peer_10:basic INFO 1004.2788776840322: Connecting to Peer_17:basic
Peer_10:basic INFO 1004.2788776840322: Sending message <Hello:> to Peer_17:basic
Peer_10:basic INFO 1004.2788776840322: Sending message <RequestPeers:> to Peer_17:basic
Peer_10:basic INFO 1004.9008698625709: Connecting to Peer_18:basic
Peer_10:basic INFO 1007.4673228513026: Received message <PeerList> from Peer_21:bootstrap
Peer_10:basic INFO 1008.306426503074: Received message <Hello:> from Peer_18:basic
Peer_10:basic INFO 1009.4183554863489: Received message <RequestPeers:> from Peer_18:basic
Peer_10:basic INFO 1009.4183554863489: Sending message <PeerList> to Peer_18:basic
Peer_10:basic INFO 1015.7021879984976: Received message <PeerList> from Peer_17:basic
Peer_10:basic WARNING 1500: Not enough peers, fetching more (3, 8)
Peer_10:basic INFO 1500: Sending message <RequestPeers:> to Peer_21:bootstrap
Peer_10:basic INFO 1500: Sending message <RequestPeers:> to Peer_18:basic
Peer_10:basic INFO 1500: Sending message <RequestPeers:> to Peer_17:basic
Peer_10:basic INFO 1502.4508126457245: Received message <RequestPeers:> from Peer_18:basic
Peer_10:basic INFO 1502.4508126457245: Sending message <PeerList> to Peer_18:basic
Peer_10:basic INFO 1504.7872720488808: Connecting to Peer_3:basic
Peer_10:basic INFO 1506.4625142203276: Received message <RequestPeers:> from Peer_17:basic
Peer_10:basic INFO 1506.4625142203276: Sending message <PeerList> to Peer_17:basic
Peer_10:basic INFO 1508.9642502232398: Received message <PeerList> from Peer_17:basic
Peer_10:basic INFO 1509.1940556612858: Received message <RequestPeers:> from Peer_3:basic
Peer_10:basic INFO 1509.1940556612858: Sending message <PeerList> to Peer_3:basic
Peer_10:basic INFO 1509.506008562739: Received message <Hello:> from Peer_3:basic
Peer_10:basic INFO 1509.5710594421525: Received message <PeerList> from Peer_21:bootstrap
Peer_10:basic INFO 1512.4596609195364: Received message <PeerList> from Peer_18:basic
Peer_10:basic WARNING 2000: Not enough peers, fetching more (4, 8)
Peer_10:basic INFO 2000: Sending message <RequestPeers:> to Peer_17:basic
Peer_10:basic INFO 2000: Sending message <RequestPeers:> to Peer_21:bootstrap
Peer_10:basic INFO 2000: Sending message <RequestPeers:> to Peer_18:basic
Peer_10:basic INFO 2000: Sending message <RequestPeers:> to Peer_3:basic
Peer_10:basic INFO 2005.7578379588992: Connecting to Peer_8:basic
Peer_10:basic INFO 2005.9877433218217: Connecting to Peer_13:basic
Peer_10:basic INFO 2006.5090808322448: Received message <RequestPeers:> from Peer_17:basic
Peer_10:basic INFO 2006.5090808322448: Sending message <PeerList> to Peer_17:basic
Peer_10:basic INFO 2007.9385305826909: Received message <PeerList> from Peer_18:basic
Peer_10:basic INFO 2008.3345432676954: Received message <Hello:> from Peer_15:basic
Peer_10:basic INFO 2008.3345432676954: Connecting to Peer_15:basic
Peer_10:basic INFO 2008.3345432676954: Sending message <Hello:> to Peer_15:basic
Peer_10:basic INFO 2008.3345432676954: Sending message <RequestPeers:> to Peer_15:basic
Peer_10:basic INFO 2009.5583465418617: Received message <RequestPeers:> from Peer_13:basic
Peer_10:basic INFO 2009.5583465418617: Sending message <PeerList> to Peer_13:basic
Peer_10:basic INFO 2009.5643133506223: Received message <PeerList> from Peer_17:basic
Peer_10:basic INFO 2010.0235201771025: Received message <PeerList> from Peer_3:basic
Peer_10:basic INFO 2010.120689532501: Received message <Hello:> from Peer_8:basic
Peer_10:basic INFO 2012.064083402435: Received message <PeerList> from Peer_21:bootstrap
Peer_10:basic INFO 2012.9788814251906: Received message <RequestPeers:> from Peer_8:basic
Peer_10:basic INFO 2012.9788814251906: Sending message <PeerList> to Peer_8:basic
Peer_10:basic INFO 2015.1547468362132: Received message <Hello:> from Peer_13:basic
Peer_10:basic INFO 2020.8779833100518: Received message <PeerList> from Peer_15:basic
Peer_10:basic WARNING 2500: Not enough peers, fetching more (7, 8)
Peer_10:basic INFO 2505.7678710910595: Connecting to Peer_11:basic
Peer_10:basic INFO 2509.486937164971: Received message <RequestPeers:> from Peer_11:basic
Peer_10:basic INFO 2509.486937164971: Sending message <PeerList> to Peer_11:basic
Peer_10:basic INFO 2511.0471917868704: Received message <Hello:> from Peer_11:basic
Peer_10:basic INFO 3000: Sending message <Ping:> to Peer_21:bootstrap
Peer_10:basic INFO 3000: Sending message <Ping:> to Peer_17:basic
Peer_10:basic INFO 3000: Sending message <Ping:> to Peer_18:basic
Peer_10:basic INFO 3000: Sending message <Ping:> to Peer_3:basic
Peer_10:basic INFO 3000: Sending message <Ping:> to Peer_8:basic
Peer_10:basic INFO 3000: Sending message <Ping:> to Peer_13:basic
Peer_10:basic INFO 3000: Sending message <Ping:> to Peer_15:basic
Peer_10:basic INFO 3004.3269735972376: Received message <Ping:> from Peer_21:bootstrap
Peer_10:basic INFO 3004.3269735972376: Sending message <Pong:> to Peer_21:bootstrap
Peer_10:basic INFO 3004.679706139322: Received message <Ping:> from Peer_15:basic
Peer_10:basic INFO 3004.679706139322: Sending message <Pong:> to Peer_15:basic
Peer_10:basic INFO 3004.871311810071: Received message <Ping:> from Peer_13:basic
Peer_10:basic INFO 3004.871311810071: Sending message <Pong:> to Peer_13:basic
Peer_10:basic INFO 3005.1725939797993: Received message <Ping:> from Peer_17:basic
Peer_10:basic INFO 3005.1725939797993: Sending message <Pong:> to Peer_17:basic
Peer_10:basic INFO 3005.4813117693334: Received message <Ping:> from Peer_3:basic
Peer_10:basic INFO 3005.4813117693334: Sending message <Pong:> to Peer_3:basic
Peer_10:basic INFO 3007.244738861374: Received message <Ping:> from Peer_18:basic
Peer_10:basic INFO 3007.244738861374: Sending message <Pong:> to Peer_18:basic
Peer_10:basic INFO 3007.3812220512327: Received message <Ping:> from Peer_8:basic
Peer_10:basic INFO 3007.3812220512327: Sending message <Pong:> to Peer_8:basic
Peer_10:basic INFO 3007.4914089595504: Received message <Pong:> from Peer_13:basic
Peer_10:basic INFO 3007.5971092619097: Received message <Pong:> from Peer_18:basic
Peer_10:basic INFO 3008.844371141314: Received message <Pong:> from Peer_3:basic
Peer_10:basic INFO 3010.3672729718046: Received message <Pong:> from Peer_17:basic
Peer_10:basic INFO 3010.4370322517516: Received message <Pong:> from Peer_8:basic
Peer_10:basic INFO 3011.6038061369763: Received message <Pong:> from Peer_15:basic
Peer_10:basic INFO 3015.8253506234464: Received message <Pong:> from Peer_21:bootstrap
Peer_10:basic INFO 3500: Sending message <Ping:> to Peer_11:basic
Peer_10:basic INFO 3504.988774190304: Received message <Ping:> from Peer_11:basic
Peer_10:basic INFO 3504.988774190304: Sending message <Pong:> to Peer_11:basic
Peer_10:basic INFO 3510.084556274428: Received message <Pong:> from Peer_11:basic
Peer_10:basic INFO 4000: Sending message <Ping:> to Peer_21:bootstrap
Peer_10:basic INFO 4000: Sending message <Ping:> to Peer_17:basic
Peer_10:basic INFO 4000: Sending message <Ping:> to Peer_18:basic
Peer_10:basic INFO 4000: Sending message <Ping:> to Peer_3:basic
Peer_10:basic INFO 4000: Sending message <Ping:> to Peer_8:basic
Peer_10:basic INFO 4000: Sending message <Ping:> to Peer_13:basic
Peer_10:basic INFO 4000: Sending message <Ping:> to Peer_15:basic
Peer_10:basic INFO 4003.6992507070304: Received message <Ping:> from Peer_3:basic
Peer_10:basic INFO 4003.6992507070304: Sending message <Pong:> to Peer_3:basic
Peer_10:basic INFO 4003.9375562915807: Received message <Ping:> from Peer_18:basic
Peer_10:basic INFO 4003.9375562915807: Sending message <Pong:> to Peer_18:basic
Peer_10:basic INFO 4004.9732958028494: Received message <Ping:> from Peer_8:basic
Peer_10:basic INFO 4004.9732958028494: Sending message <Pong:> to Peer_8:basic
Peer_10:basic INFO 4005.4164480180916: Received message <Ping:> from Peer_21:bootstrap
Peer_10:basic INFO 4005.4164480180916: Sending message <Pong:> to Peer_21:bootstrap
Peer_10:basic INFO 4006.295763248503: Received message <Ping:> from Peer_17:basic
Peer_10:basic INFO 4006.295763248503: Sending message <Pong:> to Peer_17:basic
Peer_10:basic INFO 4006.4140719973216: Received message <Ping:> from Peer_15:basic
Peer_10:basic INFO 4006.4140719973216: Sending message <Pong:> to Peer_15:basic
Peer_10:basic INFO 4006.972338593351: Received message <Ping:> from Peer_13:basic
Peer_10:basic INFO 4006.972338593351: Sending message <Pong:> to Peer_13:basic
Peer_10:basic INFO 4009.0664483701366: Received message <Pong:> from Peer_17:basic
Peer_10:basic INFO 4010.2018375886623: Received message <Pong:> from Peer_18:basic
Peer_10:basic INFO 4012.1207153526266: Received message <Pong:> from Peer_3:basic
Peer_10:basic INFO 4012.2994142769194: Received message <Pong:> from Peer_8:basic
Peer_10:basic INFO 4012.5104019781284: Received message <Pong:> from Peer_13:basic
Peer_10:basic INFO 4013.1178100674188: Received message <Pong:> from Peer_15:basic
Peer_10:basic INFO 4014.783560479798: Received message <Pong:> from Peer_21:bootstrap
Peer_10:basic INFO 4500: Sending message <Ping:> to Peer_11:basic
Peer_10:basic INFO 4504.271317289761: Received message <Ping:> from Peer_11:basic
Peer_10:basic INFO 4504.271317289761: Sending message <Pong:> to Peer_11:basic
Peer_10:basic INFO 4511.018647026545: Received message <Pong:> from Peer_11:basic
Peer_10:basic INFO 5000: Sending message <Ping:> to Peer_21:bootstrap
Peer_10:basic INFO 5000: Sending message <Ping:> to Peer_17:basic
Peer_10:basic INFO 5000: Sending message <Ping:> to Peer_18:basic
Peer_10:basic INFO 5000: Sending message <Ping:> to Peer_3:basic
Peer_10:basic INFO 5000: Sending message <Ping:> to Peer_8:basic
Peer_10:basic INFO 5000: Sending message <Ping:> to Peer_13:basic
Peer_10:basic INFO 5000: Sending message <Ping:> to Peer_15:basic
Peer_10:basic INFO 5003.494531477642: Received message <Ping:> from Peer_21:bootstrap
Peer_10:basic INFO 5003.494531477642: Sending message <Pong:> to Peer_21:bootstrap
Peer_10:basic INFO 5005.226689584163: Received message <Ping:> from Peer_15:basic
Peer_10:basic INFO 5005.226689584163: Sending message <Pong:> to Peer_15:basic
Peer_10:basic INFO 5005.487407023143: Received message <Ping:> from Peer_13:basic
Peer_10:basic INFO 5005.487407023143: Sending message <Pong:> to Peer_13:basic
Peer_10:basic INFO 5005.792465793479: Received message <Ping:> from Peer_8:basic
Peer_10:basic INFO 5005.792465793479: Sending message <Pong:> to Peer_8:basic
Peer_10:basic INFO 5005.916434986964: Received message <Ping:> from Peer_17:basic
Peer_10:basic INFO 5005.916434986964: Sending message <Pong:> to Peer_17:basic
Peer_10:basic INFO 5006.125889465121: Received message <Ping:> from Peer_3:basic
Peer_10:basic INFO 5006.125889465121: Sending message <Pong:> to Peer_3:basic
Peer_10:basic INFO 5007.287682247657: Received message <Ping:> from Peer_18:basic
Peer_10:basic INFO 5007.287682247657: Sending message <Pong:> to Peer_18:basic
Peer_10:basic INFO 5008.122620272753: Received message <Pong:> from Peer_18:basic
Peer_10:basic INFO 5008.724510654938: Received message <Pong:> from Peer_15:basic
Peer_10:basic INFO 5010.094054720655: Received message <Pong:> from Peer_17:basic
Peer_10:basic INFO 5010.188691585844: Received message <Pong:> from Peer_8:basic
Peer_10:basic INFO 5010.72131177754: Received message <Pong:> from Peer_21:bootstrap
Peer_10:basic INFO 5011.6215155209375: Received message <Pong:> from Peer_3:basic
Peer_10:basic INFO 5014.823156233104: Received message <Pong:> from Peer_13:basic
Peer_10:basic INFO 5500: Sending message <Ping:> to Peer_11:basic
Peer_10:basic INFO 5506.497208394121: Received message <Ping:> from Peer_11:basic
Peer_10:basic INFO 5506.497208394121: Sending message <Pong:> to Peer_11:basic
Peer_10:basic INFO 5508.56231848175: Received message <Pong:> from Peer_11:basic
Peer_10:basic INFO 6000: Sending message <Ping:> to Peer_21:bootstrap
Peer_10:basic INFO 6000: Sending message <Ping:> to Peer_17:basic
Peer_10:basic INFO 6000: Sending message <Ping:> to Peer_18:basic
Peer_10:basic INFO 6000: Sending message <Ping:> to Peer_3:basic
Peer_10:basic INFO 6000: Sending message <Ping:> to Peer_8:basic
Peer_10:basic INFO 6000: Sending message <Ping:> to Peer_13:basic
Peer_10:basic INFO 6000: Sending message <Ping:> to Peer_15:basic
Peer_10:basic INFO 6004.204517557321: Received message <Ping:> from Peer_17:basic
Peer_10:basic INFO 6004.204517557321: Sending message <Pong:> to Peer_17:basic
Peer_10:basic INFO 6005.1367214994125: Received message <Ping:> from Peer_3:basic
Peer_10:basic INFO 6005.1367214994125: Sending message <Pong:> to Peer_3:basic
Peer_10:basic INFO 6005.245547686844: Received message <Ping:> from Peer_8:basic
Peer_10:basic INFO 6005.245547686844: Sending message <Pong:> to Peer_8:basic
Peer_10:basic INFO 6005.583551230756: Received message <Ping:> from Peer_21:bootstrap
Peer_10:basic INFO 6005.583551230756: Sending message <Pong:> to Peer_21:bootstrap
Peer_10:basic INFO 6005.8438017679855: Received message <Ping:> from Peer_13:basic
Peer_10:basic INFO 6005.8438017679855: Sending message <Pong:> to Peer_13:basic
Peer_10:basic INFO 6007.292826336353: Received message <Ping:> from Peer_15:basic
Peer_10:basic INFO 6007.292826336353: Sending message <Pong:> to Peer_15:basic
Peer_10:basic INFO 6007.76961041543: Received message <Ping:> from Peer_18:basic
Peer_10:basic INFO 6007.76961041543: Sending message <Pong:> to Peer_18:basic
Peer_10:basic INFO 6008.944208923822: Received message <Pong:> from Peer_3:basic
Peer_10:basic INFO 6009.416192023543: Received message <Pong:> from Peer_8:basic
Peer_10:basic INFO 6009.694589225876: Received message <Pong:> from Peer_17:basic
Peer_10:basic INFO 6011.883527919361: Received message <Pong:> from Peer_13:basic
Peer_10:basic INFO 6012.341653202792: Received message <Pong:> from Peer_21:bootstrap
Peer_10:basic INFO 6013.5464709090775: Received message <Pong:> from Peer_15:basic
Peer_10:basic INFO 6022.444360406669: Received message <Pong:> from Peer_18:basic
Peer_10:basic INFO 6500: Sending message <Ping:> to Peer_11:basic
Peer_10:basic INFO 6503.592866348035: Received message <Ping:> from Peer_11:basic
Peer_10:basic INFO 6503.592866348035: Sending message <Pong:> to Peer_11:basic
Peer_10:basic INFO 6510.395357082939: Received message <Pong:> from Peer_11:basic
Peer_10:basic INFO 7000: Sending message <Ping:> to Peer_21:bootstrap
Peer_10:basic INFO 7000: Sending message <Ping:> to Peer_17:basic
Peer_10:basic INFO 7000: Sending message <Ping:> to Peer_18:basic
Peer_10:basic INFO 7000: Sending message <Ping:> to Peer_3:basic
Peer_10:basic INFO 7000: Sending message <Ping:> to Peer_8:basic
Peer_10:basic INFO 7000: Sending message <Ping:> to Peer_13:basic
Peer_10:basic INFO 7000: Sending message <Ping:> to Peer_15:basic
Peer_10:basic INFO 7003.055956376807: Received message <Ping:> from Peer_21:bootstrap
Peer_10:basic INFO 7003.055956376807: Sending message <Pong:> to Peer_21:bootstrap
Peer_10:basic INFO 7003.3511066089095: Received message <Ping:> from Peer_15:basic
Peer_10:basic INFO 7003.3511066089095: Sending message <Pong:> to Peer_15:basic
Peer_10:basic INFO 7003.477996600541: Received message <Ping:> from Peer_3:basic
Peer_10:basic INFO 7003.477996600541: Sending message <Pong:> to Peer_3:basic
Peer_10:basic INFO 7005.175887290697: Received message <Ping:> from Peer_13:basic
Peer_10:basic INFO 7005.175887290697: Sending message <Pong:> to Peer_13:basic
Peer_10:basic INFO 7005.217817325273: Received message <Ping:> from Peer_17:basic
Peer_10:basic INFO 7005.217817325273: Sending message <Pong:> to Peer_17:basic
Peer_10:basic INFO 7005.37675032828: Received message <Ping:> from Peer_8:basic
Peer_10:basic INFO 7005.37675032828: Sending message <Pong:> to Peer_8:basic
Peer_10:basic INFO 7005.912111119857: Received message <Ping:> from Peer_18:basic
Peer_10:basic INFO 7005.912111119857: Sending message <Pong:> to Peer_18:basic
Peer_10:basic INFO 7006.376558401837: Received message <Pong:> from Peer_15:basic
Peer_10:basic INFO 7007.32592443069: Received message <Pong:> from Peer_21:bootstrap
Peer_10:basic INFO 7010.318584508555: Received message <Pong:> from Peer_17:basic
Peer_10:basic INFO 7010.461986263244: Received message <Pong:> from Peer_3:basic
Peer_10:basic INFO 7011.493634810627: Received message <Pong:> from Peer_8:basic
Peer_10:basic INFO 7011.51348123727: Received message <Pong:> from Peer_18:basic
Peer_10:basic INFO 7015.758519878227: Received message <Pong:> from Peer_13:basic
Peer_10:basic INFO 7500: Sending message <Ping:> to Peer_11:basic
Peer_10:basic INFO 7506.823977186618: Received message <Ping:> from Peer_11:basic
Peer_10:basic INFO 7506.823977186618: Sending message <Pong:> to Peer_11:basic
Peer_10:basic INFO 7507.419913921237: Received message <Pong:> from Peer_11:basic
Peer_10:basic INFO 8000: Sending message <Ping:> to Peer_21:bootstrap
Peer_10:basic INFO 8000: Sending message <Ping:> to Peer_17:basic
Peer_10:basic INFO 8000: Sending message <Ping:> to Peer_18:basic
Peer_10:basic INFO 8000: Sending message <Ping:> to Peer_3:basic
Peer_10:basic INFO 8000: Sending message <Ping:> to Peer_8:basic
Peer_10:basic INFO 8000: Sending message <Ping:> to Peer_13:basic
Peer_10:basic INFO 8000: Sending message <Ping:> to Peer_15:basic
Peer_10:basic INFO 8003.060738733486: Received message <Ping:> from Peer_15:basic
Peer_10:basic INFO 8003.060738733486: Sending message <Pong:> to Peer_15:basic
Peer_10:basic INFO 8003.323363185329: Received message <Ping:> from Peer_18:basic
Peer_10:basic INFO 8003.323363185329: Sending message <Pong:> to Peer_18:basic
Peer_10:basic INFO 8004.0888376456405: Received message <Ping:> from Peer_3:basic
Peer_10:basic INFO 8004.0888376456405: Sending message <Pong:> to Peer_3:basic
Peer_10:basic INFO 8004.114684226741: Received message <Ping:> from Peer_17:basic
Peer_10:basic INFO 8004.114684226741: Sending message <Pong:> to Peer_17:basic
Peer_10:basic INFO 8005.230777608293: Received message <Ping:> from Peer_8:basic
Peer_10:basic INFO 8005.230777608293: Sending message <Pong:> to Peer_8:basic
Peer_10:basic INFO 8006.200215392293: Received message <Ping:> from Peer_21:bootstrap
Peer_10:basic INFO 8006.200215392293: Sending message <Pong:> to Peer_21:bootstrap
Peer_10:basic INFO 8007.466516461489: Received message <Ping:> from Peer_13:basic
Peer_10:basic INFO 8007.466516461489: Sending message <Pong:> to Peer_13:basic
Peer_10:basic INFO 8009.3466997001215: Received message <Pong:> from Peer_15:basic
Peer_10:basic INFO 8009.553295444058: Received message <Pong:> from Peer_17:basic
Peer_10:basic INFO 8009.696539940372: Received message <Pong:> from Peer_3:basic
Peer_10:basic INFO 8009.852202609576: Received message <Pong:> from Peer_8:basic
Peer_10:basic INFO 8010.771512740124: Received message <Pong:> from Peer_18:basic
Peer_10:basic INFO 8012.207698979592: Received message <Pong:> from Peer_13:basic
Peer_10:basic INFO 8016.547327026836: Received message <Pong:> from Peer_21:bootstrap
Peer_10:basic INFO 8500: Sending message <Ping:> to Peer_11:basic
Peer_10:basic INFO 8505.734975113251: Received message <Ping:> from Peer_11:basic
Peer_10:basic INFO 8505.734975113251: Sending message <Pong:> to Peer_11:basic
Peer_10:basic INFO 8509.741466786103: Received message <Pong:> from Peer_11:basic
Peer_10:basic INFO 9000: Sending message <Ping:> to Peer_21:bootstrap
Peer_10:basic INFO 9000: Sending message <Ping:> to Peer_17:basic
Peer_10:basic INFO 9000: Sending message <Ping:> to Peer_18:basic
Peer_10:basic INFO 9000: Sending message <Ping:> to Peer_3:basic
Peer_10:basic INFO 9000: Sending message <Ping:> to Peer_8:basic
Peer_10:basic INFO 9000: Sending message <Ping:> to Peer_13:basic
Peer_10:basic INFO 9000: Sending message <Ping:> to Peer_15:basic
Peer_10:basic INFO 9004.285130180731: Received message <Ping:> from Peer_8:basic
Peer_10:basic INFO 9004.285130180731: Sending message <Pong:> to Peer_8:basic
Peer_10:basic INFO 9005.234719870452: Received message <Ping:> from Peer_13:basic
Peer_10:basic INFO 9005.234719870452: Sending message <Pong:> to Peer_13:basic
Peer_10:basic INFO 9005.62378341932: Received message <Ping:> from Peer_17:basic
Peer_10:basic INFO 9005.62378341932: Sending message <Pong:> to Peer_17:basic
Peer_10:basic INFO 9006.202475230673: Received message <Ping:> from Peer_3:basic
Peer_10:basic INFO 9006.202475230673: Sending message <Pong:> to Peer_3:basic
Peer_10:basic INFO 9006.466902628988: Received message <Ping:> from Peer_21:bootstrap
Peer_10:basic INFO 9006.466902628988: Sending message <Pong:> to Peer_21:bootstrap
Peer_10:basic INFO 9006.956516565106: Received message <Ping:> from Peer_15:basic
Peer_10:basic INFO 9006.956516565106: Sending message <Pong:> to Peer_15:basic
Peer_10:basic INFO 9008.042206898368: Received message <Pong:> from Peer_3:basic
Peer_10:basic INFO 9009.856728786026: Received message <Pong:> from Peer_17:basic
Peer_10:basic INFO 9010.189352350786: Received message <Ping:> from Peer_18:basic
Peer_10:basic INFO 9010.189352350786: Sending message <Pong:> to Peer_18:basic
Peer_10:basic INFO 9011.204497048222: Received message <Pong:> from Peer_15:basic
Peer_10:basic INFO 9011.92017821247: Received message <Pong:> from Peer_8:basic
Peer_10:basic INFO 9013.124538459671: Received message <Pong:> from Peer_18:basic
Peer_10:basic INFO 9013.20774501136: Received message <Pong:> from Peer_21:bootstrap
Peer_10:basic INFO 9013.927050228547: Received message <Pong:> from Peer_13:basic
Peer_10:basic INFO 9500: Sending message <Ping:> to Peer_11:basic
Peer_10:basic INFO 9505.726075584013: Received message <Ping:> from Peer_11:basic
Peer_10:basic INFO 9505.726075584013: Sending message <Pong:> to Peer_11:basic
Peer_10:basic INFO 9510.296286306591: Received message <Pong:> from Peer_11:basic
