Peer_21:bootstrap WARNING 0: Not enough peers, fetching more (0, 15)
Peer_21:bootstrap INFO 3.3349189324653725: Received message <Hello:> from Peer_5:basic
Peer_21:bootstrap INFO 3.3349189324653725: Connecting to Peer_5:basic
Peer_21:bootstrap INFO 3.3349189324653725: Sending message <Hello:> to Peer_5:basic
Peer_21:bootstrap INFO 3.3349189324653725: Sending message <RequestPeers:> to Peer_5:basic
Peer_21:bootstrap INFO 3.437461388647057: Received message <Hello:> from Peer_14:basic
Peer_21:bootstrap INFO 3.437461388647057: Connecting to Peer_14:basic
Peer_21:bootstrap INFO 3.437461388647057: Sending message <Hello:> to Peer_14:basic
Peer_21:bootstrap INFO 3.437461388647057: Sending message <RequestPeers:> to Peer_14:basic
Peer_21:bootstrap INFO 3.6456961440238116: Received message <Hello:> from Peer_6:basic
Peer_21:bootstrap INFO 3.6456961440238116: Connecting to Peer_6:basic
Peer_21:bootstrap INFO 3.6456961440238116: Sending message <Hello:> to Peer_6:basic
Peer_21:bootstrap INFO 3.6456961440238116: Sending message <RequestPeers:> to Peer_6:basic
Peer_21:bootstrap INFO 4.082678796782573: Received message <Hello:> from Peer_8:basic
Peer_21:bootstrap INFO 4.082678796782573: Connecting to Peer_8:basic
Peer_21:bootstrap INFO 4.082678796782573: Sending message <Hello:> to Peer_8:basic
Peer_21:bootstrap INFO 4.082678796782573: Sending message <RequestPeers:> to Peer_8:basic
Peer_21:bootstrap INFO 4.100892537879381: Received message <Hello:> from Peer_17:basic
Peer_21:bootstrap INFO 4.100892537879381: Connecting to Peer_17:basic
Peer_21:bootstrap INFO 4.100892537879381: Sending message <Hello:> to Peer_17:basic
Peer_21:bootstrap INFO 4.100892537879381: Sending message <RequestPeers:> to Peer_17:basic
Peer_21:bootstrap INFO 4.274720636752965: Received message <Hello:> from Peer_9:basic
Peer_21:bootstrap INFO 4.274720636752965: Connecting to Peer_9:basic
Peer_21:bootstrap INFO 4.274720636752965: Sending message <Hello:> to Peer_9:basic
Peer_21:bootstrap INFO 4.274720636752965: Sending message <RequestPeers:> to Peer_9:basic
Peer_21:bootstrap INFO 4.333343623929273: Received message <Hello:> from Peer_19:basic
Peer_21:bootstrap INFO 4.333343623929273: Connecting to Peer_19:basic
Peer_21:bootstrap INFO 4.333343623929273: Sending message <Hello:> to Peer_19:basic
Peer_21:bootstrap INFO 4.333343623929273: Sending message <RequestPeers:> to Peer_19:basic
Peer_21:bootstrap INFO 4.444093035660597: Received message <Hello:> from Peer_11:basic
Peer_21:bootstrap INFO 4.444093035660597: Connecting to Peer_11:basic
Peer_21:bootstrap INFO 4.444093035660597: Sending message <Hello:> to Peer_11:basic
Peer_21:bootstrap INFO 4.444093035660597: Sending message <RequestPeers:> to Peer_11:basic
Peer_21:bootstrap INFO 4.868332440331563: Received message <Hello:> from Peer_12:basic
Peer_21:bootstrap INFO 4.868332440331563: Connecting to Peer_12:basic
Peer_21:bootstrap INFO 4.868332440331563: Sending message <Hello:> to Peer_12:basic
Peer_21:bootstrap INFO 4.868332440331563: Sending message <RequestPeers:> to Peer_12:basic
Peer_21:bootstrap INFO 5.034674231484869: Received message <Hello:> from Peer_15:basic
Peer_21:bootstrap INFO 5.034674231484869: Connecting to Peer_15:basic
Peer_21:bootstrap INFO 5.034674231484869: Sending message <Hello:> to Peer_15:basic
Peer_21:bootstrap INFO 5.034674231484869: Sending message <RequestPeers:> to Peer_15:basic
Peer_21:bootstrap INFO 5.147174494291949: Received message <Hello:> from Peer_4:basic
Peer_21:bootstrap INFO 5.147174494291949: Connecting to Peer_4:basic
Peer_21:bootstrap INFO 5.147174494291949: Sending message <Hello:> to Peer_4:basic
Peer_21:bootstrap INFO 5.147174494291949: Sending message <RequestPeers:> to Peer_4:basic
Peer_21:bootstrap INFO 5.332926134352314: Received message <Hello:> from Peer_1:basic
Peer_21:bootstrap INFO 5.332926134352314: Connecting to Peer_1:basic
Peer_21:bootstrap INFO 5.332926134352314: Sending message <Hello:> to Peer_1:basic
Peer_21:bootstrap INFO 5.332926134352314: Sending message <RequestPeers:> to Peer_1:basic
Peer_21:bootstrap INFO 5.405247291405032: Received message <Hello:> from Peer_16:basic
Peer_21:bootstrap INFO 5.405247291405032: Connecting to Peer_16:basic
Peer_21:bootstrap INFO 5.405247291405032: Sending message <Hello:> to Peer_16:basic
Peer_21:bootstrap INFO 5.405247291405032: Sending message <RequestPeers:> to Peer_16:basic
Peer_21:bootstrap INFO 5.58669609211415: Received message <Hello:> from Peer_3:basic
Peer_21:bootstrap INFO 5.58669609211415: Connecting to Peer_3:basic
Peer_21:bootstrap INFO 5.58669609211415: Sending message <Hello:> to Peer_3:basic
Peer_21:bootstrap INFO 5.58669609211415: Sending message <RequestPeers:> to Peer_3:basic
Peer_21:bootstrap INFO 5.970581595158401: Received message <Hello:> from Peer_7:basic
Peer_21:bootstrap INFO 5.970581595158401: Connecting to Peer_7:basic
Peer_21:bootstrap INFO 5.970581595158401: Sending message <Hello:> to Peer_7:basic
Peer_21:bootstrap INFO 5.970581595158401: Sending message <RequestPeers:> to Peer_7:basic
Peer_21:bootstrap INFO 6.03839250521936: Received message <Hello:> from Peer_2:basic
Peer_21:bootstrap INFO 6.03839250521936: Connecting to Peer_2:basic
Peer_21:bootstrap INFO 6.03839250521936: Sending message <Hello:> to Peer_2:basic
Peer_21:bootstrap INFO 6.03839250521936: Sending message <RequestPeers:> to Peer_2:basic
Peer_21:bootstrap INFO 7.175704035915373: Received message <Hello:> from Peer_20:basic
Peer_21:bootstrap INFO 7.175704035915373: Connecting to Peer_20:basic
Peer_21:bootstrap INFO 7.175704035915373: Sending message <Hello:> to Peer_20:basic
Peer_21:bootstrap INFO 7.175704035915373: Sending message <RequestPeers:> to Peer_20:basic
Peer_21:bootstrap INFO 7.481105219944803: Received message <Hello:> from Peer_13:basic
Peer_21:bootstrap INFO 7.481105219944803: Connecting to Peer_13:basic
Peer_21:bootstrap INFO 7.481105219944803: Sending message <Hello:> to Peer_13:basic
Peer_21:bootstrap INFO 7.481105219944803: Sending message <RequestPeers:> to Peer_13:basic
Peer_21:bootstrap INFO 7.752914558566681: Received message <Hello:> from Peer_10:basic
Peer_21:bootstrap INFO 7.752914558566681: Connecting to Peer_10:basic
Peer_21:bootstrap INFO 7.752914558566681: Sending message <Hello:> to Peer_10:basic
Peer_21:bootstrap INFO 7.752914558566681: Sending message <RequestPeers:> to Peer_10:basic
Peer_21:bootstrap INFO 9.794604780612241: Received message <Hello:> from Peer_18:basic
Peer_21:bootstrap INFO 9.794604780612241: Connecting to Peer_18:basic
Peer_21:bootstrap INFO 9.794604780612241: Sending message <Hello:> to Peer_18:basic
Peer_21:bootstrap INFO 9.794604780612241: Sending message <RequestPeers:> to Peer_18:basic
Peer_21:bootstrap INFO 10.897324276970947: Received message <PeerList> from Peer_14:basic
Peer_21:bootstrap INFO 10.907154613348485: Received message <PeerList> from Peer_16:basic
Peer_21:bootstrap INFO 12.341691946848258: Received message <PeerList> from Peer_12:basic
Peer_21:bootstrap INFO 12.640506673083514: Received message <PeerList> from Peer_17:basic
Peer_21:bootstrap INFO 14.502080680492274: Received message <PeerList> from Peer_10:basic
Peer_21:bootstrap INFO 14.910946863634107: Received message <PeerList> from Peer_7:basic
Peer_21:bootstrap INFO 15.015441343536468: Received message <PeerList> from Peer_11:basic
Peer_21:bootstrap INFO 15.151475741483045: Received message <PeerList> from Peer_6:basic
Peer_21:bootstrap INFO 15.244815245702103: Received message <PeerList> from Peer_19:basic
Peer_21:bootstrap INFO 15.31661344245084: Received message <PeerList> from Peer_3:basic
Peer_21:bootstrap INFO 16.32709942153179: Received message <PeerList> from Peer_8:basic
Peer_21:bootstrap INFO 16.752890773912704: Received message <PeerList> from Peer_2:basic
Peer_21:bootstrap INFO 17.353942081427157: Received message <PeerList> from Peer_9:basic
Peer_21:bootstrap INFO 17.567469766238297: Received message <PeerList> from Peer_4:basic
Peer_21:bootstrap INFO 19.20610210237644: Received message <PeerList> from Peer_1:basic
Peer_21:bootstrap INFO 21.931534168012796: Received message <PeerList> from Peer_20:basic
Peer_21:bootstrap INFO 24.626577097674257: Received message <PeerList> from Peer_15:basic
Peer_21:bootstrap INFO 25.897300600989354: Received message <PeerList> from Peer_13:basic
Peer_21:bootstrap INFO 26.629139642291964: Received message <PeerList> from Peer_5:basic
Peer_21:bootstrap INFO 37.3543841223508: Received message <PeerList> from Peer_18:basic
Peer_21:bootstrap INFO 502.07468226884754: Received message <RequestPeers:> from Peer_9:basic
Peer_21:bootstrap INFO 502.07468226884754: Sending message <PeerList> to Peer_9:basic
Peer_21:bootstrap INFO 502.5881998860436: Received message <RequestPeers:> from Peer_13:basic
Peer_21:bootstrap INFO 502.5881998860436: Sending message <PeerList> to Peer_13:basic
Peer_21:bootstrap INFO 502.705689171129: Received message <RequestPeers:> from Peer_1:basic
Peer_21:bootstrap INFO 502.705689171129: Sending message <PeerList> to Peer_1:basic
Peer_21:bootstrap INFO 502.95056330603245: Received message <RequestPeers:> from Peer_15:basic
Peer_21:bootstrap INFO 502.95056330603245: Sending message <PeerList> to Peer_15:basic
Peer_21:bootstrap INFO 503.4529123772741: Received message <RequestPeers:> from Peer_20:basic
Peer_21:bootstrap INFO 503.4529123772741: Sending message <PeerList> to Peer_20:basic
Peer_21:bootstrap INFO 503.66983878039656: Received message <RequestPeers:> from Peer_10:basic
Peer_21:bootstrap INFO 503.66983878039656: Sending message <PeerList> to Peer_10:basic
Peer_21:bootstrap INFO 503.8885168437477: Received message <RequestPeers:> from Peer_6:basic
Peer_21:bootstrap INFO 503.8885168437477: Sending message <PeerList> to Peer_6:basic
Peer_21:bootstrap INFO 504.1279681170631: Received message <RequestPeers:> from Peer_8:basic
Peer_21:bootstrap INFO 504.1279681170631: Sending message <PeerList> to Peer_8:basic
Peer_21:bootstrap INFO 504.250121389747: Received message <RequestPeers:> from Peer_7:basic
Peer_21:bootstrap INFO 504.250121389747: Sending message <PeerList> to Peer_7:basic
Peer_21:bootstrap INFO 504.62409504616534: Received message <RequestPeers:> from Peer_12:basic
Peer_21:bootstrap INFO 504.62409504616534: Sending message <PeerList> to Peer_12:basic
Peer_21:bootstrap INFO 504.8319751462627: Received message <RequestPeers:> from Peer_2:basic
Peer_21:bootstrap INFO 504.8319751462627: Sending message <PeerList> to Peer_2:basic
Peer_21:bootstrap INFO 504.9257234742364: Received message <RequestPeers:> from Peer_19:basic
Peer_21:bootstrap INFO 504.9257234742364: Sending message <PeerList> to Peer_19:basic
Peer_21:bootstrap INFO 505.49630075790935: Received message <RequestPeers:> from Peer_11:basic
Peer_21:bootstrap INFO 505.49630075790935: Sending message <PeerList> to Peer_11:basic
Peer_21:bootstrap INFO 505.56219627989907: Received message <RequestPeers:> from Peer_5:basic
Peer_21:bootstrap INFO 505.56219627989907: Sending message <PeerList> to Peer_5:basic
Peer_21:bootstrap INFO 505.6027422908714: Received message <RequestPeers:> from Peer_17:basic
Peer_21:bootstrap INFO 505.6027422908714: Sending message <PeerList> to Peer_17:basic
Peer_21:bootstrap INFO 506.4452410621538: Received message <RequestPeers:> from Peer_4:basic
Peer_21:bootstrap INFO 506.4452410621538: Sending message <PeerList> to Peer_4:basic
Peer_21:bootstrap INFO 506.9978467758848: Received message <RequestPeers:> from Peer_3:basic
Peer_21:bootstrap INFO 506.9978467758848: Sending message <PeerList> to Peer_3:basic
Peer_21:bootstrap INFO 507.5628945025182: Received message <RequestPeers:> from Peer_18:basic
Peer_21:bootstrap INFO 507.5628945025182: Sending message <PeerList> to Peer_18:basic
Peer_21:bootstrap INFO 509.9027830250238: Received message <RequestPeers:> from Peer_14:basic
Peer_21:bootstrap INFO 509.9027830250238: Sending message <PeerList> to Peer_14:basic
Peer_21:bootstrap INFO 511.38111732910124: Received message <RequestPeers:> from Peer_16:basic
Peer_21:bootstrap INFO 511.38111732910124: Sending message <PeerList> to Peer_16:basic
Peer_21:bootstrap INFO 1003.1219519678942: Received message <RequestPeers:> from Peer_18:basic
Peer_21:bootstrap INFO 1003.1219519678942: Sending message <PeerList> to Peer_18:basic
Peer_21:bootstrap INFO 1003.7427379642451: Received message <RequestPeers:> from Peer_7:basic
Peer_21:bootstrap INFO 1003.7427379642451: Sending message <PeerList> to Peer_7:basic
Peer_21:bootstrap INFO 1003.8199897635087: Received message <RequestPeers:> from Peer_10:basic
Peer_21:bootstrap INFO 1003.8199897635087: Sending message <PeerList> to Peer_10:basic
Peer_21:bootstrap INFO 1004.1906461619579: Received message <RequestPeers:> from Peer_14:basic
Peer_21:bootstrap INFO 1004.1906461619579: Sending message <PeerList> to Peer_14:basic
Peer_21:bootstrap INFO 1004.4940437427872: Received message <RequestPeers:> from Peer_13:basic
Peer_21:bootstrap INFO 1004.4940437427872: Sending message <PeerList> to Peer_13:basic
Peer_21:bootstrap INFO 1004.5172643974247: Received message <RequestPeers:> from Peer_2:basic
Peer_21:bootstrap INFO 1004.5172643974247: Sending message <PeerList> to Peer_2:basic
Peer_21:bootstrap INFO 1004.6058819748428: Received message <RequestPeers:> from Peer_12:basic
Peer_21:bootstrap INFO 1004.6058819748428: Sending message <PeerList> to Peer_12:basic
Peer_21:bootstrap INFO 1004.7514132138474: Received message <RequestPeers:> from Peer_6:basic
Peer_21:bootstrap INFO 1004.7514132138474: Sending message <PeerList> to Peer_6:basic
Peer_21:bootstrap INFO 1004.8103808063418: Received message <RequestPeers:> from Peer_4:basic
Peer_21:bootstrap INFO 1004.8103808063418: Sending message <PeerList> to Peer_4:basic
Peer_21:bootstrap INFO 1004.8439649374246: Received message <RequestPeers:> from Peer_9:basic
Peer_21:bootstrap INFO 1004.8439649374246: Sending message <PeerList> to Peer_9:basic
Peer_21:bootstrap INFO 1004.8751288013924: Received message <RequestPeers:> from Peer_8:basic
Peer_21:bootstrap INFO 1004.8751288013924: Sending message <PeerList> to Peer_8:basic
Peer_21:bootstrap INFO 1005.2878454325945: Received message <RequestPeers:> from Peer_19:basic
Peer_21:bootstrap INFO 1005.2878454325945: Sending message <PeerList> to Peer_19:basic
Peer_21:bootstrap INFO 1005.401972328726: Received message <RequestPeers:> from Peer_15:basic
Peer_21:bootstrap INFO 1005.401972328726: Sending message <PeerList> to Peer_15:basic
Peer_21:bootstrap INFO 1006.298727609162: Received message <RequestPeers:> from Peer_11:basic
Peer_21:bootstrap INFO 1006.298727609162: Sending message <PeerList> to Peer_11:basic
Peer_21:bootstrap INFO 1006.4684666283645: Received message <RequestPeers:> from Peer_17:basic
Peer_21:bootstrap INFO 1006.4684666283645: Sending message <PeerList> to Peer_17:basic
Peer_21:bootstrap INFO 1006.7654216780537: Received message <RequestPeers:> from Peer_3:basic
Peer_21:bootstrap INFO 1006.7654216780537: Sending message <PeerList> to Peer_3:basic
Peer_21:bootstrap INFO 1006.8407902474431: Received message <RequestPeers:> from Peer_20:basic
Peer_21:bootstrap INFO 1006.8407902474431: Sending message <PeerList> to Peer_20:basic
Peer_21:bootstrap INFO 1008.5418818488363: Received message <RequestPeers:> from Peer_1:basic
Peer_21:bootstrap INFO 1008.5418818488363: Sending message <PeerList> to Peer_1:basic
Peer_21:bootstrap INFO 1008.8366256211968: Received message <RequestPeers:> from Peer_16:basic
Peer_21:bootstrap INFO 1008.8366256211968: Sending message <PeerList> to Peer_16:basic
Peer_21:bootstrap INFO 1013.7385929999559: Received message <RequestPeers:> from Peer_5:basic
Peer_21:bootstrap INFO 1013.7385929999559: Sending message <PeerList> to Peer_5:basic
Peer_21:bootstrap INFO 1502.98231277877: Received message <RequestPeers:> from Peer_20:basic
Peer_21:bootstrap INFO 1502.98231277877: Sending message <PeerList> to Peer_20:basic
Peer_21:bootstrap INFO 1504.0264827896626: Received message <RequestPeers:> from Peer_16:basic
Peer_21:bootstrap INFO 1504.0264827896626: Sending message <PeerList> to Peer_16:basic
Peer_21:bootstrap INFO 1504.0393338783485: Received message <RequestPeers:> from Peer_5:basic
Peer_21:bootstrap INFO 1504.0393338783485: Sending message <PeerList> to Peer_5:basic
Peer_21:bootstrap INFO 1504.2408727542302: Received message <RequestPeers:> from Peer_8:basic
Peer_21:bootstrap INFO 1504.2408727542302: Sending message <PeerList> to Peer_8:basic
Peer_21:bootstrap INFO 1504.516714004498: Received message <RequestPeers:> from Peer_9:basic
Peer_21:bootstrap INFO 1504.516714004498: Sending message <PeerList> to Peer_9:basic
Peer_21:bootstrap INFO 1504.751540294961: Received message <RequestPeers:> from Peer_15:basic
Peer_21:bootstrap INFO 1504.751540294961: Sending message <PeerList> to Peer_15:basic
Peer_21:bootstrap INFO 1504.8597194553665: Received message <RequestPeers:> from Peer_12:basic
Peer_21:bootstrap INFO 1504.8597194553665: Sending message <PeerList> to Peer_12:basic
Peer_21:bootstrap INFO 1505.035769591276: Received message <RequestPeers:> from Peer_2:basic
Peer_21:bootstrap INFO 1505.035769591276: Sending message <PeerList> to Peer_2:basic
Peer_21:bootstrap INFO 1505.217845216049: Received message <RequestPeers:> from Peer_17:basic
Peer_21:bootstrap INFO 1505.217845216049: Sending message <PeerList> to Peer_17:basic
Peer_21:bootstrap INFO 1505.4051387892916: Received message <RequestPeers:> from Peer_7:basic
Peer_21:bootstrap INFO 1505.4051387892916: Sending message <PeerList> to Peer_7:basic
Peer_21:bootstrap INFO 1505.5374102504077: Received message <RequestPeers:> from Peer_6:basic
Peer_21:bootstrap INFO 1505.5374102504077: Sending message <PeerList> to Peer_6:basic
Peer_21:bootstrap INFO 1505.5618385185355: Received message <RequestPeers:> from Peer_19:basic
Peer_21:bootstrap INFO 1505.5618385185355: Sending message <PeerList> to Peer_19:basic
Peer_21:bootstrap INFO 1505.6322948304478: Received message <RequestPeers:> from Peer_11:basic
Peer_21:bootstrap INFO 1505.6322948304478: Sending message <PeerList> to Peer_11:basic
Peer_21:bootstrap INFO 1505.6564692816578: Received message <RequestPeers:> from Peer_4:basic
Peer_21:bootstrap INFO 1505.6564692816578: Sending message <PeerList> to Peer_4:basic
Peer_21:bootstrap INFO 1506.0639498647154: Received message <RequestPeers:> from Peer_3:basic
Peer_21:bootstrap INFO 1506.0639498647154: Sending message <PeerList> to Peer_3:basic
Peer_21:bootstrap INFO 1506.813132057007: Received message <RequestPeers:> from Peer_10:basic
Peer_21:bootstrap INFO 1506.813132057007: Sending message <PeerList> to Peer_10:basic
Peer_21:bootstrap INFO 1507.5475508186844: Received message <RequestPeers:> from Peer_14:basic
Peer_21:bootstrap INFO 1507.5475508186844: Sending message <PeerList> to Peer_14:basic
Peer_21:bootstrap INFO 1507.6823234835617: Received message <RequestPeers:> from Peer_18:basic
Peer_21:bootstrap INFO 1507.6823234835617: Sending message <PeerList> to Peer_18:basic
Peer_21:bootstrap INFO 1508.9931644388137: Received message <RequestPeers:> from Peer_1:basic
Peer_21:bootstrap INFO 1508.9931644388137: Sending message <PeerList> to Peer_1:basic
Peer_21:bootstrap INFO 1513.356480253729: Received message <RequestPeers:> from Peer_13:basic
Peer_21:bootstrap INFO 1513.356480253729: Sending message <PeerList> to Peer_13:basic
Peer_21:bootstrap INFO 2003.5362268451668: Received message <RequestPeers:> from Peer_4:basic
Peer_21:bootstrap INFO 2003.5362268451668: Sending message <PeerList> to Peer_4:basic
Peer_21:bootstrap INFO 2004.285056351731: Received message <RequestPeers:> from Peer_11:basic
Peer_21:bootstrap INFO 2004.285056351731: Sending message <PeerList> to Peer_11:basic
Peer_21:bootstrap INFO 2004.9184786741077: Received message <RequestPeers:> from Peer_17:basic
Peer_21:bootstrap INFO 2004.9184786741077: Sending message <PeerList> to Peer_17:basic
Peer_21:bootstrap INFO 2005.3357017839567: Received message <RequestPeers:> from Peer_6:basic
Peer_21:bootstrap INFO 2005.3357017839567: Sending message <PeerList> to Peer_6:basic
Peer_21:bootstrap INFO 2005.4042488954628: Received message <RequestPeers:> from Peer_8:basic
Peer_21:bootstrap INFO 2005.4042488954628: Sending message <PeerList> to Peer_8:basic
Peer_21:bootstrap INFO 2007.0353252932687: Received message <RequestPeers:> from Peer_2:basic
Peer_21:bootstrap INFO 2007.0353252932687: Sending message <PeerList> to Peer_2:basic
Peer_21:bootstrap INFO 2007.2581314608806: Received message <RequestPeers:> from Peer_10:basic
Peer_21:bootstrap INFO 2007.2581314608806: Sending message <PeerList> to Peer_10:basic
Peer_21:bootstrap INFO 2007.990571967711: Received message <RequestPeers:> from Peer_9:basic
Peer_21:bootstrap INFO 2007.990571967711: Sending message <PeerList> to Peer_9:basic
Peer_21:bootstrap INFO 2008.2857278141566: Received message <RequestPeers:> from Peer_16:basic
Peer_21:bootstrap INFO 2008.2857278141566: Sending message <PeerList> to Peer_16:basic
Peer_21:bootstrap INFO 2009.9306473114634: Received message <RequestPeers:> from Peer_13:basic
Peer_21:bootstrap INFO 2009.9306473114634: Sending message <PeerList> to Peer_13:basic
Peer_21:bootstrap INFO 2010.4330723985088: Received message <RequestPeers:> from Peer_14:basic
Peer_21:bootstrap INFO 2010.4330723985088: Sending message <PeerList> to Peer_14:basic
Peer_21:bootstrap INFO 2500: Sending message <Ping:> to Peer_5:basic
Peer_21:bootstrap INFO 2500: Sending message <Ping:> to Peer_19:basic
Peer_21:bootstrap INFO 2500: Sending message <Ping:> to Peer_12:basic
Peer_21:bootstrap INFO 2500: Sending message <Ping:> to Peer_15:basic
Peer_21:bootstrap INFO 2500: Sending message <Ping:> to Peer_1:basic
Peer_21:bootstrap INFO 2500: Sending message <Ping:> to Peer_3:basic
Peer_21:bootstrap INFO 2500: Sending message <Ping:> to Peer_7:basic
Peer_21:bootstrap INFO 2500: Sending message <Ping:> to Peer_20:basic
Peer_21:bootstrap INFO 2500: Sending message <Ping:> to Peer_18:basic
Peer_21:bootstrap INFO 2503.73127938621: Received message <Ping:> from Peer_3:basic
Peer_21:bootstrap INFO 2503.73127938621: Sending message <Pong:> to Peer_3:basic
Peer_21:bootstrap INFO 2503.870927465423: Received message <Ping:> from Peer_20:basic
Peer_21:bootstrap INFO 2503.870927465423: Sending message <Pong:> to Peer_20:basic
Peer_21:bootstrap INFO 2504.0824826111357: Received message <Ping:> from Peer_5:basic
Peer_21:bootstrap INFO 2504.0824826111357: Sending message <Pong:> to Peer_5:basic
Peer_21:bootstrap INFO 2504.330503449023: Received message <Ping:> from Peer_12:basic
Peer_21:bootstrap INFO 2504.330503449023: Sending message <Pong:> to Peer_12:basic
Peer_21:bootstrap INFO 2504.6402026131764: Received message <Ping:> from Peer_15:basic
Peer_21:bootstrap INFO 2504.6402026131764: Sending message <Pong:> to Peer_15:basic
Peer_21:bootstrap INFO 2505.139497049999: Received message <Ping:> from Peer_7:basic
Peer_21:bootstrap INFO 2505.139497049999: Sending message <Pong:> to Peer_7:basic
Peer_21:bootstrap INFO 2505.5794778667114: Received message <Ping:> from Peer_19:basic
Peer_21:bootstrap INFO 2505.5794778667114: Sending message <Pong:> to Peer_19:basic
Peer_21:bootstrap INFO 2508.0694933144664: Received message <Pong:> from Peer_15:basic
Peer_21:bootstrap INFO 2509.7493257335923: Received message <Pong:> from Peer_18:basic
Peer_21:bootstrap INFO 2510.107763182724: Received message <Pong:> from Peer_12:basic
Peer_21:bootstrap INFO 2510.108283041389: Received message <Pong:> from Peer_7:basic
Peer_21:bootstrap INFO 2510.3730893403367: Received message <Pong:> from Peer_3:basic
Peer_21:bootstrap INFO 2510.9619137529926: Received message <Ping:> from Peer_18:basic
Peer_21:bootstrap INFO 2510.9619137529926: Sending message <Pong:> to Peer_18:basic
Peer_21:bootstrap INFO 2511.0322605200977: Received message <Pong:> from Peer_1:basic
Peer_21:bootstrap INFO 2511.7099193630675: Received message <Pong:> from Peer_20:basic
Peer_21:bootstrap INFO 2511.910745325681: Received message <Ping:> from Peer_1:basic
Peer_21:bootstrap INFO 2511.910745325681: Sending message <Pong:> to Peer_1:basic
Peer_21:bootstrap INFO 2511.973059844463: Received message <Pong:> from Peer_19:basic
Peer_21:bootstrap INFO 2515.869622472319: Received message <Pong:> from Peer_5:basic
Peer_21:bootstrap INFO 3000: Sending message <Ping:> to Peer_14:basic
Peer_21:bootstrap INFO 3000: Sending message <Ping:> to Peer_6:basic
Peer_21:bootstrap INFO 3000: Sending message <Ping:> to Peer_8:basic
Peer_21:bootstrap INFO 3000: Sending message <Ping:> to Peer_17:basic
Peer_21:bootstrap INFO 3000: Sending message <Ping:> to Peer_9:basic
Peer_21:bootstrap INFO 3000: Sending message <Ping:> to Peer_11:basic
Peer_21:bootstrap INFO 3000: Sending message <Ping:> to Peer_4:basic
Peer_21:bootstrap INFO 3000: Sending message <Ping:> to Peer_16:basic
Peer_21:bootstrap INFO 3000: Sending message <Ping:> to Peer_2:basic
Peer_21:bootstrap INFO 3000: Sending message <Ping:> to Peer_13:basic
Peer_21:bootstrap INFO 3000: Sending message <Ping:> to Peer_10:basic
Peer_21:bootstrap INFO 3003.9582944441613: Received message <Ping:> from Peer_6:basic
Peer_21:bootstrap INFO 3003.9582944441613: Sending message <Pong:> to Peer_6:basic
Peer_21:bootstrap INFO 3004.066184712022: Received message <Ping:> from Peer_2:basic
Peer_21:bootstrap INFO 3004.066184712022: Sending message <Pong:> to Peer_2:basic
Peer_21:bootstrap INFO 3004.8619880723754: Received message <Ping:> from Peer_4:basic
Peer_21:bootstrap INFO 3004.8619880723754: Sending message <Pong:> to Peer_4:basic
Peer_21:bootstrap INFO 3005.2401607566235: Received message <Ping:> from Peer_14:basic
Peer_21:bootstrap INFO 3005.2401607566235: Sending message <Pong:> to Peer_14:basic
Peer_21:bootstrap INFO 3005.75157657351: Received message <Ping:> from Peer_8:basic
Peer_21:bootstrap INFO 3005.75157657351: Sending message <Pong:> to Peer_8:basic
Peer_21:bootstrap INFO 3006.269445729085: Received message <Ping:> from Peer_17:basic
Peer_21:bootstrap INFO 3006.269445729085: Sending message <Pong:> to Peer_17:basic
Peer_21:bootstrap INFO 3006.4542993441414: Received message <Pong:> from Peer_11:basic
Peer_21:bootstrap INFO 3006.478570785709: Received message <Ping:> from Peer_13:basic
Peer_21:bootstrap INFO 3006.478570785709: Sending message <Pong:> to Peer_13:basic
Peer_21:bootstrap INFO 3006.5966028805037: Received message <Ping:> from Peer_11:basic
Peer_21:bootstrap INFO 3006.5966028805037: Sending message <Pong:> to Peer_11:basic
Peer_21:bootstrap INFO 3007.126565778948: Received message <Ping:> from Peer_10:basic
Peer_21:bootstrap INFO 3007.126565778948: Sending message <Pong:> to Peer_10:basic
Peer_21:bootstrap INFO 3007.4256949064934: Received message <Pong:> from Peer_8:basic
Peer_21:bootstrap INFO 3008.4766664790272: Received message <Pong:> from Peer_6:basic
Peer_21:bootstrap INFO 3010.809707825555: Received message <Ping:> from Peer_16:basic
Peer_21:bootstrap INFO 3010.809707825555: Sending message <Pong:> to Peer_16:basic
Peer_21:bootstrap INFO 3011.1081740424547: Received message <Pong:> from Peer_2:basic
Peer_21:bootstrap INFO 3011.393454147909: Received message <Pong:> from Peer_17:basic
Peer_21:bootstrap INFO 3011.8883031178275: Received message <Pong:> from Peer_10:basic
Peer_21:bootstrap INFO 3011.9647850919305: Received message <Pong:> from Peer_13:basic
Peer_21:bootstrap INFO 3011.9739300112356: Received message <Pong:> from Peer_4:basic
Peer_21:bootstrap INFO 3012.803194410892: Received message <Pong:> from Peer_9:basic
Peer_21:bootstrap INFO 3012.8724389640847: Received message <Ping:> from Peer_9:basic
Peer_21:bootstrap INFO 3012.8724389640847: Sending message <Pong:> to Peer_9:basic
Peer_21:bootstrap INFO 3014.631733946249: Received message <Pong:> from Peer_14:basic
Peer_21:bootstrap INFO 3017.0556236831926: Received message <Pong:> from Peer_16:basic
Peer_21:bootstrap INFO 3500: Sending message <Ping:> to Peer_5:basic
Peer_21:bootstrap INFO 3500: Sending message <Ping:> to Peer_19:basic
Peer_21:bootstrap INFO 3500: Sending message <Ping:> to Peer_12:basic
Peer_21:bootstrap INFO 3500: Sending message <Ping:> to Peer_15:basic
Peer_21:bootstrap INFO 3500: Sending message <Ping:> to Peer_1:basic
Peer_21:bootstrap INFO 3500: Sending message <Ping:> to Peer_3:basic
Peer_21:bootstrap INFO 3500: Sending message <Ping:> to Peer_7:basic
Peer_21:bootstrap INFO 3500: Sending message <Ping:> to Peer_20:basic
Peer_21:bootstrap INFO 3500: Sending message <Ping:> to Peer_18:basic
Peer_21:bootstrap INFO 3503.7866297213427: Received message <Ping:> from Peer_7:basic
Peer_21:bootstrap INFO 3503.7866297213427: Sending message <Pong:> to Peer_7:basic
Peer_21:bootstrap INFO 3503.842436985341: Received message <Ping:> from Peer_12:basic
Peer_21:bootstrap INFO 3503.842436985341: Sending message <Pong:> to Peer_12:basic
Peer_21:bootstrap INFO 3504.9645471248105: Received message <Ping:> from Peer_20:basic
Peer_21:bootstrap INFO 3504.9645471248105: Sending message <Pong:> to Peer_20:basic
Peer_21:bootstrap INFO 3505.3316120458962: Received message <Ping:> from Peer_19:basic
Peer_21:bootstrap INFO 3505.3316120458962: Sending message <Pong:> to Peer_19:basic
Peer_21:bootstrap INFO 3505.387512329099: Received message <Ping:> from Peer_3:basic
Peer_21:bootstrap INFO 3505.387512329099: Sending message <Pong:> to Peer_3:basic
Peer_21:bootstrap INFO 3505.5429115494258: Received message <Ping:> from Peer_1:basic
Peer_21:bootstrap INFO 3505.5429115494258: Sending message <Pong:> to Peer_1:basic
Peer_21:bootstrap INFO 3506.5610271232204: Received message <Pong:> from Peer_20:basic
Peer_21:bootstrap INFO 3508.3425637744017: Received message <Ping:> from Peer_5:basic
Peer_21:bootstrap INFO 3508.3425637744017: Sending message <Pong:> to Peer_5:basic
Peer_21:bootstrap INFO 3508.5451823889503: Received message <Ping:> from Peer_18:basic
Peer_21:bootstrap INFO 3508.5451823889503: Sending message <Pong:> to Peer_18:basic
Peer_21:bootstrap INFO 3509.1634289578546: Received message <Pong:> from Peer_19:basic
Peer_21:bootstrap INFO 3509.7401400890153: Received message <Pong:> from Peer_3:basic
Peer_21:bootstrap INFO 3509.9522496534223: Received message <Pong:> from Peer_18:basic
Peer_21:bootstrap INFO 3510.3218891560773: Received message <Pong:> from Peer_12:basic
Peer_21:bootstrap INFO 3510.7650705456012: Received message <Pong:> from Peer_15:basic
Peer_21:bootstrap INFO 3511.1385710029817: Received message <Ping:> from Peer_15:basic
Peer_21:bootstrap INFO 3511.1385710029817: Sending message <Pong:> to Peer_15:basic
Peer_21:bootstrap INFO 3511.4735533978246: Received message <Pong:> from Peer_7:basic
Peer_21:bootstrap INFO 3514.6040775807314: Received message <Pong:> from Peer_5:basic
Peer_21:bootstrap INFO 3515.9216624536507: Received message <Pong:> from Peer_1:basic
Peer_21:bootstrap INFO 4000: Sending message <Ping:> to Peer_14:basic
Peer_21:bootstrap INFO 4000: Sending message <Ping:> to Peer_6:basic
Peer_21:bootstrap INFO 4000: Sending message <Ping:> to Peer_8:basic
Peer_21:bootstrap INFO 4000: Sending message <Ping:> to Peer_17:basic
Peer_21:bootstrap INFO 4000: Sending message <Ping:> to Peer_9:basic
Peer_21:bootstrap INFO 4000: Sending message <Ping:> to Peer_11:basic
Peer_21:bootstrap INFO 4000: Sending message <Ping:> to Peer_4:basic
Peer_21:bootstrap INFO 4000: Sending message <Ping:> to Peer_16:basic
Peer_21:bootstrap INFO 4000: Sending message <Ping:> to Peer_2:basic
Peer_21:bootstrap INFO 4000: Sending message <Ping:> to Peer_13:basic
Peer_21:bootstrap INFO 4000: Sending message <Ping:> to Peer_10:basic
Peer_21:bootstrap INFO 4002.2736610370744: Received message <Ping:> from Peer_9:basic
Peer_21:bootstrap INFO 4002.2736610370744: Sending message <Pong:> to Peer_9:basic
Peer_21:bootstrap INFO 4003.279711762956: Received message <Ping:> from Peer_17:basic
Peer_21:bootstrap INFO 4003.279711762956: Sending message <Pong:> to Peer_17:basic
Peer_21:bootstrap INFO 4004.4509419289593: Received message <Ping:> from Peer_4:basic
Peer_21:bootstrap INFO 4004.4509419289593: Sending message <Pong:> to Peer_4:basic
Peer_21:bootstrap INFO 4004.9925367673145: Received message <Ping:> from Peer_2:basic
Peer_21:bootstrap INFO 4004.9925367673145: Sending message <Pong:> to Peer_2:basic
Peer_21:bootstrap INFO 4005.024195696696: Received message <Ping:> from Peer_14:basic
Peer_21:bootstrap INFO 4005.024195696696: Sending message <Pong:> to Peer_14:basic
Peer_21:bootstrap INFO 4005.079843969928: Received message <Ping:> from Peer_11:basic
Peer_21:bootstrap INFO 4005.079843969928: Sending message <Pong:> to Peer_11:basic
Peer_21:bootstrap INFO 4005.2272657776784: Received message <Ping:> from Peer_6:basic
Peer_21:bootstrap INFO 4005.2272657776784: Sending message <Pong:> to Peer_6:basic
Peer_21:bootstrap INFO 4005.3197784308295: Received message <Ping:> from Peer_8:basic
Peer_21:bootstrap INFO 4005.3197784308295: Sending message <Pong:> to Peer_8:basic
Peer_21:bootstrap INFO 4006.073702318806: Received message <Ping:> from Peer_16:basic
Peer_21:bootstrap INFO 4006.073702318806: Sending message <Pong:> to Peer_16:basic
Peer_21:bootstrap INFO 4006.2095947045664: Received message <Ping:> from Peer_13:basic
Peer_21:bootstrap INFO 4006.2095947045664: Sending message <Pong:> to Peer_13:basic
Peer_21:bootstrap INFO 4007.993868314292: Received message <Pong:> from Peer_17:basic
Peer_21:bootstrap INFO 4008.6576699686034: Received message <Ping:> from Peer_10:basic
Peer_21:bootstrap INFO 4008.6576699686034: Sending message <Pong:> to Peer_10:basic
Peer_21:bootstrap INFO 4009.4414627341316: Received message <Pong:> from Peer_10:basic
Peer_21:bootstrap INFO 4009.6146898460743: Received message <Pong:> from Peer_9:basic
Peer_21:bootstrap INFO 4010.3061442632215: Received message <Pong:> from Peer_11:basic
Peer_21:bootstrap INFO 4010.4903736409706: Received message <Pong:> from Peer_14:basic
Peer_21:bootstrap INFO 4010.737937904071: Received message <Pong:> from Peer_2:basic
Peer_21:bootstrap INFO 4011.3287745569796: Received message <Pong:> from Peer_6:basic
Peer_21:bootstrap INFO 4011.4265662472517: Received message <Pong:> from Peer_4:basic
Peer_21:bootstrap INFO 4011.8424785109873: Received message <Pong:> from Peer_8:basic
Peer_21:bootstrap INFO 4012.8557893182997: Received message <Pong:> from Peer_16:basic
Peer_21:bootstrap INFO 4012.904674849486: Received message <Pong:> from Peer_13:basic
Peer_21:bootstrap INFO 4500: Sending message <Ping:> to Peer_5:basic
Peer_21:bootstrap INFO 4500: Sending message <Ping:> to Peer_19:basic
Peer_21:bootstrap INFO 4500: Sending message <Ping:> to Peer_12:basic
Peer_21:bootstrap INFO 4500: Sending message <Ping:> to Peer_15:basic
Peer_21:bootstrap INFO 4500: Sending message <Ping:> to Peer_1:basic
Peer_21:bootstrap INFO 4500: Sending message <Ping:> to Peer_3:basic
Peer_21:bootstrap INFO 4500: Sending message <Ping:> to Peer_7:basic
Peer_21:bootstrap INFO 4500: Sending message <Ping:> to Peer_20:basic
Peer_21:bootstrap INFO 4500: Sending message <Ping:> to Peer_18:basic
Peer_21:bootstrap INFO 4504.141010168389: Received message <Ping:> from Peer_19:basic
Peer_21:bootstrap INFO 4504.141010168389: Sending message <Pong:> to Peer_19:basic
Peer_21:bootstrap INFO 4504.189030989779: Received message <Ping:> from Peer_15:basic
Peer_21:bootstrap INFO 4504.189030989779: Sending message <Pong:> to Peer_15:basic
Peer_21:bootstrap INFO 4504.3645211039375: Received message <Ping:> from Peer_7:basic
Peer_21:bootstrap INFO 4504.3645211039375: Sending message <Pong:> to Peer_7:basic
Peer_21:bootstrap INFO 4505.288554746446: Received message <Ping:> from Peer_12:basic
Peer_21:bootstrap INFO 4505.288554746446: Sending message <Pong:> to Peer_12:basic
Peer_21:bootstrap INFO 4505.842662558726: Received message <Ping:> from Peer_3:basic
Peer_21:bootstrap INFO 4505.842662558726: Sending message <Pong:> to Peer_3:basic
Peer_21:bootstrap INFO 4505.916219837514: Received message <Ping:> from Peer_1:basic
Peer_21:bootstrap INFO 4505.916219837514: Sending message <Pong:> to Peer_1:basic
Peer_21:bootstrap INFO 4506.920237470738: Received message <Ping:> from Peer_5:basic
Peer_21:bootstrap INFO 4506.920237470738: Sending message <Pong:> to Peer_5:basic
Peer_21:bootstrap INFO 4507.611848323492: Received message <Pong:> from Peer_12:basic
Peer_21:bootstrap INFO 4508.323377658342: Received message <Ping:> from Peer_18:basic
Peer_21:bootstrap INFO 4508.323377658342: Sending message <Pong:> to Peer_18:basic
Peer_21:bootstrap INFO 4509.152342808241: Received message <Pong:> from Peer_15:basic
Peer_21:bootstrap INFO 4509.16246107997: Received message <Pong:> from Peer_19:basic
Peer_21:bootstrap INFO 4509.728106753699: Received message <Pong:> from Peer_7:basic
Peer_21:bootstrap INFO 4510.183012841108: Received message <Pong:> from Peer_5:basic
Peer_21:bootstrap INFO 4510.263181538037: Received message <Pong:> from Peer_18:basic
Peer_21:bootstrap INFO 4511.669792230772: Received message <Pong:> from Peer_3:basic
Peer_21:bootstrap INFO 4512.899019722753: Received message <Pong:> from Peer_1:basic
Peer_21:bootstrap INFO 4513.462012254685: Received message <Pong:> from Peer_20:basic
Peer_21:bootstrap INFO 4514.00404161623: Received message <Ping:> from Peer_20:basic
Peer_21:bootstrap INFO 4514.00404161623: Sending message <Pong:> to Peer_20:basic
Peer_21:bootstrap INFO 5000: Sending message <Ping:> to Peer_14:basic
Peer_21:bootstrap INFO 5000: Sending message <Ping:> to Peer_6:basic
Peer_21:bootstrap INFO 5000: Sending message <Ping:> to Peer_8:basic
Peer_21:bootstrap INFO 5000: Sending message <Ping:> to Peer_17:basic
Peer_21:bootstrap INFO 5000: Sending message <Ping:> to Peer_9:basic
Peer_21:bootstrap INFO 5000: Sending message <Ping:> to Peer_11:basic
Peer_21:bootstrap INFO 5000: Sending message <Ping:> to Peer_4:basic
Peer_21:bootstrap INFO 5000: Sending message <Ping:> to Peer_16:basic
Peer_21:bootstrap INFO 5000: Sending message <Ping:> to Peer_2:basic
Peer_21:bootstrap INFO 5000: Sending message <Ping:> to Peer_13:basic
Peer_21:bootstrap INFO 5000: Sending message <Ping:> to Peer_10:basic
Peer_21:bootstrap INFO 5003.759176396981: Received message <Ping:> from Peer_2:basic
Peer_21:bootstrap INFO 5003.759176396981: Sending message <Pong:> to Peer_2:basic
Peer_21:bootstrap INFO 5003.779483816192: Received message <Ping:> from Peer_4:basic
Peer_21:bootstrap INFO 5003.779483816192: Sending message <Pong:> to Peer_4:basic
Peer_21:bootstrap INFO 5004.192891754862: Received message <Ping:> from Peer_17:basic
Peer_21:bootstrap INFO 5004.192891754862: Sending message <Pong:> to Peer_17:basic
Peer_21:bootstrap INFO 5004.25526374147: Received message <Ping:> from Peer_8:basic
Peer_21:bootstrap INFO 5004.25526374147: Sending message <Pong:> to Peer_8:basic
Peer_21:bootstrap INFO 5004.836884558258: Received message <Ping:> from Peer_13:basic
Peer_21:bootstrap INFO 5004.836884558258: Sending message <Pong:> to Peer_13:basic
Peer_21:bootstrap INFO 5005.375835199699: Received message <Ping:> from Peer_16:basic
Peer_21:bootstrap INFO 5005.375835199699: Sending message <Pong:> to Peer_16:basic
Peer_21:bootstrap INFO 5005.797845664074: Received message <Ping:> from Peer_11:basic
Peer_21:bootstrap INFO 5005.797845664074: Sending message <Pong:> to Peer_11:basic
Peer_21:bootstrap INFO 5006.503142769661: Received message <Ping:> from Peer_14:basic
Peer_21:bootstrap INFO 5006.503142769661: Sending message <Pong:> to Peer_14:basic
Peer_21:bootstrap INFO 5006.620117469046: Received message <Pong:> from Peer_2:basic
Peer_21:bootstrap INFO 5006.704380180595: Received message <Ping:> from Peer_6:basic
Peer_21:bootstrap INFO 5006.704380180595: Sending message <Pong:> to Peer_6:basic
Peer_21:bootstrap INFO 5007.092236826392: Received message <Ping:> from Peer_10:basic
Peer_21:bootstrap INFO 5007.092236826392: Sending message <Pong:> to Peer_10:basic
Peer_21:bootstrap INFO 5007.506063060746: Received message <Pong:> from Peer_9:basic
Peer_21:bootstrap INFO 5008.992020321506: Received message <Ping:> from Peer_9:basic
Peer_21:bootstrap INFO 5008.992020321506: Sending message <Pong:> to Peer_9:basic
Peer_21:bootstrap INFO 5009.0141251149125: Received message <Pong:> from Peer_11:basic
Peer_21:bootstrap INFO 5009.324756094185: Received message <Pong:> from Peer_14:basic
Peer_21:bootstrap INFO 5009.831323766907: Received message <Pong:> from Peer_17:basic
Peer_21:bootstrap INFO 5010.244209258126: Received message <Pong:> from Peer_6:basic
Peer_21:bootstrap INFO 5010.291126352064: Received message <Pong:> from Peer_16:basic
Peer_21:bootstrap INFO 5010.785993480536: Received message <Pong:> from Peer_8:basic
Peer_21:bootstrap INFO 5010.837195976012: Received message <Pong:> from Peer_4:basic
Peer_21:bootstrap INFO 5013.010293578552: Received message <Pong:> from Peer_10:basic
Peer_21:bootstrap INFO 5020.199000255684: Received message <Pong:> from Peer_13:basic
Peer_21:bootstrap INFO 5500: Sending message <Ping:> to Peer_5:basic
Peer_21:bootstrap INFO 5500: Sending message <Ping:> to Peer_19:basic
Peer_21:bootstrap INFO 5500: Sending message <Ping:> to Peer_12:basic
Peer_21:bootstrap INFO 5500: Sending message <Ping:> to Peer_15:basic
Peer_21:bootstrap INFO 5500: Sending message <Ping:> to Peer_1:basic
Peer_21:bootstrap INFO 5500: Sending message <Ping:> to Peer_3:basic
Peer_21:bootstrap INFO 5500: Sending message <Ping:> to Peer_7:basic
Peer_21:bootstrap INFO 5500: Sending message <Ping:> to Peer_20:basic
Peer_21:bootstrap INFO 5500: Sending message <Ping:> to Peer_18:basic
Peer_21:bootstrap INFO 5503.3099838199205: Received message <Ping:> from Peer_12:basic
Peer_21:bootstrap INFO 5503.3099838199205: Sending message <Pong:> to Peer_12:basic
Peer_21:bootstrap INFO 5503.99580254549: Received message <Ping:> from Peer_1:basic
Peer_21:bootstrap INFO 5503.99580254549: Sending message <Pong:> to Peer_1:basic
Peer_21:bootstrap INFO 5504.15684448166: Received message <Ping:> from Peer_7:basic
Peer_21:bootstrap INFO 5504.15684448166: Sending message <Pong:> to Peer_7:basic
Peer_21:bootstrap INFO 5504.324469480842: Received message <Ping:> from Peer_19:basic
Peer_21:bootstrap INFO 5504.324469480842: Sending message <Pong:> to Peer_19:basic
Peer_21:bootstrap INFO 5504.453885807931: Received message <Ping:> from Peer_20:basic
Peer_21:bootstrap INFO 5504.453885807931: Sending message <Pong:> to Peer_20:basic
Peer_21:bootstrap INFO 5504.748760159958: Received message <Ping:> from Peer_3:basic
Peer_21:bootstrap INFO 5504.748760159958: Sending message <Pong:> to Peer_3:basic
Peer_21:bootstrap INFO 5506.869065945195: Received message <Ping:> from Peer_5:basic
Peer_21:bootstrap INFO 5506.869065945195: Sending message <Pong:> to Peer_5:basic
Peer_21:bootstrap INFO 5507.356666542709: Received message <Ping:> from Peer_18:basic
Peer_21:bootstrap INFO 5507.356666542709: Sending message <Pong:> to Peer_18:basic
Peer_21:bootstrap INFO 5508.502590391973: Received message <Pong:> from Peer_20:basic
Peer_21:bootstrap INFO 5509.214199371259: Received message <Pong:> from Peer_19:basic
Peer_21:bootstrap INFO 5509.8726727708045: Received message <Pong:> from Peer_7:basic
Peer_21:bootstrap INFO 5510.532954355628: Received message <Pong:> from Peer_15:basic
Peer_21:bootstrap INFO 5511.180619033057: Received message <Pong:> from Peer_3:basic
Peer_21:bootstrap INFO 5511.361305449994: Received message <Ping:> from Peer_15:basic
Peer_21:bootstrap INFO 5511.361305449994: Sending message <Pong:> to Peer_15:basic
Peer_21:bootstrap INFO 5511.892272420108: Received message <Pong:> from Peer_1:basic
Peer_21:bootstrap INFO 5512.218570003715: Received message <Pong:> from Peer_12:basic
Peer_21:bootstrap INFO 5514.265021314265: Received message <Pong:> from Peer_5:basic
Peer_21:bootstrap INFO 5519.500965399728: Received message <Pong:> from Peer_18:basic
Peer_21:bootstrap INFO 6000: Sending message <Ping:> to Peer_14:basic
Peer_21:bootstrap INFO 6000: Sending message <Ping:> to Peer_6:basic
Peer_21:bootstrap INFO 6000: Sending message <Ping:> to Peer_8:basic
Peer_21:bootstrap INFO 6000: Sending message <Ping:> to Peer_17:basic
Peer_21:bootstrap INFO 6000: Sending message <Ping:> to Peer_9:basic
Peer_21:bootstrap INFO 6000: Sending message <Ping:> to Peer_11:basic
Peer_21:bootstrap INFO 6000: Sending message <Ping:> to Peer_4:basic
Peer_21:bootstrap INFO 6000: Sending message <Ping:> to Peer_16:basic
Peer_21:bootstrap INFO 6000: Sending message <Ping:> to Peer_2:basic
Peer_21:bootstrap INFO 6000: Sending message <Ping:> to Peer_13:basic
Peer_21:bootstrap INFO 6000: Sending message <Ping:> to Peer_10:basic
Peer_21:bootstrap INFO 6004.091175525613: Received message <Ping:> from Peer_10:basic
Peer_21:bootstrap INFO 6004.091175525613: Sending message <Pong:> to Peer_10:basic
Peer_21:bootstrap INFO 6005.123266834973: Received message <Ping:> from Peer_17:basic
Peer_21:bootstrap INFO 6005.123266834973: Sending message <Pong:> to Peer_17:basic
Peer_21:bootstrap INFO 6005.3799327065535: Received message <Ping:> from Peer_8:basic
Peer_21:bootstrap INFO 6005.3799327065535: Sending message <Pong:> to Peer_8:basic
Peer_21:bootstrap INFO 6005.612618289857: Received message <Ping:> from Peer_11:basic
Peer_21:bootstrap INFO 6005.612618289857: Sending message <Pong:> to Peer_11:basic
Peer_21:bootstrap INFO 6005.947794719155: Received message <Ping:> from Peer_2:basic
Peer_21:bootstrap INFO 6005.947794719155: Sending message <Pong:> to Peer_2:basic
Peer_21:bootstrap INFO 6005.952316902462: Received message <Ping:> from Peer_13:basic
Peer_21:bootstrap INFO 6005.952316902462: Sending message <Pong:> to Peer_13:basic
Peer_21:bootstrap INFO 6006.004183726634: Received message <Ping:> from Peer_4:basic
Peer_21:bootstrap INFO 6006.004183726634: Sending message <Pong:> to Peer_4:basic
Peer_21:bootstrap INFO 6006.0147346014255: Received message <Ping:> from Peer_6:basic
Peer_21:bootstrap INFO 6006.0147346014255: Sending message <Pong:> to Peer_6:basic
Peer_21:bootstrap INFO 6006.51670979531: Received message <Ping:> from Peer_9:basic
Peer_21:bootstrap INFO 6006.51670979531: Sending message <Pong:> to Peer_9:basic
Peer_21:bootstrap INFO 6007.801569825766: Received message <Ping:> from Peer_16:basic
Peer_21:bootstrap INFO 6007.801569825766: Sending message <Pong:> to Peer_16:basic
Peer_21:bootstrap INFO 6007.9748335150025: Received message <Pong:> from Peer_2:basic
Peer_21:bootstrap INFO 6008.703046554978: Received message <Pong:> from Peer_11:basic
Peer_21:bootstrap INFO 6009.3367153412255: Received message <Pong:> from Peer_8:basic
Peer_21:bootstrap INFO 6009.574272108868: Received message <Pong:> from Peer_4:basic
Peer_21:bootstrap INFO 6010.224825764145: Received message <Pong:> from Peer_16:basic
Peer_21:bootstrap INFO 6010.336504451829: Received message <Pong:> from Peer_6:basic
Peer_21:bootstrap INFO 6010.8062235861: Received message <Ping:> from Peer_14:basic
Peer_21:bootstrap INFO 6010.8062235861: Sending message <Pong:> to Peer_14:basic
Peer_21:bootstrap INFO 6011.611705448501: Received message <Pong:> from Peer_17:basic
Peer_21:bootstrap INFO 6011.84769573124: Received message <Pong:> from Peer_10:basic
Peer_21:bootstrap INFO 6014.371308846362: Received message <Pong:> from Peer_13:basic
Peer_21:bootstrap INFO 6015.750848272316: Received message <Pong:> from Peer_9:basic
Peer_21:bootstrap INFO 6016.293968838885: Received message <Pong:> from Peer_14:basic
Peer_21:bootstrap INFO 6500: Sending message <Ping:> to Peer_5:basic
Peer_21:bootstrap INFO 6500: Sending message <Ping:> to Peer_19:basic
Peer_21:bootstrap INFO 6500: Sending message <Ping:> to Peer_12:basic
Peer_21:bootstrap INFO 6500: Sending message <Ping:> to Peer_15:basic
Peer_21:bootstrap INFO 6500: Sending message <Ping:> to Peer_1:basic
Peer_21:bootstrap INFO 6500: Sending message <Ping:> to Peer_3:basic
Peer_21:bootstrap INFO 6500: Sending message <Ping:> to Peer_7:basic
Peer_21:bootstrap INFO 6500: Sending message <Ping:> to Peer_20:basic
Peer_21:bootstrap INFO 6500: Sending message <Ping:> to Peer_18:basic
Peer_21:bootstrap INFO 6502.15509919936: Received message <Ping:> from Peer_20:basic
Peer_21:bootstrap INFO 6502.15509919936: Sending message <Pong:> to Peer_20:basic
Peer_21:bootstrap INFO 6503.460841643819: Received message <Ping:> from Peer_5:basic
Peer_21:bootstrap INFO 6503.460841643819: Sending message <Pong:> to Peer_5:basic
Peer_21:bootstrap INFO 6503.492857666563: Received message <Ping:> from Peer_12:basic
Peer_21:bootstrap INFO 6503.492857666563: Sending message <Pong:> to Peer_12:basic
Peer_21:bootstrap INFO 6503.770408762529: Received message <Ping:> from Peer_3:basic
Peer_21:bootstrap INFO 6503.770408762529: Sending message <Pong:> to Peer_3:basic
Peer_21:bootstrap INFO 6505.147511063295: Received message <Ping:> from Peer_19:basic
Peer_21:bootstrap INFO 6505.147511063295: Sending message <Pong:> to Peer_19:basic
Peer_21:bootstrap INFO 6505.342326445241: Received message <Ping:> from Peer_15:basic
Peer_21:bootstrap INFO 6505.342326445241: Sending message <Pong:> to Peer_15:basic
Peer_21:bootstrap INFO 6505.654269742058: Received message <Ping:> from Peer_7:basic
Peer_21:bootstrap INFO 6505.654269742058: Sending message <Pong:> to Peer_7:basic
Peer_21:bootstrap INFO 6507.769052270972: Received message <Ping:> from Peer_1:basic
Peer_21:bootstrap INFO 6507.769052270972: Sending message <Pong:> to Peer_1:basic
Peer_21:bootstrap INFO 6508.215574712418: Received message <Pong:> from Peer_20:basic
Peer_21:bootstrap INFO 6508.355663550759: Received message <Pong:> from Peer_5:basic
Peer_21:bootstrap INFO 6509.2736941888525: Received message <Pong:> from Peer_18:basic
Peer_21:bootstrap INFO 6510.274974945907: Received message <Pong:> from Peer_19:basic
Peer_21:bootstrap INFO 6510.662673496463: Received message <Pong:> from Peer_7:basic
Peer_21:bootstrap INFO 6511.412028811978: Received message <Pong:> from Peer_15:basic
Peer_21:bootstrap INFO 6512.670458315517: Received message <Pong:> from Peer_1:basic
Peer_21:bootstrap INFO 6513.2609197874945: Received message <Pong:> from Peer_3:basic
Peer_21:bootstrap INFO 6513.392065537859: Received message <Pong:> from Peer_12:basic
Peer_21:bootstrap INFO 6513.5890159087985: Received message <Ping:> from Peer_18:basic
Peer_21:bootstrap INFO 6513.5890159087985: Sending message <Pong:> to Peer_18:basic
Peer_21:bootstrap INFO 7000: Sending message <Ping:> to Peer_14:basic
Peer_21:bootstrap INFO 7000: Sending message <Ping:> to Peer_6:basic
Peer_21:bootstrap INFO 7000: Sending message <Ping:> to Peer_8:basic
Peer_21:bootstrap INFO 7000: Sending message <Ping:> to Peer_17:basic
Peer_21:bootstrap INFO 7000: Sending message <Ping:> to Peer_9:basic
Peer_21:bootstrap INFO 7000: Sending message <Ping:> to Peer_11:basic
Peer_21:bootstrap INFO 7000: Sending message <Ping:> to Peer_4:basic
Peer_21:bootstrap INFO 7000: Sending message <Ping:> to Peer_16:basic
Peer_21:bootstrap INFO 7000: Sending message <Ping:> to Peer_2:basic
Peer_21:bootstrap INFO 7000: Sending message <Ping:> to Peer_13:basic
Peer_21:bootstrap INFO 7000: Sending message <Ping:> to Peer_10:basic
Peer_21:bootstrap INFO 7003.231774438497: Received message <Ping:> from Peer_4:basic
Peer_21:bootstrap INFO 7003.231774438497: Sending message <Pong:> to Peer_4:basic
Peer_21:bootstrap INFO 7003.239465284884: Received message <Ping:> from Peer_9:basic
Peer_21:bootstrap INFO 7003.239465284884: Sending message <Pong:> to Peer_9:basic
Peer_21:bootstrap INFO 7003.65870967875: Received message <Ping:> from Peer_16:basic
Peer_21:bootstrap INFO 7003.65870967875: Sending message <Pong:> to Peer_16:basic
Peer_21:bootstrap INFO 7004.08595081274: Received message <Ping:> from Peer_6:basic
Peer_21:bootstrap INFO 7004.08595081274: Sending message <Pong:> to Peer_6:basic
Peer_21:bootstrap INFO 7004.427728983447: Received message <Ping:> from Peer_8:basic
Peer_21:bootstrap INFO 7004.427728983447: Sending message <Pong:> to Peer_8:basic
Peer_21:bootstrap INFO 7004.606501202084: Received message <Ping:> from Peer_11:basic
Peer_21:bootstrap INFO 7004.606501202084: Sending message <Pong:> to Peer_11:basic
Peer_21:bootstrap INFO 7005.420860214666: Received message <Ping:> from Peer_10:basic
Peer_21:bootstrap INFO 7005.420860214666: Sending message <Pong:> to Peer_10:basic
Peer_21:bootstrap INFO 7005.442448709914: Received message <Ping:> from Peer_2:basic
Peer_21:bootstrap INFO 7005.442448709914: Sending message <Pong:> to Peer_2:basic
Peer_21:bootstrap INFO 7005.571139206641: Received message <Ping:> from Peer_17:basic
Peer_21:bootstrap INFO 7005.571139206641: Sending message <Pong:> to Peer_17:basic
Peer_21:bootstrap INFO 7006.363509088201: Received message <Ping:> from Peer_14:basic
Peer_21:bootstrap INFO 7006.363509088201: Sending message <Pong:> to Peer_14:basic
Peer_21:bootstrap INFO 7006.445744474558: Received message <Pong:> from Peer_9:basic
Peer_21:bootstrap INFO 7007.630934493195: Received message <Pong:> from Peer_6:basic
Peer_21:bootstrap INFO 7008.244813785882: Received message <Pong:> from Peer_8:basic
Peer_21:bootstrap INFO 7008.955876862923: Received message <Pong:> from Peer_16:basic
Peer_21:bootstrap INFO 7009.319245507729: Received message <Pong:> from Peer_17:basic
Peer_21:bootstrap INFO 7009.357576764814: Received message <Pong:> from Peer_11:basic
Peer_21:bootstrap INFO 7009.733129302512: Received message <Pong:> from Peer_14:basic
Peer_21:bootstrap INFO 7010.489320465134: Received message <Pong:> from Peer_13:basic
Peer_21:bootstrap INFO 7011.536511349848: Received message <Ping:> from Peer_13:basic
Peer_21:bootstrap INFO 7011.536511349848: Sending message <Pong:> to Peer_13:basic
Peer_21:bootstrap INFO 7011.737715497576: Received message <Pong:> from Peer_2:basic
Peer_21:bootstrap INFO 7012.293545873864: Received message <Pong:> from Peer_4:basic
Peer_21:bootstrap INFO 7013.89254733254: Received message <Pong:> from Peer_10:basic
Peer_21:bootstrap INFO 7500: Sending message <Ping:> to Peer_5:basic
Peer_21:bootstrap INFO 7500: Sending message <Ping:> to Peer_19:basic
Peer_21:bootstrap INFO 7500: Sending message <Ping:> to Peer_12:basic
Peer_21:bootstrap INFO 7500: Sending message <Ping:> to Peer_15:basic
Peer_21:bootstrap INFO 7500: Sending message <Ping:> to Peer_1:basic
Peer_21:bootstrap INFO 7500: Sending message <Ping:> to Peer_3:basic
Peer_21:bootstrap INFO 7500: Sending message <Ping:> to Peer_7:basic
Peer_21:bootstrap INFO 7500: Sending message <Ping:> to Peer_20:basic
Peer_21:bootstrap INFO 7500: Sending message <Ping:> to Peer_18:basic
Peer_21:bootstrap INFO 7503.722452430935: Received message <Ping:> from Peer_18:basic
Peer_21:bootstrap INFO 7503.722452430935: Sending message <Pong:> to Peer_18:basic
Peer_21:bootstrap INFO 7503.863064242672: Received message <Ping:> from Peer_3:basic
Peer_21:bootstrap INFO 7503.863064242672: Sending message <Pong:> to Peer_3:basic
Peer_21:bootstrap INFO 7504.997413094534: Received message <Ping:> from Peer_12:basic
Peer_21:bootstrap INFO 7504.997413094534: Sending message <Pong:> to Peer_12:basic
Peer_21:bootstrap INFO 7505.440317489285: Received message <Ping:> from Peer_19:basic
Peer_21:bootstrap INFO 7505.440317489285: Sending message <Pong:> to Peer_19:basic
Peer_21:bootstrap INFO 7506.385402341354: Received message <Ping:> from Peer_7:basic
Peer_21:bootstrap INFO 7506.385402341354: Sending message <Pong:> to Peer_7:basic
Peer_21:bootstrap INFO 7506.97779075341: Received message <Ping:> from Peer_20:basic
Peer_21:bootstrap INFO 7506.97779075341: Sending message <Pong:> to Peer_20:basic
Peer_21:bootstrap INFO 7507.716587113393: Received message <Ping:> from Peer_15:basic
Peer_21:bootstrap INFO 7507.716587113393: Sending message <Pong:> to Peer_15:basic
Peer_21:bootstrap INFO 7507.94604271639: Received message <Ping:> from Peer_1:basic
Peer_21:bootstrap INFO 7507.94604271639: Sending message <Pong:> to Peer_1:basic
Peer_21:bootstrap INFO 7508.001004680445: Received message <Pong:> from Peer_18:basic
Peer_21:bootstrap INFO 7509.639696152215: Received message <Pong:> from Peer_5:basic
Peer_21:bootstrap INFO 7509.990171992198: Received message <Pong:> from Peer_3:basic
Peer_21:bootstrap INFO 7510.033912461346: Received message <Pong:> from Peer_12:basic
Peer_21:bootstrap INFO 7510.383002466307: Received message <Pong:> from Peer_7:basic
Peer_21:bootstrap INFO 7510.842112667815: Received message <Pong:> from Peer_19:basic
Peer_21:bootstrap INFO 7511.988676888037: Received message <Pong:> from Peer_15:basic
Peer_21:bootstrap INFO 7512.289116530817: Received message <Pong:> from Peer_20:basic
Peer_21:bootstrap INFO 7513.574604374416: Received message <Pong:> from Peer_1:basic
Peer_21:bootstrap INFO 7516.922713884122: Received message <Ping:> from Peer_5:basic
Peer_21:bootstrap INFO 7516.922713884122: Sending message <Pong:> to Peer_5:basic
Peer_21:bootstrap INFO 8000: Sending message <Ping:> to Peer_14:basic
Peer_21:bootstrap INFO 8000: Sending message <Ping:> to Peer_6:basic
Peer_21:bootstrap INFO 8000: Sending message <Ping:> to Peer_8:basic
Peer_21:bootstrap INFO 8000: Sending message <Ping:> to Peer_17:basic
Peer_21:bootstrap INFO 8000: Sending message <Ping:> to Peer_9:basic
Peer_21:bootstrap INFO 8000: Sending message <Ping:> to Peer_11:basic
Peer_21:bootstrap INFO 8000: Sending message <Ping:> to Peer_4:basic
Peer_21:bootstrap INFO 8000: Sending message <Ping:> to Peer_16:basic
Peer_21:bootstrap INFO 8000: Sending message <Ping:> to Peer_2:basic
Peer_21:bootstrap INFO 8000: Sending message <Ping:> to Peer_13:basic
Peer_21:bootstrap INFO 8000: Sending message <Ping:> to Peer_10:basic
Peer_21:bootstrap INFO 8002.987938343113: Received message <Ping:> from Peer_6:basic
Peer_21:bootstrap INFO 8002.987938343113: Sending message <Pong:> to Peer_6:basic
Peer_21:bootstrap INFO 8003.719181360644: Received message <Ping:> from Peer_2:basic
Peer_21:bootstrap INFO 8003.719181360644: Sending message <Pong:> to Peer_2:basic
Peer_21:bootstrap INFO 8003.737407136015: Received message <Ping:> from Peer_9:basic
Peer_21:bootstrap INFO 8003.737407136015: Sending message <Pong:> to Peer_9:basic
Peer_21:bootstrap INFO 8003.764106398615: Received message <Ping:> from Peer_8:basic
Peer_21:bootstrap INFO 8003.764106398615: Sending message <Pong:> to Peer_8:basic
Peer_21:bootstrap INFO 8004.613106183093: Received message <Ping:> from Peer_11:basic
Peer_21:bootstrap INFO 8004.613106183093: Sending message <Pong:> to Peer_11:basic
Peer_21:bootstrap INFO 8005.004234429236: Received message <Ping:> from Peer_17:basic
Peer_21:bootstrap INFO 8005.004234429236: Sending message <Pong:> to Peer_17:basic
Peer_21:bootstrap INFO 8005.121033484999: Received message <Ping:> from Peer_13:basic
Peer_21:bootstrap INFO 8005.121033484999: Sending message <Pong:> to Peer_13:basic
Peer_21:bootstrap INFO 8005.926969223392: Received message <Ping:> from Peer_4:basic
Peer_21:bootstrap INFO 8005.926969223392: Sending message <Pong:> to Peer_4:basic
Peer_21:bootstrap INFO 8006.3577057638895: Received message <Ping:> from Peer_10:basic
Peer_21:bootstrap INFO 8006.3577057638895: Sending message <Pong:> to Peer_10:basic
Peer_21:bootstrap INFO 8007.140219406396: Received message <Ping:> from Peer_16:basic
Peer_21:bootstrap INFO 8007.140219406396: Sending message <Pong:> to Peer_16:basic
Peer_21:bootstrap INFO 8007.882936296727: Received message <Ping:> from Peer_14:basic
Peer_21:bootstrap INFO 8007.882936296727: Sending message <Pong:> to Peer_14:basic
Peer_21:bootstrap INFO 8008.217401263061: Received message <Pong:> from Peer_11:basic
Peer_21:bootstrap INFO 8009.094097009124: Received message <Pong:> from Peer_4:basic
Peer_21:bootstrap INFO 8009.642694461294: Received message <Pong:> from Peer_17:basic
Peer_21:bootstrap INFO 8009.688266326235: Received message <Pong:> from Peer_10:basic
Peer_21:bootstrap INFO 8009.881448625079: Received message <Pong:> from Peer_6:basic
Peer_21:bootstrap INFO 8010.168872640961: Received message <Pong:> from Peer_13:basic
Peer_21:bootstrap INFO 8010.998354757752: Received message <Pong:> from Peer_14:basic
Peer_21:bootstrap INFO 8012.151314089771: Received message <Pong:> from Peer_8:basic
Peer_21:bootstrap INFO 8012.168551715864: Received message <Pong:> from Peer_2:basic
Peer_21:bootstrap INFO 8014.46543423067: Received message <Pong:> from Peer_9:basic
Peer_21:bootstrap INFO 8014.528092537954: Received message <Pong:> from Peer_16:basic
Peer_21:bootstrap INFO 8500: Sending message <Ping:> to Peer_5:basic
Peer_21:bootstrap INFO 8500: Sending message <Ping:> to Peer_19:basic
Peer_21:bootstrap INFO 8500: Sending message <Ping:> to Peer_12:basic
Peer_21:bootstrap INFO 8500: Sending message <Ping:> to Peer_15:basic
Peer_21:bootstrap INFO 8500: Sending message <Ping:> to Peer_1:basic
Peer_21:bootstrap INFO 8500: Sending message <Ping:> to Peer_3:basic
Peer_21:bootstrap INFO 8500: Sending message <Ping:> to Peer_7:basic
Peer_21:bootstrap INFO 8500: Sending message <Ping:> to Peer_20:basic
Peer_21:bootstrap INFO 8500: Sending message <Ping:> to Peer_18:basic
Peer_21:bootstrap INFO 8503.858997959422: Received message <Ping:> from Peer_1:basic
Peer_21:bootstrap INFO 8503.858997959422: Sending message <Pong:> to Peer_1:basic
Peer_21:bootstrap INFO 8503.977455367825: Received message <Ping:> from Peer_18:basic
Peer_21:bootstrap INFO 8503.977455367825: Sending message <Pong:> to Peer_18:basic
Peer_21:bootstrap INFO 8504.50181206227: Received message <Ping:> from Peer_12:basic
Peer_21:bootstrap INFO 8504.50181206227: Sending message <Pong:> to Peer_12:basic
Peer_21:bootstrap INFO 8505.06418341808: Received message <Ping:> from Peer_3:basic
Peer_21:bootstrap INFO 8505.06418341808: Sending message <Pong:> to Peer_3:basic
Peer_21:bootstrap INFO 8505.307559504308: Received message <Ping:> from Peer_7:basic
Peer_21:bootstrap INFO 8505.307559504308: Sending message <Pong:> to Peer_7:basic
Peer_21:bootstrap INFO 8505.967266053365: Received message <Ping:> from Peer_5:basic
Peer_21:bootstrap INFO 8505.967266053365: Sending message <Pong:> to Peer_5:basic
Peer_21:bootstrap INFO 8506.445746271762: Received message <Ping:> from Peer_19:basic
Peer_21:bootstrap INFO 8506.445746271762: Sending message <Pong:> to Peer_19:basic
Peer_21:bootstrap INFO 8506.673377398089: Received message <Pong:> from Peer_5:basic
Peer_21:bootstrap INFO 8507.073837350392: Received message <Pong:> from Peer_1:basic
Peer_21:bootstrap INFO 8507.077822226142: Received message <Ping:> from Peer_20:basic
Peer_21:bootstrap INFO 8507.077822226142: Sending message <Pong:> to Peer_20:basic
Peer_21:bootstrap INFO 8509.717262602406: Received message <Pong:> from Peer_19:basic
Peer_21:bootstrap INFO 8509.814581008322: Received message <Pong:> from Peer_7:basic
Peer_21:bootstrap INFO 8510.417745458171: Received message <Pong:> from Peer_3:basic
Peer_21:bootstrap INFO 8510.969837499151: Received message <Pong:> from Peer_12:basic
Peer_21:bootstrap INFO 8512.089127396435: Received message <Ping:> from Peer_15:basic
Peer_21:bootstrap INFO 8512.089127396435: Sending message <Pong:> to Peer_15:basic
Peer_21:bootstrap INFO 8513.398960351582: Received message <Pong:> from Peer_20:basic
Peer_21:bootstrap INFO 8514.1665677917: Received message <Pong:> from Peer_18:basic
Peer_21:bootstrap INFO 8516.268429316895: Received message <Pong:> from Peer_15:basic
Peer_21:bootstrap INFO 9000: Sending message <Ping:> to Peer_14:basic
Peer_21:bootstrap INFO 9000: Sending message <Ping:> to Peer_6:basic
Peer_21:bootstrap INFO 9000: Sending message <Ping:> to Peer_8:basic
Peer_21:bootstrap INFO 9000: Sending message <Ping:> to Peer_17:basic
Peer_21:bootstrap INFO 9000: Sending message <Ping:> to Peer_9:basic
Peer_21:bootstrap INFO 9000: Sending message <Ping:> to Peer_11:basic
Peer_21:bootstrap INFO 9000: Sending message <Ping:> to Peer_4:basic
Peer_21:bootstrap INFO 9000: Sending message <Ping:> to Peer_16:basic
Peer_21:bootstrap INFO 9000: Sending message <Ping:> to Peer_2:basic
Peer_21:bootstrap INFO 9000: Sending message <Ping:> to Peer_13:basic
Peer_21:bootstrap INFO 9000: Sending message <Ping:> to Peer_10:basic
Peer_21:bootstrap INFO 9003.147369645367: Received message <Ping:> from Peer_9:basic
Peer_21:bootstrap INFO 9003.147369645367: Sending message <Pong:> to Peer_9:basic
Peer_21:bootstrap INFO 9004.112200286096: Received message <Ping:> from Peer_11:basic
Peer_21:bootstrap INFO 9004.112200286096: Sending message <Pong:> to Peer_11:basic
Peer_21:bootstrap INFO 9004.225933670645: Received message <Ping:> from Peer_8:basic
Peer_21:bootstrap INFO 9004.225933670645: Sending message <Pong:> to Peer_8:basic
Peer_21:bootstrap INFO 9004.54077943286: Received message <Ping:> from Peer_2:basic
Peer_21:bootstrap INFO 9004.54077943286: Sending message <Pong:> to Peer_2:basic
Peer_21:bootstrap INFO 9004.873661261492: Received message <Ping:> from Peer_13:basic
Peer_21:bootstrap INFO 9004.873661261492: Sending message <Pong:> to Peer_13:basic
Peer_21:bootstrap INFO 9005.166196258251: Received message <Ping:> from Peer_17:basic
Peer_21:bootstrap INFO 9005.166196258251: Sending message <Pong:> to Peer_17:basic
Peer_21:bootstrap INFO 9005.399083450506: Received message <Ping:> from Peer_4:basic
Peer_21:bootstrap INFO 9005.399083450506: Sending message <Pong:> to Peer_4:basic
Peer_21:bootstrap INFO 9005.470066414913: Received message <Ping:> from Peer_10:basic
Peer_21:bootstrap INFO 9005.470066414913: Sending message <Pong:> to Peer_10:basic
Peer_21:bootstrap INFO 9005.951170442393: Received message <Ping:> from Peer_6:basic
Peer_21:bootstrap INFO 9005.951170442393: Sending message <Pong:> to Peer_6:basic
Peer_21:bootstrap INFO 9007.860537220162: Received message <Pong:> from Peer_2:basic
Peer_21:bootstrap INFO 9008.492652525269: Received message <Ping:> from Peer_14:basic
Peer_21:bootstrap INFO 9008.492652525269: Sending message <Pong:> to Peer_14:basic
Peer_21:bootstrap INFO 9008.752539055395: Received message <Pong:> from Peer_14:basic
Peer_21:bootstrap INFO 9009.649995761609: Received message <Pong:> from Peer_10:basic
Peer_21:bootstrap INFO 9009.66892696265: Received message <Pong:> from Peer_9:basic
Peer_21:bootstrap INFO 9009.885356643263: Received message <Pong:> from Peer_6:basic
Peer_21:bootstrap INFO 9009.907453690099: Received message <Ping:> from Peer_16:basic
Peer_21:bootstrap INFO 9009.907453690099: Sending message <Pong:> to Peer_16:basic
Peer_21:bootstrap INFO 9010.096416636607: Received message <Pong:> from Peer_11:basic
Peer_21:bootstrap INFO 9010.115462826589: Received message <Pong:> from Peer_16:basic
Peer_21:bootstrap INFO 9010.595741262483: Received message <Pong:> from Peer_4:basic
Peer_21:bootstrap INFO 9010.629846878075: Received message <Pong:> from Peer_8:basic
Peer_21:bootstrap INFO 9011.039344752542: Received message <Pong:> from Peer_17:basic
Peer_21:bootstrap INFO 9018.331283786592: Received message <Pong:> from Peer_13:basic
Peer_21:bootstrap INFO 9500: Sending message <Ping:> to Peer_5:basic
Peer_21:bootstrap INFO 9500: Sending message <Ping:> to Peer_19:basic
Peer_21:bootstrap INFO 9500: Sending message <Ping:> to Peer_12:basic
Peer_21:bootstrap INFO 9500: Sending message <Ping:> to Peer_15:basic
Peer_21:bootstrap INFO 9500: Sending message <Ping:> to Peer_1:basic
Peer_21:bootstrap INFO 9500: Sending message <Ping:> to Peer_3:basic
Peer_21:bootstrap INFO 9500: Sending message <Ping:> to Peer_7:basic
Peer_21:bootstrap INFO 9500: Sending message <Ping:> to Peer_20:basic
Peer_21:bootstrap INFO 9500: Sending message <Ping:> to Peer_18:basic
Peer_21:bootstrap INFO 9503.134231629258: Received message <Ping:> from Peer_20:basic
Peer_21:bootstrap INFO 9503.134231629258: Sending message <Pong:> to Peer_20:basic
Peer_21:bootstrap INFO 9503.348755722744: Received message <Ping:> from Peer_19:basic
Peer_21:bootstrap INFO 9503.348755722744: Sending message <Pong:> to Peer_19:basic
Peer_21:bootstrap INFO 9504.284717200342: Received message <Ping:> from Peer_15:basic
Peer_21:bootstrap INFO 9504.284717200342: Sending message <Pong:> to Peer_15:basic
Peer_21:bootstrap INFO 9504.424716688976: Received message <Ping:> from Peer_3:basic
Peer_21:bootstrap INFO 9504.424716688976: Sending message <Pong:> to Peer_3:basic
Peer_21:bootstrap INFO 9504.466261629435: Received message <Ping:> from Peer_12:basic
Peer_21:bootstrap INFO 9504.466261629435: Sending message <Pong:> to Peer_12:basic
Peer_21:bootstrap INFO 9504.833387584787: Received message <Ping:> from Peer_1:basic
Peer_21:bootstrap INFO 9504.833387584787: Sending message <Pong:> to Peer_1:basic
Peer_21:bootstrap INFO 9505.447280849594: Received message <Ping:> from Peer_18:basic
Peer_21:bootstrap INFO 9505.447280849594: Sending message <Pong:> to Peer_18:basic
Peer_21:bootstrap INFO 9505.629250852324: Received message <Ping:> from Peer_7:basic
Peer_21:bootstrap INFO 9505.629250852324: Sending message <Pong:> to Peer_7:basic
Peer_21:bootstrap INFO 9507.743849084098: Received message <Ping:> from Peer_5:basic
Peer_21:bootstrap INFO 9507.743849084098: Sending message <Pong:> to Peer_5:basic
Peer_21:bootstrap INFO 9509.236050325748: Received message <Pong:> from Peer_12:basic
Peer_21:bootstrap INFO 9509.39392165645: Received message <Pong:> from Peer_5:basic
Peer_21:bootstrap INFO 9509.401272081039: Received message <Pong:> from Peer_19:basic
Peer_21:bootstrap INFO 9509.53768096004: Received message <Pong:> from Peer_18:basic
Peer_21:bootstrap INFO 9509.557892784602: Received message <Pong:> from Peer_7:basic
Peer_21:bootstrap INFO 9510.05543211321: Received message <Pong:> from Peer_3:basic
Peer_21:bootstrap INFO 9514.177576505472: Received message <Pong:> from Peer_1:basic
Peer_21:bootstrap INFO 9516.110184550387: Received message <Pong:> from Peer_20:basic
Peer_21:bootstrap INFO 9517.58337795399: Received message <Pong:> from Peer_15:basic
