Peer_2:basic WARNING 0: Not enough peers, fetching more (0, 8)
Peer_2:basic INFO 6.03839250521936: Connecting to Peer_21:bootstrap
Peer_2:basic INFO 10.702421600634064: Received message <Hello:> from Peer_21:bootstrap
Peer_2:basic INFO 11.410931500147935: Received message <RequestPeers:> from Peer_21:bootstrap
Peer_2:basic INFO 11.410931500147935: Sending message <PeerList> to Peer_21:bootstrap
Peer_2:basic WARNING 500: Not enough peers, fetching more (1, 8)
Peer_2:basic INFO 500: Sending message <RequestPeers:> to Peer_21:bootstrap
Peer_2:basic INFO 511.02172699521395: Received message <PeerList> from Peer_21:bootstrap
Peer_2:basic WARNING 1000: Not enough peers, fetching more (1, 8)
Peer_2:basic INFO 1000: Sending message <RequestPeers:> to Peer_21:bootstrap
Peer_2:basic INFO 1004.8064748124693: Connecting to Peer_3:basic
Peer_2:basic INFO 1008.8609936872167: Received message <PeerList> from Peer_21:bootstrap
Peer_2:basic INFO 1009.5398356008336: Received message <Hello:> from Peer_3:basic
Peer_2:basic INFO 1009.6197351145651: Received message <RequestPeers:> from Peer_3:basic
Peer_2:basic INFO 1009.6197351145651: Sending message <PeerList> to Peer_3:basic
Peer_2:basic WARNING 1500: Not enough peers, fetching more (2, 8)
Peer_2:basic INFO 1500: Sending message <RequestPeers:> to Peer_3:basic
Peer_2:basic INFO 1500: Sending message <RequestPeers:> to Peer_21:bootstrap
Peer_2:basic INFO 1504.7019530795708: Received message <RequestPeers:> from Peer_3:basic
Peer_2:basic INFO 1504.7019530795708: Sending message <PeerList> to Peer_3:basic
Peer_2:basic INFO 1504.9279276209534: Received message <Hello:> from Peer_15:basic
Peer_2:basic INFO 1504.9279276209534: Connecting to Peer_15:basic
Peer_2:basic INFO 1504.9279276209534: Sending message <Hello:> to Peer_15:basic
Peer_2:basic INFO 1504.9279276209534: Sending message <RequestPeers:> to Peer_15:basic
Peer_2:basic INFO 1508.9066767887314: Received message <PeerList> from Peer_21:bootstrap
Peer_2:basic INFO 1509.8596919003646: Received message <PeerList> from Peer_3:basic
Peer_2:basic INFO 1512.767587809739: Received message <PeerList> from Peer_15:basic
Peer_2:basic WARNING 2000: Not enough peers, fetching more (3, 8)
Peer_2:basic INFO 2000: Sending message <RequestPeers:> to Peer_3:basic
Peer_2:basic INFO 2000: Sending message <RequestPeers:> to Peer_15:basic
Peer_2:basic INFO 2000: Sending message <RequestPeers:> to Peer_21:bootstrap
Peer_2:basic INFO 2003.4930665100887: Received message <Hello:> from Peer_5:basic
Peer_2:basic INFO 2003.4930665100887: Connecting to Peer_5:basic
Peer_2:basic INFO 2003.4930665100887: Sending message <Hello:> to Peer_5:basic
Peer_2:basic INFO 2003.4930665100887: Sending message <RequestPeers:> to Peer_5:basic
Peer_2:basic INFO 2004.429585722406: Received message <Hello:> from Peer_20:basic
Peer_2:basic INFO 2004.429585722406: Connecting to Peer_20:basic
Peer_2:basic INFO 2004.429585722406: Sending message <Hello:> to Peer_20:basic
Peer_2:basic INFO 2004.429585722406: Sending message <RequestPeers:> to Peer_20:basic
Peer_2:basic INFO 2004.7175042463061: Received message <Hello:> from Peer_4:basic
Peer_2:basic INFO 2004.7175042463061: Connecting to Peer_4:basic
Peer_2:basic INFO 2004.7175042463061: Sending message <Hello:> to Peer_4:basic
Peer_2:basic INFO 2004.7175042463061: Sending message <RequestPeers:> to Peer_4:basic
Peer_2:basic INFO 2004.8242825868094: Connecting to Peer_7:basic
Peer_2:basic INFO 2004.9263621453865: Connecting to Peer_6:basic
Peer_2:basic INFO 2004.9991052603825: Received message <Hello:> from Peer_11:basic
Peer_2:basic INFO 2004.9991052603825: Connecting to Peer_11:basic
Peer_2:basic INFO 2004.9991052603825: Sending message <Hello:> to Peer_11:basic
Peer_2:basic INFO 2004.9991052603825: Sending message <RequestPeers:> to Peer_11:basic
Peer_2:basic INFO 2006.1619205392772: Received message <PeerList> from Peer_15:basic
Peer_2:basic INFO 2009.6870075226275: Received message <Hello:> from Peer_7:basic
Peer_2:basic INFO 2009.7099800418835: Received message <RequestPeers:> from Peer_7:basic
Peer_2:basic INFO 2009.7099800418835: Sending message <PeerList> to Peer_7:basic
Peer_2:basic INFO 2009.7597677760323: Received message <RequestPeers:> from Peer_6:basic
Peer_2:basic INFO 2009.7597677760323: Sending message <PeerList> to Peer_6:basic
Peer_2:basic INFO 2009.8239704532505: Received message <Hello:> from Peer_6:basic
Peer_2:basic INFO 2010.8746817806878: Received message <PeerList> from Peer_3:basic
Peer_2:basic INFO 2010.9154341340998: Received message <PeerList> from Peer_21:bootstrap
Peer_2:basic INFO 2014.0732392700818: Received message <PeerList> from Peer_20:basic
Peer_2:basic INFO 2014.4156322923052: Received message <PeerList> from Peer_4:basic
Peer_2:basic INFO 2014.53015307019: Received message <PeerList> from Peer_5:basic
Peer_2:basic INFO 2015.7162374817344: Received message <PeerList> from Peer_11:basic
Peer_2:basic INFO 2505.3321664561845: Received message <Hello:> from Peer_16:basic
Peer_2:basic INFO 2505.3321664561845: Connecting to Peer_16:basic
Peer_2:basic INFO 2505.3321664561845: Sending message <Hello:> to Peer_16:basic
Peer_2:basic INFO 2505.3321664561845: Sending message <RequestPeers:> to Peer_16:basic
Peer_2:basic INFO 2514.347862280951: Received message <PeerList> from Peer_16:basic
Peer_2:basic INFO 3000: Sending message <Ping:> to Peer_21:bootstrap
Peer_2:basic INFO 3000: Sending message <Ping:> to Peer_3:basic
Peer_2:basic INFO 3000: Sending message <Ping:> to Peer_15:basic
Peer_2:basic INFO 3000: Sending message <Ping:> to Peer_5:basic
Peer_2:basic INFO 3000: Sending message <Ping:> to Peer_20:basic
Peer_2:basic INFO 3000: Sending message <Ping:> to Peer_4:basic
Peer_2:basic INFO 3000: Sending message <Ping:> to Peer_7:basic
Peer_2:basic INFO 3000: Sending message <Ping:> to Peer_6:basic
Peer_2:basic INFO 3000: Sending message <Ping:> to Peer_11:basic
Peer_2:basic INFO 3004.32133271406: Received message <Ping:> from Peer_7:basic
Peer_2:basic INFO 3004.32133271406: Sending message <Pong:> to Peer_7:basic
Peer_2:basic INFO 3004.7123205446383: Received message <Ping:> from Peer_20:basic
Peer_2:basic INFO 3004.7123205446383: Sending message <Pong:> to Peer_20:basic
Peer_2:basic INFO 3004.774491892589: Received message <Ping:> from Peer_3:basic
Peer_2:basic INFO 3004.774491892589: Sending message <Pong:> to Peer_3:basic
Peer_2:basic INFO 3004.9019711240635: Received message <Ping:> from Peer_21:bootstrap
Peer_2:basic INFO 3004.9019711240635: Sending message <Pong:> to Peer_21:bootstrap
Peer_2:basic INFO 3004.9374528928543: Received message <Ping:> from Peer_6:basic
Peer_2:basic INFO 3004.9374528928543: Sending message <Pong:> to Peer_6:basic
Peer_2:basic INFO 3005.1734352956387: Received message <Ping:> from Peer_11:basic
Peer_2:basic INFO 3005.1734352956387: Sending message <Pong:> to Peer_11:basic
Peer_2:basic INFO 3005.300945756206: Received message <Ping:> from Peer_4:basic
Peer_2:basic INFO 3005.300945756206: Sending message <Pong:> to Peer_4:basic
Peer_2:basic INFO 3006.6362935004167: Received message <Ping:> from Peer_15:basic
Peer_2:basic INFO 3006.6362935004167: Sending message <Pong:> to Peer_15:basic
Peer_2:basic INFO 3007.169206099569: Received message <Ping:> from Peer_5:basic
Peer_2:basic INFO 3007.169206099569: Sending message <Pong:> to Peer_5:basic
Peer_2:basic INFO 3007.3928435289463: Received message <Pong:> from Peer_21:bootstrap
Peer_2:basic INFO 3009.290808920858: Received message <Pong:> from Peer_7:basic
Peer_2:basic INFO 3009.4754842367474: Received message <Pong:> from Peer_6:basic
Peer_2:basic INFO 3009.728033323381: Received message <Pong:> from Peer_15:basic
Peer_2:basic INFO 3010.050264015237: Received message <Pong:> from Peer_20:basic
Peer_2:basic INFO 3010.067024937026: Received message <Pong:> from Peer_5:basic
Peer_2:basic INFO 3010.082430231393: Received message <Pong:> from Peer_11:basic
Peer_2:basic INFO 3010.100257611374: Received message <Pong:> from Peer_3:basic
Peer_2:basic INFO 3010.1734614823786: Received message <Pong:> from Peer_4:basic
Peer_2:basic INFO 3500: Sending message <Ping:> to Peer_16:basic
Peer_2:basic INFO 3505.0862294771837: Received message <Ping:> from Peer_16:basic
Peer_2:basic INFO 3505.0862294771837: Sending message <Pong:> to Peer_16:basic
Peer_2:basic INFO 3510.9985667904575: Received message <Pong:> from Peer_16:basic
Peer_2:basic INFO 4000: Sending message <Ping:> to Peer_21:bootstrap
Peer_2:basic INFO 4000: Sending message <Ping:> to Peer_3:basic
Peer_2:basic INFO 4000: Sending message <Ping:> to Peer_15:basic
Peer_2:basic INFO 4000: Sending message <Ping:> to Peer_5:basic
Peer_2:basic INFO 4000: Sending message <Ping:> to Peer_20:basic
Peer_2:basic INFO 4000: Sending message <Ping:> to Peer_4:basic
Peer_2:basic INFO 4000: Sending message <Ping:> to Peer_7:basic
Peer_2:basic INFO 4000: Sending message <Ping:> to Peer_6:basic
Peer_2:basic INFO 4000: Sending message <Ping:> to Peer_11:basic
Peer_2:basic INFO 4004.5072978605554: Received message <Ping:> from Peer_15:basic
Peer_2:basic INFO 4004.5072978605554: Sending message <Pong:> to Peer_15:basic
Peer_2:basic INFO 4004.61363336687: Received message <Ping:> from Peer_7:basic
Peer_2:basic INFO 4004.61363336687: Sending message <Pong:> to Peer_7:basic
Peer_2:basic INFO 4004.6632495826734: Received message <Ping:> from Peer_21:bootstrap
Peer_2:basic INFO 4004.6632495826734: Sending message <Pong:> to Peer_21:bootstrap
Peer_2:basic INFO 4004.8676925239706: Received message <Ping:> from Peer_4:basic
Peer_2:basic INFO 4004.8676925239706: Sending message <Pong:> to Peer_4:basic
Peer_2:basic INFO 4004.960041576664: Received message <Ping:> from Peer_6:basic
Peer_2:basic INFO 4004.960041576664: Sending message <Pong:> to Peer_6:basic
Peer_2:basic INFO 4004.964418046826: Received message <Ping:> from Peer_11:basic
Peer_2:basic INFO 4004.964418046826: Sending message <Pong:> to Peer_11:basic
Peer_2:basic INFO 4005.050368343526: Received message <Ping:> from Peer_3:basic
Peer_2:basic INFO 4005.050368343526: Sending message <Pong:> to Peer_3:basic
Peer_2:basic INFO 4005.095169343257: Received message <Ping:> from Peer_20:basic
Peer_2:basic INFO 4005.095169343257: Sending message <Pong:> to Peer_20:basic
Peer_2:basic INFO 4005.102449436219: Received message <Ping:> from Peer_5:basic
Peer_2:basic INFO 4005.102449436219: Sending message <Pong:> to Peer_5:basic
Peer_2:basic INFO 4008.9809442992932: Received message <Pong:> from Peer_15:basic
Peer_2:basic INFO 4009.525236752941: Received message <Pong:> from Peer_11:basic
Peer_2:basic INFO 4009.576955893286: Received message <Pong:> from Peer_6:basic
Peer_2:basic INFO 4009.6842294699977: Received message <Pong:> from Peer_7:basic
Peer_2:basic INFO 4009.91979492297: Received message <Pong:> from Peer_21:bootstrap
Peer_2:basic INFO 4010.2400202074414: Received message <Pong:> from Peer_3:basic
Peer_2:basic INFO 4010.408176578422: Received message <Pong:> from Peer_4:basic
Peer_2:basic INFO 4010.8266074374287: Received message <Pong:> from Peer_20:basic
Peer_2:basic INFO 4010.8695280665665: Received message <Pong:> from Peer_5:basic
Peer_2:basic INFO 4500: Sending message <Ping:> to Peer_16:basic
Peer_2:basic INFO 4505.548095673776: Received message <Ping:> from Peer_16:basic
Peer_2:basic INFO 4505.548095673776: Sending message <Pong:> to Peer_16:basic
Peer_2:basic INFO 4509.287790964306: Received message <Pong:> from Peer_16:basic
Peer_2:basic INFO 5000: Sending message <Ping:> to Peer_21:bootstrap
Peer_2:basic INFO 5000: Sending message <Ping:> to Peer_3:basic
Peer_2:basic INFO 5000: Sending message <Ping:> to Peer_15:basic
Peer_2:basic INFO 5000: Sending message <Ping:> to Peer_5:basic
Peer_2:basic INFO 5000: Sending message <Ping:> to Peer_20:basic
Peer_2:basic INFO 5000: Sending message <Ping:> to Peer_4:basic
Peer_2:basic INFO 5000: Sending message <Ping:> to Peer_7:basic
Peer_2:basic INFO 5000: Sending message <Ping:> to Peer_6:basic
Peer_2:basic INFO 5000: Sending message <Ping:> to Peer_11:basic
Peer_2:basic INFO 5003.486566109737: Received message <Ping:> from Peer_21:bootstrap
Peer_2:basic INFO 5003.486566109737: Sending message <Pong:> to Peer_21:bootstrap
Peer_2:basic INFO 5004.745353777535: Received message <Ping:> from Peer_11:basic
Peer_2:basic INFO 5004.745353777535: Sending message <Pong:> to Peer_11:basic
Peer_2:basic INFO 5004.933860351894: Received message <Ping:> from Peer_6:basic
Peer_2:basic INFO 5004.933860351894: Sending message <Pong:> to Peer_6:basic
Peer_2:basic INFO 5005.0482764311155: Received message <Ping:> from Peer_20:basic
Peer_2:basic INFO 5005.0482764311155: Sending message <Pong:> to Peer_20:basic
Peer_2:basic INFO 5005.134570349818: Received message <Ping:> from Peer_7:basic
Peer_2:basic INFO 5005.134570349818: Sending message <Pong:> to Peer_7:basic
Peer_2:basic INFO 5005.1937084127285: Received message <Ping:> from Peer_5:basic
Peer_2:basic INFO 5005.1937084127285: Sending message <Pong:> to Peer_5:basic
Peer_2:basic INFO 5005.242153595652: Received message <Ping:> from Peer_3:basic
Peer_2:basic INFO 5005.242153595652: Sending message <Pong:> to Peer_3:basic
Peer_2:basic INFO 5005.555990229525: Received message <Ping:> from Peer_4:basic
Peer_2:basic INFO 5005.555990229525: Sending message <Pong:> to Peer_4:basic
Peer_2:basic INFO 5006.1355894069675: Received message <Ping:> from Peer_15:basic
Peer_2:basic INFO 5006.1355894069675: Sending message <Pong:> to Peer_15:basic
Peer_2:basic INFO 5008.645149182214: Received message <Pong:> from Peer_21:bootstrap
Peer_2:basic INFO 5009.511852893686: Received message <Pong:> from Peer_11:basic
Peer_2:basic INFO 5009.903866349098: Received message <Pong:> from Peer_6:basic
Peer_2:basic INFO 5010.037390453288: Received message <Pong:> from Peer_7:basic
Peer_2:basic INFO 5010.104987275754: Received message <Pong:> from Peer_3:basic
Peer_2:basic INFO 5010.316353825002: Received message <Pong:> from Peer_4:basic
Peer_2:basic INFO 5010.527063534235: Received message <Pong:> from Peer_20:basic
Peer_2:basic INFO 5010.992092059314: Received message <Pong:> from Peer_5:basic
Peer_2:basic INFO 5011.538209111754: Received message <Pong:> from Peer_15:basic
Peer_2:basic INFO 5500: Sending message <Ping:> to Peer_16:basic
Peer_2:basic INFO 5506.23814310163: Received message <Ping:> from Peer_16:basic
Peer_2:basic INFO 5506.23814310163: Sending message <Pong:> to Peer_16:basic
Peer_2:basic INFO 5508.94011323028: Received message <Pong:> from Peer_16:basic
Peer_2:basic INFO 6000: Sending message <Ping:> to Peer_21:bootstrap
Peer_2:basic INFO 6000: Sending message <Ping:> to Peer_3:basic
Peer_2:basic INFO 6000: Sending message <Ping:> to Peer_15:basic
Peer_2:basic INFO 6000: Sending message <Ping:> to Peer_5:basic
Peer_2:basic INFO 6000: Sending message <Ping:> to Peer_20:basic
Peer_2:basic INFO 6000: Sending message <Ping:> to Peer_4:basic
Peer_2:basic INFO 6000: Sending message <Ping:> to Peer_7:basic
Peer_2:basic INFO 6000: Sending message <Ping:> to Peer_6:basic
Peer_2:basic INFO 6000: Sending message <Ping:> to Peer_11:basic
Peer_2:basic INFO 6003.961875931856: Received message <Ping:> from Peer_20:basic
Peer_2:basic INFO 6003.961875931856: Sending message <Pong:> to Peer_20:basic
Peer_2:basic INFO 6004.370308334078: Received message <Ping:> from Peer_21:bootstrap
Peer_2:basic INFO 6004.370308334078: Sending message <Pong:> to Peer_21:bootstrap
Peer_2:basic INFO 6004.7214848712865: Received message <Ping:> from Peer_7:basic
Peer_2:basic INFO 6004.7214848712865: Sending message <Pong:> to Peer_7:basic
Peer_2:basic INFO 6004.913517363041: Received message <Ping:> from Peer_5:basic
Peer_2:basic INFO 6004.913517363041: Sending message <Pong:> to Peer_5:basic
Peer_2:basic INFO 6005.102367937441: Received message <Ping:> from Peer_15:basic
Peer_2:basic INFO 6005.102367937441: Sending message <Pong:> to Peer_15:basic
Peer_2:basic INFO 6005.151970447453: Received message <Ping:> from Peer_11:basic
Peer_2:basic INFO 6005.151970447453: Sending message <Pong:> to Peer_11:basic
Peer_2:basic INFO 6005.181151527388: Received message <Ping:> from Peer_3:basic
Peer_2:basic INFO 6005.181151527388: Sending message <Pong:> to Peer_3:basic
Peer_2:basic INFO 6005.289144618306: Received message <Ping:> from Peer_6:basic
Peer_2:basic INFO 6005.289144618306: Sending message <Pong:> to Peer_6:basic
Peer_2:basic INFO 6005.485328600852: Received message <Ping:> from Peer_4:basic
Peer_2:basic INFO 6005.485328600852: Sending message <Pong:> to Peer_4:basic
Peer_2:basic INFO 6006.670469590332: Received message <Pong:> from Peer_5:basic
Peer_2:basic INFO 6008.301587396934: Received message <Pong:> from Peer_20:basic
Peer_2:basic INFO 6009.631575525487: Received message <Pong:> from Peer_3:basic
Peer_2:basic INFO 6009.909179422471: Received message <Pong:> from Peer_15:basic
Peer_2:basic INFO 6009.9330799655945: Received message <Pong:> from Peer_7:basic
Peer_2:basic INFO 6010.484540707748: Received message <Pong:> from Peer_4:basic
Peer_2:basic INFO 6010.48681975328: Received message <Pong:> from Peer_6:basic
Peer_2:basic INFO 6010.563876802209: Received message <Pong:> from Peer_11:basic
Peer_2:basic INFO 6010.938359256489: Received message <Pong:> from Peer_21:bootstrap
Peer_2:basic INFO 6500: Sending message <Ping:> to Peer_16:basic
Peer_2:basic INFO 6505.997906572845: Received message <Ping:> from Peer_16:basic
Peer_2:basic INFO 6505.997906572845: Sending message <Pong:> to Peer_16:basic
Peer_2:basic INFO 6510.821661831301: Received message <Pong:> from Peer_16:basic
Peer_2:basic INFO 7000: Sending message <Ping:> to Peer_21:bootstrap
Peer_2:basic INFO 7000: Sending message <Ping:> to Peer_3:basic
Peer_2:basic INFO 7000: Sending message <Ping:> to Peer_15:basic
Peer_2:basic INFO 7000: Sending message <Ping:> to Peer_5:basic
Peer_2:basic INFO 7000: Sending message <Ping:> to Peer_20:basic
Peer_2:basic INFO 7000: Sending message <Ping:> to Peer_4:basic
Peer_2:basic INFO 7000: Sending message <Ping:> to Peer_7:basic
Peer_2:basic INFO 7000: Sending message <Ping:> to Peer_6:basic
Peer_2:basic INFO 7000: Sending message <Ping:> to Peer_11:basic
Peer_2:basic INFO 7004.39073607004: Received message <Ping:> from Peer_20:basic
Peer_2:basic INFO 7004.39073607004: Sending message <Pong:> to Peer_20:basic
Peer_2:basic INFO 7004.410545393375: Received message <Ping:> from Peer_11:basic
Peer_2:basic INFO 7004.410545393375: Sending message <Pong:> to Peer_11:basic
Peer_2:basic INFO 7004.772979494647: Received message <Ping:> from Peer_4:basic
Peer_2:basic INFO 7004.772979494647: Sending message <Pong:> to Peer_4:basic
Peer_2:basic INFO 7004.847397609527: Received message <Ping:> from Peer_3:basic
Peer_2:basic INFO 7004.847397609527: Sending message <Pong:> to Peer_3:basic
Peer_2:basic INFO 7005.252136846132: Received message <Ping:> from Peer_6:basic
Peer_2:basic INFO 7005.252136846132: Sending message <Pong:> to Peer_6:basic
Peer_2:basic INFO 7005.363681834654: Received message <Ping:> from Peer_7:basic
Peer_2:basic INFO 7005.363681834654: Sending message <Pong:> to Peer_7:basic
Peer_2:basic INFO 7005.579919130015: Received message <Ping:> from Peer_15:basic
Peer_2:basic INFO 7005.579919130015: Sending message <Pong:> to Peer_15:basic
Peer_2:basic INFO 7005.696342755665: Received message <Ping:> from Peer_21:bootstrap
Peer_2:basic INFO 7005.696342755665: Sending message <Pong:> to Peer_21:bootstrap
Peer_2:basic INFO 7006.073457708189: Received message <Ping:> from Peer_5:basic
Peer_2:basic INFO 7006.073457708189: Sending message <Pong:> to Peer_5:basic
Peer_2:basic INFO 7006.676186533134: Received message <Pong:> from Peer_15:basic
Peer_2:basic INFO 7008.30212425656: Received message <Pong:> from Peer_5:basic
Peer_2:basic INFO 7009.776126652741: Received message <Pong:> from Peer_3:basic
Peer_2:basic INFO 7009.882746039387: Received message <Pong:> from Peer_20:basic
Peer_2:basic INFO 7009.918417785688: Received message <Pong:> from Peer_6:basic
Peer_2:basic INFO 7009.984646716445: Received message <Pong:> from Peer_21:bootstrap
Peer_2:basic INFO 7010.027011384835: Received message <Pong:> from Peer_11:basic
Peer_2:basic INFO 7010.345083673291: Received message <Pong:> from Peer_4:basic
Peer_2:basic INFO 7010.571561036279: Received message <Pong:> from Peer_7:basic
Peer_2:basic INFO 7500: Sending message <Ping:> to Peer_16:basic
Peer_2:basic INFO 7506.056987851278: Received message <Ping:> from Peer_16:basic
Peer_2:basic INFO 7506.056987851278: Sending message <Pong:> to Peer_16:basic
Peer_2:basic INFO 7512.129388765797: Received message <Pong:> from Peer_16:basic
Peer_2:basic INFO 8000: Sending message <Ping:> to Peer_21:bootstrap
Peer_2:basic INFO 8000: Sending message <Ping:> to Peer_3:basic
Peer_2:basic INFO 8000: Sending message <Ping:> to Peer_15:basic
Peer_2:basic INFO 8000: Sending message <Ping:> to Peer_5:basic
Peer_2:basic INFO 8000: Sending message <Ping:> to Peer_20:basic
Peer_2:basic INFO 8000: Sending message <Ping:> to Peer_4:basic
Peer_2:basic INFO 8000: Sending message <Ping:> to Peer_7:basic
Peer_2:basic INFO 8000: Sending message <Ping:> to Peer_6:basic
Peer_2:basic INFO 8000: Sending message <Ping:> to Peer_11:basic
Peer_2:basic INFO 8003.640950984425: Received message <Ping:> from Peer_15:basic
Peer_2:basic INFO 8003.640950984425: Sending message <Pong:> to Peer_15:basic
Peer_2:basic INFO 8004.50034581608: Received message <Ping:> from Peer_3:basic
Peer_2:basic INFO 8004.50034581608: Sending message <Pong:> to Peer_3:basic
Peer_2:basic INFO 8004.70398011178: Received message <Ping:> from Peer_5:basic
Peer_2:basic INFO 8004.70398011178: Sending message <Pong:> to Peer_5:basic
Peer_2:basic INFO 8004.779350751622: Received message <Ping:> from Peer_6:basic
Peer_2:basic INFO 8004.779350751622: Sending message <Pong:> to Peer_6:basic
Peer_2:basic INFO 8004.929447774741: Received message <Ping:> from Peer_11:basic
Peer_2:basic INFO 8004.929447774741: Sending message <Pong:> to Peer_11:basic
Peer_2:basic INFO 8005.071701470693: Received message <Ping:> from Peer_7:basic
Peer_2:basic INFO 8005.071701470693: Sending message <Pong:> to Peer_7:basic
Peer_2:basic INFO 8005.104415618422: Received message <Ping:> from Peer_4:basic
Peer_2:basic INFO 8005.104415618422: Sending message <Pong:> to Peer_4:basic
Peer_2:basic INFO 8005.358148863973: Received message <Ping:> from Peer_20:basic
Peer_2:basic INFO 8005.358148863973: Sending message <Pong:> to Peer_20:basic
Peer_2:basic INFO 8006.483191244187: Received message <Ping:> from Peer_21:bootstrap
Peer_2:basic INFO 8006.483191244187: Sending message <Pong:> to Peer_21:bootstrap
Peer_2:basic INFO 8006.614299554313: Received message <Pong:> from Peer_21:bootstrap
Peer_2:basic INFO 8007.548801180346: Received message <Pong:> from Peer_15:basic
Peer_2:basic INFO 8007.959666438214: Received message <Pong:> from Peer_20:basic
Peer_2:basic INFO 8009.088100324763: Received message <Pong:> from Peer_5:basic
Peer_2:basic INFO 8009.13875874372: Received message <Pong:> from Peer_11:basic
Peer_2:basic INFO 8009.5254198181365: Received message <Pong:> from Peer_6:basic
Peer_2:basic INFO 8009.716020835999: Received message <Pong:> from Peer_4:basic
Peer_2:basic INFO 8009.889427256698: Received message <Pong:> from Peer_7:basic
Peer_2:basic INFO 8010.190210351412: Received message <Pong:> from Peer_3:basic
Peer_2:basic INFO 8500: Sending message <Ping:> to Peer_16:basic
Peer_2:basic INFO 8502.711799809771: Received message <Ping:> from Peer_16:basic
Peer_2:basic INFO 8502.711799809771: Sending message <Pong:> to Peer_16:basic
Peer_2:basic INFO 8510.29721098056: Received message <Pong:> from Peer_16:basic
Peer_2:basic INFO 9000: Sending message <Ping:> to Peer_21:bootstrap
Peer_2:basic INFO 9000: Sending message <Ping:> to Peer_3:basic
Peer_2:basic INFO 9000: Sending message <Ping:> to Peer_15:basic
Peer_2:basic INFO 9000: Sending message <Ping:> to Peer_5:basic
Peer_2:basic INFO 9000: Sending message <Ping:> to Peer_20:basic
Peer_2:basic INFO 9000: Sending message <Ping:> to Peer_4:basic
Peer_2:basic INFO 9000: Sending message <Ping:> to Peer_7:basic
Peer_2:basic INFO 9000: Sending message <Ping:> to Peer_6:basic
Peer_2:basic INFO 9000: Sending message <Ping:> to Peer_11:basic
Peer_2:basic INFO 9003.521728290427: Received message <Ping:> from Peer_21:bootstrap
Peer_2:basic INFO 9003.521728290427: Sending message <Pong:> to Peer_21:bootstrap
Peer_2:basic INFO 9004.711536197801: Received message <Ping:> from Peer_3:basic
Peer_2:basic INFO 9004.711536197801: Sending message <Pong:> to Peer_3:basic
Peer_2:basic INFO 9004.749078214796: Received message <Ping:> from Peer_7:basic
Peer_2:basic INFO 9004.749078214796: Sending message <Pong:> to Peer_7:basic
Peer_2:basic INFO 9004.890159355093: Received message <Ping:> from Peer_11:basic
Peer_2:basic INFO 9004.890159355093: Sending message <Pong:> to Peer_11:basic
Peer_2:basic INFO 9004.995999805009: Received message <Ping:> from Peer_15:basic
Peer_2:basic INFO 9004.995999805009: Sending message <Pong:> to Peer_15:basic
Peer_2:basic INFO 9005.007661986228: Received message <Ping:> from Peer_4:basic
Peer_2:basic INFO 9005.007661986228: Sending message <Pong:> to Peer_4:basic
Peer_2:basic INFO 9005.057737107014: Received message <Ping:> from Peer_6:basic
Peer_2:basic INFO 9005.057737107014: Sending message <Pong:> to Peer_6:basic
Peer_2:basic INFO 9005.774424307207: Received message <Ping:> from Peer_20:basic
Peer_2:basic INFO 9005.774424307207: Sending message <Pong:> to Peer_20:basic
Peer_2:basic INFO 9005.955916542542: Received message <Ping:> from Peer_5:basic
Peer_2:basic INFO 9005.955916542542: Sending message <Pong:> to Peer_5:basic
Peer_2:basic INFO 9009.160453992115: Received message <Pong:> from Peer_21:bootstrap
Peer_2:basic INFO 9009.7391912895: Received message <Pong:> from Peer_4:basic
Peer_2:basic INFO 9009.931878160944: Received message <Pong:> from Peer_6:basic
Peer_2:basic INFO 9010.003168260668: Received message <Pong:> from Peer_3:basic
Peer_2:basic INFO 9010.012190481952: Received message <Pong:> from Peer_11:basic
Peer_2:basic INFO 9010.348337631904: Received message <Pong:> from Peer_7:basic
Peer_2:basic INFO 9010.528846374851: Received message <Pong:> from Peer_20:basic
Peer_2:basic INFO 9012.1179207328: Received message <Pong:> from Peer_15:basic
Peer_2:basic INFO 9012.709432661311: Received message <Pong:> from Peer_5:basic
Peer_2:basic INFO 9500: Sending message <Ping:> to Peer_16:basic
Peer_2:basic INFO 9504.132555179554: Received message <Ping:> from Peer_16:basic
Peer_2:basic INFO 9504.132555179554: Sending message <Pong:> to Peer_16:basic
Peer_2:basic INFO 9509.991653047808: Received message <Pong:> from Peer_16:basic
