Peer_7:basic WARNING 0: Not enough peers, fetching more (0, 8)
Peer_7:basic INFO 5.970581595158401: Connecting to Peer_21:bootstrap
Peer_7:basic INFO 10.301743824814256: Received message <RequestPeers:> from Peer_21:bootstrap
Peer_7:basic INFO 10.301743824814256: Sending message <PeerList> to Peer_21:bootstrap
Peer_7:basic INFO 11.590046361295148: Received message <Hello:> from Peer_21:bootstrap
Peer_7:basic WARNING 500: Not enough peers, fetching more (1, 8)
Peer_7:basic INFO 500: Sending message <RequestPeers:> to Peer_21:bootstrap
Peer_7:basic INFO 509.2700009953814: Received message <PeerList> from Peer_21:bootstrap
Peer_7:basic WARNING 1000: Not enough peers, fetching more (1, 8)
Peer_7:basic INFO 1000: Sending message <RequestPeers:> to Peer_21:bootstrap
Peer_7:basic INFO 1005.0570501752559: Received message <Hello:> from Peer_12:basic
Peer_7:basic INFO 1005.0570501752559: Connecting to Peer_12:basic
Peer_7:basic INFO 1005.0570501752559: Sending message <Hello:> to Peer_12:basic
Peer_7:basic INFO 1005.0570501752559: Sending message <RequestPeers:> to Peer_12:basic
Peer_7:basic INFO 1005.1901467261938: Received message <Hello:> from Peer_8:basic
Peer_7:basic INFO 1005.1901467261938: Connecting to Peer_8:basic
Peer_7:basic INFO 1005.1901467261938: Sending message <Hello:> to Peer_8:basic
Peer_7:basic INFO 1005.1901467261938: Sending message <RequestPeers:> to Peer_8:basic
Peer_7:basic INFO 1005.4272944153522: Received message <Hello:> from Peer_9:basic
Peer_7:basic INFO 1005.4272944153522: Connecting to Peer_9:basic
Peer_7:basic INFO 1005.4272944153522: Sending message <Hello:> to Peer_9:basic
Peer_7:basic INFO 1005.4272944153522: Sending message <RequestPeers:> to Peer_9:basic
Peer_7:basic INFO 1005.4990746455437: Connecting to Peer_20:basic
Peer_7:basic INFO 1008.7974257929518: Received message <PeerList> from Peer_21:bootstrap
Peer_7:basic INFO 1011.9095785273091: Received message <Hello:> from Peer_20:basic
Peer_7:basic INFO 1012.2475713994887: Received message <RequestPeers:> from Peer_20:basic
Peer_7:basic INFO 1012.2475713994887: Sending message <PeerList> to Peer_20:basic
Peer_7:basic INFO 1014.6975410793789: Received message <PeerList> from Peer_9:basic
Peer_7:basic INFO 1015.0361829958558: Received message <PeerList> from Peer_8:basic
Peer_7:basic INFO 1015.626567777328: Received message <PeerList> from Peer_12:basic
Peer_7:basic WARNING 1500: Not enough peers, fetching more (5, 8)
Peer_7:basic INFO 1500: Sending message <RequestPeers:> to Peer_20:basic
Peer_7:basic INFO 1500: Sending message <RequestPeers:> to Peer_8:basic
Peer_7:basic INFO 1500: Sending message <RequestPeers:> to Peer_9:basic
Peer_7:basic INFO 1500: Sending message <RequestPeers:> to Peer_12:basic
Peer_7:basic INFO 1500: Sending message <RequestPeers:> to Peer_21:bootstrap
Peer_7:basic INFO 1505.0184283188173: Received message <RequestPeers:> from Peer_8:basic
Peer_7:basic INFO 1505.0184283188173: Sending message <PeerList> to Peer_8:basic
Peer_7:basic INFO 1505.1999732474073: Received message <RequestPeers:> from Peer_12:basic
Peer_7:basic INFO 1505.1999732474073: Sending message <PeerList> to Peer_12:basic
Peer_7:basic INFO 1505.4824394151533: Received message <RequestPeers:> from Peer_9:basic
Peer_7:basic INFO 1505.4824394151533: Sending message <PeerList> to Peer_9:basic
Peer_7:basic INFO 1506.14190201995: Received message <RequestPeers:> from Peer_20:basic
Peer_7:basic INFO 1506.14190201995: Sending message <PeerList> to Peer_20:basic
Peer_7:basic INFO 1506.694136635444: Received message <Hello:> from Peer_18:basic
Peer_7:basic INFO 1506.694136635444: Connecting to Peer_18:basic
Peer_7:basic INFO 1506.694136635444: Sending message <Hello:> to Peer_18:basic
Peer_7:basic INFO 1506.694136635444: Sending message <RequestPeers:> to Peer_18:basic
Peer_7:basic INFO 1510.1670360083187: Received message <PeerList> from Peer_20:basic
Peer_7:basic INFO 1510.2255837376845: Received message <PeerList> from Peer_8:basic
Peer_7:basic INFO 1510.4400415233756: Received message <PeerList> from Peer_12:basic
Peer_7:basic INFO 1511.5945935009047: Received message <PeerList> from Peer_9:basic
Peer_7:basic INFO 1511.9900276591989: Received message <PeerList> from Peer_21:bootstrap
Peer_7:basic INFO 1516.5830979081743: Received message <PeerList> from Peer_18:basic
Peer_7:basic WARNING 2000: Not enough peers, fetching more (6, 8)
Peer_7:basic INFO 2004.2805312138423: Connecting to Peer_16:basic
Peer_7:basic INFO 2004.7018194165496: Received message <Hello:> from Peer_17:basic
Peer_7:basic INFO 2004.7018194165496: Connecting to Peer_17:basic
Peer_7:basic INFO 2004.7018194165496: Sending message <Hello:> to Peer_17:basic
Peer_7:basic INFO 2004.7018194165496: Sending message <RequestPeers:> to Peer_17:basic
Peer_7:basic INFO 2004.744872387964: Received message <RequestPeers:> from Peer_9:basic
Peer_7:basic INFO 2004.744872387964: Sending message <PeerList> to Peer_9:basic
Peer_7:basic INFO 2004.8242825868094: Received message <Hello:> from Peer_2:basic
Peer_7:basic INFO 2004.8242825868094: Connecting to Peer_2:basic
Peer_7:basic INFO 2004.8242825868094: Sending message <Hello:> to Peer_2:basic
Peer_7:basic INFO 2004.8242825868094: Sending message <RequestPeers:> to Peer_2:basic
Peer_7:basic INFO 2004.8295767299285: Received message <Hello:> from Peer_4:basic
Peer_7:basic INFO 2004.8295767299285: Connecting to Peer_4:basic
Peer_7:basic INFO 2004.8295767299285: Sending message <Hello:> to Peer_4:basic
Peer_7:basic INFO 2004.8295767299285: Sending message <RequestPeers:> to Peer_4:basic
Peer_7:basic INFO 2004.9879041910685: Received message <Hello:> from Peer_19:basic
Peer_7:basic INFO 2004.9879041910685: Connecting to Peer_19:basic
Peer_7:basic INFO 2004.9879041910685: Sending message <Hello:> to Peer_19:basic
Peer_7:basic INFO 2004.9879041910685: Sending message <RequestPeers:> to Peer_19:basic
Peer_7:basic INFO 2005.2043354334994: Received message <RequestPeers:> from Peer_8:basic
Peer_7:basic INFO 2005.2043354334994: Sending message <PeerList> to Peer_8:basic
Peer_7:basic INFO 2005.5434274538677: Received message <Hello:> from Peer_14:basic
Peer_7:basic INFO 2005.5434274538677: Connecting to Peer_14:basic
Peer_7:basic INFO 2005.5434274538677: Sending message <Hello:> to Peer_14:basic
Peer_7:basic INFO 2005.5434274538677: Sending message <RequestPeers:> to Peer_14:basic
Peer_7:basic INFO 2008.518946854631: Received message <Hello:> from Peer_16:basic
Peer_7:basic INFO 2010.703571760051: Received message <RequestPeers:> from Peer_16:basic
Peer_7:basic INFO 2010.703571760051: Sending message <PeerList> to Peer_16:basic
Peer_7:basic INFO 2013.998453668581: Received message <PeerList> from Peer_17:basic
Peer_7:basic INFO 2014.6251118997413: Received message <PeerList> from Peer_2:basic
Peer_7:basic INFO 2015.069474777845: Received message <PeerList> from Peer_4:basic
Peer_7:basic INFO 2015.436430415825: Received message <PeerList> from Peer_19:basic
Peer_7:basic INFO 2015.8263854747577: Received message <PeerList> from Peer_14:basic
Peer_7:basic INFO 2500: Sending message <Ping:> to Peer_21:bootstrap
Peer_7:basic INFO 2500: Sending message <Ping:> to Peer_12:basic
Peer_7:basic INFO 2500: Sending message <Ping:> to Peer_20:basic
Peer_7:basic INFO 2500: Sending message <Ping:> to Peer_18:basic
Peer_7:basic INFO 2504.129693200661: Received message <Ping:> from Peer_18:basic
Peer_7:basic INFO 2504.129693200661: Sending message <Pong:> to Peer_18:basic
Peer_7:basic INFO 2505.064963400438: Received message <Ping:> from Peer_21:bootstrap
Peer_7:basic INFO 2505.064963400438: Sending message <Pong:> to Peer_21:bootstrap
Peer_7:basic INFO 2505.187439922408: Received message <Ping:> from Peer_12:basic
Peer_7:basic INFO 2505.187439922408: Sending message <Pong:> to Peer_12:basic
Peer_7:basic INFO 2505.556952588223: Received message <Ping:> from Peer_20:basic
Peer_7:basic INFO 2505.556952588223: Sending message <Pong:> to Peer_20:basic
Peer_7:basic INFO 2505.579510362743: Received message <Pong:> from Peer_18:basic
Peer_7:basic INFO 2510.2265980655116: Received message <Pong:> from Peer_12:basic
Peer_7:basic INFO 2511.4189176895356: Received message <Pong:> from Peer_21:bootstrap
Peer_7:basic INFO 2511.9709224575618: Received message <Pong:> from Peer_20:basic
Peer_7:basic INFO 3000: Sending message <Ping:> to Peer_8:basic
Peer_7:basic INFO 3000: Sending message <Ping:> to Peer_9:basic
Peer_7:basic INFO 3000: Sending message <Ping:> to Peer_16:basic
Peer_7:basic INFO 3000: Sending message <Ping:> to Peer_17:basic
Peer_7:basic INFO 3000: Sending message <Ping:> to Peer_2:basic
Peer_7:basic INFO 3000: Sending message <Ping:> to Peer_4:basic
Peer_7:basic INFO 3000: Sending message <Ping:> to Peer_19:basic
Peer_7:basic INFO 3000: Sending message <Ping:> to Peer_14:basic
Peer_7:basic INFO 3004.459207189894: Received message <Ping:> from Peer_9:basic
Peer_7:basic INFO 3004.459207189894: Sending message <Pong:> to Peer_9:basic
Peer_7:basic INFO 3004.622263281285: Received message <Ping:> from Peer_2:basic
Peer_7:basic INFO 3004.622263281285: Sending message <Pong:> to Peer_2:basic
Peer_7:basic INFO 3004.8028572904336: Received message <Ping:> from Peer_19:basic
Peer_7:basic INFO 3004.8028572904336: Sending message <Pong:> to Peer_19:basic
Peer_7:basic INFO 3004.8749731596704: Received message <Ping:> from Peer_17:basic
Peer_7:basic INFO 3004.8749731596704: Sending message <Pong:> to Peer_17:basic
Peer_7:basic INFO 3004.9131104943617: Received message <Ping:> from Peer_8:basic
Peer_7:basic INFO 3004.9131104943617: Sending message <Pong:> to Peer_8:basic
Peer_7:basic INFO 3004.9309429287973: Received message <Ping:> from Peer_14:basic
Peer_7:basic INFO 3004.9309429287973: Sending message <Pong:> to Peer_14:basic
Peer_7:basic INFO 3005.0325976354875: Received message <Ping:> from Peer_16:basic
Peer_7:basic INFO 3005.0325976354875: Sending message <Pong:> to Peer_16:basic
Peer_7:basic INFO 3005.332971548913: Received message <Ping:> from Peer_4:basic
Peer_7:basic INFO 3005.332971548913: Sending message <Pong:> to Peer_4:basic
Peer_7:basic INFO 3008.8893066754677: Received message <Pong:> from Peer_2:basic
Peer_7:basic INFO 3009.2603672566697: Received message <Pong:> from Peer_9:basic
Peer_7:basic INFO 3009.522828899179: Received message <Pong:> from Peer_8:basic
Peer_7:basic INFO 3009.691772760989: Received message <Pong:> from Peer_16:basic
Peer_7:basic INFO 3009.833927914534: Received message <Pong:> from Peer_17:basic
Peer_7:basic INFO 3010.0599343345943: Received message <Pong:> from Peer_4:basic
Peer_7:basic INFO 3010.1076922537786: Received message <Pong:> from Peer_19:basic
Peer_7:basic INFO 3010.4432095407515: Received message <Pong:> from Peer_14:basic
Peer_7:basic INFO 3500: Sending message <Ping:> to Peer_21:bootstrap
Peer_7:basic INFO 3500: Sending message <Ping:> to Peer_12:basic
Peer_7:basic INFO 3500: Sending message <Ping:> to Peer_20:basic
Peer_7:basic INFO 3500: Sending message <Ping:> to Peer_18:basic
Peer_7:basic INFO 3505.239596721933: Received message <Ping:> from Peer_18:basic
Peer_7:basic INFO 3505.239596721933: Sending message <Pong:> to Peer_18:basic
Peer_7:basic INFO 3505.482312361155: Received message <Ping:> from Peer_12:basic
Peer_7:basic INFO 3505.482312361155: Sending message <Pong:> to Peer_12:basic
Peer_7:basic INFO 3505.833886078443: Received message <Ping:> from Peer_20:basic
Peer_7:basic INFO 3505.833886078443: Sending message <Pong:> to Peer_20:basic
Peer_7:basic INFO 3507.1422224394128: Received message <Ping:> from Peer_21:bootstrap
Peer_7:basic INFO 3507.1422224394128: Sending message <Pong:> to Peer_21:bootstrap
Peer_7:basic INFO 3509.1677195134152: Received message <Pong:> from Peer_21:bootstrap
Peer_7:basic INFO 3509.9561514491406: Received message <Pong:> from Peer_20:basic
Peer_7:basic INFO 3510.0776587909813: Received message <Pong:> from Peer_12:basic
Peer_7:basic INFO 3511.5585497876464: Received message <Pong:> from Peer_18:basic
Peer_7:basic INFO 4000: Sending message <Ping:> to Peer_8:basic
Peer_7:basic INFO 4000: Sending message <Ping:> to Peer_9:basic
Peer_7:basic INFO 4000: Sending message <Ping:> to Peer_16:basic
Peer_7:basic INFO 4000: Sending message <Ping:> to Peer_17:basic
Peer_7:basic INFO 4000: Sending message <Ping:> to Peer_2:basic
Peer_7:basic INFO 4000: Sending message <Ping:> to Peer_4:basic
Peer_7:basic INFO 4000: Sending message <Ping:> to Peer_19:basic
Peer_7:basic INFO 4000: Sending message <Ping:> to Peer_14:basic
Peer_7:basic INFO 4004.6338513315145: Received message <Ping:> from Peer_8:basic
Peer_7:basic INFO 4004.6338513315145: Sending message <Pong:> to Peer_8:basic
Peer_7:basic INFO 4004.6497508121674: Received message <Ping:> from Peer_14:basic
Peer_7:basic INFO 4004.6497508121674: Sending message <Pong:> to Peer_14:basic
Peer_7:basic INFO 4004.7222612775818: Received message <Ping:> from Peer_9:basic
Peer_7:basic INFO 4004.7222612775818: Sending message <Pong:> to Peer_9:basic
Peer_7:basic INFO 4004.847867035045: Received message <Ping:> from Peer_2:basic
Peer_7:basic INFO 4004.847867035045: Sending message <Pong:> to Peer_2:basic
Peer_7:basic INFO 4005.0417337169447: Received message <Ping:> from Peer_17:basic
Peer_7:basic INFO 4005.0417337169447: Sending message <Pong:> to Peer_17:basic
Peer_7:basic INFO 4005.253942798143: Received message <Ping:> from Peer_19:basic
Peer_7:basic INFO 4005.253942798143: Sending message <Pong:> to Peer_19:basic
Peer_7:basic INFO 4005.2864555225224: Received message <Ping:> from Peer_4:basic
Peer_7:basic INFO 4005.2864555225224: Sending message <Pong:> to Peer_4:basic
Peer_7:basic INFO 4006.239214152099: Received message <Ping:> from Peer_16:basic
Peer_7:basic INFO 4006.239214152099: Sending message <Pong:> to Peer_16:basic
Peer_7:basic INFO 4008.326535740932: Received message <Pong:> from Peer_9:basic
Peer_7:basic INFO 4008.442852050516: Received message <Pong:> from Peer_14:basic
Peer_7:basic INFO 4009.487341976054: Received message <Pong:> from Peer_19:basic
Peer_7:basic INFO 4009.8129586569185: Received message <Pong:> from Peer_2:basic
Peer_7:basic INFO 4010.060993937004: Received message <Pong:> from Peer_8:basic
Peer_7:basic INFO 4010.279302699473: Received message <Pong:> from Peer_17:basic
Peer_7:basic INFO 4010.679254013398: Received message <Pong:> from Peer_4:basic
Peer_7:basic INFO 4011.343563982536: Received message <Pong:> from Peer_16:basic
Peer_7:basic INFO 4500: Sending message <Ping:> to Peer_21:bootstrap
Peer_7:basic INFO 4500: Sending message <Ping:> to Peer_12:basic
Peer_7:basic INFO 4500: Sending message <Ping:> to Peer_20:basic
Peer_7:basic INFO 4500: Sending message <Ping:> to Peer_18:basic
Peer_7:basic INFO 4503.664598682568: Received message <Ping:> from Peer_18:basic
Peer_7:basic INFO 4503.664598682568: Sending message <Pong:> to Peer_18:basic
Peer_7:basic INFO 4505.008095915983: Received message <Ping:> from Peer_12:basic
Peer_7:basic INFO 4505.008095915983: Sending message <Pong:> to Peer_12:basic
Peer_7:basic INFO 4505.570644030428: Received message <Ping:> from Peer_21:bootstrap
Peer_7:basic INFO 4505.570644030428: Sending message <Pong:> to Peer_21:bootstrap
Peer_7:basic INFO 4506.005167718252: Received message <Ping:> from Peer_20:basic
Peer_7:basic INFO 4506.005167718252: Sending message <Pong:> to Peer_20:basic
Peer_7:basic INFO 4508.671472860812: Received message <Pong:> from Peer_20:basic
Peer_7:basic INFO 4508.913294507789: Received message <Pong:> from Peer_18:basic
Peer_7:basic INFO 4509.2286162683495: Received message <Pong:> from Peer_21:bootstrap
Peer_7:basic INFO 4509.881096729666: Received message <Pong:> from Peer_12:basic
Peer_7:basic INFO 5000: Sending message <Ping:> to Peer_8:basic
Peer_7:basic INFO 5000: Sending message <Ping:> to Peer_9:basic
Peer_7:basic INFO 5000: Sending message <Ping:> to Peer_16:basic
Peer_7:basic INFO 5000: Sending message <Ping:> to Peer_17:basic
Peer_7:basic INFO 5000: Sending message <Ping:> to Peer_2:basic
Peer_7:basic INFO 5000: Sending message <Ping:> to Peer_4:basic
Peer_7:basic INFO 5000: Sending message <Ping:> to Peer_19:basic
Peer_7:basic INFO 5000: Sending message <Ping:> to Peer_14:basic
Peer_7:basic INFO 5004.045104944977: Received message <Ping:> from Peer_14:basic
Peer_7:basic INFO 5004.045104944977: Sending message <Pong:> to Peer_14:basic
Peer_7:basic INFO 5004.754988552488: Received message <Ping:> from Peer_8:basic
Peer_7:basic INFO 5004.754988552488: Sending message <Pong:> to Peer_8:basic
Peer_7:basic INFO 5004.77393443438: Received message <Ping:> from Peer_17:basic
Peer_7:basic INFO 5004.77393443438: Sending message <Pong:> to Peer_17:basic
Peer_7:basic INFO 5005.143886765572: Received message <Ping:> from Peer_2:basic
Peer_7:basic INFO 5005.143886765572: Sending message <Pong:> to Peer_2:basic
Peer_7:basic INFO 5005.163983341779: Received message <Ping:> from Peer_16:basic
Peer_7:basic INFO 5005.163983341779: Sending message <Pong:> to Peer_16:basic
Peer_7:basic INFO 5005.318542971363: Received message <Ping:> from Peer_4:basic
Peer_7:basic INFO 5005.318542971363: Sending message <Pong:> to Peer_4:basic
Peer_7:basic INFO 5005.634103421513: Received message <Ping:> from Peer_19:basic
Peer_7:basic INFO 5005.634103421513: Sending message <Pong:> to Peer_19:basic
Peer_7:basic INFO 5005.826403568774: Received message <Ping:> from Peer_9:basic
Peer_7:basic INFO 5005.826403568774: Sending message <Pong:> to Peer_9:basic
Peer_7:basic INFO 5007.593025514749: Received message <Pong:> from Peer_16:basic
Peer_7:basic INFO 5008.602218974791: Received message <Pong:> from Peer_14:basic
Peer_7:basic INFO 5009.671143849643: Received message <Pong:> from Peer_8:basic
Peer_7:basic INFO 5009.730221912622: Received message <Pong:> from Peer_9:basic
Peer_7:basic INFO 5009.771192364503: Received message <Pong:> from Peer_19:basic
Peer_7:basic INFO 5009.803992083174: Received message <Pong:> from Peer_4:basic
Peer_7:basic INFO 5009.838359196247: Received message <Pong:> from Peer_17:basic
Peer_7:basic INFO 5010.072517558058: Received message <Pong:> from Peer_2:basic
Peer_7:basic INFO 5500: Sending message <Ping:> to Peer_21:bootstrap
Peer_7:basic INFO 5500: Sending message <Ping:> to Peer_12:basic
Peer_7:basic INFO 5500: Sending message <Ping:> to Peer_20:basic
Peer_7:basic INFO 5500: Sending message <Ping:> to Peer_18:basic
Peer_7:basic INFO 5503.727740318389: Received message <Ping:> from Peer_21:bootstrap
Peer_7:basic INFO 5503.727740318389: Sending message <Pong:> to Peer_21:bootstrap
Peer_7:basic INFO 5504.906883644446: Received message <Ping:> from Peer_18:basic
Peer_7:basic INFO 5504.906883644446: Sending message <Pong:> to Peer_18:basic
Peer_7:basic INFO 5505.365292618784: Received message <Ping:> from Peer_12:basic
Peer_7:basic INFO 5505.365292618784: Sending message <Pong:> to Peer_12:basic
Peer_7:basic INFO 5505.678359453388: Received message <Ping:> from Peer_20:basic
Peer_7:basic INFO 5505.678359453388: Sending message <Pong:> to Peer_20:basic
Peer_7:basic INFO 5506.451110339434: Received message <Pong:> from Peer_20:basic
Peer_7:basic INFO 5510.056874191041: Received message <Pong:> from Peer_12:basic
Peer_7:basic INFO 5510.10933050011: Received message <Pong:> from Peer_18:basic
Peer_7:basic INFO 5510.910947891323: Received message <Pong:> from Peer_21:bootstrap
Peer_7:basic INFO 6000: Sending message <Ping:> to Peer_8:basic
Peer_7:basic INFO 6000: Sending message <Ping:> to Peer_9:basic
Peer_7:basic INFO 6000: Sending message <Ping:> to Peer_16:basic
Peer_7:basic INFO 6000: Sending message <Ping:> to Peer_17:basic
Peer_7:basic INFO 6000: Sending message <Ping:> to Peer_2:basic
Peer_7:basic INFO 6000: Sending message <Ping:> to Peer_4:basic
Peer_7:basic INFO 6000: Sending message <Ping:> to Peer_19:basic
Peer_7:basic INFO 6000: Sending message <Ping:> to Peer_14:basic
Peer_7:basic INFO 6004.381089414186: Received message <Ping:> from Peer_9:basic
Peer_7:basic INFO 6004.381089414186: Sending message <Pong:> to Peer_9:basic
Peer_7:basic INFO 6004.7202390706625: Received message <Ping:> from Peer_17:basic
Peer_7:basic INFO 6004.7202390706625: Sending message <Pong:> to Peer_17:basic
Peer_7:basic INFO 6004.730199917401: Received message <Ping:> from Peer_4:basic
Peer_7:basic INFO 6004.730199917401: Sending message <Pong:> to Peer_4:basic
Peer_7:basic INFO 6004.794038172012: Received message <Ping:> from Peer_19:basic
Peer_7:basic INFO 6004.794038172012: Sending message <Pong:> to Peer_19:basic
Peer_7:basic INFO 6004.944158684089: Received message <Ping:> from Peer_2:basic
Peer_7:basic INFO 6004.944158684089: Sending message <Pong:> to Peer_2:basic
Peer_7:basic INFO 6005.333153305382: Received message <Ping:> from Peer_8:basic
Peer_7:basic INFO 6005.333153305382: Sending message <Pong:> to Peer_8:basic
Peer_7:basic INFO 6006.078647722996: Received message <Ping:> from Peer_16:basic
Peer_7:basic INFO 6006.078647722996: Sending message <Pong:> to Peer_16:basic
Peer_7:basic INFO 6006.763101973081: Received message <Pong:> from Peer_16:basic
Peer_7:basic INFO 6006.832082316728: Received message <Ping:> from Peer_14:basic
Peer_7:basic INFO 6006.832082316728: Sending message <Pong:> to Peer_14:basic
Peer_7:basic INFO 6009.586615950656: Received message <Pong:> from Peer_8:basic
Peer_7:basic INFO 6009.623981436575: Received message <Pong:> from Peer_9:basic
Peer_7:basic INFO 6009.813120184459: Received message <Pong:> from Peer_2:basic
Peer_7:basic INFO 6009.870013219369: Received message <Pong:> from Peer_19:basic
Peer_7:basic INFO 6009.946601899417: Received message <Pong:> from Peer_4:basic
Peer_7:basic INFO 6010.17619374028: Received message <Pong:> from Peer_17:basic
Peer_7:basic INFO 6010.254285748385: Received message <Pong:> from Peer_14:basic
Peer_7:basic INFO 6500: Sending message <Ping:> to Peer_21:bootstrap
Peer_7:basic INFO 6500: Sending message <Ping:> to Peer_12:basic
Peer_7:basic INFO 6500: Sending message <Ping:> to Peer_20:basic
Peer_7:basic INFO 6500: Sending message <Ping:> to Peer_18:basic
Peer_7:basic INFO 6504.468458897853: Received message <Ping:> from Peer_18:basic
Peer_7:basic INFO 6504.468458897853: Sending message <Pong:> to Peer_18:basic
Peer_7:basic INFO 6504.8037453112065: Received message <Ping:> from Peer_21:bootstrap
Peer_7:basic INFO 6504.8037453112065: Sending message <Pong:> to Peer_21:bootstrap
Peer_7:basic INFO 6505.0030937987185: Received message <Ping:> from Peer_12:basic
Peer_7:basic INFO 6505.0030937987185: Sending message <Pong:> to Peer_12:basic
Peer_7:basic INFO 6506.301001388065: Received message <Ping:> from Peer_20:basic
Peer_7:basic INFO 6506.301001388065: Sending message <Pong:> to Peer_20:basic
Peer_7:basic INFO 6507.3074244119425: Received message <Pong:> from Peer_20:basic
Peer_7:basic INFO 6509.563624847926: Received message <Pong:> from Peer_21:bootstrap
Peer_7:basic INFO 6509.705252748657: Received message <Pong:> from Peer_12:basic
Peer_7:basic INFO 6510.969604812032: Received message <Pong:> from Peer_18:basic
Peer_7:basic INFO 7000: Sending message <Ping:> to Peer_8:basic
Peer_7:basic INFO 7000: Sending message <Ping:> to Peer_9:basic
Peer_7:basic INFO 7000: Sending message <Ping:> to Peer_16:basic
Peer_7:basic INFO 7000: Sending message <Ping:> to Peer_17:basic
Peer_7:basic INFO 7000: Sending message <Ping:> to Peer_2:basic
Peer_7:basic INFO 7000: Sending message <Ping:> to Peer_4:basic
Peer_7:basic INFO 7000: Sending message <Ping:> to Peer_19:basic
Peer_7:basic INFO 7000: Sending message <Ping:> to Peer_14:basic
Peer_7:basic INFO 7004.637064940616: Received message <Ping:> from Peer_14:basic
Peer_7:basic INFO 7004.637064940616: Sending message <Pong:> to Peer_14:basic
Peer_7:basic INFO 7005.160780393956: Received message <Ping:> from Peer_17:basic
Peer_7:basic INFO 7005.160780393956: Sending message <Pong:> to Peer_17:basic
Peer_7:basic INFO 7005.227990028747: Received message <Ping:> from Peer_2:basic
Peer_7:basic INFO 7005.227990028747: Sending message <Pong:> to Peer_2:basic
Peer_7:basic INFO 7005.265771999609: Received message <Ping:> from Peer_16:basic
Peer_7:basic INFO 7005.265771999609: Sending message <Pong:> to Peer_16:basic
Peer_7:basic INFO 7005.2857573390675: Received message <Ping:> from Peer_8:basic
Peer_7:basic INFO 7005.2857573390675: Sending message <Pong:> to Peer_8:basic
Peer_7:basic INFO 7005.40621990952: Received message <Ping:> from Peer_4:basic
Peer_7:basic INFO 7005.40621990952: Sending message <Pong:> to Peer_4:basic
Peer_7:basic INFO 7005.427647720098: Received message <Ping:> from Peer_19:basic
Peer_7:basic INFO 7005.427647720098: Sending message <Pong:> to Peer_19:basic
Peer_7:basic INFO 7005.657573917758: Received message <Ping:> from Peer_9:basic
Peer_7:basic INFO 7005.657573917758: Sending message <Pong:> to Peer_9:basic
Peer_7:basic INFO 7009.343860339988: Received message <Pong:> from Peer_16:basic
Peer_7:basic INFO 7009.374512468155: Received message <Pong:> from Peer_9:basic
Peer_7:basic INFO 7009.611435485025: Received message <Pong:> from Peer_4:basic
Peer_7:basic INFO 7009.7879332563725: Received message <Pong:> from Peer_19:basic
Peer_7:basic INFO 7009.865588264356: Received message <Pong:> from Peer_8:basic
Peer_7:basic INFO 7010.771674667801: Received message <Pong:> from Peer_17:basic
Peer_7:basic INFO 7010.824611196547: Received message <Pong:> from Peer_2:basic
Peer_7:basic INFO 7011.730213309602: Received message <Pong:> from Peer_14:basic
Peer_7:basic INFO 7500: Sending message <Ping:> to Peer_21:bootstrap
Peer_7:basic INFO 7500: Sending message <Ping:> to Peer_12:basic
Peer_7:basic INFO 7500: Sending message <Ping:> to Peer_20:basic
Peer_7:basic INFO 7500: Sending message <Ping:> to Peer_18:basic
Peer_7:basic INFO 7504.009129504906: Received message <Ping:> from Peer_18:basic
Peer_7:basic INFO 7504.009129504906: Sending message <Pong:> to Peer_18:basic
Peer_7:basic INFO 7504.875494494699: Received message <Ping:> from Peer_21:bootstrap
Peer_7:basic INFO 7504.875494494699: Sending message <Pong:> to Peer_21:bootstrap
Peer_7:basic INFO 7505.069019498797: Received message <Ping:> from Peer_12:basic
Peer_7:basic INFO 7505.069019498797: Sending message <Pong:> to Peer_12:basic
Peer_7:basic INFO 7505.709036309162: Received message <Ping:> from Peer_20:basic
Peer_7:basic INFO 7505.709036309162: Sending message <Pong:> to Peer_20:basic
Peer_7:basic INFO 7509.490976039049: Received message <Pong:> from Peer_20:basic
Peer_7:basic INFO 7510.324889583155: Received message <Pong:> from Peer_12:basic
Peer_7:basic INFO 7511.68153384224: Received message <Pong:> from Peer_18:basic
Peer_7:basic INFO 7512.273584070059: Received message <Pong:> from Peer_21:bootstrap
Peer_7:basic INFO 8000: Sending message <Ping:> to Peer_8:basic
Peer_7:basic INFO 8000: Sending message <Ping:> to Peer_9:basic
Peer_7:basic INFO 8000: Sending message <Ping:> to Peer_16:basic
Peer_7:basic INFO 8000: Sending message <Ping:> to Peer_17:basic
Peer_7:basic INFO 8000: Sending message <Ping:> to Peer_2:basic
Peer_7:basic INFO 8000: Sending message <Ping:> to Peer_4:basic
Peer_7:basic INFO 8000: Sending message <Ping:> to Peer_19:basic
Peer_7:basic INFO 8000: Sending message <Ping:> to Peer_14:basic
Peer_7:basic INFO 8004.8202269597095: Received message <Ping:> from Peer_19:basic
Peer_7:basic INFO 8004.8202269597095: Sending message <Pong:> to Peer_19:basic
Peer_7:basic INFO 8005.00197143917: Received message <Ping:> from Peer_8:basic
Peer_7:basic INFO 8005.00197143917: Sending message <Pong:> to Peer_8:basic
Peer_7:basic INFO 8005.069718122787: Received message <Ping:> from Peer_16:basic
Peer_7:basic INFO 8005.069718122787: Sending message <Pong:> to Peer_16:basic
Peer_7:basic INFO 8005.075179286255: Received message <Ping:> from Peer_17:basic
Peer_7:basic INFO 8005.075179286255: Sending message <Pong:> to Peer_17:basic
Peer_7:basic INFO 8005.125761650133: Received message <Ping:> from Peer_14:basic
Peer_7:basic INFO 8005.125761650133: Sending message <Pong:> to Peer_14:basic
Peer_7:basic INFO 8005.221797968982: Received message <Ping:> from Peer_9:basic
Peer_7:basic INFO 8005.221797968982: Sending message <Pong:> to Peer_9:basic
Peer_7:basic INFO 8005.284176255229: Received message <Ping:> from Peer_4:basic
Peer_7:basic INFO 8005.284176255229: Sending message <Pong:> to Peer_4:basic
Peer_7:basic INFO 8005.482137767614: Received message <Ping:> from Peer_2:basic
Peer_7:basic INFO 8005.482137767614: Sending message <Pong:> to Peer_2:basic
Peer_7:basic INFO 8008.379559149693: Received message <Pong:> from Peer_9:basic
Peer_7:basic INFO 8009.205628306358: Received message <Pong:> from Peer_14:basic
Peer_7:basic INFO 8009.618374428979: Received message <Pong:> from Peer_19:basic
Peer_7:basic INFO 8009.909156545765: Received message <Pong:> from Peer_17:basic
Peer_7:basic INFO 8009.9415721775: Received message <Pong:> from Peer_4:basic
Peer_7:basic INFO 8010.010498271747: Received message <Pong:> from Peer_8:basic
Peer_7:basic INFO 8010.257622557527: Received message <Pong:> from Peer_2:basic
Peer_7:basic INFO 8011.352317671738: Received message <Pong:> from Peer_16:basic
Peer_7:basic INFO 8500: Sending message <Ping:> to Peer_21:bootstrap
Peer_7:basic INFO 8500: Sending message <Ping:> to Peer_12:basic
Peer_7:basic INFO 8500: Sending message <Ping:> to Peer_20:basic
Peer_7:basic INFO 8500: Sending message <Ping:> to Peer_18:basic
Peer_7:basic INFO 8505.196125400791: Received message <Ping:> from Peer_18:basic
Peer_7:basic INFO 8505.196125400791: Sending message <Pong:> to Peer_18:basic
Peer_7:basic INFO 8505.216724453108: Received message <Ping:> from Peer_12:basic
Peer_7:basic INFO 8505.216724453108: Sending message <Pong:> to Peer_12:basic
Peer_7:basic INFO 8505.226329434026: Received message <Ping:> from Peer_21:bootstrap
Peer_7:basic INFO 8505.226329434026: Sending message <Pong:> to Peer_21:bootstrap
Peer_7:basic INFO 8505.678750750112: Received message <Ping:> from Peer_20:basic
Peer_7:basic INFO 8505.678750750112: Sending message <Pong:> to Peer_20:basic
Peer_7:basic INFO 8509.67726921352: Received message <Pong:> from Peer_18:basic
Peer_7:basic INFO 8510.146595877732: Received message <Pong:> from Peer_12:basic
Peer_7:basic INFO 8510.512818177362: Received message <Pong:> from Peer_20:basic
Peer_7:basic INFO 8511.64202271431: Received message <Pong:> from Peer_21:bootstrap
Peer_7:basic INFO 9000: Sending message <Ping:> to Peer_8:basic
Peer_7:basic INFO 9000: Sending message <Ping:> to Peer_9:basic
Peer_7:basic INFO 9000: Sending message <Ping:> to Peer_16:basic
Peer_7:basic INFO 9000: Sending message <Ping:> to Peer_17:basic
Peer_7:basic INFO 9000: Sending message <Ping:> to Peer_2:basic
Peer_7:basic INFO 9000: Sending message <Ping:> to Peer_4:basic
Peer_7:basic INFO 9000: Sending message <Ping:> to Peer_19:basic
Peer_7:basic INFO 9000: Sending message <Ping:> to Peer_14:basic
Peer_7:basic INFO 9004.381857707804: Received message <Ping:> from Peer_16:basic
Peer_7:basic INFO 9004.381857707804: Sending message <Pong:> to Peer_16:basic
Peer_7:basic INFO 9004.807938389515: Received message <Ping:> from Peer_17:basic
Peer_7:basic INFO 9004.807938389515: Sending message <Pong:> to Peer_17:basic
Peer_7:basic INFO 9004.943189648438: Received message <Ping:> from Peer_4:basic
Peer_7:basic INFO 9004.943189648438: Sending message <Pong:> to Peer_4:basic
Peer_7:basic INFO 9005.064322955304: Received message <Ping:> from Peer_19:basic
Peer_7:basic INFO 9005.064322955304: Sending message <Pong:> to Peer_19:basic
Peer_7:basic INFO 9005.183052985472: Received message <Ping:> from Peer_2:basic
Peer_7:basic INFO 9005.183052985472: Sending message <Pong:> to Peer_2:basic
Peer_7:basic INFO 9005.601921518226: Received message <Ping:> from Peer_8:basic
Peer_7:basic INFO 9005.601921518226: Sending message <Pong:> to Peer_8:basic
Peer_7:basic INFO 9005.814801525492: Received message <Ping:> from Peer_9:basic
Peer_7:basic INFO 9005.814801525492: Sending message <Pong:> to Peer_9:basic
Peer_7:basic INFO 9006.00453884005: Received message <Ping:> from Peer_14:basic
Peer_7:basic INFO 9006.00453884005: Sending message <Pong:> to Peer_14:basic
Peer_7:basic INFO 9008.714115804867: Received message <Pong:> from Peer_16:basic
Peer_7:basic INFO 9009.715219821497: Received message <Pong:> from Peer_2:basic
Peer_7:basic INFO 9009.795119244194: Received message <Pong:> from Peer_17:basic
Peer_7:basic INFO 9009.944982106637: Received message <Pong:> from Peer_19:basic
Peer_7:basic INFO 9010.02561714011: Received message <Pong:> from Peer_4:basic
Peer_7:basic INFO 9010.071644777916: Received message <Pong:> from Peer_8:basic
Peer_7:basic INFO 9010.358381280714: Received message <Pong:> from Peer_9:basic
Peer_7:basic INFO 9011.582615353607: Received message <Pong:> from Peer_14:basic
Peer_7:basic INFO 9500: Sending message <Ping:> to Peer_21:bootstrap
Peer_7:basic INFO 9500: Sending message <Ping:> to Peer_12:basic
Peer_7:basic INFO 9500: Sending message <Ping:> to Peer_20:basic
Peer_7:basic INFO 9500: Sending message <Ping:> to Peer_18:basic
Peer_7:basic INFO 9504.282848161434: Received message <Ping:> from Peer_21:bootstrap
Peer_7:basic INFO 9504.282848161434: Sending message <Pong:> to Peer_21:bootstrap
Peer_7:basic INFO 9504.37070546634: Received message <Ping:> from Peer_20:basic
Peer_7:basic INFO 9504.37070546634: Sending message <Pong:> to Peer_20:basic
Peer_7:basic INFO 9504.91722746893: Received message <Ping:> from Peer_12:basic
Peer_7:basic INFO 9504.91722746893: Sending message <Pong:> to Peer_12:basic
Peer_7:basic INFO 9505.259253283924: Received message <Ping:> from Peer_18:basic
Peer_7:basic INFO 9505.259253283924: Sending message <Pong:> to Peer_18:basic
Peer_7:basic INFO 9510.010326619737: Received message <Pong:> from Peer_12:basic
Peer_7:basic INFO 9510.18144533383: Received message <Pong:> from Peer_21:bootstrap
Peer_7:basic INFO 9511.53762601653: Received message <Pong:> from Peer_18:basic
Peer_7:basic INFO 9513.650274503838: Received message <Pong:> from Peer_20:basic
