Peer_6:basic WARNING 0: Not enough peers, fetching more (0, 8)
Peer_6:basic INFO 3.6456961440238116: Connecting to Peer_21:bootstrap
Peer_6:basic INFO 8.424873183677244: Received message <RequestPeers:> from Peer_21:bootstrap
Peer_6:basic INFO 8.424873183677244: Sending message <PeerList> to Peer_21:bootstrap
Peer_6:basic INFO 8.4783664328685: Received message <Hello:> from Peer_21:bootstrap
Peer_6:basic WARNING 500: Not enough peers, fetching more (1, 8)
Peer_6:basic INFO 500: Sending message <RequestPeers:> to Peer_21:bootstrap
Peer_6:basic INFO 509.0118118822834: Received message <PeerList> from Peer_21:bootstrap
Peer_6:basic WARNING 1000: Not enough peers, fetching more (1, 8)
Peer_6:basic INFO 1000: Sending message <RequestPeers:> to Peer_21:bootstrap
Peer_6:basic INFO 1005.4062851674329: Connecting to Peer_15:basic
Peer_6:basic INFO 1009.8563310230766: Received message <PeerList> from Peer_21:bootstrap
Peer_6:basic INFO 1010.3471245920573: Received message <RequestPeers:> from Peer_15:basic
Peer_6:basic INFO 1010.3471245920573: Sending message <PeerList> to Peer_15:basic
Peer_6:basic INFO 1011.372787849177: Received message <Hello:> from Peer_15:basic
Peer_6:basic WARNING 1500: Not enough peers, fetching more (2, 8)
Peer_6:basic INFO 1500: Sending message <RequestPeers:> to Peer_15:basic
Peer_6:basic INFO 1500: Sending message <RequestPeers:> to Peer_21:bootstrap
Peer_6:basic INFO 1504.6437373570338: Received message <RequestPeers:> from Peer_15:basic
Peer_6:basic INFO 1504.6437373570338: Sending message <PeerList> to Peer_15:basic
Peer_6:basic INFO 1504.6869844338066: Received message <Hello:> from Peer_20:basic
Peer_6:basic INFO 1504.6869844338066: Connecting to Peer_20:basic
Peer_6:basic INFO 1504.6869844338066: Sending message <Hello:> to Peer_20:basic
Peer_6:basic INFO 1504.6869844338066: Sending message <RequestPeers:> to Peer_20:basic
Peer_6:basic INFO 1505.0945679914719: Received message <Hello:> from Peer_19:basic
Peer_6:basic INFO 1505.0945679914719: Connecting to Peer_19:basic
Peer_6:basic INFO 1505.0945679914719: Sending message <Hello:> to Peer_19:basic
Peer_6:basic INFO 1505.0945679914719: Sending message <RequestPeers:> to Peer_19:basic
Peer_6:basic INFO 1505.2218772262022: Connecting to Peer_14:basic
Peer_6:basic INFO 1505.2270668107515: Received message <Hello:> from Peer_3:basic
Peer_6:basic INFO 1505.2270668107515: Connecting to Peer_3:basic
Peer_6:basic INFO 1505.2270668107515: Sending message <Hello:> to Peer_3:basic
Peer_6:basic INFO 1505.2270668107515: Sending message <RequestPeers:> to Peer_3:basic
Peer_6:basic INFO 1508.8415249296536: Received message <PeerList> from Peer_15:basic
Peer_6:basic INFO 1509.294360222824: Received message <PeerList> from Peer_21:bootstrap
Peer_6:basic INFO 1510.5030028596668: Received message <Hello:> from Peer_14:basic
Peer_6:basic INFO 1512.1085479415538: Received message <RequestPeers:> from Peer_14:basic
Peer_6:basic INFO 1512.1085479415538: Sending message <PeerList> to Peer_14:basic
Peer_6:basic INFO 1515.0837086561178: Received message <PeerList> from Peer_3:basic
Peer_6:basic INFO 1515.1664117794721: Received message <PeerList> from Peer_19:basic
Peer_6:basic INFO 1515.9215346546387: Received message <PeerList> from Peer_20:basic
Peer_6:basic WARNING 2000: Not enough peers, fetching more (6, 8)
Peer_6:basic INFO 2000: Sending message <RequestPeers:> to Peer_20:basic
Peer_6:basic INFO 2000: Sending message <RequestPeers:> to Peer_21:bootstrap
Peer_6:basic INFO 2000: Sending message <RequestPeers:> to Peer_3:basic
Peer_6:basic INFO 2000: Sending message <RequestPeers:> to Peer_14:basic
Peer_6:basic INFO 2000: Sending message <RequestPeers:> to Peer_19:basic
Peer_6:basic INFO 2004.9263621453865: Received message <Hello:> from Peer_2:basic
Peer_6:basic INFO 2004.9263621453865: Connecting to Peer_2:basic
Peer_6:basic INFO 2004.9263621453865: Sending message <Hello:> to Peer_2:basic
Peer_6:basic INFO 2004.9263621453865: Sending message <RequestPeers:> to Peer_2:basic
Peer_6:basic INFO 2005.1147140060345: Received message <RequestPeers:> from Peer_14:basic
Peer_6:basic INFO 2005.1147140060345: Sending message <PeerList> to Peer_14:basic
Peer_6:basic INFO 2005.4317169168216: Connecting to Peer_8:basic
Peer_6:basic INFO 2006.3226451311355: Received message <Hello:> from Peer_1:basic
Peer_6:basic INFO 2006.3226451311355: Connecting to Peer_1:basic
Peer_6:basic INFO 2006.3226451311355: Sending message <Hello:> to Peer_1:basic
Peer_6:basic INFO 2006.3226451311355: Sending message <RequestPeers:> to Peer_1:basic
Peer_6:basic INFO 2008.135128086929: Received message <PeerList> from Peer_21:bootstrap
Peer_6:basic INFO 2009.6884444556151: Received message <PeerList> from Peer_14:basic
Peer_6:basic INFO 2009.8963694354359: Received message <PeerList> from Peer_19:basic
Peer_6:basic INFO 2009.9093633586774: Received message <PeerList> from Peer_20:basic
Peer_6:basic INFO 2010.3751511663572: Received message <PeerList> from Peer_3:basic
Peer_6:basic INFO 2010.632838327103: Received message <Hello:> from Peer_8:basic
Peer_6:basic INFO 2010.8842321808406: Received message <RequestPeers:> from Peer_8:basic
Peer_6:basic INFO 2010.8842321808406: Sending message <PeerList> to Peer_8:basic
Peer_6:basic INFO 2014.9837963785055: Received message <PeerList> from Peer_2:basic
Peer_6:basic INFO 2017.3769218601406: Received message <PeerList> from Peer_1:basic
Peer_6:basic INFO 2500: Sending message <Ping:> to Peer_15:basic
Peer_6:basic INFO 2505.0520896975013: Received message <Hello:> from Peer_11:basic
Peer_6:basic INFO 2505.0520896975013: Connecting to Peer_11:basic
Peer_6:basic INFO 2505.0520896975013: Sending message <Hello:> to Peer_11:basic
Peer_6:basic INFO 2505.0520896975013: Sending message <RequestPeers:> to Peer_11:basic
Peer_6:basic INFO 2505.287258580275: Received message <Ping:> from Peer_15:basic
Peer_6:basic INFO 2505.287258580275: Sending message <Pong:> to Peer_15:basic
Peer_6:basic INFO 2509.068874967148: Received message <Pong:> from Peer_15:basic
Peer_6:basic INFO 2514.7138664899912: Received message <PeerList> from Peer_11:basic
Peer_6:basic INFO 3000: Sending message <Ping:> to Peer_21:bootstrap
Peer_6:basic INFO 3000: Sending message <Ping:> to Peer_20:basic
Peer_6:basic INFO 3000: Sending message <Ping:> to Peer_19:basic
Peer_6:basic INFO 3000: Sending message <Ping:> to Peer_14:basic
Peer_6:basic INFO 3000: Sending message <Ping:> to Peer_3:basic
Peer_6:basic INFO 3000: Sending message <Ping:> to Peer_2:basic
Peer_6:basic INFO 3000: Sending message <Ping:> to Peer_8:basic
Peer_6:basic INFO 3000: Sending message <Ping:> to Peer_1:basic
Peer_6:basic INFO 3004.795524954919: Received message <Ping:> from Peer_8:basic
Peer_6:basic INFO 3004.795524954919: Sending message <Pong:> to Peer_8:basic
Peer_6:basic INFO 3004.8551196576313: Received message <Ping:> from Peer_2:basic
Peer_6:basic INFO 3004.8551196576313: Sending message <Pong:> to Peer_2:basic
Peer_6:basic INFO 3004.9208283842418: Received message <Ping:> from Peer_19:basic
Peer_6:basic INFO 3004.9208283842418: Sending message <Pong:> to Peer_19:basic
Peer_6:basic INFO 3004.968524959835: Received message <Ping:> from Peer_21:bootstrap
Peer_6:basic INFO 3004.968524959835: Sending message <Pong:> to Peer_21:bootstrap
Peer_6:basic INFO 3005.304107494329: Received message <Ping:> from Peer_3:basic
Peer_6:basic INFO 3005.304107494329: Sending message <Pong:> to Peer_3:basic
Peer_6:basic INFO 3006.0899849145603: Received message <Ping:> from Peer_20:basic
Peer_6:basic INFO 3006.0899849145603: Sending message <Pong:> to Peer_20:basic
Peer_6:basic INFO 3006.1004215200674: Received message <Ping:> from Peer_14:basic
Peer_6:basic INFO 3006.1004215200674: Sending message <Pong:> to Peer_14:basic
Peer_6:basic INFO 3006.8106831503515: Received message <Ping:> from Peer_1:basic
Peer_6:basic INFO 3006.8106831503515: Sending message <Pong:> to Peer_1:basic
Peer_6:basic INFO 3008.848842607793: Received message <Pong:> from Peer_1:basic
Peer_6:basic INFO 3008.861199748489: Received message <Pong:> from Peer_21:bootstrap
Peer_6:basic INFO 3009.7505801298785: Received message <Pong:> from Peer_19:basic
Peer_6:basic INFO 3009.755164909462: Received message <Pong:> from Peer_20:basic
Peer_6:basic INFO 3009.75649866515: Received message <Pong:> from Peer_14:basic
Peer_6:basic INFO 3009.924639145468: Received message <Pong:> from Peer_3:basic
Peer_6:basic INFO 3010.004424936376: Received message <Pong:> from Peer_8:basic
Peer_6:basic INFO 3010.257744441771: Received message <Pong:> from Peer_2:basic
Peer_6:basic INFO 3500: Sending message <Ping:> to Peer_15:basic
Peer_6:basic INFO 3500: Sending message <Ping:> to Peer_11:basic
Peer_6:basic INFO 3504.720520193514: Received message <Ping:> from Peer_15:basic
Peer_6:basic INFO 3504.720520193514: Sending message <Pong:> to Peer_15:basic
Peer_6:basic INFO 3504.7212148326967: Received message <Ping:> from Peer_11:basic
Peer_6:basic INFO 3504.7212148326967: Sending message <Pong:> to Peer_11:basic
Peer_6:basic INFO 3509.6013094416203: Received message <Pong:> from Peer_11:basic
Peer_6:basic INFO 3509.802661365624: Received message <Pong:> from Peer_15:basic
Peer_6:basic INFO 4000: Sending message <Ping:> to Peer_21:bootstrap
Peer_6:basic INFO 4000: Sending message <Ping:> to Peer_20:basic
Peer_6:basic INFO 4000: Sending message <Ping:> to Peer_19:basic
Peer_6:basic INFO 4000: Sending message <Ping:> to Peer_14:basic
Peer_6:basic INFO 4000: Sending message <Ping:> to Peer_3:basic
Peer_6:basic INFO 4000: Sending message <Ping:> to Peer_2:basic
Peer_6:basic INFO 4000: Sending message <Ping:> to Peer_8:basic
Peer_6:basic INFO 4000: Sending message <Ping:> to Peer_1:basic
Peer_6:basic INFO 4004.216796855367: Received message <Ping:> from Peer_1:basic
Peer_6:basic INFO 4004.216796855367: Sending message <Pong:> to Peer_1:basic
Peer_6:basic INFO 4004.3847526829577: Received message <Ping:> from Peer_20:basic
Peer_6:basic INFO 4004.3847526829577: Sending message <Pong:> to Peer_20:basic
Peer_6:basic INFO 4004.544088077798: Received message <Ping:> from Peer_3:basic
Peer_6:basic INFO 4004.544088077798: Sending message <Pong:> to Peer_3:basic
Peer_6:basic INFO 4004.630365259603: Received message <Ping:> from Peer_8:basic
Peer_6:basic INFO 4004.630365259603: Sending message <Pong:> to Peer_8:basic
Peer_6:basic INFO 4004.8629427251262: Received message <Ping:> from Peer_2:basic
Peer_6:basic INFO 4004.8629427251262: Sending message <Pong:> to Peer_2:basic
Peer_6:basic INFO 4005.246922347453: Received message <Ping:> from Peer_14:basic
Peer_6:basic INFO 4005.246922347453: Sending message <Pong:> to Peer_14:basic
Peer_6:basic INFO 4005.2669439282713: Received message <Ping:> from Peer_19:basic
Peer_6:basic INFO 4005.2669439282713: Sending message <Pong:> to Peer_19:basic
Peer_6:basic INFO 4007.479120568309: Received message <Ping:> from Peer_21:bootstrap
Peer_6:basic INFO 4007.479120568309: Sending message <Pong:> to Peer_21:bootstrap
Peer_6:basic INFO 4008.9777296070233: Received message <Pong:> from Peer_14:basic
Peer_6:basic INFO 4009.033407578539: Received message <Pong:> from Peer_20:basic
Peer_6:basic INFO 4009.765781072314: Received message <Pong:> from Peer_2:basic
Peer_6:basic INFO 4009.8349049118224: Received message <Pong:> from Peer_19:basic
Peer_6:basic INFO 4009.846276008372: Received message <Pong:> from Peer_8:basic
Peer_6:basic INFO 4010.1446248739944: Received message <Pong:> from Peer_1:basic
Peer_6:basic INFO 4010.1973961783056: Received message <Pong:> from Peer_21:bootstrap
Peer_6:basic INFO 4010.4955085091833: Received message <Pong:> from Peer_3:basic
Peer_6:basic INFO 4500: Sending message <Ping:> to Peer_15:basic
Peer_6:basic INFO 4500: Sending message <Ping:> to Peer_11:basic
Peer_6:basic INFO 4504.862379426627: Received message <Ping:> from Peer_11:basic
Peer_6:basic INFO 4504.862379426627: Sending message <Pong:> to Peer_11:basic
Peer_6:basic INFO 4505.632259033726: Received message <Ping:> from Peer_15:basic
Peer_6:basic INFO 4505.632259033726: Sending message <Pong:> to Peer_15:basic
Peer_6:basic INFO 4509.450415685467: Received message <Pong:> from Peer_11:basic
Peer_6:basic INFO 4510.6159405888575: Received message <Pong:> from Peer_15:basic
Peer_6:basic INFO 5000: Sending message <Ping:> to Peer_21:bootstrap
Peer_6:basic INFO 5000: Sending message <Ping:> to Peer_20:basic
Peer_6:basic INFO 5000: Sending message <Ping:> to Peer_19:basic
Peer_6:basic INFO 5000: Sending message <Ping:> to Peer_14:basic
Peer_6:basic INFO 5000: Sending message <Ping:> to Peer_3:basic
Peer_6:basic INFO 5000: Sending message <Ping:> to Peer_2:basic
Peer_6:basic INFO 5000: Sending message <Ping:> to Peer_8:basic
Peer_6:basic INFO 5000: Sending message <Ping:> to Peer_1:basic
Peer_6:basic INFO 5004.4193141964915: Received message <Ping:> from Peer_21:bootstrap
Peer_6:basic INFO 5004.4193141964915: Sending message <Pong:> to Peer_21:bootstrap
Peer_6:basic INFO 5004.444456956799: Received message <Ping:> from Peer_1:basic
Peer_6:basic INFO 5004.444456956799: Sending message <Pong:> to Peer_1:basic
Peer_6:basic INFO 5004.6646091646635: Received message <Ping:> from Peer_14:basic
Peer_6:basic INFO 5004.6646091646635: Sending message <Pong:> to Peer_14:basic
Peer_6:basic INFO 5004.937921288156: Received message <Ping:> from Peer_8:basic
Peer_6:basic INFO 5004.937921288156: Sending message <Pong:> to Peer_8:basic
Peer_6:basic INFO 5005.042258917903: Received message <Ping:> from Peer_3:basic
Peer_6:basic INFO 5005.042258917903: Sending message <Pong:> to Peer_3:basic
Peer_6:basic INFO 5005.06525292423: Received message <Ping:> from Peer_2:basic
Peer_6:basic INFO 5005.06525292423: Sending message <Pong:> to Peer_2:basic
Peer_6:basic INFO 5005.11973570437: Received message <Ping:> from Peer_19:basic
Peer_6:basic INFO 5005.11973570437: Sending message <Pong:> to Peer_19:basic
Peer_6:basic INFO 5005.31796502011: Received message <Ping:> from Peer_20:basic
Peer_6:basic INFO 5005.31796502011: Sending message <Pong:> to Peer_20:basic
Peer_6:basic INFO 5009.3564667326145: Received message <Pong:> from Peer_8:basic
Peer_6:basic INFO 5009.727652734836: Received message <Pong:> from Peer_1:basic
Peer_6:basic INFO 5009.930283971504: Received message <Pong:> from Peer_2:basic
Peer_6:basic INFO 5010.05032910422: Received message <Pong:> from Peer_19:basic
Peer_6:basic INFO 5010.396336516963: Received message <Pong:> from Peer_3:basic
Peer_6:basic INFO 5010.450079834635: Received message <Pong:> from Peer_14:basic
Peer_6:basic INFO 5010.987945366977: Received message <Pong:> from Peer_20:basic
Peer_6:basic INFO 5011.508565347554: Received message <Pong:> from Peer_21:bootstrap
Peer_6:basic INFO 5500: Sending message <Ping:> to Peer_15:basic
Peer_6:basic INFO 5500: Sending message <Ping:> to Peer_11:basic
Peer_6:basic INFO 5505.1769451143755: Received message <Ping:> from Peer_15:basic
Peer_6:basic INFO 5505.1769451143755: Sending message <Pong:> to Peer_15:basic
Peer_6:basic INFO 5505.318779802808: Received message <Ping:> from Peer_11:basic
Peer_6:basic INFO 5505.318779802808: Sending message <Pong:> to Peer_11:basic
Peer_6:basic INFO 5509.285252166208: Received message <Pong:> from Peer_15:basic
Peer_6:basic INFO 5510.5094737325535: Received message <Pong:> from Peer_11:basic
Peer_6:basic INFO 6000: Sending message <Ping:> to Peer_21:bootstrap
Peer_6:basic INFO 6000: Sending message <Ping:> to Peer_20:basic
Peer_6:basic INFO 6000: Sending message <Ping:> to Peer_19:basic
Peer_6:basic INFO 6000: Sending message <Ping:> to Peer_14:basic
Peer_6:basic INFO 6000: Sending message <Ping:> to Peer_3:basic
Peer_6:basic INFO 6000: Sending message <Ping:> to Peer_2:basic
Peer_6:basic INFO 6000: Sending message <Ping:> to Peer_8:basic
Peer_6:basic INFO 6000: Sending message <Ping:> to Peer_1:basic
Peer_6:basic INFO 6004.287042005333: Received message <Ping:> from Peer_21:bootstrap
Peer_6:basic INFO 6004.287042005333: Sending message <Pong:> to Peer_21:bootstrap
Peer_6:basic INFO 6004.582567893018: Received message <Ping:> from Peer_8:basic
Peer_6:basic INFO 6004.582567893018: Sending message <Pong:> to Peer_8:basic
Peer_6:basic INFO 6004.74713508173: Received message <Ping:> from Peer_20:basic
Peer_6:basic INFO 6004.74713508173: Sending message <Pong:> to Peer_20:basic
Peer_6:basic INFO 6004.756043459974: Received message <Ping:> from Peer_19:basic
Peer_6:basic INFO 6004.756043459974: Sending message <Pong:> to Peer_19:basic
Peer_6:basic INFO 6005.224971224472: Received message <Ping:> from Peer_3:basic
Peer_6:basic INFO 6005.224971224472: Sending message <Pong:> to Peer_3:basic
Peer_6:basic INFO 6005.275143967443: Received message <Ping:> from Peer_2:basic
Peer_6:basic INFO 6005.275143967443: Sending message <Pong:> to Peer_2:basic
Peer_6:basic INFO 6005.868932204199: Received message <Ping:> from Peer_1:basic
Peer_6:basic INFO 6005.868932204199: Sending message <Pong:> to Peer_1:basic
Peer_6:basic INFO 6007.137127611523: Received message <Ping:> from Peer_14:basic
Peer_6:basic INFO 6007.137127611523: Sending message <Pong:> to Peer_14:basic
Peer_6:basic INFO 6009.395436247149: Received message <Pong:> from Peer_20:basic
Peer_6:basic INFO 6009.968019082519: Received message <Pong:> from Peer_8:basic
Peer_6:basic INFO 6010.032806976545: Received message <Pong:> from Peer_2:basic
Peer_6:basic INFO 6010.06039680087: Received message <Pong:> from Peer_19:basic
Peer_6:basic INFO 6010.084027038151: Received message <Pong:> from Peer_1:basic
Peer_6:basic INFO 6010.160103152247: Received message <Pong:> from Peer_3:basic
Peer_6:basic INFO 6010.631806591088: Received message <Pong:> from Peer_14:basic
Peer_6:basic INFO 6010.638623150632: Received message <Pong:> from Peer_21:bootstrap
Peer_6:basic INFO 6500: Sending message <Ping:> to Peer_15:basic
Peer_6:basic INFO 6500: Sending message <Ping:> to Peer_11:basic
Peer_6:basic INFO 6504.7042735242: Received message <Ping:> from Peer_11:basic
Peer_6:basic INFO 6504.7042735242: Sending message <Pong:> to Peer_11:basic
Peer_6:basic INFO 6505.314490521633: Received message <Ping:> from Peer_15:basic
Peer_6:basic INFO 6505.314490521633: Sending message <Pong:> to Peer_15:basic
Peer_6:basic INFO 6510.290843952769: Received message <Pong:> from Peer_11:basic
Peer_6:basic INFO 6512.921924875973: Received message <Pong:> from Peer_15:basic
Peer_6:basic INFO 7000: Sending message <Ping:> to Peer_21:bootstrap
Peer_6:basic INFO 7000: Sending message <Ping:> to Peer_20:basic
Peer_6:basic INFO 7000: Sending message <Ping:> to Peer_19:basic
Peer_6:basic INFO 7000: Sending message <Ping:> to Peer_14:basic
Peer_6:basic INFO 7000: Sending message <Ping:> to Peer_3:basic
Peer_6:basic INFO 7000: Sending message <Ping:> to Peer_2:basic
Peer_6:basic INFO 7000: Sending message <Ping:> to Peer_8:basic
Peer_6:basic INFO 7000: Sending message <Ping:> to Peer_1:basic
Peer_6:basic INFO 7002.849663184986: Received message <Ping:> from Peer_21:bootstrap
Peer_6:basic INFO 7002.849663184986: Sending message <Pong:> to Peer_21:bootstrap
Peer_6:basic INFO 7004.600070178098: Received message <Ping:> from Peer_1:basic
Peer_6:basic INFO 7004.600070178098: Sending message <Pong:> to Peer_1:basic
Peer_6:basic INFO 7004.695808992622: Received message <Ping:> from Peer_19:basic
Peer_6:basic INFO 7004.695808992622: Sending message <Pong:> to Peer_19:basic
Peer_6:basic INFO 7004.748252121455: Received message <Ping:> from Peer_3:basic
Peer_6:basic INFO 7004.748252121455: Sending message <Pong:> to Peer_3:basic
Peer_6:basic INFO 7004.92643129408: Received message <Ping:> from Peer_2:basic
Peer_6:basic INFO 7004.92643129408: Sending message <Pong:> to Peer_2:basic
Peer_6:basic INFO 7005.210169719009: Received message <Ping:> from Peer_8:basic
Peer_6:basic INFO 7005.210169719009: Sending message <Pong:> to Peer_8:basic
Peer_6:basic INFO 7005.447040467622: Received message <Ping:> from Peer_14:basic
Peer_6:basic INFO 7005.447040467622: Sending message <Pong:> to Peer_14:basic
Peer_6:basic INFO 7006.134190823527: Received message <Ping:> from Peer_20:basic
Peer_6:basic INFO 7006.134190823527: Sending message <Pong:> to Peer_20:basic
Peer_6:basic INFO 7008.640137707812: Received message <Pong:> from Peer_21:bootstrap
Peer_6:basic INFO 7008.696184219856: Received message <Pong:> from Peer_1:basic
Peer_6:basic INFO 7009.591699864188: Received message <Pong:> from Peer_19:basic
Peer_6:basic INFO 7009.744860020218: Received message <Pong:> from Peer_2:basic
Peer_6:basic INFO 7009.7910113000025: Received message <Pong:> from Peer_3:basic
Peer_6:basic INFO 7010.018856079862: Received message <Pong:> from Peer_8:basic
Peer_6:basic INFO 7010.784712820717: Received message <Pong:> from Peer_20:basic
Peer_6:basic INFO 7010.881290192041: Received message <Pong:> from Peer_14:basic
Peer_6:basic INFO 7500: Sending message <Ping:> to Peer_15:basic
Peer_6:basic INFO 7500: Sending message <Ping:> to Peer_11:basic
Peer_6:basic INFO 7504.207082192695: Received message <Ping:> from Peer_11:basic
Peer_6:basic INFO 7504.207082192695: Sending message <Pong:> to Peer_11:basic
Peer_6:basic INFO 7504.2735676617995: Received message <Ping:> from Peer_15:basic
Peer_6:basic INFO 7504.2735676617995: Sending message <Pong:> to Peer_15:basic
Peer_6:basic INFO 7510.588160204183: Received message <Pong:> from Peer_11:basic
Peer_6:basic INFO 7511.772136366039: Received message <Pong:> from Peer_15:basic
Peer_6:basic INFO 8000: Sending message <Ping:> to Peer_21:bootstrap
Peer_6:basic INFO 8000: Sending message <Ping:> to Peer_20:basic
Peer_6:basic INFO 8000: Sending message <Ping:> to Peer_19:basic
Peer_6:basic INFO 8000: Sending message <Ping:> to Peer_14:basic
Peer_6:basic INFO 8000: Sending message <Ping:> to Peer_3:basic
Peer_6:basic INFO 8000: Sending message <Ping:> to Peer_2:basic
Peer_6:basic INFO 8000: Sending message <Ping:> to Peer_8:basic
Peer_6:basic INFO 8000: Sending message <Ping:> to Peer_1:basic
Peer_6:basic INFO 8004.529718299222: Received message <Ping:> from Peer_8:basic
Peer_6:basic INFO 8004.529718299222: Sending message <Pong:> to Peer_8:basic
Peer_6:basic INFO 8004.571330141641: Received message <Ping:> from Peer_19:basic
Peer_6:basic INFO 8004.571330141641: Sending message <Pong:> to Peer_19:basic
Peer_6:basic INFO 8004.685689442213: Received message <Ping:> from Peer_14:basic
Peer_6:basic INFO 8004.685689442213: Sending message <Pong:> to Peer_14:basic
Peer_6:basic INFO 8004.954923187692: Received message <Ping:> from Peer_2:basic
Peer_6:basic INFO 8004.954923187692: Sending message <Pong:> to Peer_2:basic
Peer_6:basic INFO 8005.436208223522: Received message <Ping:> from Peer_3:basic
Peer_6:basic INFO 8005.436208223522: Sending message <Pong:> to Peer_3:basic
Peer_6:basic INFO 8005.534589560528: Received message <Ping:> from Peer_1:basic
Peer_6:basic INFO 8005.534589560528: Sending message <Pong:> to Peer_1:basic
Peer_6:basic INFO 8005.885987135325: Received message <Ping:> from Peer_21:bootstrap
Peer_6:basic INFO 8005.885987135325: Sending message <Pong:> to Peer_21:bootstrap
Peer_6:basic INFO 8006.238852382081: Received message <Ping:> from Peer_20:basic
Peer_6:basic INFO 8006.238852382081: Sending message <Pong:> to Peer_20:basic
Peer_6:basic INFO 8006.5883277267385: Received message <Pong:> from Peer_21:bootstrap
Peer_6:basic INFO 8009.431096436757: Received message <Pong:> from Peer_14:basic
Peer_6:basic INFO 8009.604852671246: Received message <Pong:> from Peer_8:basic
Peer_6:basic INFO 8009.696595196495: Received message <Pong:> from Peer_3:basic
Peer_6:basic INFO 8010.223862601229: Received message <Pong:> from Peer_2:basic
Peer_6:basic INFO 8010.23601039366: Received message <Pong:> from Peer_20:basic
Peer_6:basic INFO 8010.287163896485: Received message <Pong:> from Peer_19:basic
Peer_6:basic INFO 8011.806706731381: Received message <Pong:> from Peer_1:basic
Peer_6:basic INFO 8500: Sending message <Ping:> to Peer_15:basic
Peer_6:basic INFO 8500: Sending message <Ping:> to Peer_11:basic
Peer_6:basic INFO 8503.410026178544: Received message <Ping:> from Peer_15:basic
Peer_6:basic INFO 8503.410026178544: Sending message <Pong:> to Peer_15:basic
Peer_6:basic INFO 8505.410613114465: Received message <Ping:> from Peer_11:basic
Peer_6:basic INFO 8505.410613114465: Sending message <Pong:> to Peer_11:basic
Peer_6:basic INFO 8509.484680746831: Received message <Pong:> from Peer_11:basic
Peer_6:basic INFO 8511.77642114011: Received message <Pong:> from Peer_15:basic
Peer_6:basic INFO 9000: Sending message <Ping:> to Peer_21:bootstrap
Peer_6:basic INFO 9000: Sending message <Ping:> to Peer_20:basic
Peer_6:basic INFO 9000: Sending message <Ping:> to Peer_19:basic
Peer_6:basic INFO 9000: Sending message <Ping:> to Peer_14:basic
Peer_6:basic INFO 9000: Sending message <Ping:> to Peer_3:basic
Peer_6:basic INFO 9000: Sending message <Ping:> to Peer_2:basic
Peer_6:basic INFO 9000: Sending message <Ping:> to Peer_8:basic
Peer_6:basic INFO 9000: Sending message <Ping:> to Peer_1:basic
Peer_6:basic INFO 9004.427218101962: Received message <Ping:> from Peer_1:basic
Peer_6:basic INFO 9004.427218101962: Sending message <Pong:> to Peer_1:basic
Peer_6:basic INFO 9004.46324784749: Received message <Ping:> from Peer_19:basic
Peer_6:basic INFO 9004.46324784749: Sending message <Pong:> to Peer_19:basic
Peer_6:basic INFO 9004.68800639667: Received message <Ping:> from Peer_21:bootstrap
Peer_6:basic INFO 9004.68800639667: Sending message <Pong:> to Peer_21:bootstrap
Peer_6:basic INFO 9004.832825569823: Received message <Ping:> from Peer_2:basic
Peer_6:basic INFO 9004.832825569823: Sending message <Pong:> to Peer_2:basic
Peer_6:basic INFO 9004.962813561973: Received message <Ping:> from Peer_8:basic
Peer_6:basic INFO 9004.962813561973: Sending message <Pong:> to Peer_8:basic
Peer_6:basic INFO 9004.991905201858: Received message <Ping:> from Peer_3:basic
Peer_6:basic INFO 9004.991905201858: Sending message <Pong:> to Peer_3:basic
Peer_6:basic INFO 9005.073940089515: Received message <Ping:> from Peer_14:basic
Peer_6:basic INFO 9005.073940089515: Sending message <Pong:> to Peer_14:basic
Peer_6:basic INFO 9007.178545576066: Received message <Ping:> from Peer_20:basic
Peer_6:basic INFO 9007.178545576066: Sending message <Pong:> to Peer_20:basic
Peer_6:basic INFO 9008.373194620237: Received message <Pong:> from Peer_1:basic
Peer_6:basic INFO 9009.41856815291: Received message <Pong:> from Peer_2:basic
Peer_6:basic INFO 9009.90654282843: Received message <Pong:> from Peer_3:basic
Peer_6:basic INFO 9010.122646950646: Received message <Pong:> from Peer_19:basic
Peer_6:basic INFO 9010.420050322222: Received message <Pong:> from Peer_8:basic
Peer_6:basic INFO 9010.628142491876: Received message <Pong:> from Peer_21:bootstrap
Peer_6:basic INFO 9010.829693886775: Received message <Pong:> from Peer_14:basic
Peer_6:basic INFO 9010.933630497606: Received message <Pong:> from Peer_20:basic
Peer_6:basic INFO 9500: Sending message <Ping:> to Peer_15:basic
Peer_6:basic INFO 9500: Sending message <Ping:> to Peer_11:basic
Peer_6:basic INFO 9505.264772674338: Received message <Ping:> from Peer_11:basic
Peer_6:basic INFO 9505.264772674338: Sending message <Pong:> to Peer_11:basic
Peer_6:basic INFO 9505.796119236815: Received message <Ping:> from Peer_15:basic
Peer_6:basic INFO 9505.796119236815: Sending message <Pong:> to Peer_15:basic
Peer_6:basic INFO 9509.977438642369: Received message <Pong:> from Peer_11:basic
Peer_6:basic INFO 9511.016017187585: Received message <Pong:> from Peer_15:basic
