Peer_18:basic WARNING 0: Not enough peers, fetching more (0, 8)
Peer_18:basic INFO 9.794604780612241: Connecting to Peer_21:bootstrap
Peer_18:basic INFO 14.026066246702992: Received message <Hello:> from Peer_21:bootstrap
Peer_18:basic INFO 20.905090869546996: Received message <RequestPeers:> from Peer_21:bootstrap
Peer_18:basic INFO 20.905090869546996: Sending message <PeerList> to Peer_21:bootstrap
Peer_18:basic WARNING 500: Not enough peers, fetching more (1, 8)
Peer_18:basic INFO 500: Sending message <RequestPeers:> to Peer_21:bootstrap
Peer_18:basic INFO 512.5586528942243: Received message <PeerList> from Peer_21:bootstrap
Peer_18:basic WARNING 1000: Not enough peers, fetching more (1, 8)
Peer_18:basic INFO 1000: Sending message <RequestPeers:> to Peer_21:bootstrap
Peer_18:basic INFO 1003.1262037857427: Received message <Hello:> from Peer_20:basic
Peer_18:basic INFO 1003.1262037857427: Connecting to Peer_20:basic
Peer_18:basic INFO 1003.1262037857427: Sending message <Hello:> to Peer_20:basic
Peer_18:basic INFO 1003.1262037857427: Sending message <RequestPeers:> to Peer_20:basic
Peer_18:basic INFO 1004.9008698625709: Received message <Hello:> from Peer_10:basic
Peer_18:basic INFO 1004.9008698625709: Connecting to Peer_10:basic
Peer_18:basic INFO 1004.9008698625709: Sending message <Hello:> to Peer_10:basic
Peer_18:basic INFO 1004.9008698625709: Sending message <RequestPeers:> to Peer_10:basic
Peer_18:basic INFO 1005.725214234729: Connecting to Peer_8:basic
Peer_18:basic INFO 1009.5969180982324: Received message <Hello:> from Peer_8:basic
Peer_18:basic INFO 1010.4233049260467: Received message <RequestPeers:> from Peer_8:basic
Peer_18:basic INFO 1010.4233049260467: Sending message <PeerList> to Peer_8:basic
Peer_18:basic INFO 1010.6341954071216: Received message <PeerList> from Peer_21:bootstrap
Peer_18:basic INFO 1012.0173464227926: Received message <PeerList> from Peer_20:basic
Peer_18:basic INFO 1014.5880738260006: Received message <PeerList> from Peer_10:basic
Peer_18:basic WARNING 1500: Not enough peers, fetching more (4, 8)
Peer_18:basic INFO 1500: Sending message <RequestPeers:> to Peer_20:basic
Peer_18:basic INFO 1500: Sending message <RequestPeers:> to Peer_21:bootstrap
Peer_18:basic INFO 1500: Sending message <RequestPeers:> to Peer_8:basic
Peer_18:basic INFO 1500: Sending message <RequestPeers:> to Peer_10:basic
Peer_18:basic INFO 1503.1538811877545: Received message <RequestPeers:> from Peer_20:basic
Peer_18:basic INFO 1503.1538811877545: Sending message <PeerList> to Peer_20:basic
Peer_18:basic INFO 1504.594522419313: Received message <RequestPeers:> from Peer_8:basic
Peer_18:basic INFO 1504.594522419313: Sending message <PeerList> to Peer_8:basic
Peer_18:basic INFO 1504.6332228439521: Received message <RequestPeers:> from Peer_10:basic
Peer_18:basic INFO 1504.6332228439521: Sending message <PeerList> to Peer_10:basic
Peer_18:basic INFO 1505.0570023182397: Connecting to Peer_19:basic
Peer_18:basic INFO 1506.2495505143588: Connecting to Peer_17:basic
Peer_18:basic INFO 1506.684731296817: Received message <PeerList> from Peer_10:basic
Peer_18:basic INFO 1506.694136635444: Connecting to Peer_7:basic
Peer_18:basic INFO 1509.2687211802295: Received message <PeerList> from Peer_8:basic
Peer_18:basic INFO 1509.612732595222: Received message <Hello:> from Peer_19:basic
Peer_18:basic INFO 1510.7561775872268: Received message <RequestPeers:> from Peer_17:basic
Peer_18:basic INFO 1510.7561775872268: Sending message <PeerList> to Peer_17:basic
Peer_18:basic INFO 1510.994189047658: Received message <RequestPeers:> from Peer_19:basic
Peer_18:basic INFO 1510.994189047658: Sending message <PeerList> to Peer_19:basic
Peer_18:basic INFO 1511.8476630254004: Received message <Hello:> from Peer_7:basic
Peer_18:basic INFO 1512.010096396619: Received message <PeerList> from Peer_20:basic
Peer_18:basic INFO 1512.3361733840206: Received message <RequestPeers:> from Peer_7:basic
Peer_18:basic INFO 1512.3361733840206: Sending message <PeerList> to Peer_7:basic
Peer_18:basic INFO 1512.3796227716768: Received message <Hello:> from Peer_17:basic
Peer_18:basic INFO 1514.65328808119: Received message <PeerList> from Peer_21:bootstrap
Peer_18:basic WARNING 2000: Not enough peers, fetching more (7, 8)
Peer_18:basic INFO 2002.8651110729616: Received message <Hello:> from Peer_16:basic
Peer_18:basic INFO 2002.8651110729616: Connecting to Peer_16:basic
Peer_18:basic INFO 2002.8651110729616: Sending message <Hello:> to Peer_16:basic
Peer_18:basic INFO 2002.8651110729616: Sending message <RequestPeers:> to Peer_16:basic
Peer_18:basic INFO 2003.206528163235: Received message <Hello:> from Peer_15:basic
Peer_18:basic INFO 2003.206528163235: Connecting to Peer_15:basic
Peer_18:basic INFO 2003.206528163235: Sending message <Hello:> to Peer_15:basic
Peer_18:basic INFO 2003.206528163235: Sending message <RequestPeers:> to Peer_15:basic
Peer_18:basic INFO 2004.7775923536497: Received message <RequestPeers:> from Peer_10:basic
Peer_18:basic INFO 2004.7775923536497: Sending message <PeerList> to Peer_10:basic
Peer_18:basic INFO 2005.3941176493483: Received message <RequestPeers:> from Peer_8:basic
Peer_18:basic INFO 2005.3941176493483: Sending message <PeerList> to Peer_8:basic
Peer_18:basic INFO 2005.7965548951224: Received message <Hello:> from Peer_3:basic
Peer_18:basic INFO 2005.7965548951224: Connecting to Peer_3:basic
Peer_18:basic INFO 2005.7965548951224: Sending message <Hello:> to Peer_3:basic
Peer_18:basic INFO 2005.7965548951224: Sending message <RequestPeers:> to Peer_3:basic
Peer_18:basic INFO 2006.2484680555133: Connecting to Peer_9:basic
Peer_18:basic INFO 2007.4193478771492: Received message <RequestPeers:> from Peer_17:basic
Peer_18:basic INFO 2007.4193478771492: Sending message <PeerList> to Peer_17:basic
Peer_18:basic INFO 2008.3958201677237: Received message <RequestPeers:> from Peer_9:basic
Peer_18:basic INFO 2008.3958201677237: Sending message <PeerList> to Peer_9:basic
Peer_18:basic INFO 2013.851290096785: Received message <Hello:> from Peer_9:basic
Peer_18:basic INFO 2015.0092808853803: Received message <PeerList> from Peer_3:basic
Peer_18:basic INFO 2015.0309188683889: Received message <PeerList> from Peer_15:basic
Peer_18:basic INFO 2019.790456614695: Received message <PeerList> from Peer_16:basic
Peer_18:basic INFO 2500: Sending message <Ping:> to Peer_21:bootstrap
Peer_18:basic INFO 2500: Sending message <Ping:> to Peer_20:basic
Peer_18:basic INFO 2500: Sending message <Ping:> to Peer_19:basic
Peer_18:basic INFO 2500: Sending message <Ping:> to Peer_7:basic
Peer_18:basic INFO 2501.393244116724: Received message <Ping:> from Peer_7:basic
Peer_18:basic INFO 2501.393244116724: Sending message <Pong:> to Peer_7:basic
Peer_18:basic INFO 2503.5159920087713: Received message <Ping:> from Peer_20:basic
Peer_18:basic INFO 2503.5159920087713: Sending message <Pong:> to Peer_20:basic
Peer_18:basic INFO 2504.0185063655645: Received message <Ping:> from Peer_19:basic
Peer_18:basic INFO 2504.0185063655645: Sending message <Pong:> to Peer_19:basic
Peer_18:basic INFO 2504.3942655502797: Received message <Ping:> from Peer_21:bootstrap
Peer_18:basic INFO 2504.3942655502797: Sending message <Pong:> to Peer_21:bootstrap
Peer_18:basic INFO 2508.722177636505: Received message <Pong:> from Peer_7:basic
Peer_18:basic INFO 2510.098002911577: Received message <Pong:> from Peer_19:basic
Peer_18:basic INFO 2510.2871903942323: Received message <Pong:> from Peer_20:basic
Peer_18:basic INFO 2515.1157930532204: Received message <Pong:> from Peer_21:bootstrap
Peer_18:basic INFO 3000: Sending message <Ping:> to Peer_10:basic
Peer_18:basic INFO 3000: Sending message <Ping:> to Peer_8:basic
Peer_18:basic INFO 3000: Sending message <Ping:> to Peer_17:basic
Peer_18:basic INFO 3000: Sending message <Ping:> to Peer_16:basic
Peer_18:basic INFO 3000: Sending message <Ping:> to Peer_15:basic
Peer_18:basic INFO 3000: Sending message <Ping:> to Peer_3:basic
Peer_18:basic INFO 3000: Sending message <Ping:> to Peer_9:basic
Peer_18:basic INFO 3004.1862707175574: Received message <Ping:> from Peer_3:basic
Peer_18:basic INFO 3004.1862707175574: Sending message <Pong:> to Peer_3:basic
Peer_18:basic INFO 3004.3148472430753: Received message <Ping:> from Peer_17:basic
Peer_18:basic INFO 3004.3148472430753: Sending message <Pong:> to Peer_17:basic
Peer_18:basic INFO 3004.35701757412: Received message <Ping:> from Peer_10:basic
Peer_18:basic INFO 3004.35701757412: Sending message <Pong:> to Peer_10:basic
Peer_18:basic INFO 3004.5931952674773: Received message <Ping:> from Peer_15:basic
Peer_18:basic INFO 3004.5931952674773: Sending message <Pong:> to Peer_15:basic
Peer_18:basic INFO 3005.6279884490314: Received message <Ping:> from Peer_8:basic
Peer_18:basic INFO 3005.6279884490314: Sending message <Pong:> to Peer_8:basic
Peer_18:basic INFO 3008.0614011248267: Received message <Pong:> from Peer_17:basic
Peer_18:basic INFO 3008.1587892278753: Received message <Pong:> from Peer_9:basic
Peer_18:basic INFO 3008.602744457928: Received message <Ping:> from Peer_16:basic
Peer_18:basic INFO 3008.602744457928: Sending message <Pong:> to Peer_16:basic
Peer_18:basic INFO 3009.895556195592: Received message <Pong:> from Peer_8:basic
Peer_18:basic INFO 3010.209203074578: Received message <Ping:> from Peer_9:basic
Peer_18:basic INFO 3010.209203074578: Sending message <Pong:> to Peer_9:basic
Peer_18:basic INFO 3011.367598322729: Received message <Pong:> from Peer_16:basic
Peer_18:basic INFO 3011.84791056022: Received message <Pong:> from Peer_3:basic
Peer_18:basic INFO 3013.701404631815: Received message <Pong:> from Peer_15:basic
Peer_18:basic INFO 3016.400212644253: Received message <Pong:> from Peer_10:basic
Peer_18:basic INFO 3500: Sending message <Ping:> to Peer_21:bootstrap
Peer_18:basic INFO 3500: Sending message <Ping:> to Peer_20:basic
Peer_18:basic INFO 3500: Sending message <Ping:> to Peer_19:basic
Peer_18:basic INFO 3500: Sending message <Ping:> to Peer_7:basic
Peer_18:basic INFO 3504.0472241060897: Received message <Ping:> from Peer_19:basic
Peer_18:basic INFO 3504.0472241060897: Sending message <Pong:> to Peer_19:basic
Peer_18:basic INFO 3505.9338715188856: Received message <Ping:> from Peer_21:bootstrap
Peer_18:basic INFO 3505.9338715188856: Sending message <Pong:> to Peer_21:bootstrap
Peer_18:basic INFO 3506.0702488943953: Received message <Ping:> from Peer_7:basic
Peer_18:basic INFO 3506.0702488943953: Sending message <Pong:> to Peer_7:basic
Peer_18:basic INFO 3507.539720656497: Received message <Ping:> from Peer_20:basic
Peer_18:basic INFO 3507.539720656497: Sending message <Pong:> to Peer_20:basic
Peer_18:basic INFO 3508.101581413988: Received message <Pong:> from Peer_20:basic
Peer_18:basic INFO 3509.3775375566647: Received message <Pong:> from Peer_7:basic
Peer_18:basic INFO 3510.551983459615: Received message <Pong:> from Peer_21:bootstrap
Peer_18:basic INFO 3511.478212419983: Received message <Pong:> from Peer_19:basic
Peer_18:basic INFO 4000: Sending message <Ping:> to Peer_10:basic
Peer_18:basic INFO 4000: Sending message <Ping:> to Peer_8:basic
Peer_18:basic INFO 4000: Sending message <Ping:> to Peer_17:basic
Peer_18:basic INFO 4000: Sending message <Ping:> to Peer_16:basic
Peer_18:basic INFO 4000: Sending message <Ping:> to Peer_15:basic
Peer_18:basic INFO 4000: Sending message <Ping:> to Peer_3:basic
Peer_18:basic INFO 4000: Sending message <Ping:> to Peer_9:basic
Peer_18:basic INFO 4004.450489575224: Received message <Ping:> from Peer_16:basic
Peer_18:basic INFO 4004.450489575224: Sending message <Pong:> to Peer_16:basic
Peer_18:basic INFO 4005.764787290556: Received message <Ping:> from Peer_8:basic
Peer_18:basic INFO 4005.764787290556: Sending message <Pong:> to Peer_8:basic
Peer_18:basic INFO 4005.9643123421547: Received message <Ping:> from Peer_10:basic
Peer_18:basic INFO 4005.9643123421547: Sending message <Pong:> to Peer_10:basic
Peer_18:basic INFO 4006.279139929656: Received message <Ping:> from Peer_3:basic
Peer_18:basic INFO 4006.279139929656: Sending message <Pong:> to Peer_3:basic
Peer_18:basic INFO 4006.382451656401: Received message <Ping:> from Peer_17:basic
Peer_18:basic INFO 4006.382451656401: Sending message <Pong:> to Peer_17:basic
Peer_18:basic INFO 4007.1944175557337: Received message <Ping:> from Peer_15:basic
Peer_18:basic INFO 4007.1944175557337: Sending message <Pong:> to Peer_15:basic
Peer_18:basic INFO 4008.141990711322: Received message <Ping:> from Peer_9:basic
Peer_18:basic INFO 4008.141990711322: Sending message <Pong:> to Peer_9:basic
Peer_18:basic INFO 4008.2795676698247: Received message <Pong:> from Peer_8:basic
Peer_18:basic INFO 4009.278149209796: Received message <Pong:> from Peer_10:basic
Peer_18:basic INFO 4009.984933201096: Received message <Pong:> from Peer_3:basic
Peer_18:basic INFO 4010.3533552602544: Received message <Pong:> from Peer_17:basic
Peer_18:basic INFO 4010.5798342760286: Received message <Pong:> from Peer_9:basic
Peer_18:basic INFO 4013.192992410211: Received message <Pong:> from Peer_16:basic
Peer_18:basic INFO 4015.1561594041677: Received message <Pong:> from Peer_15:basic
Peer_18:basic INFO 4500: Sending message <Ping:> to Peer_21:bootstrap
Peer_18:basic INFO 4500: Sending message <Ping:> to Peer_20:basic
Peer_18:basic INFO 4500: Sending message <Ping:> to Peer_19:basic
Peer_18:basic INFO 4500: Sending message <Ping:> to Peer_7:basic
Peer_18:basic INFO 4503.926164668705: Received message <Ping:> from Peer_21:bootstrap
Peer_18:basic INFO 4503.926164668705: Sending message <Pong:> to Peer_21:bootstrap
Peer_18:basic INFO 4504.458711139097: Received message <Ping:> from Peer_7:basic
Peer_18:basic INFO 4504.458711139097: Sending message <Pong:> to Peer_7:basic
Peer_18:basic INFO 4505.3057302703855: Received message <Ping:> from Peer_20:basic
Peer_18:basic INFO 4505.3057302703855: Sending message <Pong:> to Peer_20:basic
Peer_18:basic INFO 4505.821338019994: Received message <Ping:> from Peer_19:basic
Peer_18:basic INFO 4505.821338019994: Sending message <Pong:> to Peer_19:basic
Peer_18:basic INFO 4508.258644853833: Received message <Pong:> from Peer_20:basic
Peer_18:basic INFO 4509.153163854425: Received message <Pong:> from Peer_7:basic
Peer_18:basic INFO 4511.0340499321355: Received message <Pong:> from Peer_21:bootstrap
Peer_18:basic INFO 4512.5718042446215: Received message <Pong:> from Peer_19:basic
Peer_18:basic INFO 5000: Sending message <Ping:> to Peer_10:basic
Peer_18:basic INFO 5000: Sending message <Ping:> to Peer_8:basic
Peer_18:basic INFO 5000: Sending message <Ping:> to Peer_17:basic
Peer_18:basic INFO 5000: Sending message <Ping:> to Peer_16:basic
Peer_18:basic INFO 5000: Sending message <Ping:> to Peer_15:basic
Peer_18:basic INFO 5000: Sending message <Ping:> to Peer_3:basic
Peer_18:basic INFO 5000: Sending message <Ping:> to Peer_9:basic
Peer_18:basic INFO 5003.367945195338: Received message <Ping:> from Peer_10:basic
Peer_18:basic INFO 5003.367945195338: Sending message <Pong:> to Peer_10:basic
Peer_18:basic INFO 5004.114697922497: Received message <Ping:> from Peer_8:basic
Peer_18:basic INFO 5004.114697922497: Sending message <Pong:> to Peer_8:basic
Peer_18:basic INFO 5004.204168339545: Received message <Ping:> from Peer_15:basic
Peer_18:basic INFO 5004.204168339545: Sending message <Pong:> to Peer_15:basic
Peer_18:basic INFO 5004.8047974824785: Received message <Ping:> from Peer_9:basic
Peer_18:basic INFO 5004.8047974824785: Sending message <Pong:> to Peer_9:basic
Peer_18:basic INFO 5005.4974577288185: Received message <Ping:> from Peer_17:basic
Peer_18:basic INFO 5005.4974577288185: Sending message <Pong:> to Peer_17:basic
Peer_18:basic INFO 5005.874999181695: Received message <Ping:> from Peer_16:basic
Peer_18:basic INFO 5005.874999181695: Sending message <Pong:> to Peer_16:basic
Peer_18:basic INFO 5006.347695131634: Received message <Ping:> from Peer_3:basic
Peer_18:basic INFO 5006.347695131634: Sending message <Pong:> to Peer_3:basic
Peer_18:basic INFO 5006.690230494073: Received message <Pong:> from Peer_15:basic
Peer_18:basic INFO 5008.951459067053: Received message <Pong:> from Peer_9:basic
Peer_18:basic INFO 5010.256227971739: Received message <Pong:> from Peer_17:basic
Peer_18:basic INFO 5010.344639139184: Received message <Pong:> from Peer_8:basic
Peer_18:basic INFO 5010.816122060998: Received message <Pong:> from Peer_3:basic
Peer_18:basic INFO 5011.649281788118: Received message <Pong:> from Peer_16:basic
Peer_18:basic INFO 5014.395198422443: Received message <Pong:> from Peer_10:basic
Peer_18:basic INFO 5500: Sending message <Ping:> to Peer_21:bootstrap
Peer_18:basic INFO 5500: Sending message <Ping:> to Peer_20:basic
Peer_18:basic INFO 5500: Sending message <Ping:> to Peer_19:basic
Peer_18:basic INFO 5500: Sending message <Ping:> to Peer_7:basic
Peer_18:basic INFO 5504.5207943174055: Received message <Ping:> from Peer_7:basic
Peer_18:basic INFO 5504.5207943174055: Sending message <Pong:> to Peer_7:basic
Peer_18:basic INFO 5504.591537941625: Received message <Ping:> from Peer_19:basic
Peer_18:basic INFO 5504.591537941625: Sending message <Pong:> to Peer_19:basic
Peer_18:basic INFO 5506.160016125514: Received message <Ping:> from Peer_20:basic
Peer_18:basic INFO 5506.160016125514: Sending message <Pong:> to Peer_20:basic
Peer_18:basic INFO 5506.330404978629: Received message <Ping:> from Peer_21:bootstrap
Peer_18:basic INFO 5506.330404978629: Sending message <Pong:> to Peer_21:bootstrap
Peer_18:basic INFO 5508.777952387414: Received message <Pong:> from Peer_7:basic
Peer_18:basic INFO 5509.689334699665: Received message <Pong:> from Peer_19:basic
Peer_18:basic INFO 5510.369138197968: Received message <Pong:> from Peer_20:basic
Peer_18:basic INFO 5513.445366070303: Received message <Pong:> from Peer_21:bootstrap
Peer_18:basic INFO 6000: Sending message <Ping:> to Peer_10:basic
Peer_18:basic INFO 6000: Sending message <Ping:> to Peer_8:basic
Peer_18:basic INFO 6000: Sending message <Ping:> to Peer_17:basic
Peer_18:basic INFO 6000: Sending message <Ping:> to Peer_16:basic
Peer_18:basic INFO 6000: Sending message <Ping:> to Peer_15:basic
Peer_18:basic INFO 6000: Sending message <Ping:> to Peer_3:basic
Peer_18:basic INFO 6000: Sending message <Ping:> to Peer_9:basic
Peer_18:basic INFO 6004.289617799863: Received message <Ping:> from Peer_16:basic
Peer_18:basic INFO 6004.289617799863: Sending message <Pong:> to Peer_16:basic
Peer_18:basic INFO 6004.347328670762: Received message <Ping:> from Peer_8:basic
Peer_18:basic INFO 6004.347328670762: Sending message <Pong:> to Peer_8:basic
Peer_18:basic INFO 6004.483253164484: Received message <Ping:> from Peer_17:basic
Peer_18:basic INFO 6004.483253164484: Sending message <Pong:> to Peer_17:basic
Peer_18:basic INFO 6004.79292672198: Received message <Ping:> from Peer_3:basic
Peer_18:basic INFO 6004.79292672198: Sending message <Pong:> to Peer_3:basic
Peer_18:basic INFO 6007.226026791283: Received message <Ping:> from Peer_9:basic
Peer_18:basic INFO 6007.226026791283: Sending message <Pong:> to Peer_9:basic
Peer_18:basic INFO 6009.029962712535: Received message <Ping:> from Peer_10:basic
Peer_18:basic INFO 6009.029962712535: Sending message <Pong:> to Peer_10:basic
Peer_18:basic INFO 6009.14950346204: Received message <Ping:> from Peer_15:basic
Peer_18:basic INFO 6009.14950346204: Sending message <Pong:> to Peer_15:basic
Peer_18:basic INFO 6009.585461403306: Received message <Pong:> from Peer_17:basic
Peer_18:basic INFO 6010.4069716729855: Received message <Pong:> from Peer_3:basic
Peer_18:basic INFO 6010.850989810043: Received message <Pong:> from Peer_15:basic
Peer_18:basic INFO 6011.166408758392: Received message <Pong:> from Peer_8:basic
Peer_18:basic INFO 6012.186739108291: Received message <Pong:> from Peer_10:basic
Peer_18:basic INFO 6012.470813586389: Received message <Pong:> from Peer_16:basic
Peer_18:basic INFO 6013.3511983186645: Received message <Pong:> from Peer_9:basic
Peer_18:basic INFO 6500: Sending message <Ping:> to Peer_21:bootstrap
Peer_18:basic INFO 6500: Sending message <Ping:> to Peer_20:basic
Peer_18:basic INFO 6500: Sending message <Ping:> to Peer_19:basic
Peer_18:basic INFO 6500: Sending message <Ping:> to Peer_7:basic
Peer_18:basic INFO 6503.495949275293: Received message <Ping:> from Peer_20:basic
Peer_18:basic INFO 6503.495949275293: Sending message <Pong:> to Peer_20:basic
Peer_18:basic INFO 6504.1851355036615: Received message <Ping:> from Peer_19:basic
Peer_18:basic INFO 6504.1851355036615: Sending message <Pong:> to Peer_19:basic
Peer_18:basic INFO 6506.013150245297: Received message <Ping:> from Peer_7:basic
Peer_18:basic INFO 6506.013150245297: Sending message <Pong:> to Peer_7:basic
Peer_18:basic INFO 6506.295412348476: Received message <Ping:> from Peer_21:bootstrap
Peer_18:basic INFO 6506.295412348476: Sending message <Pong:> to Peer_21:bootstrap
Peer_18:basic INFO 6507.925950001431: Received message <Pong:> from Peer_7:basic
Peer_18:basic INFO 6508.82568293662: Received message <Pong:> from Peer_19:basic
Peer_18:basic INFO 6513.791811064425: Received message <Pong:> from Peer_20:basic
Peer_18:basic INFO 6518.40678185387: Received message <Pong:> from Peer_21:bootstrap
Peer_18:basic INFO 7000: Sending message <Ping:> to Peer_10:basic
Peer_18:basic INFO 7000: Sending message <Ping:> to Peer_8:basic
Peer_18:basic INFO 7000: Sending message <Ping:> to Peer_17:basic
Peer_18:basic INFO 7000: Sending message <Ping:> to Peer_16:basic
Peer_18:basic INFO 7000: Sending message <Ping:> to Peer_15:basic
Peer_18:basic INFO 7000: Sending message <Ping:> to Peer_3:basic
Peer_18:basic INFO 7000: Sending message <Ping:> to Peer_9:basic
Peer_18:basic INFO 7003.997262911206: Received message <Ping:> from Peer_10:basic
Peer_18:basic INFO 7003.997262911206: Sending message <Pong:> to Peer_10:basic
Peer_18:basic INFO 7004.878159354104: Received message <Ping:> from Peer_8:basic
Peer_18:basic INFO 7004.878159354104: Sending message <Pong:> to Peer_8:basic
Peer_18:basic INFO 7005.211187296057: Received message <Ping:> from Peer_3:basic
Peer_18:basic INFO 7005.211187296057: Sending message <Pong:> to Peer_3:basic
Peer_18:basic INFO 7005.279421856519: Received message <Ping:> from Peer_16:basic
Peer_18:basic INFO 7005.279421856519: Sending message <Pong:> to Peer_16:basic
Peer_18:basic INFO 7005.5813384622925: Received message <Ping:> from Peer_17:basic
Peer_18:basic INFO 7005.5813384622925: Sending message <Pong:> to Peer_17:basic
Peer_18:basic INFO 7007.213861785472: Received message <Ping:> from Peer_9:basic
Peer_18:basic INFO 7007.213861785472: Sending message <Pong:> to Peer_9:basic
Peer_18:basic INFO 7007.259092701263: Received message <Pong:> from Peer_9:basic
Peer_18:basic INFO 7008.8589035708965: Received message <Pong:> from Peer_17:basic
Peer_18:basic INFO 7008.978890543061: Received message <Pong:> from Peer_10:basic
Peer_18:basic INFO 7009.036242840451: Received message <Ping:> from Peer_15:basic
Peer_18:basic INFO 7009.036242840451: Sending message <Pong:> to Peer_15:basic
Peer_18:basic INFO 7009.137701385243: Received message <Pong:> from Peer_3:basic
Peer_18:basic INFO 7009.528716261659: Received message <Pong:> from Peer_16:basic
Peer_18:basic INFO 7009.82020398117: Received message <Pong:> from Peer_8:basic
Peer_18:basic INFO 7012.2282776358015: Received message <Pong:> from Peer_15:basic
Peer_18:basic INFO 7500: Sending message <Ping:> to Peer_21:bootstrap
Peer_18:basic INFO 7500: Sending message <Ping:> to Peer_20:basic
Peer_18:basic INFO 7500: Sending message <Ping:> to Peer_19:basic
Peer_18:basic INFO 7500: Sending message <Ping:> to Peer_7:basic
Peer_18:basic INFO 7503.827597989663: Received message <Ping:> from Peer_20:basic
Peer_18:basic INFO 7503.827597989663: Sending message <Pong:> to Peer_20:basic
Peer_18:basic INFO 7504.576352958602: Received message <Ping:> from Peer_21:bootstrap
Peer_18:basic INFO 7504.576352958602: Sending message <Pong:> to Peer_21:bootstrap
Peer_18:basic INFO 7505.5843907023645: Received message <Ping:> from Peer_7:basic
Peer_18:basic INFO 7505.5843907023645: Sending message <Pong:> to Peer_7:basic
Peer_18:basic INFO 7507.16413284242: Received message <Ping:> from Peer_19:basic
Peer_18:basic INFO 7507.16413284242: Sending message <Pong:> to Peer_19:basic
Peer_18:basic INFO 7508.253876682579: Received message <Pong:> from Peer_7:basic
Peer_18:basic INFO 7508.378575907429: Received message <Pong:> from Peer_21:bootstrap
Peer_18:basic INFO 7508.73384024757: Received message <Pong:> from Peer_19:basic
Peer_18:basic INFO 7511.521839645915: Received message <Pong:> from Peer_20:basic
Peer_18:basic INFO 8000: Sending message <Ping:> to Peer_10:basic
Peer_18:basic INFO 8000: Sending message <Ping:> to Peer_8:basic
Peer_18:basic INFO 8000: Sending message <Ping:> to Peer_17:basic
Peer_18:basic INFO 8000: Sending message <Ping:> to Peer_16:basic
Peer_18:basic INFO 8000: Sending message <Ping:> to Peer_15:basic
Peer_18:basic INFO 8000: Sending message <Ping:> to Peer_3:basic
Peer_18:basic INFO 8000: Sending message <Ping:> to Peer_9:basic
Peer_18:basic INFO 8003.609652806169: Received message <Ping:> from Peer_17:basic
Peer_18:basic INFO 8003.609652806169: Sending message <Pong:> to Peer_17:basic
Peer_18:basic INFO 8003.82716834441: Received message <Ping:> from Peer_8:basic
Peer_18:basic INFO 8003.82716834441: Sending message <Pong:> to Peer_8:basic
Peer_18:basic INFO 8003.90131740471: Received message <Ping:> from Peer_15:basic
Peer_18:basic INFO 8003.90131740471: Sending message <Pong:> to Peer_15:basic
Peer_18:basic INFO 8004.716786715708: Received message <Ping:> from Peer_16:basic
Peer_18:basic INFO 8004.716786715708: Sending message <Pong:> to Peer_16:basic
Peer_18:basic INFO 8005.07998646702: Received message <Ping:> from Peer_10:basic
Peer_18:basic INFO 8005.07998646702: Sending message <Pong:> to Peer_10:basic
Peer_18:basic INFO 8007.344948459002: Received message <Ping:> from Peer_3:basic
Peer_18:basic INFO 8007.344948459002: Sending message <Pong:> to Peer_3:basic
Peer_18:basic INFO 8009.034013073851: Received message <Pong:> from Peer_3:basic
Peer_18:basic INFO 8009.930767691587: Received message <Pong:> from Peer_9:basic
Peer_18:basic INFO 8009.953615224491: Received message <Pong:> from Peer_17:basic
Peer_18:basic INFO 8010.103264057601: Received message <Ping:> from Peer_9:basic
Peer_18:basic INFO 8010.103264057601: Sending message <Pong:> to Peer_9:basic
Peer_18:basic INFO 8010.408106996103: Received message <Pong:> from Peer_8:basic
Peer_18:basic INFO 8010.52190148241: Received message <Pong:> from Peer_10:basic
Peer_18:basic INFO 8011.459906108789: Received message <Pong:> from Peer_15:basic
Peer_18:basic INFO 8012.016410922512: Received message <Pong:> from Peer_16:basic
Peer_18:basic INFO 8500: Sending message <Ping:> to Peer_21:bootstrap
Peer_18:basic INFO 8500: Sending message <Ping:> to Peer_20:basic
Peer_18:basic INFO 8500: Sending message <Ping:> to Peer_19:basic
Peer_18:basic INFO 8500: Sending message <Ping:> to Peer_7:basic
Peer_18:basic INFO 8504.591832015387: Received message <Ping:> from Peer_7:basic
Peer_18:basic INFO 8504.591832015387: Sending message <Pong:> to Peer_7:basic
Peer_18:basic INFO 8505.98881861316: Received message <Ping:> from Peer_20:basic
Peer_18:basic INFO 8505.98881861316: Sending message <Pong:> to Peer_20:basic
Peer_18:basic INFO 8506.288125345885: Received message <Ping:> from Peer_19:basic
Peer_18:basic INFO 8506.288125345885: Sending message <Pong:> to Peer_19:basic
Peer_18:basic INFO 8508.864718247589: Received message <Ping:> from Peer_21:bootstrap
Peer_18:basic INFO 8508.864718247589: Sending message <Pong:> to Peer_21:bootstrap
Peer_18:basic INFO 8509.834361637098: Received message <Pong:> from Peer_21:bootstrap
Peer_18:basic INFO 8510.892657054676: Received message <Pong:> from Peer_7:basic
Peer_18:basic INFO 8512.52173076873: Received message <Pong:> from Peer_19:basic
Peer_18:basic INFO 8515.138801915344: Received message <Pong:> from Peer_20:basic
Peer_18:basic INFO 9000: Sending message <Ping:> to Peer_10:basic
Peer_18:basic INFO 9000: Sending message <Ping:> to Peer_8:basic
Peer_18:basic INFO 9000: Sending message <Ping:> to Peer_17:basic
Peer_18:basic INFO 9000: Sending message <Ping:> to Peer_16:basic
Peer_18:basic INFO 9000: Sending message <Ping:> to Peer_15:basic
Peer_18:basic INFO 9000: Sending message <Ping:> to Peer_3:basic
Peer_18:basic INFO 9000: Sending message <Ping:> to Peer_9:basic
Peer_18:basic INFO 9003.776774138227: Received message <Ping:> from Peer_17:basic
Peer_18:basic INFO 9003.776774138227: Sending message <Pong:> to Peer_17:basic
Peer_18:basic INFO 9004.879680197793: Received message <Ping:> from Peer_9:basic
Peer_18:basic INFO 9004.879680197793: Sending message <Pong:> to Peer_9:basic
Peer_18:basic INFO 9005.684745521143: Received message <Ping:> from Peer_15:basic
Peer_18:basic INFO 9005.684745521143: Sending message <Pong:> to Peer_15:basic
Peer_18:basic INFO 9005.793006996322: Received message <Ping:> from Peer_8:basic
Peer_18:basic INFO 9005.793006996322: Sending message <Pong:> to Peer_8:basic
Peer_18:basic INFO 9005.827948631046: Received message <Ping:> from Peer_3:basic
Peer_18:basic INFO 9005.827948631046: Sending message <Pong:> to Peer_3:basic
Peer_18:basic INFO 9006.484154796375: Received message <Ping:> from Peer_16:basic
Peer_18:basic INFO 9006.484154796375: Sending message <Pong:> to Peer_16:basic
Peer_18:basic INFO 9007.766289125784: Received message <Pong:> from Peer_8:basic
Peer_18:basic INFO 9008.614380266388: Received message <Ping:> from Peer_10:basic
Peer_18:basic INFO 9008.614380266388: Sending message <Pong:> to Peer_10:basic
Peer_18:basic INFO 9008.860969867894: Received message <Pong:> from Peer_17:basic
Peer_18:basic INFO 9010.681833670697: Received message <Pong:> from Peer_16:basic
Peer_18:basic INFO 9011.36288566022: Received message <Pong:> from Peer_3:basic
Peer_18:basic INFO 9012.026088206436: Received message <Pong:> from Peer_9:basic
Peer_18:basic INFO 9012.930656638748: Received message <Pong:> from Peer_15:basic
Peer_18:basic INFO 9013.761817685983: Received message <Pong:> from Peer_10:basic
Peer_18:basic INFO 9500: Sending message <Ping:> to Peer_21:bootstrap
Peer_18:basic INFO 9500: Sending message <Ping:> to Peer_20:basic
Peer_18:basic INFO 9500: Sending message <Ping:> to Peer_19:basic
Peer_18:basic INFO 9500: Sending message <Ping:> to Peer_7:basic
Peer_18:basic INFO 9502.866496237571: Received message <Ping:> from Peer_21:bootstrap
Peer_18:basic INFO 9502.866496237571: Sending message <Pong:> to Peer_21:bootstrap
Peer_18:basic INFO 9503.658432339571: Received message <Ping:> from Peer_20:basic
Peer_18:basic INFO 9503.658432339571: Sending message <Pong:> to Peer_20:basic
Peer_18:basic INFO 9504.39016032051: Received message <Ping:> from Peer_19:basic
Peer_18:basic INFO 9504.39016032051: Sending message <Pong:> to Peer_19:basic
Peer_18:basic INFO 9505.545295031474: Received message <Ping:> from Peer_7:basic
Peer_18:basic INFO 9505.545295031474: Sending message <Pong:> to Peer_7:basic
Peer_18:basic INFO 9509.903462573086: Received message <Pong:> from Peer_19:basic
Peer_18:basic INFO 9510.310223724242: Received message <Pong:> from Peer_7:basic
Peer_18:basic INFO 9510.817950933228: Received message <Pong:> from Peer_20:basic
Peer_18:basic INFO 9511.729477405379: Received message <Pong:> from Peer_21:bootstrap
