Peer_13:basic WARNING 0: Not enough peers, fetching more (0, 8)
Peer_13:basic INFO 7.481105219944803: Connecting to Peer_21:bootstrap
Peer_13:basic INFO 9.823049523801718: Received message <Hello:> from Peer_21:bootstrap
Peer_13:basic INFO 18.180865675149935: Received message <RequestPeers:> from Peer_21:bootstrap
Peer_13:basic INFO 18.180865675149935: Sending message <PeerList> to Peer_21:bootstrap
Peer_13:basic WARNING 500: Not enough peers, fetching more (1, 8)
Peer_13:basic INFO 500: Sending message <RequestPeers:> to Peer_21:bootstrap
Peer_13:basic INFO 508.3286450494246: Received message <PeerList> from Peer_21:bootstrap
Peer_13:basic WARNING 1000: Not enough peers, fetching more (1, 8)
Peer_13:basic INFO 1000: Sending message <RequestPeers:> to Peer_21:bootstrap
Peer_13:basic INFO 1004.3666113712566: Received message <Hello:> from Peer_11:basic
Peer_13:basic INFO 1004.3666113712566: Connecting to Peer_11:basic
Peer_13:basic INFO 1004.3666113712566: Sending message <Hello:> to Peer_11:basic
Peer_13:basic INFO 1004.3666113712566: Sending message <RequestPeers:> to Peer_11:basic
Peer_13:basic INFO 1005.4576936505266: Connecting to Peer_3:basic
Peer_13:basic INFO 1008.8086426360143: Received message <PeerList> from Peer_21:bootstrap
Peer_13:basic INFO 1009.4172604693732: Received message <RequestPeers:> from Peer_3:basic
Peer_13:basic INFO 1009.4172604693732: Sending message <PeerList> to Peer_3:basic
Peer_13:basic INFO 1010.9671767143581: Received message <Hello:> from Peer_3:basic
Peer_13:basic INFO 1017.2375849176369: Received message <PeerList> from Peer_11:basic
Peer_13:basic WARNING 1500: Not enough peers, fetching more (3, 8)
Peer_13:basic INFO 1500: Sending message <RequestPeers:> to Peer_3:basic
Peer_13:basic INFO 1500: Sending message <RequestPeers:> to Peer_11:basic
Peer_13:basic INFO 1500: Sending message <RequestPeers:> to Peer_21:bootstrap
Peer_13:basic INFO 1503.5454153795015: Received message <Hello:> from Peer_17:basic
Peer_13:basic INFO 1503.5454153795015: Connecting to Peer_17:basic
Peer_13:basic INFO 1503.5454153795015: Sending message <Hello:> to Peer_17:basic
Peer_13:basic INFO 1503.5454153795015: Sending message <RequestPeers:> to Peer_17:basic
Peer_13:basic INFO 1504.2745331000167: Received message <RequestPeers:> from Peer_3:basic
Peer_13:basic INFO 1504.2745331000167: Sending message <PeerList> to Peer_3:basic
Peer_13:basic INFO 1504.285702068002: Received message <RequestPeers:> from Peer_11:basic
Peer_13:basic INFO 1504.285702068002: Sending message <PeerList> to Peer_11:basic
Peer_13:basic INFO 1506.6616870240398: Connecting to Peer_5:basic
Peer_13:basic INFO 1510.7503690471078: Received message <PeerList> from Peer_11:basic
Peer_13:basic INFO 1511.0447024938624: Received message <Hello:> from Peer_5:basic
Peer_13:basic INFO 1511.6737177017606: Received message <PeerList> from Peer_3:basic
Peer_13:basic INFO 1513.5069766435795: Received message <RequestPeers:> from Peer_5:basic
Peer_13:basic INFO 1513.5069766435795: Sending message <PeerList> to Peer_5:basic
Peer_13:basic INFO 1513.8608392519013: Received message <PeerList> from Peer_17:basic
Peer_13:basic INFO 1517.68929807865: Received message <PeerList> from Peer_21:bootstrap
Peer_13:basic WARNING 2000: Not enough peers, fetching more (5, 8)
Peer_13:basic INFO 2000: Sending message <RequestPeers:> to Peer_21:bootstrap
Peer_13:basic INFO 2000: Sending message <RequestPeers:> to Peer_5:basic
Peer_13:basic INFO 2000: Sending message <RequestPeers:> to Peer_17:basic
Peer_13:basic INFO 2000: Sending message <RequestPeers:> to Peer_3:basic
Peer_13:basic INFO 2000: Sending message <RequestPeers:> to Peer_11:basic
Peer_13:basic INFO 2004.3290391804685: Connecting to Peer_20:basic
Peer_13:basic INFO 2004.6173794360307: Received message <Hello:> from Peer_4:basic
Peer_13:basic INFO 2004.6173794360307: Connecting to Peer_4:basic
Peer_13:basic INFO 2004.6173794360307: Sending message <Hello:> to Peer_4:basic
Peer_13:basic INFO 2004.6173794360307: Sending message <RequestPeers:> to Peer_4:basic
Peer_13:basic INFO 2005.1805344088857: Connecting to Peer_19:basic
Peer_13:basic INFO 2005.9877433218217: Received message <Hello:> from Peer_10:basic
Peer_13:basic INFO 2005.9877433218217: Connecting to Peer_10:basic
Peer_13:basic INFO 2005.9877433218217: Sending message <Hello:> to Peer_10:basic
Peer_13:basic INFO 2005.9877433218217: Sending message <RequestPeers:> to Peer_10:basic
Peer_13:basic INFO 2006.02972953863: Received message <RequestPeers:> from Peer_11:basic
Peer_13:basic INFO 2006.02972953863: Sending message <PeerList> to Peer_11:basic
Peer_13:basic INFO 2007.2021311048486: Received message <PeerList> from Peer_3:basic
Peer_13:basic INFO 2007.7028841926285: Received message <PeerList> from Peer_11:basic
Peer_13:basic INFO 2008.9604066214326: Received message <PeerList> from Peer_17:basic
Peer_13:basic INFO 2009.3447715616105: Received message <RequestPeers:> from Peer_19:basic
Peer_13:basic INFO 2009.3447715616105: Sending message <PeerList> to Peer_19:basic
Peer_13:basic INFO 2010.0678275980151: Received message <PeerList> from Peer_5:basic
Peer_13:basic INFO 2010.434742774024: Received message <Hello:> from Peer_19:basic
Peer_13:basic INFO 2010.8996195332652: Received message <RequestPeers:> from Peer_20:basic
Peer_13:basic INFO 2010.8996195332652: Sending message <PeerList> to Peer_20:basic
Peer_13:basic INFO 2012.3575727429875: Received message <PeerList> from Peer_4:basic
Peer_13:basic INFO 2013.2007292144785: Received message <Hello:> from Peer_20:basic
Peer_13:basic INFO 2014.0109461503082: Received message <PeerList> from Peer_10:basic
Peer_13:basic INFO 2018.060484179128: Received message <PeerList> from Peer_21:bootstrap
Peer_13:basic INFO 3000: Sending message <Ping:> to Peer_21:bootstrap
Peer_13:basic INFO 3000: Sending message <Ping:> to Peer_11:basic
Peer_13:basic INFO 3000: Sending message <Ping:> to Peer_3:basic
Peer_13:basic INFO 3000: Sending message <Ping:> to Peer_17:basic
Peer_13:basic INFO 3000: Sending message <Ping:> to Peer_5:basic
Peer_13:basic INFO 3000: Sending message <Ping:> to Peer_20:basic
Peer_13:basic INFO 3000: Sending message <Ping:> to Peer_4:basic
Peer_13:basic INFO 3000: Sending message <Ping:> to Peer_19:basic
Peer_13:basic INFO 3000: Sending message <Ping:> to Peer_10:basic
Peer_13:basic INFO 3003.264117064267: Received message <Ping:> from Peer_10:basic
Peer_13:basic INFO 3003.264117064267: Sending message <Pong:> to Peer_10:basic
Peer_13:basic INFO 3004.0272200182035: Received message <Ping:> from Peer_20:basic
Peer_13:basic INFO 3004.0272200182035: Sending message <Pong:> to Peer_20:basic
Peer_13:basic INFO 3004.7390599909672: Received message <Ping:> from Peer_19:basic
Peer_13:basic INFO 3004.7390599909672: Sending message <Pong:> to Peer_19:basic
Peer_13:basic INFO 3005.7044117512046: Received message <Ping:> from Peer_4:basic
Peer_13:basic INFO 3005.7044117512046: Sending message <Pong:> to Peer_4:basic
Peer_13:basic INFO 3005.8112121999657: Received message <Ping:> from Peer_5:basic
Peer_13:basic INFO 3005.8112121999657: Sending message <Pong:> to Peer_5:basic
Peer_13:basic INFO 3006.0884756349265: Received message <Ping:> from Peer_11:basic
Peer_13:basic INFO 3006.0884756349265: Sending message <Pong:> to Peer_11:basic
Peer_13:basic INFO 3006.674504871871: Received message <Ping:> from Peer_17:basic
Peer_13:basic INFO 3006.674504871871: Sending message <Pong:> to Peer_17:basic
Peer_13:basic INFO 3007.2794168476735: Received message <Ping:> from Peer_3:basic
Peer_13:basic INFO 3007.2794168476735: Sending message <Pong:> to Peer_3:basic
Peer_13:basic INFO 3007.819461706711: Received message <Ping:> from Peer_21:bootstrap
Peer_13:basic INFO 3007.819461706711: Sending message <Pong:> to Peer_21:bootstrap
Peer_13:basic INFO 3008.2594782845376: Received message <Pong:> from Peer_4:basic
Peer_13:basic INFO 3008.338962439211: Received message <Pong:> from Peer_11:basic
Peer_13:basic INFO 3009.035527857454: Received message <Pong:> from Peer_19:basic
Peer_13:basic INFO 3009.8928373552117: Received message <Pong:> from Peer_17:basic
Peer_13:basic INFO 3010.1983577806145: Received message <Pong:> from Peer_20:basic
Peer_13:basic INFO 3011.8078853540555: Received message <Pong:> from Peer_5:basic
Peer_13:basic INFO 3012.5533658857894: Received message <Pong:> from Peer_3:basic
Peer_13:basic INFO 3013.1243269383885: Received message <Pong:> from Peer_21:bootstrap
Peer_13:basic INFO 3013.8425529542606: Received message <Pong:> from Peer_10:basic
Peer_13:basic INFO 4000: Sending message <Ping:> to Peer_21:bootstrap
Peer_13:basic INFO 4000: Sending message <Ping:> to Peer_11:basic
Peer_13:basic INFO 4000: Sending message <Ping:> to Peer_3:basic
Peer_13:basic INFO 4000: Sending message <Ping:> to Peer_17:basic
Peer_13:basic INFO 4000: Sending message <Ping:> to Peer_5:basic
Peer_13:basic INFO 4000: Sending message <Ping:> to Peer_20:basic
Peer_13:basic INFO 4000: Sending message <Ping:> to Peer_4:basic
Peer_13:basic INFO 4000: Sending message <Ping:> to Peer_19:basic
Peer_13:basic INFO 4000: Sending message <Ping:> to Peer_10:basic
Peer_13:basic INFO 4003.4560985001317: Received message <Ping:> from Peer_21:bootstrap
Peer_13:basic INFO 4003.4560985001317: Sending message <Pong:> to Peer_21:bootstrap
Peer_13:basic INFO 4003.7906129648595: Received message <Ping:> from Peer_20:basic
Peer_13:basic INFO 4003.7906129648595: Sending message <Pong:> to Peer_20:basic
Peer_13:basic INFO 4004.6584805889865: Received message <Ping:> from Peer_19:basic
Peer_13:basic INFO 4004.6584805889865: Sending message <Pong:> to Peer_19:basic
Peer_13:basic INFO 4004.8322273977706: Received message <Ping:> from Peer_5:basic
Peer_13:basic INFO 4004.8322273977706: Sending message <Pong:> to Peer_5:basic
Peer_13:basic INFO 4004.980836168332: Received message <Ping:> from Peer_4:basic
Peer_13:basic INFO 4004.980836168332: Sending message <Pong:> to Peer_4:basic
Peer_13:basic INFO 4005.3618478162207: Received message <Ping:> from Peer_17:basic
Peer_13:basic INFO 4005.3618478162207: Sending message <Pong:> to Peer_17:basic
Peer_13:basic INFO 4005.496862497675: Received message <Ping:> from Peer_11:basic
Peer_13:basic INFO 4005.496862497675: Sending message <Pong:> to Peer_11:basic
Peer_13:basic INFO 4005.6041083068026: Received message <Pong:> from Peer_4:basic
Peer_13:basic INFO 4005.858751348429: Received message <Ping:> from Peer_10:basic
Peer_13:basic INFO 4005.858751348429: Sending message <Pong:> to Peer_10:basic
Peer_13:basic INFO 4006.7088511760335: Received message <Ping:> from Peer_3:basic
Peer_13:basic INFO 4006.7088511760335: Sending message <Pong:> to Peer_3:basic
Peer_13:basic INFO 4006.984463438042: Received message <Pong:> from Peer_3:basic
Peer_13:basic INFO 4008.8990773551964: Received message <Pong:> from Peer_17:basic
Peer_13:basic INFO 4008.9914865798787: Received message <Pong:> from Peer_5:basic
Peer_13:basic INFO 4009.836349096831: Received message <Pong:> from Peer_21:bootstrap
Peer_13:basic INFO 4010.421381836612: Received message <Pong:> from Peer_11:basic
Peer_13:basic INFO 4010.6697991363803: Received message <Pong:> from Peer_19:basic
Peer_13:basic INFO 4012.8537118484937: Received message <Pong:> from Peer_20:basic
Peer_13:basic INFO 4013.9164550304267: Received message <Pong:> from Peer_10:basic
Peer_13:basic INFO 5000: Sending message <Ping:> to Peer_21:bootstrap
Peer_13:basic INFO 5000: Sending message <Ping:> to Peer_11:basic
Peer_13:basic INFO 5000: Sending message <Ping:> to Peer_3:basic
Peer_13:basic INFO 5000: Sending message <Ping:> to Peer_17:basic
Peer_13:basic INFO 5000: Sending message <Ping:> to Peer_5:basic
Peer_13:basic INFO 5000: Sending message <Ping:> to Peer_20:basic
Peer_13:basic INFO 5000: Sending message <Ping:> to Peer_4:basic
Peer_13:basic INFO 5000: Sending message <Ping:> to Peer_19:basic
Peer_13:basic INFO 5000: Sending message <Ping:> to Peer_10:basic
Peer_13:basic INFO 5003.321662524696: Received message <Ping:> from Peer_5:basic
Peer_13:basic INFO 5003.321662524696: Sending message <Pong:> to Peer_5:basic
Peer_13:basic INFO 5003.976968426971: Received message <Ping:> from Peer_17:basic
Peer_13:basic INFO 5003.976968426971: Sending message <Pong:> to Peer_17:basic
Peer_13:basic INFO 5004.128799325077: Received message <Ping:> from Peer_3:basic
Peer_13:basic INFO 5004.128799325077: Sending message <Pong:> to Peer_3:basic
Peer_13:basic INFO 5004.374148375271: Received message <Ping:> from Peer_20:basic
Peer_13:basic INFO 5004.374148375271: Sending message <Pong:> to Peer_20:basic
Peer_13:basic INFO 5005.4593225056415: Received message <Ping:> from Peer_4:basic
Peer_13:basic INFO 5005.4593225056415: Sending message <Pong:> to Peer_4:basic
Peer_13:basic INFO 5005.8073467127515: Received message <Ping:> from Peer_10:basic
Peer_13:basic INFO 5005.8073467127515: Sending message <Pong:> to Peer_10:basic
Peer_13:basic INFO 5006.424511276352: Received message <Ping:> from Peer_19:basic
Peer_13:basic INFO 5006.424511276352: Sending message <Pong:> to Peer_19:basic
Peer_13:basic INFO 5006.489049825791: Received message <Ping:> from Peer_11:basic
Peer_13:basic INFO 5006.489049825791: Sending message <Pong:> to Peer_11:basic
Peer_13:basic INFO 5007.195200774679: Received message <Pong:> from Peer_4:basic
Peer_13:basic INFO 5007.6039629749785: Received message <Pong:> from Peer_20:basic
Peer_13:basic INFO 5008.372061254994: Received message <Pong:> from Peer_3:basic
Peer_13:basic INFO 5009.173095163849: Received message <Pong:> from Peer_5:basic
Peer_13:basic INFO 5009.492436618795: Received message <Pong:> from Peer_11:basic
Peer_13:basic INFO 5009.571374041697: Received message <Pong:> from Peer_10:basic
Peer_13:basic INFO 5010.094896482562: Received message <Pong:> from Peer_21:bootstrap
Peer_13:basic INFO 5010.366492911525: Received message <Pong:> from Peer_19:basic
Peer_13:basic INFO 5011.832824203491: Received message <Pong:> from Peer_17:basic
Peer_13:basic INFO 5012.403561631862: Received message <Ping:> from Peer_21:bootstrap
Peer_13:basic INFO 5012.403561631862: Sending message <Pong:> to Peer_21:bootstrap
Peer_13:basic INFO 6000: Sending message <Ping:> to Peer_21:bootstrap
Peer_13:basic INFO 6000: Sending message <Ping:> to Peer_11:basic
Peer_13:basic INFO 6000: Sending message <Ping:> to Peer_3:basic
Peer_13:basic INFO 6000: Sending message <Ping:> to Peer_17:basic
Peer_13:basic INFO 6000: Sending message <Ping:> to Peer_5:basic
Peer_13:basic INFO 6000: Sending message <Ping:> to Peer_20:basic
Peer_13:basic INFO 6000: Sending message <Ping:> to Peer_4:basic
Peer_13:basic INFO 6000: Sending message <Ping:> to Peer_19:basic
Peer_13:basic INFO 6000: Sending message <Ping:> to Peer_10:basic
Peer_13:basic INFO 6002.345580747823: Received message <Ping:> from Peer_5:basic
Peer_13:basic INFO 6002.345580747823: Sending message <Pong:> to Peer_5:basic
Peer_13:basic INFO 6003.533881115375: Received message <Ping:> from Peer_20:basic
Peer_13:basic INFO 6003.533881115375: Sending message <Pong:> to Peer_20:basic
Peer_13:basic INFO 6003.995553306781: Received message <Ping:> from Peer_11:basic
Peer_13:basic INFO 6003.995553306781: Sending message <Pong:> to Peer_11:basic
Peer_13:basic INFO 6004.097325321301: Received message <Ping:> from Peer_19:basic
Peer_13:basic INFO 6004.097325321301: Sending message <Pong:> to Peer_19:basic
Peer_13:basic INFO 6004.120750849939: Received message <Ping:> from Peer_17:basic
Peer_13:basic INFO 6004.120750849939: Sending message <Pong:> to Peer_17:basic
Peer_13:basic INFO 6004.36612396233: Received message <Ping:> from Peer_3:basic
Peer_13:basic INFO 6004.36612396233: Sending message <Pong:> to Peer_3:basic
Peer_13:basic INFO 6006.712066006568: Received message <Ping:> from Peer_10:basic
Peer_13:basic INFO 6006.712066006568: Sending message <Pong:> to Peer_10:basic
Peer_13:basic INFO 6007.065979484498: Received message <Ping:> from Peer_4:basic
Peer_13:basic INFO 6007.065979484498: Sending message <Pong:> to Peer_4:basic
Peer_13:basic INFO 6007.214666041214: Received message <Pong:> from Peer_5:basic
Peer_13:basic INFO 6007.695326169037: Received message <Ping:> from Peer_21:bootstrap
Peer_13:basic INFO 6007.695326169037: Sending message <Pong:> to Peer_21:bootstrap
Peer_13:basic INFO 6008.821027215887: Received message <Pong:> from Peer_19:basic
Peer_13:basic INFO 6009.413902481987: Received message <Pong:> from Peer_10:basic
Peer_13:basic INFO 6010.13707540714: Received message <Pong:> from Peer_21:bootstrap
Peer_13:basic INFO 6010.365538172648: Received message <Pong:> from Peer_3:basic
Peer_13:basic INFO 6011.210792789323: Received message <Pong:> from Peer_17:basic
Peer_13:basic INFO 6011.415395214755: Received message <Pong:> from Peer_11:basic
Peer_13:basic INFO 6011.932305200036: Received message <Pong:> from Peer_4:basic
Peer_13:basic INFO 6016.336456130192: Received message <Pong:> from Peer_20:basic
Peer_13:basic INFO 7000: Sending message <Ping:> to Peer_21:bootstrap
Peer_13:basic INFO 7000: Sending message <Ping:> to Peer_11:basic
Peer_13:basic INFO 7000: Sending message <Ping:> to Peer_3:basic
Peer_13:basic INFO 7000: Sending message <Ping:> to Peer_17:basic
Peer_13:basic INFO 7000: Sending message <Ping:> to Peer_5:basic
Peer_13:basic INFO 7000: Sending message <Ping:> to Peer_20:basic
Peer_13:basic INFO 7000: Sending message <Ping:> to Peer_4:basic
Peer_13:basic INFO 7000: Sending message <Ping:> to Peer_19:basic
Peer_13:basic INFO 7000: Sending message <Ping:> to Peer_10:basic
Peer_13:basic INFO 7002.933235059633: Received message <Ping:> from Peer_17:basic
Peer_13:basic INFO 7002.933235059633: Sending message <Pong:> to Peer_17:basic
Peer_13:basic INFO 7003.8410741922025: Received message <Ping:> from Peer_21:bootstrap
Peer_13:basic INFO 7003.8410741922025: Sending message <Pong:> to Peer_21:bootstrap
Peer_13:basic INFO 7004.392667426751: Received message <Ping:> from Peer_19:basic
Peer_13:basic INFO 7004.392667426751: Sending message <Pong:> to Peer_19:basic
Peer_13:basic INFO 7004.912609534405: Received message <Ping:> from Peer_3:basic
Peer_13:basic INFO 7004.912609534405: Sending message <Pong:> to Peer_3:basic
Peer_13:basic INFO 7005.258646458788: Received message <Ping:> from Peer_4:basic
Peer_13:basic INFO 7005.258646458788: Sending message <Pong:> to Peer_4:basic
Peer_13:basic INFO 7005.735140700947: Received message <Ping:> from Peer_11:basic
Peer_13:basic INFO 7005.735140700947: Sending message <Pong:> to Peer_11:basic
Peer_13:basic INFO 7005.862924051858: Received message <Ping:> from Peer_20:basic
Peer_13:basic INFO 7005.862924051858: Sending message <Pong:> to Peer_20:basic
Peer_13:basic INFO 7005.866164055717: Received message <Ping:> from Peer_10:basic
Peer_13:basic INFO 7005.866164055717: Sending message <Pong:> to Peer_10:basic
Peer_13:basic INFO 7006.265844407808: Received message <Ping:> from Peer_5:basic
Peer_13:basic INFO 7006.265844407808: Sending message <Pong:> to Peer_5:basic
Peer_13:basic INFO 7007.776554052822: Received message <Pong:> from Peer_17:basic
Peer_13:basic INFO 7009.729912382802: Received message <Pong:> from Peer_11:basic
Peer_13:basic INFO 7009.761366759404: Received message <Pong:> from Peer_19:basic
Peer_13:basic INFO 7010.087935837443: Received message <Pong:> from Peer_20:basic
Peer_13:basic INFO 7010.237034054828: Received message <Pong:> from Peer_4:basic
Peer_13:basic INFO 7012.470233784289: Received message <Pong:> from Peer_3:basic
Peer_13:basic INFO 7013.490030610127: Received message <Pong:> from Peer_10:basic
Peer_13:basic INFO 7014.210018159735: Received message <Pong:> from Peer_5:basic
Peer_13:basic INFO 7015.595472524661: Received message <Pong:> from Peer_21:bootstrap
Peer_13:basic INFO 8000: Sending message <Ping:> to Peer_21:bootstrap
Peer_13:basic INFO 8000: Sending message <Ping:> to Peer_11:basic
Peer_13:basic INFO 8000: Sending message <Ping:> to Peer_3:basic
Peer_13:basic INFO 8000: Sending message <Ping:> to Peer_17:basic
Peer_13:basic INFO 8000: Sending message <Ping:> to Peer_5:basic
Peer_13:basic INFO 8000: Sending message <Ping:> to Peer_20:basic
Peer_13:basic INFO 8000: Sending message <Ping:> to Peer_4:basic
Peer_13:basic INFO 8000: Sending message <Ping:> to Peer_19:basic
Peer_13:basic INFO 8000: Sending message <Ping:> to Peer_10:basic
Peer_13:basic INFO 8003.138057750812: Received message <Ping:> from Peer_5:basic
Peer_13:basic INFO 8003.138057750812: Sending message <Pong:> to Peer_5:basic
Peer_13:basic INFO 8003.585167503715: Received message <Ping:> from Peer_21:bootstrap
Peer_13:basic INFO 8003.585167503715: Sending message <Pong:> to Peer_21:bootstrap
Peer_13:basic INFO 8004.381498857167: Received message <Ping:> from Peer_19:basic
Peer_13:basic INFO 8004.381498857167: Sending message <Pong:> to Peer_19:basic
Peer_13:basic INFO 8004.615925974744: Received message <Ping:> from Peer_4:basic
Peer_13:basic INFO 8004.615925974744: Sending message <Pong:> to Peer_4:basic
Peer_13:basic INFO 8004.745640160657: Received message <Ping:> from Peer_17:basic
Peer_13:basic INFO 8004.745640160657: Sending message <Pong:> to Peer_17:basic
Peer_13:basic INFO 8004.951169172669: Received message <Ping:> from Peer_3:basic
Peer_13:basic INFO 8004.951169172669: Sending message <Pong:> to Peer_3:basic
Peer_13:basic INFO 8005.219583598571: Received message <Ping:> from Peer_20:basic
Peer_13:basic INFO 8005.219583598571: Sending message <Pong:> to Peer_20:basic
Peer_13:basic INFO 8005.68446566982: Received message <Ping:> from Peer_11:basic
Peer_13:basic INFO 8005.68446566982: Sending message <Pong:> to Peer_11:basic
Peer_13:basic INFO 8006.924506236668: Received message <Ping:> from Peer_10:basic
Peer_13:basic INFO 8006.924506236668: Sending message <Pong:> to Peer_10:basic
Peer_13:basic INFO 8008.372117840892: Received message <Pong:> from Peer_3:basic
Peer_13:basic INFO 8008.6925636333945: Received message <Pong:> from Peer_19:basic
Peer_13:basic INFO 8009.221335122544: Received message <Pong:> from Peer_17:basic
Peer_13:basic INFO 8009.431602804418: Received message <Pong:> from Peer_4:basic
Peer_13:basic INFO 8009.7728366661095: Received message <Pong:> from Peer_10:basic
Peer_13:basic INFO 8010.009880755224: Received message <Pong:> from Peer_11:basic
Peer_13:basic INFO 8010.896037924913: Received message <Pong:> from Peer_21:bootstrap
Peer_13:basic INFO 8012.819164865955: Received message <Pong:> from Peer_20:basic
Peer_13:basic INFO 8013.118215034777: Received message <Pong:> from Peer_5:basic
Peer_13:basic INFO 9000: Sending message <Ping:> to Peer_21:bootstrap
Peer_13:basic INFO 9000: Sending message <Ping:> to Peer_11:basic
Peer_13:basic INFO 9000: Sending message <Ping:> to Peer_3:basic
Peer_13:basic INFO 9000: Sending message <Ping:> to Peer_17:basic
Peer_13:basic INFO 9000: Sending message <Ping:> to Peer_5:basic
Peer_13:basic INFO 9000: Sending message <Ping:> to Peer_20:basic
Peer_13:basic INFO 9000: Sending message <Ping:> to Peer_4:basic
Peer_13:basic INFO 9000: Sending message <Ping:> to Peer_19:basic
Peer_13:basic INFO 9000: Sending message <Ping:> to Peer_10:basic
Peer_13:basic INFO 9002.659328656271: Received message <Ping:> from Peer_5:basic
Peer_13:basic INFO 9002.659328656271: Sending message <Pong:> to Peer_5:basic
Peer_13:basic INFO 9003.94948438119: Received message <Ping:> from Peer_11:basic
Peer_13:basic INFO 9003.94948438119: Sending message <Pong:> to Peer_11:basic
Peer_13:basic INFO 9004.140697144856: Received message <Ping:> from Peer_17:basic
Peer_13:basic INFO 9004.140697144856: Sending message <Pong:> to Peer_17:basic
Peer_13:basic INFO 9005.061361366252: Received message <Ping:> from Peer_4:basic
Peer_13:basic INFO 9005.061361366252: Sending message <Pong:> to Peer_4:basic
Peer_13:basic INFO 9005.29117636087: Received message <Pong:> from Peer_20:basic
Peer_13:basic INFO 9006.558564274568: Received message <Ping:> from Peer_3:basic
Peer_13:basic INFO 9006.558564274568: Sending message <Pong:> to Peer_3:basic
Peer_13:basic INFO 9007.080321172036: Received message <Ping:> from Peer_19:basic
Peer_13:basic INFO 9007.080321172036: Sending message <Pong:> to Peer_19:basic
Peer_13:basic INFO 9007.225316680007: Received message <Ping:> from Peer_20:basic
Peer_13:basic INFO 9007.225316680007: Sending message <Pong:> to Peer_20:basic
Peer_13:basic INFO 9009.123975319684: Received message <Pong:> from Peer_10:basic
Peer_13:basic INFO 9009.529164597483: Received message <Ping:> from Peer_10:basic
Peer_13:basic INFO 9009.529164597483: Sending message <Pong:> to Peer_10:basic
Peer_13:basic INFO 9009.81575879038: Received message <Pong:> from Peer_4:basic
Peer_13:basic INFO 9009.855132604975: Received message <Pong:> from Peer_11:basic
Peer_13:basic INFO 9009.886974628467: Received message <Pong:> from Peer_19:basic
Peer_13:basic INFO 9009.896515022232: Received message <Ping:> from Peer_21:bootstrap
Peer_13:basic INFO 9009.896515022232: Sending message <Pong:> to Peer_21:bootstrap
Peer_13:basic INFO 9010.701677530793: Received message <Pong:> from Peer_21:bootstrap
Peer_13:basic INFO 9012.605669040253: Received message <Pong:> from Peer_17:basic
Peer_13:basic INFO 9012.677527979742: Received message <Pong:> from Peer_3:basic
Peer_13:basic INFO 9013.845354661447: Received message <Pong:> from Peer_5:basic
