Peer_15:basic WARNING 0: Not enough peers, fetching more (0, 8)
Peer_15:basic INFO 5.034674231484869: Connecting to Peer_21:bootstrap
Peer_15:basic INFO 12.371161250763326: Received message <Hello:> from Peer_21:bootstrap
Peer_15:basic INFO 12.519627434927736: Received message <RequestPeers:> from Peer_21:bootstrap
Peer_15:basic INFO 12.519627434927736: Sending message <PeerList> to Peer_21:bootstrap
Peer_15:basic WARNING 500: Not enough peers, fetching more (1, 8)
Peer_15:basic INFO 500: Sending message <RequestPeers:> to Peer_21:bootstrap
Peer_15:basic INFO 506.8437130297197: Received message <PeerList> from Peer_21:bootstrap
Peer_15:basic WARNING 1000: Not enough peers, fetching more (1, 8)
Peer_15:basic INFO 1000: Sending message <RequestPeers:> to Peer_21:bootstrap
Peer_15:basic INFO 1005.4062851674329: Received message <Hello:> from Peer_6:basic
Peer_15:basic INFO 1005.4062851674329: Connecting to Peer_6:basic
Peer_15:basic INFO 1005.4062851674329: Sending message <Hello:> to Peer_6:basic
Peer_15:basic INFO 1005.4062851674329: Sending message <RequestPeers:> to Peer_6:basic
Peer_15:basic INFO 1005.4184043113919: Connecting to Peer_19:basic
Peer_15:basic INFO 1008.9640944182883: Received message <PeerList> from Peer_21:bootstrap
Peer_15:basic INFO 1010.3450852005556: Received message <RequestPeers:> from Peer_19:basic
Peer_15:basic INFO 1010.3450852005556: Sending message <PeerList> to Peer_19:basic
Peer_15:basic INFO 1011.4933895219916: Received message <Hello:> from Peer_19:basic
Peer_15:basic INFO 1016.7818390144386: Received message <PeerList> from Peer_6:basic
Peer_15:basic WARNING 1500: Not enough peers, fetching more (3, 8)
Peer_15:basic INFO 1500: Sending message <RequestPeers:> to Peer_19:basic
Peer_15:basic INFO 1500: Sending message <RequestPeers:> to Peer_21:bootstrap
Peer_15:basic INFO 1500: Sending message <RequestPeers:> to Peer_6:basic
Peer_15:basic INFO 1502.4193184874068: Received message <Hello:> from Peer_12:basic
Peer_15:basic INFO 1502.4193184874068: Connecting to Peer_12:basic
Peer_15:basic INFO 1502.4193184874068: Sending message <Hello:> to Peer_12:basic
Peer_15:basic INFO 1502.4193184874068: Sending message <RequestPeers:> to Peer_12:basic
Peer_15:basic INFO 1504.2153467225912: Received message <RequestPeers:> from Peer_6:basic
Peer_15:basic INFO 1504.2153467225912: Sending message <PeerList> to Peer_6:basic
Peer_15:basic INFO 1504.9279276209534: Connecting to Peer_2:basic
Peer_15:basic INFO 1505.736353672199: Received message <RequestPeers:> from Peer_19:basic
Peer_15:basic INFO 1505.736353672199: Sending message <PeerList> to Peer_19:basic
Peer_15:basic INFO 1506.4172192636931: Received message <Hello:> from Peer_11:basic
Peer_15:basic INFO 1506.4172192636931: Connecting to Peer_11:basic
Peer_15:basic INFO 1506.4172192636931: Sending message <Hello:> to Peer_11:basic
Peer_15:basic INFO 1506.4172192636931: Sending message <RequestPeers:> to Peer_11:basic
Peer_15:basic INFO 1508.870081276615: Received message <RequestPeers:> from Peer_2:basic
Peer_15:basic INFO 1508.870081276615: Sending message <PeerList> to Peer_2:basic
Peer_15:basic INFO 1509.8795224172163: Received message <PeerList> from Peer_12:basic
Peer_15:basic INFO 1509.9029689500471: Received message <Hello:> from Peer_2:basic
Peer_15:basic INFO 1510.5758257586833: Received message <PeerList> from Peer_6:basic
Peer_15:basic INFO 1510.8025501301559: Received message <PeerList> from Peer_21:bootstrap
Peer_15:basic INFO 1511.396127408381: Received message <PeerList> from Peer_19:basic
Peer_15:basic INFO 1515.9481302320203: Received message <PeerList> from Peer_11:basic
Peer_15:basic WARNING 2000: Not enough peers, fetching more (6, 8)
Peer_15:basic INFO 2003.206528163235: Connecting to Peer_18:basic
Peer_15:basic INFO 2003.242368370944: Received message <RequestPeers:> from Peer_2:basic
Peer_15:basic INFO 2003.242368370944: Sending message <PeerList> to Peer_2:basic
Peer_15:basic INFO 2003.555815722643: Received message <RequestPeers:> from Peer_11:basic
Peer_15:basic INFO 2003.555815722643: Sending message <PeerList> to Peer_11:basic
Peer_15:basic INFO 2004.63442160493: Received message <Hello:> from Peer_14:basic
Peer_15:basic INFO 2004.63442160493: Connecting to Peer_14:basic
Peer_15:basic INFO 2004.63442160493: Sending message <Hello:> to Peer_14:basic
Peer_15:basic INFO 2004.63442160493: Sending message <RequestPeers:> to Peer_14:basic
Peer_15:basic INFO 2008.3345432676954: Connecting to Peer_10:basic
Peer_15:basic INFO 2008.640582813643: Received message <RequestPeers:> from Peer_18:basic
Peer_15:basic INFO 2008.640582813643: Sending message <PeerList> to Peer_18:basic
Peer_15:basic INFO 2012.0606047750794: Received message <Hello:> from Peer_10:basic
Peer_15:basic INFO 2012.3348885347011: Received message <PeerList> from Peer_14:basic
Peer_15:basic INFO 2014.747502473792: Received message <Hello:> from Peer_18:basic
Peer_15:basic INFO 2016.077145658888: Received message <RequestPeers:> from Peer_10:basic
Peer_15:basic INFO 2016.077145658888: Sending message <PeerList> to Peer_10:basic
Peer_15:basic INFO 2500: Sending message <Ping:> to Peer_21:bootstrap
Peer_15:basic INFO 2500: Sending message <Ping:> to Peer_6:basic
Peer_15:basic INFO 2500: Sending message <Ping:> to Peer_19:basic
Peer_15:basic INFO 2500: Sending message <Ping:> to Peer_12:basic
Peer_15:basic INFO 2503.433731371511: Received message <Ping:> from Peer_6:basic
Peer_15:basic INFO 2503.433731371511: Sending message <Pong:> to Peer_6:basic
Peer_15:basic INFO 2503.771455443742: Received message <Ping:> from Peer_21:bootstrap
Peer_15:basic INFO 2503.771455443742: Sending message <Pong:> to Peer_21:bootstrap
Peer_15:basic INFO 2504.182545002812: Received message <Ping:> from Peer_19:basic
Peer_15:basic INFO 2504.182545002812: Sending message <Pong:> to Peer_19:basic
Peer_15:basic INFO 2505.121492407209: Received message <Ping:> from Peer_12:basic
Peer_15:basic INFO 2505.121492407209: Sending message <Pong:> to Peer_12:basic
Peer_15:basic INFO 2506.7934368592864: Received message <Pong:> from Peer_21:bootstrap
Peer_15:basic INFO 2508.7924009740063: Received message <Pong:> from Peer_19:basic
Peer_15:basic INFO 2509.7566338770143: Received message <Pong:> from Peer_12:basic
Peer_15:basic INFO 2510.0525589694344: Received message <Pong:> from Peer_6:basic
Peer_15:basic INFO 3000: Sending message <Ping:> to Peer_2:basic
Peer_15:basic INFO 3000: Sending message <Ping:> to Peer_11:basic
Peer_15:basic INFO 3000: Sending message <Ping:> to Peer_18:basic
Peer_15:basic INFO 3000: Sending message <Ping:> to Peer_14:basic
Peer_15:basic INFO 3000: Sending message <Ping:> to Peer_10:basic
Peer_15:basic INFO 3002.6433371228736: Received message <Ping:> from Peer_10:basic
Peer_15:basic INFO 3002.6433371228736: Sending message <Pong:> to Peer_10:basic
Peer_15:basic INFO 3004.645030617413: Received message <Ping:> from Peer_2:basic
Peer_15:basic INFO 3004.645030617413: Sending message <Pong:> to Peer_2:basic
Peer_15:basic INFO 3005.0457145788996: Received message <Ping:> from Peer_11:basic
Peer_15:basic INFO 3005.0457145788996: Sending message <Pong:> to Peer_11:basic
Peer_15:basic INFO 3005.624370395224: Received message <Ping:> from Peer_14:basic
Peer_15:basic INFO 3005.624370395224: Sending message <Pong:> to Peer_14:basic
Peer_15:basic INFO 3006.984139963856: Received message <Pong:> from Peer_18:basic
Peer_15:basic INFO 3008.6652042819683: Received message <Ping:> from Peer_18:basic
Peer_15:basic INFO 3008.6652042819683: Sending message <Pong:> to Peer_18:basic
Peer_15:basic INFO 3009.884686270675: Received message <Pong:> from Peer_11:basic
Peer_15:basic INFO 3012.6451684061954: Received message <Pong:> from Peer_2:basic
Peer_15:basic INFO 3016.242485925993: Received message <Pong:> from Peer_10:basic
Peer_15:basic INFO 3016.6142780582536: Received message <Pong:> from Peer_14:basic
Peer_15:basic INFO 3500: Sending message <Ping:> to Peer_21:bootstrap
Peer_15:basic INFO 3500: Sending message <Ping:> to Peer_6:basic
Peer_15:basic INFO 3500: Sending message <Ping:> to Peer_19:basic
Peer_15:basic INFO 3500: Sending message <Ping:> to Peer_12:basic
Peer_15:basic INFO 3505.2440694286793: Received message <Ping:> from Peer_12:basic
Peer_15:basic INFO 3505.2440694286793: Sending message <Pong:> to Peer_12:basic
Peer_15:basic INFO 3505.613761454347: Received message <Ping:> from Peer_6:basic
Peer_15:basic INFO 3505.613761454347: Sending message <Pong:> to Peer_6:basic
Peer_15:basic INFO 3506.2445317884553: Received message <Ping:> from Peer_19:basic
Peer_15:basic INFO 3506.2445317884553: Sending message <Pong:> to Peer_19:basic
Peer_15:basic INFO 3506.8495132946305: Received message <Ping:> from Peer_21:bootstrap
Peer_15:basic INFO 3506.8495132946305: Sending message <Pong:> to Peer_21:bootstrap
Peer_15:basic INFO 3509.529471704914: Received message <Pong:> from Peer_19:basic
Peer_15:basic INFO 3509.6222092818243: Received message <Pong:> from Peer_6:basic
Peer_15:basic INFO 3512.6581119842836: Received message <Pong:> from Peer_12:basic
Peer_15:basic INFO 3513.620312356535: Received message <Pong:> from Peer_21:bootstrap
Peer_15:basic INFO 4000: Sending message <Ping:> to Peer_2:basic
Peer_15:basic INFO 4000: Sending message <Ping:> to Peer_11:basic
Peer_15:basic INFO 4000: Sending message <Ping:> to Peer_18:basic
Peer_15:basic INFO 4000: Sending message <Ping:> to Peer_14:basic
Peer_15:basic INFO 4000: Sending message <Ping:> to Peer_10:basic
Peer_15:basic INFO 4002.7819476979907: Received message <Ping:> from Peer_14:basic
Peer_15:basic INFO 4002.7819476979907: Sending message <Pong:> to Peer_14:basic
Peer_15:basic INFO 4003.6675013797408: Received message <Ping:> from Peer_2:basic
Peer_15:basic INFO 4003.6675013797408: Sending message <Pong:> to Peer_2:basic
Peer_15:basic INFO 4004.165341078972: Received message <Ping:> from Peer_10:basic
Peer_15:basic INFO 4004.165341078972: Sending message <Pong:> to Peer_10:basic
Peer_15:basic INFO 4006.957983684036: Received message <Ping:> from Peer_11:basic
Peer_15:basic INFO 4006.957983684036: Sending message <Pong:> to Peer_11:basic
Peer_15:basic INFO 4008.072025444876: Received message <Ping:> from Peer_18:basic
Peer_15:basic INFO 4008.072025444876: Sending message <Pong:> to Peer_18:basic
Peer_15:basic INFO 4009.6128039413734: Received message <Pong:> from Peer_2:basic
Peer_15:basic INFO 4011.1218446057223: Received message <Pong:> from Peer_11:basic
Peer_15:basic INFO 4012.2198256752413: Received message <Pong:> from Peer_10:basic
Peer_15:basic INFO 4012.460573632181: Received message <Pong:> from Peer_18:basic
Peer_15:basic INFO 4016.30743123291: Received message <Pong:> from Peer_14:basic
Peer_15:basic INFO 4500: Sending message <Ping:> to Peer_21:bootstrap
Peer_15:basic INFO 4500: Sending message <Ping:> to Peer_6:basic
Peer_15:basic INFO 4500: Sending message <Ping:> to Peer_19:basic
Peer_15:basic INFO 4500: Sending message <Ping:> to Peer_12:basic
Peer_15:basic INFO 4502.001191937409: Received message <Ping:> from Peer_21:bootstrap
Peer_15:basic INFO 4502.001191937409: Sending message <Pong:> to Peer_21:bootstrap
Peer_15:basic INFO 4504.378997587801: Received message <Ping:> from Peer_19:basic
Peer_15:basic INFO 4504.378997587801: Sending message <Pong:> to Peer_19:basic
Peer_15:basic INFO 4505.0932262274955: Received message <Ping:> from Peer_6:basic
Peer_15:basic INFO 4505.0932262274955: Sending message <Pong:> to Peer_6:basic
Peer_15:basic INFO 4505.611410081561: Received message <Ping:> from Peer_12:basic
Peer_15:basic INFO 4505.611410081561: Sending message <Pong:> to Peer_12:basic
Peer_15:basic INFO 4509.08339776473: Received message <Pong:> from Peer_19:basic
Peer_15:basic INFO 4510.338151854943: Received message <Pong:> from Peer_6:basic
Peer_15:basic INFO 4510.710425771228: Received message <Pong:> from Peer_21:bootstrap
Peer_15:basic INFO 4511.183079828356: Received message <Pong:> from Peer_12:basic
Peer_15:basic INFO 5000: Sending message <Ping:> to Peer_2:basic
Peer_15:basic INFO 5000: Sending message <Ping:> to Peer_11:basic
Peer_15:basic INFO 5000: Sending message <Ping:> to Peer_18:basic
Peer_15:basic INFO 5000: Sending message <Ping:> to Peer_14:basic
Peer_15:basic INFO 5000: Sending message <Ping:> to Peer_10:basic
Peer_15:basic INFO 5002.192603823308: Received message <Ping:> from Peer_18:basic
Peer_15:basic INFO 5002.192603823308: Sending message <Pong:> to Peer_18:basic
Peer_15:basic INFO 5004.673676042512: Received message <Ping:> from Peer_14:basic
Peer_15:basic INFO 5004.673676042512: Sending message <Pong:> to Peer_14:basic
Peer_15:basic INFO 5004.901558470613: Received message <Ping:> from Peer_11:basic
Peer_15:basic INFO 5004.901558470613: Sending message <Pong:> to Peer_11:basic
Peer_15:basic INFO 5005.126717653295: Received message <Ping:> from Peer_2:basic
Peer_15:basic INFO 5005.126717653295: Sending message <Pong:> to Peer_2:basic
Peer_15:basic INFO 5005.396736630954: Received message <Ping:> from Peer_10:basic
Peer_15:basic INFO 5005.396736630954: Sending message <Pong:> to Peer_10:basic
Peer_15:basic INFO 5008.050645554774: Received message <Pong:> from Peer_14:basic
Peer_15:basic INFO 5008.219602260849: Received message <Pong:> from Peer_18:basic
Peer_15:basic INFO 5010.347618841984: Received message <Pong:> from Peer_11:basic
Peer_15:basic INFO 5011.78419397498: Received message <Pong:> from Peer_10:basic
Peer_15:basic INFO 5012.650679914809: Received message <Pong:> from Peer_2:basic
Peer_15:basic INFO 5500: Sending message <Ping:> to Peer_21:bootstrap
Peer_15:basic INFO 5500: Sending message <Ping:> to Peer_6:basic
Peer_15:basic INFO 5500: Sending message <Ping:> to Peer_19:basic
Peer_15:basic INFO 5500: Sending message <Ping:> to Peer_12:basic
Peer_15:basic INFO 5502.689107673091: Received message <Ping:> from Peer_12:basic
Peer_15:basic INFO 5502.689107673091: Sending message <Pong:> to Peer_12:basic
Peer_15:basic INFO 5503.218462008297: Received message <Ping:> from Peer_19:basic
Peer_15:basic INFO 5503.218462008297: Sending message <Pong:> to Peer_19:basic
Peer_15:basic INFO 5504.2206858740365: Received message <Ping:> from Peer_6:basic
Peer_15:basic INFO 5504.2206858740365: Sending message <Pong:> to Peer_6:basic
Peer_15:basic INFO 5506.591163413321: Received message <Ping:> from Peer_21:bootstrap
Peer_15:basic INFO 5506.591163413321: Sending message <Pong:> to Peer_21:bootstrap
Peer_15:basic INFO 5509.526681610899: Received message <Pong:> from Peer_19:basic
Peer_15:basic INFO 5511.143851273356: Received message <Pong:> from Peer_6:basic
Peer_15:basic INFO 5512.106352568406: Received message <Pong:> from Peer_12:basic
Peer_15:basic INFO 5514.340088761484: Received message <Pong:> from Peer_21:bootstrap
Peer_15:basic INFO 6000: Sending message <Ping:> to Peer_2:basic
Peer_15:basic INFO 6000: Sending message <Ping:> to Peer_11:basic
Peer_15:basic INFO 6000: Sending message <Ping:> to Peer_18:basic
Peer_15:basic INFO 6000: Sending message <Ping:> to Peer_14:basic
Peer_15:basic INFO 6000: Sending message <Ping:> to Peer_10:basic
Peer_15:basic INFO 6005.046927913848: Received message <Ping:> from Peer_18:basic
Peer_15:basic INFO 6005.046927913848: Sending message <Pong:> to Peer_18:basic
Peer_15:basic INFO 6005.185063815301: Received message <Ping:> from Peer_2:basic
Peer_15:basic INFO 6005.185063815301: Sending message <Pong:> to Peer_2:basic
Peer_15:basic INFO 6005.375820241711: Received message <Ping:> from Peer_14:basic
Peer_15:basic INFO 6005.375820241711: Sending message <Pong:> to Peer_14:basic
Peer_15:basic INFO 6005.951566374611: Received message <Ping:> from Peer_10:basic
Peer_15:basic INFO 6005.951566374611: Sending message <Pong:> to Peer_10:basic
Peer_15:basic INFO 6006.406436310673: Received message <Ping:> from Peer_11:basic
Peer_15:basic INFO 6006.406436310673: Sending message <Pong:> to Peer_11:basic
Peer_15:basic INFO 6010.405600016417: Received message <Pong:> from Peer_14:basic
Peer_15:basic INFO 6010.564470419591: Received message <Pong:> from Peer_2:basic
Peer_15:basic INFO 6012.18953539255: Received message <Pong:> from Peer_11:basic
Peer_15:basic INFO 6014.281674952201: Received message <Pong:> from Peer_10:basic
Peer_15:basic INFO 6016.73786974762: Received message <Pong:> from Peer_18:basic
Peer_15:basic INFO 6500: Sending message <Ping:> to Peer_21:bootstrap
Peer_15:basic INFO 6500: Sending message <Ping:> to Peer_6:basic
Peer_15:basic INFO 6500: Sending message <Ping:> to Peer_19:basic
Peer_15:basic INFO 6500: Sending message <Ping:> to Peer_12:basic
Peer_15:basic INFO 6505.430314407872: Received message <Ping:> from Peer_19:basic
Peer_15:basic INFO 6505.430314407872: Sending message <Pong:> to Peer_19:basic
Peer_15:basic INFO 6505.883292509187: Received message <Ping:> from Peer_12:basic
Peer_15:basic INFO 6505.883292509187: Sending message <Pong:> to Peer_12:basic
Peer_15:basic INFO 6507.115527400117: Received message <Ping:> from Peer_6:basic
Peer_15:basic INFO 6507.115527400117: Sending message <Pong:> to Peer_6:basic
Peer_15:basic INFO 6508.142666533155: Received message <Ping:> from Peer_21:bootstrap
Peer_15:basic INFO 6508.142666533155: Sending message <Pong:> to Peer_21:bootstrap
Peer_15:basic INFO 6508.3872721699745: Received message <Pong:> from Peer_19:basic
Peer_15:basic INFO 6508.578411095632: Received message <Pong:> from Peer_12:basic
Peer_15:basic INFO 6510.561049725336: Received message <Pong:> from Peer_6:basic
Peer_15:basic INFO 6514.51287694644: Received message <Pong:> from Peer_21:bootstrap
Peer_15:basic INFO 7000: Sending message <Ping:> to Peer_2:basic
Peer_15:basic INFO 7000: Sending message <Ping:> to Peer_11:basic
Peer_15:basic INFO 7000: Sending message <Ping:> to Peer_18:basic
Peer_15:basic INFO 7000: Sending message <Ping:> to Peer_14:basic
Peer_15:basic INFO 7000: Sending message <Ping:> to Peer_10:basic
Peer_15:basic INFO 7002.590718625139: Received message <Ping:> from Peer_10:basic
Peer_15:basic INFO 7002.590718625139: Sending message <Pong:> to Peer_10:basic
Peer_15:basic INFO 7002.698081460199: Received message <Ping:> from Peer_2:basic
Peer_15:basic INFO 7002.698081460199: Sending message <Pong:> to Peer_2:basic
Peer_15:basic INFO 7005.0236964105125: Received message <Ping:> from Peer_11:basic
Peer_15:basic INFO 7005.0236964105125: Sending message <Pong:> to Peer_11:basic
Peer_15:basic INFO 7007.874265248836: Received message <Ping:> from Peer_18:basic
Peer_15:basic INFO 7007.874265248836: Sending message <Pong:> to Peer_18:basic
Peer_15:basic INFO 7008.167779908148: Received message <Ping:> from Peer_14:basic
Peer_15:basic INFO 7008.167779908148: Sending message <Pong:> to Peer_14:basic
Peer_15:basic INFO 7008.270226130704: Received message <Pong:> from Peer_10:basic
Peer_15:basic INFO 7009.663425846734: Received message <Pong:> from Peer_14:basic
Peer_15:basic INFO 7011.466291714996: Received message <Pong:> from Peer_2:basic
Peer_15:basic INFO 7011.668811077375: Received message <Pong:> from Peer_11:basic
Peer_15:basic INFO 7012.938699729286: Received message <Pong:> from Peer_18:basic
Peer_15:basic INFO 7500: Sending message <Ping:> to Peer_21:bootstrap
Peer_15:basic INFO 7500: Sending message <Ping:> to Peer_6:basic
Peer_15:basic INFO 7500: Sending message <Ping:> to Peer_19:basic
Peer_15:basic INFO 7500: Sending message <Ping:> to Peer_12:basic
Peer_15:basic INFO 7504.610062404732: Received message <Ping:> from Peer_12:basic
Peer_15:basic INFO 7504.610062404732: Sending message <Pong:> to Peer_12:basic
Peer_15:basic INFO 7504.893011939199: Received message <Ping:> from Peer_6:basic
Peer_15:basic INFO 7504.893011939199: Sending message <Pong:> to Peer_6:basic
Peer_15:basic INFO 7505.685008236858: Received message <Ping:> from Peer_19:basic
Peer_15:basic INFO 7505.685008236858: Sending message <Pong:> to Peer_19:basic
Peer_15:basic INFO 7507.054615179228: Received message <Ping:> from Peer_21:bootstrap
Peer_15:basic INFO 7507.054615179228: Sending message <Pong:> to Peer_21:bootstrap
Peer_15:basic INFO 7507.77617233898: Received message <Pong:> from Peer_19:basic
Peer_15:basic INFO 7508.362286995638: Received message <Pong:> from Peer_6:basic
Peer_15:basic INFO 7510.580903709505: Received message <Pong:> from Peer_12:basic
Peer_15:basic INFO 7511.341368582228: Received message <Pong:> from Peer_21:bootstrap
Peer_15:basic INFO 8000: Sending message <Ping:> to Peer_2:basic
Peer_15:basic INFO 8000: Sending message <Ping:> to Peer_11:basic
Peer_15:basic INFO 8000: Sending message <Ping:> to Peer_18:basic
Peer_15:basic INFO 8000: Sending message <Ping:> to Peer_14:basic
Peer_15:basic INFO 8000: Sending message <Ping:> to Peer_10:basic
Peer_15:basic INFO 8003.089853348567: Received message <Ping:> from Peer_10:basic
Peer_15:basic INFO 8003.089853348567: Sending message <Pong:> to Peer_10:basic
Peer_15:basic INFO 8005.137550990835: Received message <Ping:> from Peer_2:basic
Peer_15:basic INFO 8005.137550990835: Sending message <Pong:> to Peer_2:basic
Peer_15:basic INFO 8005.244570589535: Received message <Ping:> from Peer_14:basic
Peer_15:basic INFO 8005.244570589535: Sending message <Pong:> to Peer_14:basic
Peer_15:basic INFO 8005.7489264941705: Received message <Ping:> from Peer_11:basic
Peer_15:basic INFO 8005.7489264941705: Sending message <Pong:> to Peer_11:basic
Peer_15:basic INFO 8005.923207280278: Received message <Pong:> from Peer_10:basic
Peer_15:basic INFO 8006.947882765046: Received message <Ping:> from Peer_18:basic
Peer_15:basic INFO 8006.947882765046: Sending message <Pong:> to Peer_18:basic
Peer_15:basic INFO 8008.825322708939: Received message <Pong:> from Peer_11:basic
Peer_15:basic INFO 8010.030870193449: Received message <Pong:> from Peer_2:basic
Peer_15:basic INFO 8012.348462492436: Received message <Pong:> from Peer_14:basic
Peer_15:basic INFO 8014.017814543805: Received message <Pong:> from Peer_18:basic
Peer_15:basic INFO 8500: Sending message <Ping:> to Peer_21:bootstrap
Peer_15:basic INFO 8500: Sending message <Ping:> to Peer_6:basic
Peer_15:basic INFO 8500: Sending message <Ping:> to Peer_19:basic
Peer_15:basic INFO 8500: Sending message <Ping:> to Peer_12:basic
Peer_15:basic INFO 8504.542264800724: Received message <Ping:> from Peer_19:basic
Peer_15:basic INFO 8504.542264800724: Sending message <Pong:> to Peer_19:basic
Peer_15:basic INFO 8505.275470445742: Received message <Ping:> from Peer_6:basic
Peer_15:basic INFO 8505.275470445742: Sending message <Pong:> to Peer_6:basic
Peer_15:basic INFO 8505.466587819577: Received message <Ping:> from Peer_21:bootstrap
Peer_15:basic INFO 8505.466587819577: Sending message <Pong:> to Peer_21:bootstrap
Peer_15:basic INFO 8506.203647227801: Received message <Ping:> from Peer_12:basic
Peer_15:basic INFO 8506.203647227801: Sending message <Pong:> to Peer_12:basic
Peer_15:basic INFO 8507.85329593653: Received message <Pong:> from Peer_12:basic
Peer_15:basic INFO 8509.508399241377: Received message <Pong:> from Peer_6:basic
Peer_15:basic INFO 8510.613321621713: Received message <Pong:> from Peer_19:basic
Peer_15:basic INFO 8520.774635041798: Received message <Pong:> from Peer_21:bootstrap
Peer_15:basic INFO 9000: Sending message <Ping:> to Peer_2:basic
Peer_15:basic INFO 9000: Sending message <Ping:> to Peer_11:basic
Peer_15:basic INFO 9000: Sending message <Ping:> to Peer_18:basic
Peer_15:basic INFO 9000: Sending message <Ping:> to Peer_14:basic
Peer_15:basic INFO 9000: Sending message <Ping:> to Peer_10:basic
Peer_15:basic INFO 9003.002179804993: Received message <Ping:> from Peer_10:basic
Peer_15:basic INFO 9003.002179804993: Sending message <Pong:> to Peer_10:basic
Peer_15:basic INFO 9006.322114685676: Received message <Ping:> from Peer_2:basic
Peer_15:basic INFO 9006.322114685676: Sending message <Pong:> to Peer_2:basic
Peer_15:basic INFO 9006.513051290316: Received message <Ping:> from Peer_11:basic
Peer_15:basic INFO 9006.513051290316: Sending message <Pong:> to Peer_11:basic
Peer_15:basic INFO 9008.067041991995: Received message <Pong:> from Peer_11:basic
Peer_15:basic INFO 9008.69000751316: Received message <Pong:> from Peer_18:basic
Peer_15:basic INFO 9008.730184385377: Received message <Ping:> from Peer_14:basic
Peer_15:basic INFO 9008.730184385377: Sending message <Pong:> to Peer_14:basic
Peer_15:basic INFO 9009.765204983418: Received message <Pong:> from Peer_2:basic
Peer_15:basic INFO 9010.483943900681: Received message <Ping:> from Peer_18:basic
Peer_15:basic INFO 9010.483943900681: Sending message <Pong:> to Peer_18:basic
Peer_15:basic INFO 9011.358238489885: Received message <Pong:> from Peer_14:basic
Peer_15:basic INFO 9018.171803124389: Received message <Pong:> from Peer_10:basic
Peer_15:basic INFO 9500: Sending message <Ping:> to Peer_21:bootstrap
Peer_15:basic INFO 9500: Sending message <Ping:> to Peer_6:basic
Peer_15:basic INFO 9500: Sending message <Ping:> to Peer_19:basic
Peer_15:basic INFO 9500: Sending message <Ping:> to Peer_12:basic
Peer_15:basic INFO 9503.588799302788: Received message <Ping:> from Peer_12:basic
Peer_15:basic INFO 9503.588799302788: Sending message <Pong:> to Peer_12:basic
Peer_15:basic INFO 9504.870145798473: Received message <Ping:> from Peer_6:basic
Peer_15:basic INFO 9504.870145798473: Sending message <Pong:> to Peer_6:basic
Peer_15:basic INFO 9504.997546195436: Received message <Ping:> from Peer_19:basic
Peer_15:basic INFO 9504.997546195436: Sending message <Pong:> to Peer_19:basic
Peer_15:basic INFO 9508.350354830625: Received message <Pong:> from Peer_12:basic
Peer_15:basic INFO 9508.69627740711: Received message <Pong:> from Peer_21:bootstrap
Peer_15:basic INFO 9509.190111773942: Received message <Pong:> from Peer_19:basic
Peer_15:basic INFO 9509.42148846706: Received message <Ping:> from Peer_21:bootstrap
Peer_15:basic INFO 9509.42148846706: Sending message <Pong:> to Peer_21:bootstrap
Peer_15:basic INFO 9511.230880343945: Received message <Pong:> from Peer_6:basic
