Peer_11:basic WARNING 0: Not enough peers, fetching more (0, 8)
Peer_11:basic INFO 4.444093035660597: Connecting to Peer_21:bootstrap
Peer_11:basic INFO 8.296702636748805: Received message <Hello:> from Peer_21:bootstrap
Peer_11:basic INFO 9.93151409569074: Received message <RequestPeers:> from Peer_21:bootstrap
Peer_11:basic INFO 9.93151409569074: Sending message <PeerList> to Peer_21:bootstrap
Peer_11:basic WARNING 500: Not enough peers, fetching more (1, 8)
Peer_11:basic INFO 500: Sending message <RequestPeers:> to Peer_21:bootstrap
Peer_11:basic INFO 511.6806137628384: Received message <PeerList> from Peer_21:bootstrap
Peer_11:basic WARNING 1000: Not enough peers, fetching more (1, 8)
Peer_11:basic INFO 1000: Sending message <RequestPeers:> to Peer_21:bootstrap
Peer_11:basic INFO 1004.3666113712566: Connecting to Peer_13:basic
Peer_11:basic INFO 1010.4156068470668: Received message <PeerList> from Peer_21:bootstrap
Peer_11:basic INFO 1010.8666071046833: Received message <Hello:> from Peer_13:basic
Peer_11:basic INFO 1011.7322823119911: Received message <RequestPeers:> from Peer_13:basic
Peer_11:basic INFO 1011.7322823119911: Sending message <PeerList> to Peer_13:basic
Peer_11:basic WARNING 1500: Not enough peers, fetching more (2, 8)
Peer_11:basic INFO 1500: Sending message <RequestPeers:> to Peer_13:basic
Peer_11:basic INFO 1500: Sending message <RequestPeers:> to Peer_21:bootstrap
Peer_11:basic INFO 1505.155157836136: Received message <Hello:> from Peer_3:basic
Peer_11:basic INFO 1505.155157836136: Connecting to Peer_3:basic
Peer_11:basic INFO 1505.155157836136: Sending message <Hello:> to Peer_3:basic
Peer_11:basic INFO 1505.155157836136: Sending message <RequestPeers:> to Peer_3:basic
Peer_11:basic INFO 1505.2826091135753: Received message <Hello:> from Peer_4:basic
Peer_11:basic INFO 1505.2826091135753: Connecting to Peer_4:basic
Peer_11:basic INFO 1505.2826091135753: Sending message <Hello:> to Peer_4:basic
Peer_11:basic INFO 1505.2826091135753: Sending message <RequestPeers:> to Peer_4:basic
Peer_11:basic INFO 1505.8058903350616: Received message <RequestPeers:> from Peer_13:basic
Peer_11:basic INFO 1505.8058903350616: Sending message <PeerList> to Peer_13:basic
Peer_11:basic INFO 1506.4172192636931: Connecting to Peer_15:basic
Peer_11:basic INFO 1508.8209209328809: Received message <PeerList> from Peer_13:basic
Peer_11:basic INFO 1510.7631746554816: Received message <PeerList> from Peer_21:bootstrap
Peer_11:basic INFO 1511.011892197942: Received message <RequestPeers:> from Peer_15:basic
Peer_11:basic INFO 1511.011892197942: Sending message <PeerList> to Peer_15:basic
Peer_11:basic INFO 1511.7625071493517: Received message <Hello:> from Peer_15:basic
Peer_11:basic INFO 1514.9907398568437: Received message <PeerList> from Peer_3:basic
Peer_11:basic INFO 1515.5183437305514: Received message <PeerList> from Peer_4:basic
Peer_11:basic WARNING 2000: Not enough peers, fetching more (5, 8)
Peer_11:basic INFO 2000: Sending message <RequestPeers:> to Peer_3:basic
Peer_11:basic INFO 2000: Sending message <RequestPeers:> to Peer_21:bootstrap
Peer_11:basic INFO 2000: Sending message <RequestPeers:> to Peer_13:basic
Peer_11:basic INFO 2000: Sending message <RequestPeers:> to Peer_15:basic
Peer_11:basic INFO 2000: Sending message <RequestPeers:> to Peer_4:basic
Peer_11:basic INFO 2003.6740627812346: Received message <RequestPeers:> from Peer_13:basic
Peer_11:basic INFO 2003.6740627812346: Sending message <PeerList> to Peer_13:basic
Peer_11:basic INFO 2004.846421205512: Received message <RequestPeers:> from Peer_4:basic
Peer_11:basic INFO 2004.846421205512: Sending message <PeerList> to Peer_4:basic
Peer_11:basic INFO 2004.9991052603825: Connecting to Peer_2:basic
Peer_11:basic INFO 2005.3598754375698: Connecting to Peer_5:basic
Peer_11:basic INFO 2007.313120754702: Received message <PeerList> from Peer_15:basic
Peer_11:basic INFO 2009.1330146297958: Received message <PeerList> from Peer_21:bootstrap
Peer_11:basic INFO 2009.539766808516: Received message <Hello:> from Peer_2:basic
Peer_11:basic INFO 2010.1153088304734: Received message <Hello:> from Peer_5:basic
Peer_11:basic INFO 2010.1761748750391: Received message <PeerList> from Peer_4:basic
Peer_11:basic INFO 2010.4024202131088: Received message <PeerList> from Peer_3:basic
Peer_11:basic INFO 2010.4363801955606: Received message <RequestPeers:> from Peer_2:basic
Peer_11:basic INFO 2010.4363801955606: Sending message <PeerList> to Peer_2:basic
Peer_11:basic INFO 2011.1209004127393: Received message <PeerList> from Peer_13:basic
Peer_11:basic INFO 2011.761956921916: Received message <RequestPeers:> from Peer_5:basic
Peer_11:basic INFO 2011.761956921916: Sending message <PeerList> to Peer_5:basic
Peer_11:basic WARNING 2500: Not enough peers, fetching more (7, 8)
Peer_11:basic INFO 2505.0520896975013: Connecting to Peer_6:basic
Peer_11:basic INFO 2505.7678710910595: Received message <Hello:> from Peer_10:basic
Peer_11:basic INFO 2505.7678710910595: Connecting to Peer_10:basic
Peer_11:basic INFO 2505.7678710910595: Sending message <Hello:> to Peer_10:basic
Peer_11:basic INFO 2505.7678710910595: Sending message <RequestPeers:> to Peer_10:basic
Peer_11:basic INFO 2509.500074799947: Received message <Hello:> from Peer_6:basic
Peer_11:basic INFO 2510.0081982302363: Received message <RequestPeers:> from Peer_6:basic
Peer_11:basic INFO 2510.0081982302363: Sending message <PeerList> to Peer_6:basic
Peer_11:basic INFO 2514.9442867391804: Received message <PeerList> from Peer_10:basic
Peer_11:basic INFO 3000: Sending message <Ping:> to Peer_21:bootstrap
Peer_11:basic INFO 3000: Sending message <Ping:> to Peer_13:basic
Peer_11:basic INFO 3000: Sending message <Ping:> to Peer_3:basic
Peer_11:basic INFO 3000: Sending message <Ping:> to Peer_4:basic
Peer_11:basic INFO 3000: Sending message <Ping:> to Peer_15:basic
Peer_11:basic INFO 3000: Sending message <Ping:> to Peer_2:basic
Peer_11:basic INFO 3000: Sending message <Ping:> to Peer_5:basic
Peer_11:basic INFO 3004.344921079467: Received message <Ping:> from Peer_15:basic
Peer_11:basic INFO 3004.344921079467: Sending message <Pong:> to Peer_15:basic
Peer_11:basic INFO 3004.413063542144: Received message <Ping:> from Peer_21:bootstrap
Peer_11:basic INFO 3004.413063542144: Sending message <Pong:> to Peer_21:bootstrap
Peer_11:basic INFO 3004.856602418408: Received message <Ping:> from Peer_2:basic
Peer_11:basic INFO 3004.856602418408: Sending message <Pong:> to Peer_2:basic
Peer_11:basic INFO 3004.93841526911: Received message <Ping:> from Peer_4:basic
Peer_11:basic INFO 3004.93841526911: Sending message <Pong:> to Peer_4:basic
Peer_11:basic INFO 3005.0752621635497: Received message <Ping:> from Peer_13:basic
Peer_11:basic INFO 3005.0752621635497: Sending message <Pong:> to Peer_13:basic
Peer_11:basic INFO 3005.079225677386: Received message <Ping:> from Peer_3:basic
Peer_11:basic INFO 3005.079225677386: Sending message <Pong:> to Peer_3:basic
Peer_11:basic INFO 3005.883358390404: Received message <Ping:> from Peer_5:basic
Peer_11:basic INFO 3005.883358390404: Sending message <Pong:> to Peer_5:basic
Peer_11:basic INFO 3008.3230370471147: Received message <Pong:> from Peer_5:basic
Peer_11:basic INFO 3009.0725469783597: Received message <Pong:> from Peer_15:basic
Peer_11:basic INFO 3009.4945847368517: Received message <Pong:> from Peer_3:basic
Peer_11:basic INFO 3009.551448721438: Received message <Pong:> from Peer_4:basic
Peer_11:basic INFO 3009.8427231171463: Received message <Pong:> from Peer_2:basic
Peer_11:basic INFO 3010.4063809749423: Received message <Pong:> from Peer_13:basic
Peer_11:basic INFO 3011.314759549233: Received message <Pong:> from Peer_21:bootstrap
Peer_11:basic INFO 3500: Sending message <Ping:> to Peer_6:basic
Peer_11:basic INFO 3500: Sending message <Ping:> to Peer_10:basic
Peer_11:basic INFO 3504.491720020465: Received message <Ping:> from Peer_6:basic
Peer_11:basic INFO 3504.491720020465: Sending message <Pong:> to Peer_6:basic
Peer_11:basic INFO 3504.5208103434315: Received message <Ping:> from Peer_10:basic
Peer_11:basic INFO 3504.5208103434315: Sending message <Pong:> to Peer_10:basic
Peer_11:basic INFO 3509.7853160204772: Received message <Pong:> from Peer_6:basic
Peer_11:basic INFO 3510.711156720184: Received message <Pong:> from Peer_10:basic
Peer_11:basic INFO 4000: Sending message <Ping:> to Peer_21:bootstrap
Peer_11:basic INFO 4000: Sending message <Ping:> to Peer_13:basic
Peer_11:basic INFO 4000: Sending message <Ping:> to Peer_3:basic
Peer_11:basic INFO 4000: Sending message <Ping:> to Peer_4:basic
Peer_11:basic INFO 4000: Sending message <Ping:> to Peer_15:basic
Peer_11:basic INFO 4000: Sending message <Ping:> to Peer_2:basic
Peer_11:basic INFO 4000: Sending message <Ping:> to Peer_5:basic
Peer_11:basic INFO 4004.208551128023: Received message <Ping:> from Peer_21:bootstrap
Peer_11:basic INFO 4004.208551128023: Sending message <Pong:> to Peer_21:bootstrap
Peer_11:basic INFO 4004.506858187355: Received message <Ping:> from Peer_2:basic
Peer_11:basic INFO 4004.506858187355: Sending message <Pong:> to Peer_2:basic
Peer_11:basic INFO 4004.8262759289155: Received message <Ping:> from Peer_4:basic
Peer_11:basic INFO 4004.8262759289155: Sending message <Pong:> to Peer_4:basic
Peer_11:basic INFO 4004.889548991264: Received message <Ping:> from Peer_3:basic
Peer_11:basic INFO 4004.889548991264: Sending message <Pong:> to Peer_3:basic
Peer_11:basic INFO 4005.259808422511: Received message <Ping:> from Peer_5:basic
Peer_11:basic INFO 4005.259808422511: Sending message <Pong:> to Peer_5:basic
Peer_11:basic INFO 4005.7303310574102: Received message <Ping:> from Peer_13:basic
Peer_11:basic INFO 4005.7303310574102: Sending message <Pong:> to Peer_13:basic
Peer_11:basic INFO 4006.4089913302823: Received message <Ping:> from Peer_15:basic
Peer_11:basic INFO 4006.4089913302823: Sending message <Pong:> to Peer_15:basic
Peer_11:basic INFO 4007.2805596297612: Received message <Pong:> from Peer_5:basic
Peer_11:basic INFO 4009.929868676209: Received message <Pong:> from Peer_4:basic
Peer_11:basic INFO 4010.148369772456: Received message <Pong:> from Peer_2:basic
Peer_11:basic INFO 4010.518804525512: Received message <Pong:> from Peer_13:basic
Peer_11:basic INFO 4010.5229184804525: Received message <Pong:> from Peer_3:basic
Peer_11:basic INFO 4010.8796606630735: Received message <Pong:> from Peer_21:bootstrap
Peer_11:basic INFO 4013.015009633474: Received message <Pong:> from Peer_15:basic
Peer_11:basic INFO 4500: Sending message <Ping:> to Peer_6:basic
Peer_11:basic INFO 4500: Sending message <Ping:> to Peer_10:basic
Peer_11:basic INFO 4504.438814044008: Received message <Ping:> from Peer_10:basic
Peer_11:basic INFO 4504.438814044008: Sending message <Pong:> to Peer_10:basic
Peer_11:basic INFO 4504.9053131132705: Received message <Ping:> from Peer_6:basic
Peer_11:basic INFO 4504.9053131132705: Sending message <Pong:> to Peer_6:basic
Peer_11:basic INFO 4508.4018258014385: Received message <Pong:> from Peer_10:basic
Peer_11:basic INFO 4509.853458115972: Received message <Pong:> from Peer_6:basic
Peer_11:basic INFO 5000: Sending message <Ping:> to Peer_21:bootstrap
Peer_11:basic INFO 5000: Sending message <Ping:> to Peer_13:basic
Peer_11:basic INFO 5000: Sending message <Ping:> to Peer_3:basic
Peer_11:basic INFO 5000: Sending message <Ping:> to Peer_4:basic
Peer_11:basic INFO 5000: Sending message <Ping:> to Peer_15:basic
Peer_11:basic INFO 5000: Sending message <Ping:> to Peer_2:basic
Peer_11:basic INFO 5000: Sending message <Ping:> to Peer_5:basic
Peer_11:basic INFO 5003.611891524272: Received message <Ping:> from Peer_21:bootstrap
Peer_11:basic INFO 5003.611891524272: Sending message <Pong:> to Peer_21:bootstrap
Peer_11:basic INFO 5004.376749205: Received message <Ping:> from Peer_13:basic
Peer_11:basic INFO 5004.376749205: Sending message <Pong:> to Peer_13:basic
Peer_11:basic INFO 5004.906210079375: Received message <Ping:> from Peer_5:basic
Peer_11:basic INFO 5004.906210079375: Sending message <Pong:> to Peer_5:basic
Peer_11:basic INFO 5004.92486643797: Received message <Ping:> from Peer_4:basic
Peer_11:basic INFO 5004.92486643797: Sending message <Pong:> to Peer_4:basic
Peer_11:basic INFO 5004.934561958725: Received message <Ping:> from Peer_15:basic
Peer_11:basic INFO 5004.934561958725: Sending message <Pong:> to Peer_15:basic
Peer_11:basic INFO 5005.014967549729: Received message <Ping:> from Peer_2:basic
Peer_11:basic INFO 5005.014967549729: Sending message <Pong:> to Peer_2:basic
Peer_11:basic INFO 5005.174933102938: Received message <Ping:> from Peer_3:basic
Peer_11:basic INFO 5005.174933102938: Sending message <Pong:> to Peer_3:basic
Peer_11:basic INFO 5009.770346334237: Received message <Pong:> from Peer_2:basic
Peer_11:basic INFO 5010.005943391403: Received message <Pong:> from Peer_3:basic
Peer_11:basic INFO 5010.117351090143: Received message <Pong:> from Peer_4:basic
Peer_11:basic INFO 5010.133221765825: Received message <Pong:> from Peer_21:bootstrap
Peer_11:basic INFO 5010.206056143525: Received message <Pong:> from Peer_15:basic
Peer_11:basic INFO 5010.770326227184: Received message <Pong:> from Peer_5:basic
Peer_11:basic INFO 5011.673702380616: Received message <Pong:> from Peer_13:basic
Peer_11:basic INFO 5500: Sending message <Ping:> to Peer_6:basic
Peer_11:basic INFO 5500: Sending message <Ping:> to Peer_10:basic
Peer_11:basic INFO 5504.351487738401: Received message <Ping:> from Peer_10:basic
Peer_11:basic INFO 5504.351487738401: Sending message <Pong:> to Peer_10:basic
Peer_11:basic INFO 5505.038718634779: Received message <Ping:> from Peer_6:basic
Peer_11:basic INFO 5505.038718634779: Sending message <Pong:> to Peer_6:basic
Peer_11:basic INFO 5510.410938812255: Received message <Pong:> from Peer_6:basic
Peer_11:basic INFO 5511.339203020147: Received message <Pong:> from Peer_10:basic
Peer_11:basic INFO 6000: Sending message <Ping:> to Peer_21:bootstrap
Peer_11:basic INFO 6000: Sending message <Ping:> to Peer_13:basic
Peer_11:basic INFO 6000: Sending message <Ping:> to Peer_3:basic
Peer_11:basic INFO 6000: Sending message <Ping:> to Peer_4:basic
Peer_11:basic INFO 6000: Sending message <Ping:> to Peer_15:basic
Peer_11:basic INFO 6000: Sending message <Ping:> to Peer_2:basic
Peer_11:basic INFO 6000: Sending message <Ping:> to Peer_5:basic
Peer_11:basic INFO 6004.590740736949: Received message <Ping:> from Peer_13:basic
Peer_11:basic INFO 6004.590740736949: Sending message <Pong:> to Peer_13:basic
Peer_11:basic INFO 6005.070723346683: Received message <Ping:> from Peer_4:basic
Peer_11:basic INFO 6005.070723346683: Sending message <Pong:> to Peer_4:basic
Peer_11:basic INFO 6005.155930922169: Received message <Ping:> from Peer_5:basic
Peer_11:basic INFO 6005.155930922169: Sending message <Pong:> to Peer_5:basic
Peer_11:basic INFO 6005.362807862671: Received message <Ping:> from Peer_3:basic
Peer_11:basic INFO 6005.362807862671: Sending message <Pong:> to Peer_3:basic
Peer_11:basic INFO 6005.397443368069: Received message <Ping:> from Peer_2:basic
Peer_11:basic INFO 6005.397443368069: Sending message <Pong:> to Peer_2:basic
Peer_11:basic INFO 6005.46133369736: Received message <Ping:> from Peer_21:bootstrap
Peer_11:basic INFO 6005.46133369736: Sending message <Pong:> to Peer_21:bootstrap
Peer_11:basic INFO 6007.219449489875: Received message <Ping:> from Peer_15:basic
Peer_11:basic INFO 6007.219449489875: Sending message <Pong:> to Peer_15:basic
Peer_11:basic INFO 6008.375295914246: Received message <Pong:> from Peer_13:basic
Peer_11:basic INFO 6009.031717927347: Received message <Pong:> from Peer_21:bootstrap
Peer_11:basic INFO 6009.376822377042: Received message <Pong:> from Peer_5:basic
Peer_11:basic INFO 6010.0991580773825: Received message <Pong:> from Peer_4:basic
Peer_11:basic INFO 6010.284508489616: Received message <Pong:> from Peer_2:basic
Peer_11:basic INFO 6010.323806022401: Received message <Pong:> from Peer_3:basic
Peer_11:basic INFO 6012.049582557653: Received message <Pong:> from Peer_15:basic
Peer_11:basic INFO 6500: Sending message <Ping:> to Peer_6:basic
Peer_11:basic INFO 6500: Sending message <Ping:> to Peer_10:basic
Peer_11:basic INFO 6504.630993083884: Received message <Ping:> from Peer_10:basic
Peer_11:basic INFO 6504.630993083884: Sending message <Pong:> to Peer_10:basic
Peer_11:basic INFO 6505.286420819856: Received message <Ping:> from Peer_6:basic
Peer_11:basic INFO 6505.286420819856: Sending message <Pong:> to Peer_6:basic
Peer_11:basic INFO 6509.120874770821: Received message <Pong:> from Peer_10:basic
Peer_11:basic INFO 6509.846871963144: Received message <Pong:> from Peer_6:basic
Peer_11:basic INFO 7000: Sending message <Ping:> to Peer_21:bootstrap
Peer_11:basic INFO 7000: Sending message <Ping:> to Peer_13:basic
Peer_11:basic INFO 7000: Sending message <Ping:> to Peer_3:basic
Peer_11:basic INFO 7000: Sending message <Ping:> to Peer_4:basic
Peer_11:basic INFO 7000: Sending message <Ping:> to Peer_15:basic
Peer_11:basic INFO 7000: Sending message <Ping:> to Peer_2:basic
Peer_11:basic INFO 7000: Sending message <Ping:> to Peer_5:basic
Peer_11:basic INFO 7002.866620292609: Received message <Ping:> from Peer_21:bootstrap
Peer_11:basic INFO 7002.866620292609: Sending message <Pong:> to Peer_21:bootstrap
Peer_11:basic INFO 7004.8323191309355: Received message <Ping:> from Peer_4:basic
Peer_11:basic INFO 7004.8323191309355: Sending message <Pong:> to Peer_4:basic
Peer_11:basic INFO 7004.863801867987: Received message <Ping:> from Peer_2:basic
Peer_11:basic INFO 7004.863801867987: Sending message <Pong:> to Peer_2:basic
Peer_11:basic INFO 7005.026152411499: Received message <Ping:> from Peer_13:basic
Peer_11:basic INFO 7005.026152411499: Sending message <Pong:> to Peer_13:basic
Peer_11:basic INFO 7005.0298409712905: Received message <Ping:> from Peer_3:basic
Peer_11:basic INFO 7005.0298409712905: Sending message <Pong:> to Peer_3:basic
Peer_11:basic INFO 7005.111002881855: Received message <Ping:> from Peer_5:basic
Peer_11:basic INFO 7005.111002881855: Sending message <Pong:> to Peer_5:basic
Peer_11:basic INFO 7005.342143662377: Received message <Ping:> from Peer_15:basic
Peer_11:basic INFO 7005.342143662377: Sending message <Pong:> to Peer_15:basic
Peer_11:basic INFO 7008.735323792498: Received message <Pong:> from Peer_5:basic
Peer_11:basic INFO 7008.882815779504: Received message <Pong:> from Peer_21:bootstrap
Peer_11:basic INFO 7009.522912814753: Received message <Pong:> from Peer_2:basic
Peer_11:basic INFO 7009.6896394962105: Received message <Pong:> from Peer_15:basic
Peer_11:basic INFO 7010.165229439087: Received message <Pong:> from Peer_4:basic
Peer_11:basic INFO 7010.253390955401: Received message <Pong:> from Peer_3:basic
Peer_11:basic INFO 7011.729987241044: Received message <Pong:> from Peer_13:basic
Peer_11:basic INFO 7500: Sending message <Ping:> to Peer_6:basic
Peer_11:basic INFO 7500: Sending message <Ping:> to Peer_10:basic
Peer_11:basic INFO 7503.518689547661: Received message <Ping:> from Peer_10:basic
Peer_11:basic INFO 7503.518689547661: Sending message <Pong:> to Peer_10:basic
Peer_11:basic INFO 7504.88915862197: Received message <Ping:> from Peer_6:basic
Peer_11:basic INFO 7504.88915862197: Sending message <Pong:> to Peer_6:basic
Peer_11:basic INFO 7508.933055750083: Received message <Pong:> from Peer_6:basic
Peer_11:basic INFO 7511.963104745681: Received message <Pong:> from Peer_10:basic
Peer_11:basic INFO 8000: Sending message <Ping:> to Peer_21:bootstrap
Peer_11:basic INFO 8000: Sending message <Ping:> to Peer_13:basic
Peer_11:basic INFO 8000: Sending message <Ping:> to Peer_3:basic
Peer_11:basic INFO 8000: Sending message <Ping:> to Peer_4:basic
Peer_11:basic INFO 8000: Sending message <Ping:> to Peer_15:basic
Peer_11:basic INFO 8000: Sending message <Ping:> to Peer_2:basic
Peer_11:basic INFO 8000: Sending message <Ping:> to Peer_5:basic
Peer_11:basic INFO 8004.215249411016: Received message <Ping:> from Peer_21:bootstrap
Peer_11:basic INFO 8004.215249411016: Sending message <Pong:> to Peer_21:bootstrap
Peer_11:basic INFO 8004.732413710069: Received message <Ping:> from Peer_4:basic
Peer_11:basic INFO 8004.732413710069: Sending message <Pong:> to Peer_4:basic
Peer_11:basic INFO 8004.734580371648: Received message <Ping:> from Peer_3:basic
Peer_11:basic INFO 8004.734580371648: Sending message <Pong:> to Peer_3:basic
Peer_11:basic INFO 8004.896451871762: Received message <Ping:> from Peer_2:basic
Peer_11:basic INFO 8004.896451871762: Sending message <Pong:> to Peer_2:basic
Peer_11:basic INFO 8004.95336371341: Received message <Ping:> from Peer_15:basic
Peer_11:basic INFO 8004.95336371341: Sending message <Pong:> to Peer_15:basic
Peer_11:basic INFO 8005.022459226106: Received message <Ping:> from Peer_13:basic
Peer_11:basic INFO 8005.022459226106: Sending message <Pong:> to Peer_13:basic
Peer_11:basic INFO 8005.368930963138: Received message <Ping:> from Peer_5:basic
Peer_11:basic INFO 8005.368930963138: Sending message <Pong:> to Peer_5:basic
Peer_11:basic INFO 8009.594948469483: Received message <Pong:> from Peer_2:basic
Peer_11:basic INFO 8009.835875995786: Received message <Pong:> from Peer_3:basic
Peer_11:basic INFO 8010.120876859557: Received message <Pong:> from Peer_21:bootstrap
Peer_11:basic INFO 8010.134136962817: Received message <Pong:> from Peer_4:basic
Peer_11:basic INFO 8011.118736939844: Received message <Pong:> from Peer_5:basic
Peer_11:basic INFO 8011.799725884763: Received message <Pong:> from Peer_13:basic
Peer_11:basic INFO 8013.018278088022: Received message <Pong:> from Peer_15:basic
Peer_11:basic INFO 8500: Sending message <Ping:> to Peer_6:basic
Peer_11:basic INFO 8500: Sending message <Ping:> to Peer_10:basic
Peer_11:basic INFO 8504.984995965639: Received message <Ping:> from Peer_6:basic
Peer_11:basic INFO 8504.984995965639: Sending message <Pong:> to Peer_6:basic
Peer_11:basic INFO 8505.026365707898: Received message <Ping:> from Peer_10:basic
Peer_11:basic INFO 8505.026365707898: Sending message <Pong:> to Peer_10:basic
Peer_11:basic INFO 8510.347677859427: Received message <Pong:> from Peer_6:basic
Peer_11:basic INFO 8511.124509669678: Received message <Pong:> from Peer_10:basic
Peer_11:basic INFO 9000: Sending message <Ping:> to Peer_21:bootstrap
Peer_11:basic INFO 9000: Sending message <Ping:> to Peer_13:basic
Peer_11:basic INFO 9000: Sending message <Ping:> to Peer_3:basic
Peer_11:basic INFO 9000: Sending message <Ping:> to Peer_4:basic
Peer_11:basic INFO 9000: Sending message <Ping:> to Peer_15:basic
Peer_11:basic INFO 9000: Sending message <Ping:> to Peer_2:basic
Peer_11:basic INFO 9000: Sending message <Ping:> to Peer_5:basic
Peer_11:basic INFO 9003.431288201742: Received message <Ping:> from Peer_5:basic
Peer_11:basic INFO 9003.431288201742: Sending message <Pong:> to Peer_5:basic
Peer_11:basic INFO 9003.694002725539: Received message <Ping:> from Peer_15:basic
Peer_11:basic INFO 9003.694002725539: Sending message <Pong:> to Peer_15:basic
Peer_11:basic INFO 9004.233707770243: Received message <Ping:> from Peer_3:basic
Peer_11:basic INFO 9004.233707770243: Sending message <Pong:> to Peer_3:basic
Peer_11:basic INFO 9004.664201778425: Received message <Ping:> from Peer_4:basic
Peer_11:basic INFO 9004.664201778425: Sending message <Pong:> to Peer_4:basic
Peer_11:basic INFO 9004.757437849576: Received message <Ping:> from Peer_2:basic
Peer_11:basic INFO 9004.757437849576: Sending message <Pong:> to Peer_2:basic
Peer_11:basic INFO 9006.101681268343: Received message <Ping:> from Peer_13:basic
Peer_11:basic INFO 9006.101681268343: Sending message <Pong:> to Peer_13:basic
Peer_11:basic INFO 9006.19897315774: Received message <Ping:> from Peer_21:bootstrap
Peer_11:basic INFO 9006.19897315774: Sending message <Pong:> to Peer_21:bootstrap
Peer_11:basic INFO 9008.958090888367: Received message <Pong:> from Peer_21:bootstrap
Peer_11:basic INFO 9009.153253429973: Received message <Pong:> from Peer_13:basic
Peer_11:basic INFO 9010.047188633804: Received message <Pong:> from Peer_5:basic
Peer_11:basic INFO 9010.11596039581: Received message <Pong:> from Peer_2:basic
Peer_11:basic INFO 9010.156797670961: Received message <Pong:> from Peer_3:basic
Peer_11:basic INFO 9010.374671726731: Received message <Pong:> from Peer_4:basic
Peer_11:basic INFO 9011.166015105986: Received message <Pong:> from Peer_15:basic
Peer_11:basic INFO 9500: Sending message <Ping:> to Peer_6:basic
Peer_11:basic INFO 9500: Sending message <Ping:> to Peer_10:basic
Peer_11:basic INFO 9505.07992437319: Received message <Ping:> from Peer_10:basic
Peer_11:basic INFO 9505.07992437319: Sending message <Pong:> to Peer_10:basic
Peer_11:basic INFO 9505.083428931192: Received message <Ping:> from Peer_6:basic
Peer_11:basic INFO 9505.083428931192: Sending message <Pong:> to Peer_6:basic
Peer_11:basic INFO 9510.80107725998: Received message <Pong:> from Peer_6:basic
Peer_11:basic INFO 9511.520842194452: Received message <Pong:> from Peer_10:basic
