Peer_3:basic WARNING 0: Not enough peers, fetching more (0, 8)
Peer_3:basic INFO 5.58669609211415: Connecting to Peer_21:bootstrap
Peer_3:basic INFO 10.382084162887098: Received message <Hello:> from Peer_21:bootstrap
Peer_3:basic INFO 10.806015338755536: Received message <RequestPeers:> from Peer_21:bootstrap
Peer_3:basic INFO 10.806015338755536: Sending message <PeerList> to Peer_21:bootstrap
Peer_3:basic WARNING 500: Not enough peers, fetching more (1, 8)
Peer_3:basic INFO 500: Sending message <RequestPeers:> to Peer_21:bootstrap
Peer_3:basic INFO 512.4506069967244: Received message <PeerList> from Peer_21:bootstrap
Peer_3:basic WARNING 1000: Not enough peers, fetching more (1, 8)
Peer_3:basic INFO 1000: Sending message <RequestPeers:> to Peer_21:bootstrap
Peer_3:basic INFO 1004.8064748124693: Received message <Hello:> from Peer_2:basic
Peer_3:basic INFO 1004.8064748124693: Connecting to Peer_2:basic
Peer_3:basic INFO 1004.8064748124693: Sending message <Hello:> to Peer_2:basic
Peer_3:basic INFO 1004.8064748124693: Sending message <RequestPeers:> to Peer_2:basic
Peer_3:basic INFO 1005.4576936505266: Received message <Hello:> from Peer_13:basic
Peer_3:basic INFO 1005.4576936505266: Connecting to Peer_13:basic
Peer_3:basic INFO 1005.4576936505266: Sending message <Hello:> to Peer_13:basic
Peer_3:basic INFO 1005.4576936505266: Sending message <RequestPeers:> to Peer_13:basic
Peer_3:basic INFO 1005.7312985817643: Connecting to Peer_20:basic
Peer_3:basic INFO 1010.596750928788: Received message <Hello:> from Peer_20:basic
Peer_3:basic INFO 1012.1363158005383: Received message <RequestPeers:> from Peer_20:basic
Peer_3:basic INFO 1012.1363158005383: Sending message <PeerList> to Peer_20:basic
Peer_3:basic INFO 1012.9822799184902: Received message <PeerList> from Peer_21:bootstrap
Peer_3:basic INFO 1014.3379312872185: Received message <PeerList> from Peer_2:basic
Peer_3:basic INFO 1014.8676406103965: Received message <PeerList> from Peer_13:basic
Peer_3:basic WARNING 1500: Not enough peers, fetching more (4, 8)
Peer_3:basic INFO 1500: Sending message <RequestPeers:> to Peer_21:bootstrap
Peer_3:basic INFO 1500: Sending message <RequestPeers:> to Peer_20:basic
Peer_3:basic INFO 1500: Sending message <RequestPeers:> to Peer_2:basic
Peer_3:basic INFO 1500: Sending message <RequestPeers:> to Peer_13:basic
Peer_3:basic INFO 1504.7872720488808: Received message <Hello:> from Peer_10:basic
Peer_3:basic INFO 1504.7872720488808: Connecting to Peer_10:basic
Peer_3:basic INFO 1504.7872720488808: Sending message <Hello:> to Peer_10:basic
Peer_3:basic INFO 1504.7872720488808: Sending message <RequestPeers:> to Peer_10:basic
Peer_3:basic INFO 1504.8774414368509: Received message <RequestPeers:> from Peer_13:basic
Peer_3:basic INFO 1504.8774414368509: Sending message <PeerList> to Peer_13:basic
Peer_3:basic INFO 1504.8882552049802: Received message <RequestPeers:> from Peer_2:basic
Peer_3:basic INFO 1504.8882552049802: Sending message <PeerList> to Peer_2:basic
Peer_3:basic INFO 1505.155157836136: Connecting to Peer_11:basic
Peer_3:basic INFO 1505.2270668107515: Connecting to Peer_6:basic
Peer_3:basic INFO 1506.2103269211482: Received message <RequestPeers:> from Peer_20:basic
Peer_3:basic INFO 1506.2103269211482: Sending message <PeerList> to Peer_20:basic
Peer_3:basic INFO 1507.8663461303076: Received message <PeerList> from Peer_13:basic
Peer_3:basic INFO 1509.7544589546421: Received message <PeerList> from Peer_2:basic
Peer_3:basic INFO 1509.8396501368888: Received message <Hello:> from Peer_6:basic
Peer_3:basic INFO 1509.8988506515293: Received message <RequestPeers:> from Peer_11:basic
Peer_3:basic INFO 1509.8988506515293: Sending message <PeerList> to Peer_11:basic
Peer_3:basic INFO 1510.1554118016425: Received message <RequestPeers:> from Peer_6:basic
Peer_3:basic INFO 1510.1554118016425: Sending message <PeerList> to Peer_6:basic
Peer_3:basic INFO 1510.3320269338924: Received message <Hello:> from Peer_11:basic
Peer_3:basic INFO 1510.4269931467657: Received message <PeerList> from Peer_21:bootstrap
Peer_3:basic INFO 1510.6467457269216: Received message <PeerList> from Peer_20:basic
Peer_3:basic INFO 1514.8542750393149: Received message <PeerList> from Peer_10:basic
Peer_3:basic WARNING 2000: Not enough peers, fetching more (7, 8)
Peer_3:basic INFO 2002.902958305206: Received message <RequestPeers:> from Peer_13:basic
Peer_3:basic INFO 2002.902958305206: Sending message <PeerList> to Peer_13:basic
Peer_3:basic INFO 2003.9812259570383: Received message <RequestPeers:> from Peer_10:basic
Peer_3:basic INFO 2003.9812259570383: Sending message <PeerList> to Peer_10:basic
Peer_3:basic INFO 2005.2734860822231: Received message <RequestPeers:> from Peer_11:basic
Peer_3:basic INFO 2005.2734860822231: Sending message <PeerList> to Peer_11:basic
Peer_3:basic INFO 2005.2752365289182: Received message <RequestPeers:> from Peer_2:basic
Peer_3:basic INFO 2005.2752365289182: Sending message <PeerList> to Peer_2:basic
Peer_3:basic INFO 2005.413141382249: Received message <RequestPeers:> from Peer_6:basic
Peer_3:basic INFO 2005.413141382249: Sending message <PeerList> to Peer_6:basic
Peer_3:basic INFO 2005.7408958355898: Received message <Hello:> from Peer_1:basic
Peer_3:basic INFO 2005.7408958355898: Connecting to Peer_1:basic
Peer_3:basic INFO 2005.7408958355898: Sending message <Hello:> to Peer_1:basic
Peer_3:basic INFO 2005.7408958355898: Sending message <RequestPeers:> to Peer_1:basic
Peer_3:basic INFO 2005.7965548951224: Connecting to Peer_18:basic
Peer_3:basic INFO 2009.2416703141687: Received message <RequestPeers:> from Peer_18:basic
Peer_3:basic INFO 2009.2416703141687: Sending message <PeerList> to Peer_18:basic
Peer_3:basic INFO 2010.8596522880866: Received message <Hello:> from Peer_18:basic
Peer_3:basic INFO 2015.5212609562636: Received message <PeerList> from Peer_1:basic
Peer_3:basic INFO 2500: Sending message <Ping:> to Peer_21:bootstrap
Peer_3:basic INFO 2500: Sending message <Ping:> to Peer_20:basic
Peer_3:basic INFO 2505.2635856701004: Received message <Ping:> from Peer_20:basic
Peer_3:basic INFO 2505.2635856701004: Sending message <Pong:> to Peer_20:basic
Peer_3:basic INFO 2505.7227539200912: Received message <Ping:> from Peer_21:bootstrap
Peer_3:basic INFO 2505.7227539200912: Sending message <Pong:> to Peer_21:bootstrap
Peer_3:basic INFO 2507.9764104552874: Received message <Pong:> from Peer_20:basic
Peer_3:basic INFO 2509.8028598630726: Received message <Pong:> from Peer_21:bootstrap
Peer_3:basic INFO 3000: Sending message <Ping:> to Peer_2:basic
Peer_3:basic INFO 3000: Sending message <Ping:> to Peer_13:basic
Peer_3:basic INFO 3000: Sending message <Ping:> to Peer_10:basic
Peer_3:basic INFO 3000: Sending message <Ping:> to Peer_11:basic
Peer_3:basic INFO 3000: Sending message <Ping:> to Peer_6:basic
Peer_3:basic INFO 3000: Sending message <Ping:> to Peer_1:basic
Peer_3:basic INFO 3000: Sending message <Ping:> to Peer_18:basic
Peer_3:basic INFO 3004.012406390734: Received message <Ping:> from Peer_10:basic
Peer_3:basic INFO 3004.012406390734: Sending message <Pong:> to Peer_10:basic
Peer_3:basic INFO 3004.7125031423357: Received message <Ping:> from Peer_11:basic
Peer_3:basic INFO 3004.7125031423357: Sending message <Pong:> to Peer_11:basic
Peer_3:basic INFO 3004.898807758221: Received message <Ping:> from Peer_6:basic
Peer_3:basic INFO 3004.898807758221: Sending message <Pong:> to Peer_6:basic
Peer_3:basic INFO 3005.043363855154: Received message <Ping:> from Peer_1:basic
Peer_3:basic INFO 3005.043363855154: Sending message <Pong:> to Peer_1:basic
Peer_3:basic INFO 3005.1119154296634: Received message <Ping:> from Peer_2:basic
Peer_3:basic INFO 3005.1119154296634: Sending message <Pong:> to Peer_2:basic
Peer_3:basic INFO 3005.5106946828623: Received message <Ping:> from Peer_18:basic
Peer_3:basic INFO 3005.5106946828623: Sending message <Pong:> to Peer_18:basic
Peer_3:basic INFO 3006.620121144113: Received message <Ping:> from Peer_13:basic
Peer_3:basic INFO 3006.620121144113: Sending message <Pong:> to Peer_13:basic
Peer_3:basic INFO 3008.303879854204: Received message <Pong:> from Peer_18:basic
Peer_3:basic INFO 3009.8761597366133: Received message <Pong:> from Peer_2:basic
Peer_3:basic INFO 3010.160024305447: Received message <Pong:> from Peer_11:basic
Peer_3:basic INFO 3010.5967020464004: Received message <Pong:> from Peer_10:basic
Peer_3:basic INFO 3010.6075649372633: Received message <Pong:> from Peer_6:basic
Peer_3:basic INFO 3011.265696964933: Received message <Pong:> from Peer_1:basic
Peer_3:basic INFO 3012.805318149095: Received message <Pong:> from Peer_13:basic
Peer_3:basic INFO 3500: Sending message <Ping:> to Peer_21:bootstrap
Peer_3:basic INFO 3500: Sending message <Ping:> to Peer_20:basic
Peer_3:basic INFO 3504.5345262993264: Received message <Ping:> from Peer_20:basic
Peer_3:basic INFO 3504.5345262993264: Sending message <Pong:> to Peer_20:basic
Peer_3:basic INFO 3505.391057491933: Received message <Ping:> from Peer_21:bootstrap
Peer_3:basic INFO 3505.391057491933: Sending message <Pong:> to Peer_21:bootstrap
Peer_3:basic INFO 3509.39841219222: Received message <Pong:> from Peer_21:bootstrap
Peer_3:basic INFO 3510.1496969873574: Received message <Pong:> from Peer_20:basic
Peer_3:basic INFO 4000: Sending message <Ping:> to Peer_2:basic
Peer_3:basic INFO 4000: Sending message <Ping:> to Peer_13:basic
Peer_3:basic INFO 4000: Sending message <Ping:> to Peer_10:basic
Peer_3:basic INFO 4000: Sending message <Ping:> to Peer_11:basic
Peer_3:basic INFO 4000: Sending message <Ping:> to Peer_6:basic
Peer_3:basic INFO 4000: Sending message <Ping:> to Peer_1:basic
Peer_3:basic INFO 4000: Sending message <Ping:> to Peer_18:basic
Peer_3:basic INFO 4003.342002975951: Received message <Ping:> from Peer_13:basic
Peer_3:basic INFO 4003.342002975951: Sending message <Pong:> to Peer_13:basic
Peer_3:basic INFO 4004.4574303000686: Received message <Ping:> from Peer_1:basic
Peer_3:basic INFO 4004.4574303000686: Sending message <Pong:> to Peer_1:basic
Peer_3:basic INFO 4004.875176542979: Received message <Ping:> from Peer_10:basic
Peer_3:basic INFO 4004.875176542979: Sending message <Pong:> to Peer_10:basic
Peer_3:basic INFO 4005.0438635869727: Received message <Ping:> from Peer_18:basic
Peer_3:basic INFO 4005.0438635869727: Sending message <Pong:> to Peer_18:basic
Peer_3:basic INFO 4005.100375862642: Received message <Ping:> from Peer_11:basic
Peer_3:basic INFO 4005.100375862642: Sending message <Pong:> to Peer_11:basic
Peer_3:basic INFO 4005.1106622134157: Received message <Ping:> from Peer_2:basic
Peer_3:basic INFO 4005.1106622134157: Sending message <Pong:> to Peer_2:basic
Peer_3:basic INFO 4005.162626504061: Received message <Ping:> from Peer_6:basic
Peer_3:basic INFO 4005.162626504061: Sending message <Pong:> to Peer_6:basic
Peer_3:basic INFO 4007.477084738542: Received message <Pong:> from Peer_1:basic
Peer_3:basic INFO 4008.4235715485197: Received message <Pong:> from Peer_10:basic
Peer_3:basic INFO 4009.251260806648: Received message <Pong:> from Peer_6:basic
Peer_3:basic INFO 4009.608174398636: Received message <Pong:> from Peer_18:basic
Peer_3:basic INFO 4009.7317773437676: Received message <Pong:> from Peer_11:basic
Peer_3:basic INFO 4009.8964349593957: Received message <Pong:> from Peer_2:basic
Peer_3:basic INFO 4011.7132152653753: Received message <Pong:> from Peer_13:basic
Peer_3:basic INFO 4500: Sending message <Ping:> to Peer_21:bootstrap
Peer_3:basic INFO 4500: Sending message <Ping:> to Peer_20:basic
Peer_3:basic INFO 4505.017378361649: Received message <Ping:> from Peer_20:basic
Peer_3:basic INFO 4505.017378361649: Sending message <Pong:> to Peer_20:basic
Peer_3:basic INFO 4505.636254114991: Received message <Ping:> from Peer_21:bootstrap
Peer_3:basic INFO 4505.636254114991: Sending message <Pong:> to Peer_21:bootstrap
Peer_3:basic INFO 4507.798137600529: Received message <Pong:> from Peer_20:basic
Peer_3:basic INFO 4510.411813018552: Received message <Pong:> from Peer_21:bootstrap
Peer_3:basic INFO 5000: Sending message <Ping:> to Peer_2:basic
Peer_3:basic INFO 5000: Sending message <Ping:> to Peer_13:basic
Peer_3:basic INFO 5000: Sending message <Ping:> to Peer_10:basic
Peer_3:basic INFO 5000: Sending message <Ping:> to Peer_11:basic
Peer_3:basic INFO 5000: Sending message <Ping:> to Peer_6:basic
Peer_3:basic INFO 5000: Sending message <Ping:> to Peer_1:basic
Peer_3:basic INFO 5000: Sending message <Ping:> to Peer_18:basic
Peer_3:basic INFO 5004.719186442435: Received message <Ping:> from Peer_13:basic
Peer_3:basic INFO 5004.719186442435: Sending message <Pong:> to Peer_13:basic
Peer_3:basic INFO 5005.115821009113: Received message <Ping:> from Peer_2:basic
Peer_3:basic INFO 5005.115821009113: Sending message <Pong:> to Peer_2:basic
Peer_3:basic INFO 5005.245130393164: Received message <Ping:> from Peer_11:basic
Peer_3:basic INFO 5005.245130393164: Sending message <Pong:> to Peer_11:basic
Peer_3:basic INFO 5005.385804745954: Received message <Ping:> from Peer_6:basic
Peer_3:basic INFO 5005.385804745954: Sending message <Pong:> to Peer_6:basic
Peer_3:basic INFO 5005.509315909373: Received message <Ping:> from Peer_18:basic
Peer_3:basic INFO 5005.509315909373: Sending message <Pong:> to Peer_18:basic
Peer_3:basic INFO 5005.573947780212: Received message <Ping:> from Peer_1:basic
Peer_3:basic INFO 5005.573947780212: Sending message <Pong:> to Peer_1:basic
Peer_3:basic INFO 5006.584532910663: Received message <Ping:> from Peer_10:basic
Peer_3:basic INFO 5006.584532910663: Sending message <Pong:> to Peer_10:basic
Peer_3:basic INFO 5007.991914859028: Received message <Pong:> from Peer_13:basic
Peer_3:basic INFO 5009.923882150447: Received message <Pong:> from Peer_6:basic
Peer_3:basic INFO 5010.171354582419: Received message <Pong:> from Peer_2:basic
Peer_3:basic INFO 5010.206854717646: Received message <Pong:> from Peer_11:basic
Peer_3:basic INFO 5010.7016390267745: Received message <Pong:> from Peer_10:basic
Peer_3:basic INFO 5010.907962915463: Received message <Pong:> from Peer_18:basic
Peer_3:basic INFO 5011.462383986363: Received message <Pong:> from Peer_1:basic
Peer_3:basic INFO 5500: Sending message <Ping:> to Peer_21:bootstrap
Peer_3:basic INFO 5500: Sending message <Ping:> to Peer_20:basic
Peer_3:basic INFO 5505.27740201977: Received message <Ping:> from Peer_21:bootstrap
Peer_3:basic INFO 5505.27740201977: Sending message <Pong:> to Peer_21:bootstrap
Peer_3:basic INFO 5506.730832589961: Received message <Ping:> from Peer_20:basic
Peer_3:basic INFO 5506.730832589961: Sending message <Pong:> to Peer_20:basic
Peer_3:basic INFO 5508.8961816364135: Received message <Pong:> from Peer_21:bootstrap
Peer_3:basic INFO 5509.664961630927: Received message <Pong:> from Peer_20:basic
Peer_3:basic INFO 6000: Sending message <Ping:> to Peer_2:basic
Peer_3:basic INFO 6000: Sending message <Ping:> to Peer_13:basic
Peer_3:basic INFO 6000: Sending message <Ping:> to Peer_10:basic
Peer_3:basic INFO 6000: Sending message <Ping:> to Peer_11:basic
Peer_3:basic INFO 6000: Sending message <Ping:> to Peer_6:basic
Peer_3:basic INFO 6000: Sending message <Ping:> to Peer_1:basic
Peer_3:basic INFO 6000: Sending message <Ping:> to Peer_18:basic
Peer_3:basic INFO 6003.377241658753: Received message <Ping:> from Peer_1:basic
Peer_3:basic INFO 6003.377241658753: Sending message <Pong:> to Peer_1:basic
Peer_3:basic INFO 6004.678981906079: Received message <Ping:> from Peer_18:basic
Peer_3:basic INFO 6004.678981906079: Sending message <Pong:> to Peer_18:basic
Peer_3:basic INFO 6004.7235368411075: Received message <Ping:> from Peer_2:basic
Peer_3:basic INFO 6004.7235368411075: Sending message <Pong:> to Peer_2:basic
Peer_3:basic INFO 6004.913135402967: Received message <Ping:> from Peer_10:basic
Peer_3:basic INFO 6004.913135402967: Sending message <Pong:> to Peer_10:basic
Peer_3:basic INFO 6004.93396754458: Received message <Ping:> from Peer_6:basic
Peer_3:basic INFO 6004.93396754458: Sending message <Pong:> to Peer_6:basic
Peer_3:basic INFO 6005.1525426576945: Received message <Ping:> from Peer_11:basic
Peer_3:basic INFO 6005.1525426576945: Sending message <Pong:> to Peer_11:basic
Peer_3:basic INFO 6006.299869373581: Received message <Ping:> from Peer_13:basic
Peer_3:basic INFO 6006.299869373581: Sending message <Pong:> to Peer_13:basic
Peer_3:basic INFO 6009.52324327075: Received message <Pong:> from Peer_10:basic
Peer_3:basic INFO 6010.00453948023: Received message <Pong:> from Peer_2:basic
Peer_3:basic INFO 6010.071049982199: Received message <Pong:> from Peer_18:basic
Peer_3:basic INFO 6010.196073055301: Received message <Pong:> from Peer_1:basic
Peer_3:basic INFO 6010.392050778382: Received message <Pong:> from Peer_13:basic
Peer_3:basic INFO 6010.6500531550055: Received message <Pong:> from Peer_11:basic
Peer_3:basic INFO 6010.693231318557: Received message <Pong:> from Peer_6:basic
Peer_3:basic INFO 6500: Sending message <Ping:> to Peer_21:bootstrap
Peer_3:basic INFO 6500: Sending message <Ping:> to Peer_20:basic
Peer_3:basic INFO 6505.302273976974: Received message <Ping:> from Peer_20:basic
Peer_3:basic INFO 6505.302273976974: Sending message <Pong:> to Peer_20:basic
Peer_3:basic INFO 6506.586576166012: Received message <Ping:> from Peer_21:bootstrap
Peer_3:basic INFO 6506.586576166012: Sending message <Pong:> to Peer_21:bootstrap
Peer_3:basic INFO 6509.336355161488: Received message <Pong:> from Peer_21:bootstrap
Peer_3:basic INFO 6511.114299896785: Received message <Pong:> from Peer_20:basic
Peer_3:basic INFO 7000: Sending message <Ping:> to Peer_2:basic
Peer_3:basic INFO 7000: Sending message <Ping:> to Peer_13:basic
Peer_3:basic INFO 7000: Sending message <Ping:> to Peer_10:basic
Peer_3:basic INFO 7000: Sending message <Ping:> to Peer_11:basic
Peer_3:basic INFO 7000: Sending message <Ping:> to Peer_6:basic
Peer_3:basic INFO 7000: Sending message <Ping:> to Peer_1:basic
Peer_3:basic INFO 7000: Sending message <Ping:> to Peer_18:basic
Peer_3:basic INFO 7003.479266255226: Received message <Ping:> from Peer_10:basic
Peer_3:basic INFO 7003.479266255226: Sending message <Pong:> to Peer_10:basic
Peer_3:basic INFO 7003.541590583517: Received message <Ping:> from Peer_18:basic
Peer_3:basic INFO 7003.541590583517: Sending message <Pong:> to Peer_18:basic
Peer_3:basic INFO 7004.524073673276: Received message <Ping:> from Peer_6:basic
Peer_3:basic INFO 7004.524073673276: Sending message <Pong:> to Peer_6:basic
Peer_3:basic INFO 7004.651378249395: Received message <Ping:> from Peer_1:basic
Peer_3:basic INFO 7004.651378249395: Sending message <Pong:> to Peer_1:basic
Peer_3:basic INFO 7004.948242917218: Received message <Ping:> from Peer_2:basic
Peer_3:basic INFO 7004.948242917218: Sending message <Pong:> to Peer_2:basic
Peer_3:basic INFO 7005.290368410798: Received message <Ping:> from Peer_11:basic
Peer_3:basic INFO 7005.290368410798: Sending message <Pong:> to Peer_11:basic
Peer_3:basic INFO 7006.626262631362: Received message <Ping:> from Peer_13:basic
Peer_3:basic INFO 7006.626262631362: Sending message <Pong:> to Peer_13:basic
Peer_3:basic INFO 7008.983496046077: Received message <Pong:> from Peer_1:basic
Peer_3:basic INFO 7009.078868968001: Received message <Pong:> from Peer_10:basic
Peer_3:basic INFO 7009.482883976636: Received message <Pong:> from Peer_2:basic
Peer_3:basic INFO 7009.556137438202: Received message <Pong:> from Peer_6:basic
Peer_3:basic INFO 7009.952026271241: Received message <Pong:> from Peer_11:basic
Peer_3:basic INFO 7010.423151318116: Received message <Pong:> from Peer_13:basic
Peer_3:basic INFO 7010.842851011117: Received message <Pong:> from Peer_18:basic
Peer_3:basic INFO 7500: Sending message <Ping:> to Peer_21:bootstrap
Peer_3:basic INFO 7500: Sending message <Ping:> to Peer_20:basic
Peer_3:basic INFO 7504.495214549563: Received message <Ping:> from Peer_20:basic
Peer_3:basic INFO 7504.495214549563: Sending message <Pong:> to Peer_20:basic
Peer_3:basic INFO 7504.57947715089: Received message <Ping:> from Peer_21:bootstrap
Peer_3:basic INFO 7504.57947715089: Sending message <Pong:> to Peer_21:bootstrap
Peer_3:basic INFO 7509.076685302385: Received message <Pong:> from Peer_21:bootstrap
Peer_3:basic INFO 7511.042646312234: Received message <Pong:> from Peer_20:basic
Peer_3:basic INFO 8000: Sending message <Ping:> to Peer_2:basic
Peer_3:basic INFO 8000: Sending message <Ping:> to Peer_13:basic
Peer_3:basic INFO 8000: Sending message <Ping:> to Peer_10:basic
Peer_3:basic INFO 8000: Sending message <Ping:> to Peer_11:basic
Peer_3:basic INFO 8000: Sending message <Ping:> to Peer_6:basic
Peer_3:basic INFO 8000: Sending message <Ping:> to Peer_1:basic
Peer_3:basic INFO 8000: Sending message <Ping:> to Peer_18:basic
Peer_3:basic INFO 8004.54938391263: Received message <Ping:> from Peer_13:basic
Peer_3:basic INFO 8004.54938391263: Sending message <Pong:> to Peer_13:basic
Peer_3:basic INFO 8004.611517961049: Received message <Ping:> from Peer_18:basic
Peer_3:basic INFO 8004.611517961049: Sending message <Pong:> to Peer_18:basic
Peer_3:basic INFO 8004.65464905472: Received message <Ping:> from Peer_11:basic
Peer_3:basic INFO 8004.65464905472: Sending message <Pong:> to Peer_11:basic
Peer_3:basic INFO 8004.945048145533: Received message <Ping:> from Peer_6:basic
Peer_3:basic INFO 8004.945048145533: Sending message <Pong:> to Peer_6:basic
Peer_3:basic INFO 8004.974506386599: Received message <Ping:> from Peer_10:basic
Peer_3:basic INFO 8004.974506386599: Sending message <Pong:> to Peer_10:basic
Peer_3:basic INFO 8005.0304778201635: Received message <Ping:> from Peer_1:basic
Peer_3:basic INFO 8005.0304778201635: Sending message <Pong:> to Peer_1:basic
Peer_3:basic INFO 8005.149781069376: Received message <Ping:> from Peer_2:basic
Peer_3:basic INFO 8005.149781069376: Sending message <Pong:> to Peer_2:basic
Peer_3:basic INFO 8007.5320400582195: Received message <Pong:> from Peer_1:basic
Peer_3:basic INFO 8007.982622682002: Received message <Pong:> from Peer_10:basic
Peer_3:basic INFO 8008.90116758184: Received message <Pong:> from Peer_13:basic
Peer_3:basic INFO 8009.59813693044: Received message <Pong:> from Peer_11:basic
Peer_3:basic INFO 8009.699923101109: Received message <Pong:> from Peer_2:basic
Peer_3:basic INFO 8010.020463660587: Received message <Pong:> from Peer_6:basic
Peer_3:basic INFO 8012.585237864356: Received message <Pong:> from Peer_18:basic
Peer_3:basic INFO 8500: Sending message <Ping:> to Peer_21:bootstrap
Peer_3:basic INFO 8500: Sending message <Ping:> to Peer_20:basic
Peer_3:basic INFO 8504.660234079534: Received message <Ping:> from Peer_21:bootstrap
Peer_3:basic INFO 8504.660234079534: Sending message <Pong:> to Peer_21:bootstrap
Peer_3:basic INFO 8505.2207941386: Received message <Ping:> from Peer_20:basic
Peer_3:basic INFO 8505.2207941386: Sending message <Pong:> to Peer_20:basic
Peer_3:basic INFO 8509.483425858396: Received message <Pong:> from Peer_21:bootstrap
Peer_3:basic INFO 8511.25825379556: Received message <Pong:> from Peer_20:basic
Peer_3:basic INFO 9000: Sending message <Ping:> to Peer_2:basic
Peer_3:basic INFO 9000: Sending message <Ping:> to Peer_13:basic
Peer_3:basic INFO 9000: Sending message <Ping:> to Peer_10:basic
Peer_3:basic INFO 9000: Sending message <Ping:> to Peer_11:basic
Peer_3:basic INFO 9000: Sending message <Ping:> to Peer_6:basic
Peer_3:basic INFO 9000: Sending message <Ping:> to Peer_1:basic
Peer_3:basic INFO 9000: Sending message <Ping:> to Peer_18:basic
Peer_3:basic INFO 9002.96327850544: Received message <Ping:> from Peer_1:basic
Peer_3:basic INFO 9002.96327850544: Sending message <Pong:> to Peer_1:basic
Peer_3:basic INFO 9004.016785229673: Received message <Ping:> from Peer_10:basic
Peer_3:basic INFO 9004.016785229673: Sending message <Pong:> to Peer_10:basic
Peer_3:basic INFO 9004.780630034418: Received message <Ping:> from Peer_6:basic
Peer_3:basic INFO 9004.780630034418: Sending message <Pong:> to Peer_6:basic
Peer_3:basic INFO 9004.968049068557: Received message <Ping:> from Peer_18:basic
Peer_3:basic INFO 9004.968049068557: Sending message <Pong:> to Peer_18:basic
Peer_3:basic INFO 9005.024916029639: Received message <Ping:> from Peer_2:basic
Peer_3:basic INFO 9005.024916029639: Sending message <Pong:> to Peer_2:basic
Peer_3:basic INFO 9005.06073324404: Received message <Ping:> from Peer_11:basic
Peer_3:basic INFO 9005.06073324404: Sending message <Pong:> to Peer_11:basic
Peer_3:basic INFO 9006.758516585001: Received message <Ping:> from Peer_13:basic
Peer_3:basic INFO 9006.758516585001: Sending message <Pong:> to Peer_13:basic
Peer_3:basic INFO 9009.284928023704: Received message <Pong:> from Peer_11:basic
Peer_3:basic INFO 9009.989606645786: Received message <Pong:> from Peer_2:basic
Peer_3:basic INFO 9010.160916872126: Received message <Pong:> from Peer_1:basic
Peer_3:basic INFO 9010.170748167984: Received message <Pong:> from Peer_6:basic
Peer_3:basic INFO 9010.852139577226: Received message <Pong:> from Peer_10:basic
Peer_3:basic INFO 9011.11958185716: Received message <Pong:> from Peer_18:basic
Peer_3:basic INFO 9013.047484945237: Received message <Pong:> from Peer_13:basic
Peer_3:basic INFO 9500: Sending message <Ping:> to Peer_21:bootstrap
Peer_3:basic INFO 9500: Sending message <Ping:> to Peer_20:basic
Peer_3:basic INFO 9504.323730846127: Received message <Ping:> from Peer_20:basic
Peer_3:basic INFO 9504.323730846127: Sending message <Pong:> to Peer_20:basic
Peer_3:basic INFO 9504.803513626124: Received message <Ping:> from Peer_21:bootstrap
Peer_3:basic INFO 9504.803513626124: Sending message <Pong:> to Peer_21:bootstrap
Peer_3:basic INFO 9508.647335007567: Received message <Pong:> from Peer_21:bootstrap
Peer_3:basic INFO 9512.099943412299: Received message <Pong:> from Peer_20:basic
