Peer_16:basic WARNING 0: Not enough peers, fetching more (0, 8)
Peer_16:basic INFO 5.405247291405032: Connecting to Peer_21:bootstrap
Peer_16:basic INFO 7.655969982603644: Received message <RequestPeers:> from Peer_21:bootstrap
Peer_16:basic INFO 7.655969982603644: Sending message <PeerList> to Peer_21:bootstrap
Peer_16:basic INFO 10.020288641514178: Received message <Hello:> from Peer_21:bootstrap
Peer_16:basic WARNING 500: Not enough peers, fetching more (1, 8)
Peer_16:basic INFO 500: Sending message <RequestPeers:> to Peer_21:bootstrap
Peer_16:basic INFO 515.4025167376775: Received message <PeerList> from Peer_21:bootstrap
Peer_16:basic WARNING 1000: Not enough peers, fetching more (1, 8)
Peer_16:basic INFO 1000: Sending message <RequestPeers:> to Peer_21:bootstrap
Peer_16:basic INFO 1005.0267777703542: Connecting to Peer_19:basic
Peer_16:basic INFO 1009.0621457967603: Received message <Hello:> from Peer_19:basic
Peer_16:basic INFO 1009.8932627718314: Received message <RequestPeers:> from Peer_19:basic
Peer_16:basic INFO 1009.8932627718314: Sending message <PeerList> to Peer_19:basic
Peer_16:basic INFO 1015.3530050504158: Received message <PeerList> from Peer_21:bootstrap
Peer_16:basic WARNING 1500: Not enough peers, fetching more (2, 8)
Peer_16:basic INFO 1500: Sending message <RequestPeers:> to Peer_19:basic
Peer_16:basic INFO 1500: Sending message <RequestPeers:> to Peer_21:bootstrap
Peer_16:basic INFO 1503.6297951005763: Received message <RequestPeers:> from Peer_19:basic
Peer_16:basic INFO 1503.6297951005763: Sending message <PeerList> to Peer_19:basic
Peer_16:basic INFO 1505.2284430626871: Connecting to Peer_12:basic
Peer_16:basic INFO 1506.6168568458581: Received message <Hello:> from Peer_14:basic
Peer_16:basic INFO 1506.6168568458581: Connecting to Peer_14:basic
Peer_16:basic INFO 1506.6168568458581: Sending message <Hello:> to Peer_14:basic
Peer_16:basic INFO 1506.6168568458581: Sending message <RequestPeers:> to Peer_14:basic
Peer_16:basic INFO 1507.5728949971267: Received message <Hello:> from Peer_12:basic
Peer_16:basic INFO 1509.0503318397523: Received message <RequestPeers:> from Peer_12:basic
Peer_16:basic INFO 1509.0503318397523: Sending message <PeerList> to Peer_12:basic
Peer_16:basic INFO 1509.3005653806038: Received message <PeerList> from Peer_19:basic
Peer_16:basic INFO 1509.5057138043862: Received message <PeerList> from Peer_21:bootstrap
Peer_16:basic INFO 1520.2076031354457: Received message <PeerList> from Peer_14:basic
Peer_16:basic WARNING 2000: Not enough peers, fetching more (4, 8)
Peer_16:basic INFO 2000: Sending message <RequestPeers:> to Peer_19:basic
Peer_16:basic INFO 2000: Sending message <RequestPeers:> to Peer_14:basic
Peer_16:basic INFO 2000: Sending message <RequestPeers:> to Peer_21:bootstrap
Peer_16:basic INFO 2000: Sending message <RequestPeers:> to Peer_12:basic
Peer_16:basic INFO 2002.8651110729616: Connecting to Peer_18:basic
Peer_16:basic INFO 2004.2805312138423: Received message <Hello:> from Peer_7:basic
Peer_16:basic INFO 2004.2805312138423: Connecting to Peer_7:basic
Peer_16:basic INFO 2004.2805312138423: Sending message <Hello:> to Peer_7:basic
Peer_16:basic INFO 2004.2805312138423: Sending message <RequestPeers:> to Peer_7:basic
Peer_16:basic INFO 2005.4690499045316: Received message <RequestPeers:> from Peer_14:basic
Peer_16:basic INFO 2005.4690499045316: Sending message <PeerList> to Peer_14:basic
Peer_16:basic INFO 2007.5563753554586: Connecting to Peer_9:basic
Peer_16:basic INFO 2007.8663325073187: Received message <PeerList> from Peer_12:basic
Peer_16:basic INFO 2008.6237658355617: Received message <PeerList> from Peer_19:basic
Peer_16:basic INFO 2009.085010128804: Received message <Hello:> from Peer_18:basic
Peer_16:basic INFO 2010.1106443448425: Received message <Hello:> from Peer_9:basic
Peer_16:basic INFO 2011.4022024063809: Received message <PeerList> from Peer_14:basic
Peer_16:basic INFO 2013.1970624951418: Received message <RequestPeers:> from Peer_9:basic
Peer_16:basic INFO 2013.1970624951418: Sending message <PeerList> to Peer_9:basic
Peer_16:basic INFO 2014.3145362751393: Received message <PeerList> from Peer_21:bootstrap
Peer_16:basic INFO 2015.2769666451777: Received message <RequestPeers:> from Peer_18:basic
Peer_16:basic INFO 2015.2769666451777: Sending message <PeerList> to Peer_18:basic
Peer_16:basic INFO 2015.3371905013453: Received message <PeerList> from Peer_7:basic
Peer_16:basic WARNING 2500: Not enough peers, fetching more (7, 8)
Peer_16:basic INFO 2505.3321664561845: Connecting to Peer_2:basic
Peer_16:basic INFO 2510.7560132497615: Received message <Hello:> from Peer_2:basic
Peer_16:basic INFO 2510.7712918397583: Received message <RequestPeers:> from Peer_2:basic
Peer_16:basic INFO 2510.7712918397583: Sending message <PeerList> to Peer_2:basic
Peer_16:basic INFO 3000: Sending message <Ping:> to Peer_21:bootstrap
Peer_16:basic INFO 3000: Sending message <Ping:> to Peer_19:basic
Peer_16:basic INFO 3000: Sending message <Ping:> to Peer_12:basic
Peer_16:basic INFO 3000: Sending message <Ping:> to Peer_14:basic
Peer_16:basic INFO 3000: Sending message <Ping:> to Peer_18:basic
Peer_16:basic INFO 3000: Sending message <Ping:> to Peer_7:basic
Peer_16:basic INFO 3000: Sending message <Ping:> to Peer_9:basic
Peer_16:basic INFO 3003.7518624216586: Received message <Ping:> from Peer_9:basic
Peer_16:basic INFO 3003.7518624216586: Sending message <Pong:> to Peer_9:basic
Peer_16:basic INFO 3004.821757205268: Received message <Ping:> from Peer_12:basic
Peer_16:basic INFO 3004.821757205268: Sending message <Pong:> to Peer_12:basic
Peer_16:basic INFO 3005.0076589345267: Received message <Ping:> from Peer_18:basic
Peer_16:basic INFO 3005.0076589345267: Sending message <Pong:> to Peer_18:basic
Peer_16:basic INFO 3005.360237303327: Received message <Ping:> from Peer_7:basic
Peer_16:basic INFO 3005.360237303327: Sending message <Pong:> to Peer_7:basic
Peer_16:basic INFO 3005.412263368014: Received message <Ping:> from Peer_19:basic
Peer_16:basic INFO 3005.412263368014: Sending message <Pong:> to Peer_19:basic
Peer_16:basic INFO 3008.1085475721543: Received message <Pong:> from Peer_9:basic
Peer_16:basic INFO 3008.8702687820787: Received message <Pong:> from Peer_19:basic
Peer_16:basic INFO 3009.261174294248: Received message <Pong:> from Peer_7:basic
Peer_16:basic INFO 3009.758970795119: Received message <Pong:> from Peer_14:basic
Peer_16:basic INFO 3009.7942431455126: Received message <Ping:> from Peer_21:bootstrap
Peer_16:basic INFO 3009.7942431455126: Sending message <Pong:> to Peer_21:bootstrap
Peer_16:basic INFO 3009.9011391274994: Received message <Pong:> from Peer_12:basic
Peer_16:basic INFO 3010.1907493489007: Received message <Ping:> from Peer_14:basic
Peer_16:basic INFO 3010.1907493489007: Sending message <Pong:> to Peer_14:basic
Peer_16:basic INFO 3014.8568981473827: Received message <Pong:> from Peer_18:basic
Peer_16:basic INFO 3018.34869828405: Received message <Pong:> from Peer_21:bootstrap
Peer_16:basic INFO 3500: Sending message <Ping:> to Peer_2:basic
Peer_16:basic INFO 3505.3186942114603: Received message <Ping:> from Peer_2:basic
Peer_16:basic INFO 3505.3186942114603: Sending message <Pong:> to Peer_2:basic
Peer_16:basic INFO 3509.8112578297637: Received message <Pong:> from Peer_2:basic
Peer_16:basic INFO 4000: Sending message <Ping:> to Peer_21:bootstrap
Peer_16:basic INFO 4000: Sending message <Ping:> to Peer_19:basic
Peer_16:basic INFO 4000: Sending message <Ping:> to Peer_12:basic
Peer_16:basic INFO 4000: Sending message <Ping:> to Peer_14:basic
Peer_16:basic INFO 4000: Sending message <Ping:> to Peer_18:basic
Peer_16:basic INFO 4000: Sending message <Ping:> to Peer_7:basic
Peer_16:basic INFO 4000: Sending message <Ping:> to Peer_9:basic
Peer_16:basic INFO 4003.540037891094: Received message <Ping:> from Peer_19:basic
Peer_16:basic INFO 4003.540037891094: Sending message <Pong:> to Peer_19:basic
Peer_16:basic INFO 4003.6213011218156: Received message <Ping:> from Peer_9:basic
Peer_16:basic INFO 4003.6213011218156: Sending message <Pong:> to Peer_9:basic
Peer_16:basic INFO 4004.9996850884468: Received message <Ping:> from Peer_18:basic
Peer_16:basic INFO 4004.9996850884468: Sending message <Pong:> to Peer_18:basic
Peer_16:basic INFO 4005.951917099527: Received message <Ping:> from Peer_21:bootstrap
Peer_16:basic INFO 4005.951917099527: Sending message <Pong:> to Peer_21:bootstrap
Peer_16:basic INFO 4006.2578656305695: Received message <Ping:> from Peer_14:basic
Peer_16:basic INFO 4006.2578656305695: Sending message <Pong:> to Peer_14:basic
Peer_16:basic INFO 4006.3157540095253: Received message <Ping:> from Peer_12:basic
Peer_16:basic INFO 4006.3157540095253: Sending message <Pong:> to Peer_12:basic
Peer_16:basic INFO 4006.8519558251023: Received message <Ping:> from Peer_7:basic
Peer_16:basic INFO 4006.8519558251023: Sending message <Pong:> to Peer_7:basic
Peer_16:basic INFO 4008.943950055268: Received message <Pong:> from Peer_18:basic
Peer_16:basic INFO 4009.2336521281986: Received message <Pong:> from Peer_19:basic
Peer_16:basic INFO 4009.9003185119655: Received message <Pong:> from Peer_21:bootstrap
Peer_16:basic INFO 4011.689010998288: Received message <Pong:> from Peer_7:basic
Peer_16:basic INFO 4013.0879057458747: Received message <Pong:> from Peer_14:basic
Peer_16:basic INFO 4013.387083100227: Received message <Pong:> from Peer_12:basic
Peer_16:basic INFO 4014.3700664091534: Received message <Pong:> from Peer_9:basic
Peer_16:basic INFO 4500: Sending message <Ping:> to Peer_2:basic
Peer_16:basic INFO 4505.470742122698: Received message <Ping:> from Peer_2:basic
Peer_16:basic INFO 4505.470742122698: Sending message <Pong:> to Peer_2:basic
Peer_16:basic INFO 4510.888573854811: Received message <Pong:> from Peer_2:basic
Peer_16:basic INFO 5000: Sending message <Ping:> to Peer_21:bootstrap
Peer_16:basic INFO 5000: Sending message <Ping:> to Peer_19:basic
Peer_16:basic INFO 5000: Sending message <Ping:> to Peer_12:basic
Peer_16:basic INFO 5000: Sending message <Ping:> to Peer_14:basic
Peer_16:basic INFO 5000: Sending message <Ping:> to Peer_18:basic
Peer_16:basic INFO 5000: Sending message <Ping:> to Peer_7:basic
Peer_16:basic INFO 5000: Sending message <Ping:> to Peer_9:basic
Peer_16:basic INFO 5003.691797562625: Received message <Ping:> from Peer_19:basic
Peer_16:basic INFO 5003.691797562625: Sending message <Pong:> to Peer_19:basic
Peer_16:basic INFO 5003.893822234296: Received message <Ping:> from Peer_21:bootstrap
Peer_16:basic INFO 5003.893822234296: Sending message <Pong:> to Peer_21:bootstrap
Peer_16:basic INFO 5004.154450772307: Received message <Ping:> from Peer_14:basic
Peer_16:basic INFO 5004.154450772307: Sending message <Pong:> to Peer_14:basic
Peer_16:basic INFO 5004.157572737498: Received message <Ping:> from Peer_9:basic
Peer_16:basic INFO 5004.157572737498: Sending message <Pong:> to Peer_9:basic
Peer_16:basic INFO 5005.056680063403: Received message <Ping:> from Peer_7:basic
Peer_16:basic INFO 5005.056680063403: Sending message <Pong:> to Peer_7:basic
Peer_16:basic INFO 5005.714806191681: Received message <Ping:> from Peer_12:basic
Peer_16:basic INFO 5005.714806191681: Sending message <Pong:> to Peer_12:basic
Peer_16:basic INFO 5006.598163882137: Received message <Ping:> from Peer_18:basic
Peer_16:basic INFO 5006.598163882137: Sending message <Pong:> to Peer_18:basic
Peer_16:basic INFO 5007.8655274526245: Received message <Pong:> from Peer_14:basic
Peer_16:basic INFO 5009.0642021186595: Received message <Pong:> from Peer_18:basic
Peer_16:basic INFO 5009.799217813016: Received message <Pong:> from Peer_21:bootstrap
Peer_16:basic INFO 5010.05484718902: Received message <Pong:> from Peer_19:basic
Peer_16:basic INFO 5010.219762437128: Received message <Pong:> from Peer_7:basic
Peer_16:basic INFO 5010.2815540280735: Received message <Pong:> from Peer_9:basic
Peer_16:basic INFO 5010.4869910063135: Received message <Pong:> from Peer_12:basic
Peer_16:basic INFO 5500: Sending message <Ping:> to Peer_2:basic
Peer_16:basic INFO 5503.790187007073: Received message <Ping:> from Peer_2:basic
Peer_16:basic INFO 5503.790187007073: Sending message <Pong:> to Peer_2:basic
Peer_16:basic INFO 5511.8445938367495: Received message <Pong:> from Peer_2:basic
Peer_16:basic INFO 6000: Sending message <Ping:> to Peer_21:bootstrap
Peer_16:basic INFO 6000: Sending message <Ping:> to Peer_19:basic
Peer_16:basic INFO 6000: Sending message <Ping:> to Peer_12:basic
Peer_16:basic INFO 6000: Sending message <Ping:> to Peer_14:basic
Peer_16:basic INFO 6000: Sending message <Ping:> to Peer_18:basic
Peer_16:basic INFO 6000: Sending message <Ping:> to Peer_7:basic
Peer_16:basic INFO 6000: Sending message <Ping:> to Peer_9:basic
Peer_16:basic INFO 6002.889739986728: Received message <Ping:> from Peer_21:bootstrap
Peer_16:basic INFO 6002.889739986728: Sending message <Pong:> to Peer_21:bootstrap
Peer_16:basic INFO 6003.669222004368: Received message <Ping:> from Peer_14:basic
Peer_16:basic INFO 6003.669222004368: Sending message <Pong:> to Peer_14:basic
Peer_16:basic INFO 6003.833675053519: Received message <Ping:> from Peer_7:basic
Peer_16:basic INFO 6003.833675053519: Sending message <Pong:> to Peer_7:basic
Peer_16:basic INFO 6004.154082798648: Received message <Ping:> from Peer_19:basic
Peer_16:basic INFO 6004.154082798648: Sending message <Pong:> to Peer_19:basic
Peer_16:basic INFO 6004.688147153194: Received message <Ping:> from Peer_12:basic
Peer_16:basic INFO 6004.688147153194: Sending message <Pong:> to Peer_12:basic
Peer_16:basic INFO 6005.195611954902: Received message <Ping:> from Peer_18:basic
Peer_16:basic INFO 6005.195611954902: Sending message <Pong:> to Peer_18:basic
Peer_16:basic INFO 6005.594707628095: Received message <Ping:> from Peer_9:basic
Peer_16:basic INFO 6005.594707628095: Sending message <Pong:> to Peer_9:basic
Peer_16:basic INFO 6008.730263334154: Received message <Pong:> from Peer_9:basic
Peer_16:basic INFO 6009.099644484097: Received message <Pong:> from Peer_12:basic
Peer_16:basic INFO 6009.326508204807: Received message <Pong:> from Peer_19:basic
Peer_16:basic INFO 6009.5176741760815: Received message <Pong:> from Peer_7:basic
Peer_16:basic INFO 6013.173684567273: Received message <Pong:> from Peer_18:basic
Peer_16:basic INFO 6015.200202049803: Received message <Pong:> from Peer_21:bootstrap
Peer_16:basic INFO 6017.6625192115025: Received message <Pong:> from Peer_14:basic
Peer_16:basic INFO 6500: Sending message <Ping:> to Peer_2:basic
Peer_16:basic INFO 6504.741458439735: Received message <Ping:> from Peer_2:basic
Peer_16:basic INFO 6504.741458439735: Sending message <Pong:> to Peer_2:basic
Peer_16:basic INFO 6510.593442816569: Received message <Pong:> from Peer_2:basic
Peer_16:basic INFO 7000: Sending message <Ping:> to Peer_21:bootstrap
Peer_16:basic INFO 7000: Sending message <Ping:> to Peer_19:basic
Peer_16:basic INFO 7000: Sending message <Ping:> to Peer_12:basic
Peer_16:basic INFO 7000: Sending message <Ping:> to Peer_14:basic
Peer_16:basic INFO 7000: Sending message <Ping:> to Peer_18:basic
Peer_16:basic INFO 7000: Sending message <Ping:> to Peer_7:basic
Peer_16:basic INFO 7000: Sending message <Ping:> to Peer_9:basic
Peer_16:basic INFO 7003.166606504973: Received message <Ping:> from Peer_21:bootstrap
Peer_16:basic INFO 7003.166606504973: Sending message <Pong:> to Peer_21:bootstrap
Peer_16:basic INFO 7004.443413800576: Received message <Ping:> from Peer_7:basic
Peer_16:basic INFO 7004.443413800576: Sending message <Pong:> to Peer_7:basic
Peer_16:basic INFO 7005.494345839814: Received message <Ping:> from Peer_12:basic
Peer_16:basic INFO 7005.494345839814: Sending message <Pong:> to Peer_12:basic
Peer_16:basic INFO 7005.782565611154: Received message <Ping:> from Peer_18:basic
Peer_16:basic INFO 7005.782565611154: Sending message <Pong:> to Peer_18:basic
Peer_16:basic INFO 7006.57601110478: Received message <Ping:> from Peer_19:basic
Peer_16:basic INFO 7006.57601110478: Sending message <Pong:> to Peer_19:basic
Peer_16:basic INFO 7007.081449593054: Received message <Ping:> from Peer_14:basic
Peer_16:basic INFO 7007.081449593054: Sending message <Pong:> to Peer_14:basic
Peer_16:basic INFO 7008.358745478154: Received message <Pong:> from Peer_18:basic
Peer_16:basic INFO 7008.887692152581: Received message <Pong:> from Peer_7:basic
Peer_16:basic INFO 7009.891447827459: Received message <Ping:> from Peer_9:basic
Peer_16:basic INFO 7009.891447827459: Sending message <Pong:> to Peer_9:basic
Peer_16:basic INFO 7010.417522137351: Received message <Pong:> from Peer_12:basic
Peer_16:basic INFO 7011.029938694939: Received message <Pong:> from Peer_21:bootstrap
Peer_16:basic INFO 7012.29540824686: Received message <Pong:> from Peer_9:basic
Peer_16:basic INFO 7012.435405533703: Received message <Pong:> from Peer_14:basic
Peer_16:basic INFO 7013.43782121014: Received message <Pong:> from Peer_19:basic
Peer_16:basic INFO 7500: Sending message <Ping:> to Peer_2:basic
Peer_16:basic INFO 7506.023461078694: Received message <Ping:> from Peer_2:basic
Peer_16:basic INFO 7506.023461078694: Sending message <Pong:> to Peer_2:basic
Peer_16:basic INFO 7512.407042636738: Received message <Pong:> from Peer_2:basic
Peer_16:basic INFO 8000: Sending message <Ping:> to Peer_21:bootstrap
Peer_16:basic INFO 8000: Sending message <Ping:> to Peer_19:basic
Peer_16:basic INFO 8000: Sending message <Ping:> to Peer_12:basic
Peer_16:basic INFO 8000: Sending message <Ping:> to Peer_14:basic
Peer_16:basic INFO 8000: Sending message <Ping:> to Peer_18:basic
Peer_16:basic INFO 8000: Sending message <Ping:> to Peer_7:basic
Peer_16:basic INFO 8000: Sending message <Ping:> to Peer_9:basic
Peer_16:basic INFO 8004.372409702015: Received message <Ping:> from Peer_19:basic
Peer_16:basic INFO 8004.372409702015: Sending message <Pong:> to Peer_19:basic
Peer_16:basic INFO 8005.408050207599: Received message <Ping:> from Peer_9:basic
Peer_16:basic INFO 8005.408050207599: Sending message <Pong:> to Peer_9:basic
Peer_16:basic INFO 8005.680757701181: Received message <Ping:> from Peer_14:basic
Peer_16:basic INFO 8005.680757701181: Sending message <Pong:> to Peer_14:basic
Peer_16:basic INFO 8006.003557908513: Received message <Ping:> from Peer_21:bootstrap
Peer_16:basic INFO 8006.003557908513: Sending message <Pong:> to Peer_21:bootstrap
Peer_16:basic INFO 8006.218202469097: Received message <Pong:> from Peer_14:basic
Peer_16:basic INFO 8006.233867318724: Received message <Ping:> from Peer_7:basic
Peer_16:basic INFO 8006.233867318724: Sending message <Pong:> to Peer_7:basic
Peer_16:basic INFO 8006.501137943455: Received message <Ping:> from Peer_18:basic
Peer_16:basic INFO 8006.501137943455: Sending message <Pong:> to Peer_18:basic
Peer_16:basic INFO 8006.822137176441: Received message <Ping:> from Peer_12:basic
Peer_16:basic INFO 8006.822137176441: Sending message <Pong:> to Peer_12:basic
Peer_16:basic INFO 8009.2676584701585: Received message <Pong:> from Peer_18:basic
Peer_16:basic INFO 8009.416211826963: Received message <Pong:> from Peer_7:basic
Peer_16:basic INFO 8010.520828928407: Received message <Pong:> from Peer_9:basic
Peer_16:basic INFO 8011.032457736041: Received message <Pong:> from Peer_12:basic
Peer_16:basic INFO 8012.620081261492: Received message <Pong:> from Peer_19:basic
Peer_16:basic INFO 8013.54749881249: Received message <Pong:> from Peer_21:bootstrap
Peer_16:basic INFO 8500: Sending message <Ping:> to Peer_2:basic
Peer_16:basic INFO 8505.622891447476: Received message <Ping:> from Peer_2:basic
Peer_16:basic INFO 8505.622891447476: Sending message <Pong:> to Peer_2:basic
Peer_16:basic INFO 8507.353889525615: Received message <Pong:> from Peer_2:basic
Peer_16:basic INFO 9000: Sending message <Ping:> to Peer_21:bootstrap
Peer_16:basic INFO 9000: Sending message <Ping:> to Peer_19:basic
Peer_16:basic INFO 9000: Sending message <Ping:> to Peer_12:basic
Peer_16:basic INFO 9000: Sending message <Ping:> to Peer_14:basic
Peer_16:basic INFO 9000: Sending message <Ping:> to Peer_18:basic
Peer_16:basic INFO 9000: Sending message <Ping:> to Peer_7:basic
Peer_16:basic INFO 9000: Sending message <Ping:> to Peer_9:basic
Peer_16:basic INFO 9004.712285719033: Received message <Ping:> from Peer_7:basic
Peer_16:basic INFO 9004.712285719033: Sending message <Pong:> to Peer_7:basic
Peer_16:basic INFO 9004.898795821478: Received message <Ping:> from Peer_19:basic
Peer_16:basic INFO 9004.898795821478: Sending message <Pong:> to Peer_19:basic
Peer_16:basic INFO 9005.189592280134: Received message <Ping:> from Peer_12:basic
Peer_16:basic INFO 9005.189592280134: Sending message <Pong:> to Peer_12:basic
Peer_16:basic INFO 9006.36101249801: Received message <Ping:> from Peer_14:basic
Peer_16:basic INFO 9006.36101249801: Sending message <Pong:> to Peer_14:basic
Peer_16:basic INFO 9006.533525110663: Received message <Ping:> from Peer_21:bootstrap
Peer_16:basic INFO 9006.533525110663: Sending message <Pong:> to Peer_21:bootstrap
Peer_16:basic INFO 9007.715571313529: Received message <Ping:> from Peer_18:basic
Peer_16:basic INFO 9007.715571313529: Sending message <Pong:> to Peer_18:basic
Peer_16:basic INFO 9007.822673880168: Received message <Pong:> from Peer_19:basic
Peer_16:basic INFO 9009.489527189373: Received message <Pong:> from Peer_12:basic
Peer_16:basic INFO 9010.168026766512: Received message <Pong:> from Peer_7:basic
Peer_16:basic INFO 9010.224792828267: Received message <Ping:> from Peer_9:basic
Peer_16:basic INFO 9010.224792828267: Sending message <Pong:> to Peer_9:basic
Peer_16:basic INFO 9010.365295319343: Received message <Pong:> from Peer_14:basic
Peer_16:basic INFO 9010.791111156932: Received message <Pong:> from Peer_9:basic
Peer_16:basic INFO 9011.656229178947: Received message <Pong:> from Peer_18:basic
Peer_16:basic INFO 9014.04012399087: Received message <Pong:> from Peer_21:bootstrap
Peer_16:basic INFO 9500: Sending message <Ping:> to Peer_2:basic
Peer_16:basic INFO 9505.248001819267: Received message <Ping:> from Peer_2:basic
Peer_16:basic INFO 9505.248001819267: Sending message <Pong:> to Peer_2:basic
Peer_16:basic INFO 9508.224168189181: Received message <Pong:> from Peer_2:basic
