Peer_12:basic INFO 3.2788560890003726: Received message <Hello:> from Peer_3:basic
Peer_12:basic INFO 3.2788560890003726: Connecting to Peer_3:basic
Peer_12:basic INFO 3.2788560890003726: Sending message <Hello:> to Peer_3:basic
Peer_12:basic INFO 3.623632886158466: Connecting to Peer_9:basic
Peer_12:basic INFO 3.6775195082924568: Connecting to Peer_13:basic
Peer_12:basic INFO 3.7073449403451737: Received message <Hello:> from Peer_17:basic
Peer_12:basic INFO 3.7073449403451737: Connecting to Peer_17:basic
Peer_12:basic INFO 3.7073449403451737: Sending message <Hello:> to Peer_17:basic
Peer_12:basic INFO 4.070234409247082: Connecting to Peer_15:basic
Peer_12:basic INFO 4.183774725862844: Connecting to Peer_2:basic
Peer_12:basic INFO 4.4223526691342805: Connecting to Peer_16:basic
Peer_12:basic INFO 4.581666397618244: Received message <Hello:> from Peer_14:basic
Peer_12:basic INFO 4.581666397618244: Connecting to Peer_14:basic
Peer_12:basic INFO 4.581666397618244: Sending message <Hello:> to Peer_14:basic
Peer_12:basic INFO 4.594604523164624: Connecting to Peer_4:basic
Peer_12:basic INFO 4.671255711871514: Connecting to Peer_19:basic
Peer_12:basic INFO 4.74128696765029: Received message <Hello:> from Peer_19:basic
Peer_12:basic INFO 4.787226209074034: Received message <Hello:> from Peer_2:basic
Peer_12:basic INFO 4.787307213279401: Received message <Hello:> from Peer_5:basic
Peer_12:basic INFO 4.787307213279401: Connecting to Peer_5:basic
Peer_12:basic INFO 4.787307213279401: Sending message <Hello:> to Peer_5:basic
Peer_12:basic INFO 4.804869532697725: Connecting to Peer_18:basic
Peer_12:basic INFO 4.812912470006906: Connecting to Peer_7:basic
Peer_12:basic INFO 4.817129194263372: Connecting to Peer_6:basic
Peer_12:basic INFO 4.880616650210846: Received message <Hello:> from Peer_11:basic
Peer_12:basic INFO 4.880616650210846: Connecting to Peer_11:basic
Peer_12:basic INFO 4.880616650210846: Sending message <Hello:> to Peer_11:basic
Peer_12:basic INFO 4.882436675472367: Connecting to Peer_10:basic
Peer_12:basic INFO 4.94812614292751: Received message <Hello:> from Peer_15:basic
Peer_12:basic INFO 4.954552069375845: Received message <Hello:> from Peer_9:basic
Peer_12:basic INFO 4.959271415193717: Connecting to Peer_2:basic
Peer_12:basic INFO 5.02197433279839: Received message <Hello:> from Peer_6:basic
Peer_12:basic INFO 5.044006544033167: Received message <Hello:> from Peer_2:basic
Peer_12:basic INFO 5.069609994845722: Connecting to Peer_8:basic
Peer_12:basic INFO 5.079001912998906: Received message <Hello:> from Peer_10:basic
Peer_12:basic INFO 5.127709709395516: Received message <Hello:> from Peer_4:basic
Peer_12:basic INFO 5.146245367271861: Connecting to Peer_1:basic
Peer_12:basic INFO 5.173224598135361: Received message <Hello:> from Peer_13:basic
Peer_12:basic INFO 5.175247238314797: Received message <Hello:> from Peer_7:basic
Peer_12:basic INFO 5.303326350037861: Received message <Hello:> from Peer_18:basic
Peer_12:basic INFO 5.412085385172263: Received message <Hello:> from Peer_8:basic
Peer_12:basic INFO 5.449977999271357: Received message <Hello:> from Peer_16:basic
Peer_12:basic INFO 6.022869728058201: Received message <Hello:> from Peer_1:basic
Peer_12:basic INFO 7.402341301761094: Received message <Hello:> from Peer_16:basic
Peer_12:basic INFO 7.850521698912527: Received message <Hello:> from Peer_9:basic
Peer_12:basic INFO 8.72534977830846: Received message <Hello:> from Peer_2:basic
Peer_12:basic INFO 9.104497265718088: Received message <Hello:> from Peer_1:basic
Peer_12:basic INFO 9.250523310080542: Received message <Hello:> from Peer_13:basic
Peer_12:basic INFO 9.49718823897636: Received message <Hello:> from Peer_15:basic
Peer_12:basic INFO 9.739483257818861: Received message <Hello:> from Peer_19:basic
Peer_12:basic INFO 9.744771314334567: Received message <Hello:> from Peer_4:basic
Peer_12:basic INFO 9.814348523952741: Received message <Hello:> from Peer_18:basic
Peer_12:basic INFO 10.143440915140946: Received message <Hello:> from Peer_6:basic
Peer_12:basic INFO 10.258817534480382: Received message <Hello:> from Peer_8:basic
Peer_12:basic INFO 10.284406669794729: Received message <Hello:> from Peer_2:basic
Peer_12:basic INFO 10.746866693978372: Received message <Hello:> from Peer_10:basic
Peer_12:basic INFO 11.15794623823744: Received message <Hello:> from Peer_7:basic
Peer_12:basic INFO 1000: Sending message <Ping:> to Peer_3:basic
Peer_12:basic INFO 1000: Sending message <Ping:> to Peer_9:basic
Peer_12:basic INFO 1000: Sending message <Ping:> to Peer_13:basic
Peer_12:basic INFO 1000: Sending message <Ping:> to Peer_17:basic
Peer_12:basic INFO 1000: Sending message <Ping:> to Peer_15:basic
Peer_12:basic INFO 1000: Sending message <Ping:> to Peer_2:basic
Peer_12:basic INFO 1000: Sending message <Ping:> to Peer_16:basic
Peer_12:basic INFO 1000: Sending message <Ping:> to Peer_14:basic
Peer_12:basic INFO 1000: Sending message <Ping:> to Peer_4:basic
Peer_12:basic INFO 1000: Sending message <Ping:> to Peer_19:basic
Peer_12:basic INFO 1000: Sending message <Ping:> to Peer_5:basic
Peer_12:basic INFO 1000: Sending message <Ping:> to Peer_18:basic
Peer_12:basic INFO 1000: Sending message <Ping:> to Peer_7:basic
Peer_12:basic INFO 1000: Sending message <Ping:> to Peer_6:basic
Peer_12:basic INFO 1000: Sending message <Ping:> to Peer_11:basic
Peer_12:basic INFO 1000: Sending message <Ping:> to Peer_10:basic
Peer_12:basic INFO 1000: Sending message <Ping:> to Peer_2:basic
Peer_12:basic INFO 1000: Sending message <Ping:> to Peer_8:basic
Peer_12:basic INFO 1000: Sending message <Ping:> to Peer_1:basic
Peer_12:basic INFO 1003.0628334443079: Received message <Ping:> from Peer_17:basic
Peer_12:basic INFO 1003.0628334443079: Sending message <Pong:> to Peer_17:basic
Peer_12:basic INFO 1003.7286406827382: Received message <Ping:> from Peer_1:basic
Peer_12:basic INFO 1003.7286406827382: Sending message <Pong:> to Peer_1:basic
Peer_12:basic INFO 1004.0162314606451: Received message <Ping:> from Peer_7:basic
Peer_12:basic INFO 1004.0162314606451: Sending message <Pong:> to Peer_7:basic
Peer_12:basic INFO 1004.3812905398233: Received message <Ping:> from Peer_18:basic
Peer_12:basic INFO 1004.3812905398233: Sending message <Pong:> to Peer_18:basic
Peer_12:basic INFO 1004.608771680574: Received message <Ping:> from Peer_4:basic
Peer_12:basic INFO 1004.608771680574: Sending message <Pong:> to Peer_4:basic
Peer_12:basic INFO 1004.8120069749143: Received message <Ping:> from Peer_15:basic
Peer_12:basic INFO 1004.8120069749143: Sending message <Pong:> to Peer_15:basic
Peer_12:basic INFO 1004.9118892656697: Received message <Ping:> from Peer_8:basic
Peer_12:basic INFO 1004.9118892656697: Sending message <Pong:> to Peer_8:basic
Peer_12:basic INFO 1004.9878496170309: Received message <Ping:> from Peer_14:basic
Peer_12:basic INFO 1004.9878496170309: Sending message <Pong:> to Peer_14:basic
Peer_12:basic INFO 1005.0262608578423: Received message <Ping:> from Peer_19:basic
Peer_12:basic INFO 1005.0262608578423: Sending message <Pong:> to Peer_19:basic
Peer_12:basic INFO 1005.0550842987628: Received message <Ping:> from Peer_6:basic
Peer_12:basic INFO 1005.0550842987628: Sending message <Pong:> to Peer_6:basic
Peer_12:basic INFO 1005.0991312420723: Received message <Ping:> from Peer_5:basic
Peer_12:basic INFO 1005.0991312420723: Sending message <Pong:> to Peer_5:basic
Peer_12:basic INFO 1005.1025701953589: Received message <Ping:> from Peer_11:basic
Peer_12:basic INFO 1005.1025701953589: Sending message <Pong:> to Peer_11:basic
Peer_12:basic INFO 1005.2073325108544: Received message <Ping:> from Peer_2:basic
Peer_12:basic INFO 1005.2073325108544: Sending message <Pong:> to Peer_2:basic
Peer_12:basic INFO 1005.3918239857117: Received message <Ping:> from Peer_3:basic
Peer_12:basic INFO 1005.3918239857117: Sending message <Pong:> to Peer_3:basic
Peer_12:basic INFO 1005.4180035400403: Received message <Ping:> from Peer_9:basic
Peer_12:basic INFO 1005.4180035400403: Sending message <Pong:> to Peer_9:basic
Peer_12:basic INFO 1005.5491665226174: Received message <Ping:> from Peer_16:basic
Peer_12:basic INFO 1005.5491665226174: Sending message <Pong:> to Peer_16:basic
Peer_12:basic INFO 1005.6336851113423: Received message <Ping:> from Peer_13:basic
Peer_12:basic INFO 1005.6336851113423: Sending message <Pong:> to Peer_13:basic
Peer_12:basic INFO 1005.6514602473964: Received message <Ping:> from Peer_2:basic
Peer_12:basic INFO 1005.6514602473964: Sending message <Pong:> to Peer_2:basic
Peer_12:basic INFO 1005.9354698964501: Received message <Ping:> from Peer_10:basic
Peer_12:basic INFO 1005.9354698964501: Sending message <Pong:> to Peer_10:basic
Peer_12:basic INFO 1007.9721917587669: Received message <Pong:> from Peer_17:basic
Peer_12:basic INFO 1008.6510881124389: Received message <Pong:> from Peer_16:basic
Peer_12:basic INFO 1008.7082195754762: Received message <Pong:> from Peer_1:basic
Peer_12:basic INFO 1009.2452958473406: Received message <Pong:> from Peer_9:basic
Peer_12:basic INFO 1009.3010661463011: Received message <Pong:> from Peer_10:basic
Peer_12:basic INFO 1009.3884739690682: Received message <Pong:> from Peer_14:basic
Peer_12:basic INFO 1009.7399728304312: Received message <Pong:> from Peer_6:basic
Peer_12:basic INFO 1009.7747656161108: Received message <Pong:> from Peer_4:basic
Peer_12:basic INFO 1009.7895755703305: Received message <Pong:> from Peer_2:basic
Peer_12:basic INFO 1009.9446475567927: Received message <Pong:> from Peer_2:basic
Peer_12:basic INFO 1009.9716768669391: Received message <Pong:> from Peer_5:basic
Peer_12:basic INFO 1010.0351781884526: Received message <Pong:> from Peer_19:basic
Peer_12:basic INFO 1010.0420628989842: Received message <Pong:> from Peer_18:basic
Peer_12:basic INFO 1010.0700031003157: Received message <Pong:> from Peer_8:basic
Peer_12:basic INFO 1010.1003411310427: Received message <Pong:> from Peer_13:basic
Peer_12:basic INFO 1010.15774658575: Received message <Pong:> from Peer_15:basic
Peer_12:basic INFO 1010.2134560539683: Received message <Pong:> from Peer_11:basic
Peer_12:basic INFO 1011.2542926604322: Received message <Pong:> from Peer_3:basic
Peer_12:basic INFO 1012.2150410688953: Received message <Pong:> from Peer_7:basic
Peer_12:basic INFO 2000: Sending message <Ping:> to Peer_3:basic
Peer_12:basic INFO 2000: Sending message <Ping:> to Peer_9:basic
Peer_12:basic INFO 2000: Sending message <Ping:> to Peer_13:basic
Peer_12:basic INFO 2000: Sending message <Ping:> to Peer_17:basic
Peer_12:basic INFO 2000: Sending message <Ping:> to Peer_15:basic
Peer_12:basic INFO 2000: Sending message <Ping:> to Peer_2:basic
Peer_12:basic INFO 2000: Sending message <Ping:> to Peer_16:basic
Peer_12:basic INFO 2000: Sending message <Ping:> to Peer_14:basic
Peer_12:basic INFO 2000: Sending message <Ping:> to Peer_4:basic
Peer_12:basic INFO 2000: Sending message <Ping:> to Peer_19:basic
Peer_12:basic INFO 2000: Sending message <Ping:> to Peer_5:basic
Peer_12:basic INFO 2000: Sending message <Ping:> to Peer_18:basic
Peer_12:basic INFO 2000: Sending message <Ping:> to Peer_7:basic
Peer_12:basic INFO 2000: Sending message <Ping:> to Peer_6:basic
Peer_12:basic INFO 2000: Sending message <Ping:> to Peer_11:basic
Peer_12:basic INFO 2000: Sending message <Ping:> to Peer_10:basic
Peer_12:basic INFO 2000: Sending message <Ping:> to Peer_2:basic
Peer_12:basic INFO 2000: Sending message <Ping:> to Peer_8:basic
Peer_12:basic INFO 2000: Sending message <Ping:> to Peer_1:basic
Peer_12:basic INFO 2003.927695554769: Received message <Ping:> from Peer_9:basic
Peer_12:basic INFO 2003.927695554769: Sending message <Pong:> to Peer_9:basic
Peer_12:basic INFO 2004.194575492897: Received message <Ping:> from Peer_15:basic
Peer_12:basic INFO 2004.194575492897: Sending message <Pong:> to Peer_15:basic
Peer_12:basic INFO 2004.3419072165489: Received message <Ping:> from Peer_5:basic
Peer_12:basic INFO 2004.3419072165489: Sending message <Pong:> to Peer_5:basic
Peer_12:basic INFO 2004.71705431111: Received message <Ping:> from Peer_17:basic
Peer_12:basic INFO 2004.71705431111: Sending message <Pong:> to Peer_17:basic
Peer_12:basic INFO 2004.7171301075173: Received message <Ping:> from Peer_2:basic
Peer_12:basic INFO 2004.7171301075173: Sending message <Pong:> to Peer_2:basic
Peer_12:basic INFO 2004.7920349630224: Received message <Ping:> from Peer_13:basic
Peer_12:basic INFO 2004.7920349630224: Sending message <Pong:> to Peer_13:basic
Peer_12:basic INFO 2004.8465290030745: Received message <Ping:> from Peer_4:basic
Peer_12:basic INFO 2004.8465290030745: Sending message <Pong:> to Peer_4:basic
Peer_12:basic INFO 2004.906253091424: Received message <Ping:> from Peer_8:basic
Peer_12:basic INFO 2004.906253091424: Sending message <Pong:> to Peer_8:basic
Peer_12:basic INFO 2004.926177438228: Received message <Ping:> from Peer_19:basic
Peer_12:basic INFO 2004.926177438228: Sending message <Pong:> to Peer_19:basic
Peer_12:basic INFO 2005.105254313792: Received message <Ping:> from Peer_11:basic
Peer_12:basic INFO 2005.105254313792: Sending message <Pong:> to Peer_11:basic
Peer_12:basic INFO 2005.178707362307: Received message <Ping:> from Peer_6:basic
Peer_12:basic INFO 2005.178707362307: Sending message <Pong:> to Peer_6:basic
Peer_12:basic INFO 2005.2392310195478: Received message <Ping:> from Peer_2:basic
Peer_12:basic INFO 2005.2392310195478: Sending message <Pong:> to Peer_2:basic
Peer_12:basic INFO 2005.333464843581: Received message <Ping:> from Peer_18:basic
Peer_12:basic INFO 2005.333464843581: Sending message <Pong:> to Peer_18:basic
Peer_12:basic INFO 2005.3641378087964: Received message <Ping:> from Peer_7:basic
Peer_12:basic INFO 2005.3641378087964: Sending message <Pong:> to Peer_7:basic
Peer_12:basic INFO 2005.5374978443308: Received message <Ping:> from Peer_10:basic
Peer_12:basic INFO 2005.5374978443308: Sending message <Pong:> to Peer_10:basic
Peer_12:basic INFO 2005.5643571911437: Received message <Ping:> from Peer_16:basic
Peer_12:basic INFO 2005.5643571911437: Sending message <Pong:> to Peer_16:basic
Peer_12:basic INFO 2005.5801451671275: Received message <Ping:> from Peer_14:basic
Peer_12:basic INFO 2005.5801451671275: Sending message <Pong:> to Peer_14:basic
Peer_12:basic INFO 2005.6166528535246: Received message <Ping:> from Peer_1:basic
Peer_12:basic INFO 2005.6166528535246: Sending message <Pong:> to Peer_1:basic
Peer_12:basic INFO 2006.70944645432: Received message <Ping:> from Peer_3:basic
Peer_12:basic INFO 2006.70944645432: Sending message <Pong:> to Peer_3:basic
Peer_12:basic INFO 2008.3725703390744: Received message <Pong:> from Peer_9:basic
Peer_12:basic INFO 2009.3971309526605: Received message <Pong:> from Peer_17:basic
Peer_12:basic INFO 2009.4432207694726: Received message <Pong:> from Peer_15:basic
Peer_12:basic INFO 2009.7422825699275: Received message <Pong:> from Peer_19:basic
Peer_12:basic INFO 2009.7511983196473: Received message <Pong:> from Peer_18:basic
Peer_12:basic INFO 2009.8544892224431: Received message <Pong:> from Peer_13:basic
Peer_12:basic INFO 2010.004935525643: Received message <Pong:> from Peer_6:basic
Peer_12:basic INFO 2010.040833597349: Received message <Pong:> from Peer_2:basic
Peer_12:basic INFO 2010.0511810994499: Received message <Pong:> from Peer_11:basic
Peer_12:basic INFO 2010.0997679778798: Received message <Pong:> from Peer_5:basic
Peer_12:basic INFO 2010.2269741461268: Received message <Pong:> from Peer_14:basic
Peer_12:basic INFO 2010.2618218659015: Received message <Pong:> from Peer_4:basic
Peer_12:basic INFO 2010.2987119628747: Received message <Pong:> from Peer_1:basic
Peer_12:basic INFO 2010.319196604275: Received message <Pong:> from Peer_8:basic
Peer_12:basic INFO 2010.4375137667312: Received message <Pong:> from Peer_7:basic
Peer_12:basic INFO 2010.5768974351013: Received message <Pong:> from Peer_16:basic
Peer_12:basic INFO 2011.4451161107204: Received message <Pong:> from Peer_2:basic
Peer_12:basic INFO 2011.5010648873604: Received message <Pong:> from Peer_10:basic
Peer_12:basic INFO 2011.5311783188881: Received message <Pong:> from Peer_3:basic
Peer_12:basic INFO 3000: Sending message <Ping:> to Peer_3:basic
Peer_12:basic INFO 3000: Sending message <Ping:> to Peer_9:basic
Peer_12:basic INFO 3000: Sending message <Ping:> to Peer_13:basic
Peer_12:basic INFO 3000: Sending message <Ping:> to Peer_17:basic
Peer_12:basic INFO 3000: Sending message <Ping:> to Peer_15:basic
Peer_12:basic INFO 3000: Sending message <Ping:> to Peer_2:basic
Peer_12:basic INFO 3000: Sending message <Ping:> to Peer_16:basic
Peer_12:basic INFO 3000: Sending message <Ping:> to Peer_14:basic
Peer_12:basic INFO 3000: Sending message <Ping:> to Peer_4:basic
Peer_12:basic INFO 3000: Sending message <Ping:> to Peer_19:basic
Peer_12:basic INFO 3000: Sending message <Ping:> to Peer_5:basic
Peer_12:basic INFO 3000: Sending message <Ping:> to Peer_18:basic
Peer_12:basic INFO 3000: Sending message <Ping:> to Peer_7:basic
Peer_12:basic INFO 3000: Sending message <Ping:> to Peer_6:basic
Peer_12:basic INFO 3000: Sending message <Ping:> to Peer_11:basic
Peer_12:basic INFO 3000: Sending message <Ping:> to Peer_10:basic
Peer_12:basic INFO 3000: Sending message <Ping:> to Peer_2:basic
Peer_12:basic INFO 3000: Sending message <Ping:> to Peer_8:basic
Peer_12:basic INFO 3000: Sending message <Ping:> to Peer_1:basic
Peer_12:basic INFO 3003.6252623139485: Received message <Ping:> from Peer_10:basic
Peer_12:basic INFO 3003.6252623139485: Sending message <Pong:> to Peer_10:basic
Peer_12:basic INFO 3003.7715893390737: Received message <Ping:> from Peer_3:basic
Peer_12:basic INFO 3003.7715893390737: Sending message <Pong:> to Peer_3:basic
Peer_12:basic INFO 3003.8352242347605: Received message <Ping:> from Peer_2:basic
Peer_12:basic INFO 3003.8352242347605: Sending message <Pong:> to Peer_2:basic
Peer_12:basic INFO 3004.184546787274: Received message <Ping:> from Peer_15:basic
Peer_12:basic INFO 3004.184546787274: Sending message <Pong:> to Peer_15:basic
Peer_12:basic INFO 3004.373848803121: Received message <Ping:> from Peer_1:basic
Peer_12:basic INFO 3004.373848803121: Sending message <Pong:> to Peer_1:basic
Peer_12:basic INFO 3004.4890289595833: Received message <Ping:> from Peer_7:basic
Peer_12:basic INFO 3004.4890289595833: Sending message <Pong:> to Peer_7:basic
Peer_12:basic INFO 3004.5595207351034: Received message <Ping:> from Peer_13:basic
Peer_12:basic INFO 3004.5595207351034: Sending message <Pong:> to Peer_13:basic
Peer_12:basic INFO 3004.5670346519764: Received message <Ping:> from Peer_14:basic
Peer_12:basic INFO 3004.5670346519764: Sending message <Pong:> to Peer_14:basic
Peer_12:basic INFO 3004.6378438673673: Received message <Ping:> from Peer_2:basic
Peer_12:basic INFO 3004.6378438673673: Sending message <Pong:> to Peer_2:basic
Peer_12:basic INFO 3004.729687280029: Received message <Ping:> from Peer_8:basic
Peer_12:basic INFO 3004.729687280029: Sending message <Pong:> to Peer_8:basic
Peer_12:basic INFO 3004.824876660487: Received message <Ping:> from Peer_4:basic
Peer_12:basic INFO 3004.824876660487: Sending message <Pong:> to Peer_4:basic
Peer_12:basic INFO 3005.0136505796763: Received message <Ping:> from Peer_18:basic
Peer_12:basic INFO 3005.0136505796763: Sending message <Pong:> to Peer_18:basic
Peer_12:basic INFO 3005.0532856077552: Received message <Ping:> from Peer_11:basic
Peer_12:basic INFO 3005.0532856077552: Sending message <Pong:> to Peer_11:basic
Peer_12:basic INFO 3005.26101359551: Received message <Ping:> from Peer_5:basic
Peer_12:basic INFO 3005.26101359551: Sending message <Pong:> to Peer_5:basic
Peer_12:basic INFO 3005.2740230932036: Received message <Ping:> from Peer_17:basic
Peer_12:basic INFO 3005.2740230932036: Sending message <Pong:> to Peer_17:basic
Peer_12:basic INFO 3005.2873848700824: Received message <Ping:> from Peer_6:basic
Peer_12:basic INFO 3005.2873848700824: Sending message <Pong:> to Peer_6:basic
Peer_12:basic INFO 3005.3015844471392: Received message <Ping:> from Peer_16:basic
Peer_12:basic INFO 3005.3015844471392: Sending message <Pong:> to Peer_16:basic
Peer_12:basic INFO 3005.4964815322865: Received message <Ping:> from Peer_19:basic
Peer_12:basic INFO 3005.4964815322865: Sending message <Pong:> to Peer_19:basic
Peer_12:basic INFO 3005.6504795909486: Received message <Ping:> from Peer_9:basic
Peer_12:basic INFO 3005.6504795909486: Sending message <Pong:> to Peer_9:basic
Peer_12:basic INFO 3006.804181962997: Received message <Pong:> from Peer_10:basic
Peer_12:basic INFO 3006.956631066268: Received message <Pong:> from Peer_9:basic
Peer_12:basic INFO 3007.641554319495: Received message <Pong:> from Peer_2:basic
Peer_12:basic INFO 3008.704614361718: Received message <Pong:> from Peer_7:basic
Peer_12:basic INFO 3009.212029207415: Received message <Pong:> from Peer_13:basic
Peer_12:basic INFO 3009.332897715969: Received message <Pong:> from Peer_1:basic
Peer_12:basic INFO 3009.72028102137: Received message <Pong:> from Peer_16:basic
Peer_12:basic INFO 3009.8080003186355: Received message <Pong:> from Peer_17:basic
Peer_12:basic INFO 3009.8554014551505: Received message <Pong:> from Peer_14:basic
Peer_12:basic INFO 3009.9025950024406: Received message <Pong:> from Peer_2:basic
Peer_12:basic INFO 3009.965083081628: Received message <Pong:> from Peer_4:basic
Peer_12:basic INFO 3010.040362020624: Received message <Pong:> from Peer_5:basic
Peer_12:basic INFO 3010.067986023277: Received message <Pong:> from Peer_15:basic
Peer_12:basic INFO 3010.075609535492: Received message <Pong:> from Peer_18:basic
Peer_12:basic INFO 3010.1553416018683: Received message <Pong:> from Peer_3:basic
Peer_12:basic INFO 3010.217218379517: Received message <Pong:> from Peer_6:basic
Peer_12:basic INFO 3010.247512422719: Received message <Pong:> from Peer_19:basic
Peer_12:basic INFO 3010.346857922963: Received message <Pong:> from Peer_8:basic
Peer_12:basic INFO 3010.4933271806526: Received message <Pong:> from Peer_11:basic
Peer_12:basic INFO 4000: Sending message <Ping:> to Peer_3:basic
Peer_12:basic INFO 4000: Sending message <Ping:> to Peer_9:basic
Peer_12:basic INFO 4000: Sending message <Ping:> to Peer_13:basic
Peer_12:basic INFO 4000: Sending message <Ping:> to Peer_17:basic
Peer_12:basic INFO 4000: Sending message <Ping:> to Peer_15:basic
Peer_12:basic INFO 4000: Sending message <Ping:> to Peer_2:basic
Peer_12:basic INFO 4000: Sending message <Ping:> to Peer_16:basic
Peer_12:basic INFO 4000: Sending message <Ping:> to Peer_14:basic
Peer_12:basic INFO 4000: Sending message <Ping:> to Peer_4:basic
Peer_12:basic INFO 4000: Sending message <Ping:> to Peer_19:basic
Peer_12:basic INFO 4000: Sending message <Ping:> to Peer_5:basic
Peer_12:basic INFO 4000: Sending message <Ping:> to Peer_18:basic
Peer_12:basic INFO 4000: Sending message <Ping:> to Peer_7:basic
Peer_12:basic INFO 4000: Sending message <Ping:> to Peer_6:basic
Peer_12:basic INFO 4000: Sending message <Ping:> to Peer_11:basic
Peer_12:basic INFO 4000: Sending message <Ping:> to Peer_10:basic
Peer_12:basic INFO 4000: Sending message <Ping:> to Peer_2:basic
Peer_12:basic INFO 4000: Sending message <Ping:> to Peer_8:basic
Peer_12:basic INFO 4000: Sending message <Ping:> to Peer_1:basic
Peer_12:basic INFO 4002.4685475242436: Received message <Ping:> from Peer_1:basic
Peer_12:basic INFO 4002.4685475242436: Sending message <Pong:> to Peer_1:basic
Peer_12:basic INFO 4004.5590954944887: Received message <Ping:> from Peer_9:basic
Peer_12:basic INFO 4004.5590954944887: Sending message <Pong:> to Peer_9:basic
Peer_12:basic INFO 4004.666440496604: Received message <Ping:> from Peer_3:basic
Peer_12:basic INFO 4004.666440496604: Sending message <Pong:> to Peer_3:basic
Peer_12:basic INFO 4004.7992130670573: Received message <Ping:> from Peer_2:basic
Peer_12:basic INFO 4004.7992130670573: Sending message <Pong:> to Peer_2:basic
Peer_12:basic INFO 4004.83518276334: Received message <Ping:> from Peer_2:basic
Peer_12:basic INFO 4004.83518276334: Sending message <Pong:> to Peer_2:basic
Peer_12:basic INFO 4004.994639207332: Received message <Ping:> from Peer_19:basic
Peer_12:basic INFO 4004.994639207332: Sending message <Pong:> to Peer_19:basic
Peer_12:basic INFO 4005.060690523377: Received message <Ping:> from Peer_6:basic
Peer_12:basic INFO 4005.060690523377: Sending message <Pong:> to Peer_6:basic
Peer_12:basic INFO 4005.0940562448864: Received message <Ping:> from Peer_7:basic
Peer_12:basic INFO 4005.0940562448864: Sending message <Pong:> to Peer_7:basic
Peer_12:basic INFO 4005.1076016872657: Received message <Ping:> from Peer_17:basic
Peer_12:basic INFO 4005.1076016872657: Sending message <Pong:> to Peer_17:basic
Peer_12:basic INFO 4005.2589830694023: Received message <Ping:> from Peer_11:basic
Peer_12:basic INFO 4005.2589830694023: Sending message <Pong:> to Peer_11:basic
Peer_12:basic INFO 4005.292627593637: Received message <Ping:> from Peer_5:basic
Peer_12:basic INFO 4005.292627593637: Sending message <Pong:> to Peer_5:basic
Peer_12:basic INFO 4005.375535900859: Received message <Ping:> from Peer_4:basic
Peer_12:basic INFO 4005.375535900859: Sending message <Pong:> to Peer_4:basic
Peer_12:basic INFO 4005.434581208468: Received message <Ping:> from Peer_8:basic
Peer_12:basic INFO 4005.434581208468: Sending message <Pong:> to Peer_8:basic
Peer_12:basic INFO 4005.4889171040086: Received message <Ping:> from Peer_14:basic
Peer_12:basic INFO 4005.4889171040086: Sending message <Pong:> to Peer_14:basic
Peer_12:basic INFO 4005.5124211512025: Received message <Ping:> from Peer_18:basic
Peer_12:basic INFO 4005.5124211512025: Sending message <Pong:> to Peer_18:basic
Peer_12:basic INFO 4005.5521232576048: Received message <Ping:> from Peer_13:basic
Peer_12:basic INFO 4005.5521232576048: Sending message <Pong:> to Peer_13:basic
Peer_12:basic INFO 4006.166603561531: Received message <Ping:> from Peer_10:basic
Peer_12:basic INFO 4006.166603561531: Sending message <Pong:> to Peer_10:basic
Peer_12:basic INFO 4006.4115760585105: Received message <Ping:> from Peer_16:basic
Peer_12:basic INFO 4006.4115760585105: Sending message <Pong:> to Peer_16:basic
Peer_12:basic INFO 4006.771934701504: Received message <Ping:> from Peer_15:basic
Peer_12:basic INFO 4006.771934701504: Sending message <Pong:> to Peer_15:basic
Peer_12:basic INFO 4008.151568425154: Received message <Pong:> from Peer_7:basic
Peer_12:basic INFO 4008.703240235469: Received message <Pong:> from Peer_1:basic
Peer_12:basic INFO 4008.8822002823463: Received message <Pong:> from Peer_16:basic
Peer_12:basic INFO 4008.9772724240274: Received message <Pong:> from Peer_14:basic
Peer_12:basic INFO 4009.4977115300385: Received message <Pong:> from Peer_8:basic
Peer_12:basic INFO 4009.6818177901923: Received message <Pong:> from Peer_18:basic
Peer_12:basic INFO 4009.7448590929234: Received message <Pong:> from Peer_9:basic
Peer_12:basic INFO 4009.828049235189: Received message <Pong:> from Peer_15:basic
Peer_12:basic INFO 4009.949716216753: Received message <Pong:> from Peer_6:basic
Peer_12:basic INFO 4009.9708859219472: Received message <Pong:> from Peer_4:basic
Peer_12:basic INFO 4010.111110641755: Received message <Pong:> from Peer_5:basic
Peer_12:basic INFO 4010.24252994044: Received message <Pong:> from Peer_3:basic
Peer_12:basic INFO 4010.27706082906: Received message <Pong:> from Peer_2:basic
Peer_12:basic INFO 4010.3578664733454: Received message <Pong:> from Peer_11:basic
Peer_12:basic INFO 4010.3995591754674: Received message <Pong:> from Peer_17:basic
Peer_12:basic INFO 4010.5756875531224: Received message <Pong:> from Peer_19:basic
Peer_12:basic INFO 4010.8650766725204: Received message <Pong:> from Peer_10:basic
Peer_12:basic INFO 4011.5093668789823: Received message <Pong:> from Peer_2:basic
Peer_12:basic INFO 4011.586281567635: Received message <Pong:> from Peer_13:basic
