Peer_18:basic INFO 2.9038936205996717: Received message <Hello:> from Peer_9:basic
Peer_18:basic INFO 2.9038936205996717: Connecting to Peer_9:basic
Peer_18:basic INFO 2.9038936205996717: Sending message <Hello:> to Peer_9:basic
Peer_18:basic INFO 3.591556015355271: Received message <Hello:> from Peer_10:basic
Peer_18:basic INFO 3.591556015355271: Connecting to Peer_10:basic
Peer_18:basic INFO 3.591556015355271: Sending message <Hello:> to Peer_10:basic
Peer_18:basic INFO 3.6617758434463066: Received message <Hello:> from Peer_17:basic
Peer_18:basic INFO 3.6617758434463066: Connecting to Peer_17:basic
Peer_18:basic INFO 3.6617758434463066: Sending message <Hello:> to Peer_17:basic
Peer_18:basic INFO 4.086078682689324: Connecting to Peer_2:basic
Peer_18:basic INFO 4.228539310955251: Received message <Hello:> from Peer_14:basic
Peer_18:basic INFO 4.228539310955251: Connecting to Peer_14:basic
Peer_18:basic INFO 4.228539310955251: Sending message <Hello:> to Peer_14:basic
Peer_18:basic INFO 4.721129529987613: Connecting to Peer_11:basic
Peer_18:basic INFO 4.804869532697725: Received message <Hello:> from Peer_12:basic
Peer_18:basic INFO 4.804869532697725: Connecting to Peer_12:basic
Peer_18:basic INFO 4.804869532697725: Sending message <Hello:> to Peer_12:basic
Peer_18:basic INFO 4.807024520873026: Received message <Hello:> from Peer_15:basic
Peer_18:basic INFO 4.807024520873026: Connecting to Peer_15:basic
Peer_18:basic INFO 4.807024520873026: Sending message <Hello:> to Peer_15:basic
Peer_18:basic INFO 4.81342648205582: Connecting to Peer_2:basic
Peer_18:basic INFO 4.814057724830313: Received message <Hello:> from Peer_19:basic
Peer_18:basic INFO 4.814057724830313: Connecting to Peer_19:basic
Peer_18:basic INFO 4.814057724830313: Sending message <Hello:> to Peer_19:basic
Peer_18:basic INFO 4.827912428530322: Connecting to Peer_8:basic
Peer_18:basic INFO 4.855498000079049: Received message <Hello:> from Peer_8:basic
Peer_18:basic INFO 4.944091271206066: Received message <Hello:> from Peer_2:basic
Peer_18:basic INFO 4.9575106768882815: Received message <Hello:> from Peer_6:basic
Peer_18:basic INFO 4.9575106768882815: Connecting to Peer_6:basic
Peer_18:basic INFO 4.9575106768882815: Sending message <Hello:> to Peer_6:basic
Peer_18:basic INFO 5.00602947651015: Received message <Hello:> from Peer_5:basic
Peer_18:basic INFO 5.00602947651015: Connecting to Peer_5:basic
Peer_18:basic INFO 5.00602947651015: Sending message <Hello:> to Peer_5:basic
Peer_18:basic INFO 5.054363728646978: Received message <Hello:> from Peer_11:basic
Peer_18:basic INFO 5.06216986050893: Received message <Hello:> from Peer_16:basic
Peer_18:basic INFO 5.06216986050893: Connecting to Peer_16:basic
Peer_18:basic INFO 5.06216986050893: Sending message <Hello:> to Peer_16:basic
Peer_18:basic INFO 5.276590620553131: Received message <Hello:> from Peer_4:basic
Peer_18:basic INFO 5.276590620553131: Connecting to Peer_4:basic
Peer_18:basic INFO 5.276590620553131: Sending message <Hello:> to Peer_4:basic
Peer_18:basic INFO 5.421803459172087: Received message <Hello:> from Peer_2:basic
Peer_18:basic INFO 6.381872162367202: Connecting to Peer_13:basic
Peer_18:basic INFO 6.462434522095677: Received message <Hello:> from Peer_13:basic
Peer_18:basic INFO 9.632023918721636: Received message <Hello:> from Peer_2:basic
Peer_18:basic INFO 9.665773988160936: Received message <Hello:> from Peer_8:basic
Peer_18:basic INFO 10.003221649162846: Received message <Hello:> from Peer_11:basic
Peer_18:basic INFO 10.555253043854723: Received message <Hello:> from Peer_2:basic
Peer_18:basic INFO 11.279326087789908: Received message <Hello:> from Peer_13:basic
Peer_18:basic INFO 1000: Sending message <Ping:> to Peer_9:basic
Peer_18:basic INFO 1000: Sending message <Ping:> to Peer_10:basic
Peer_18:basic INFO 1000: Sending message <Ping:> to Peer_17:basic
Peer_18:basic INFO 1000: Sending message <Ping:> to Peer_2:basic
Peer_18:basic INFO 1000: Sending message <Ping:> to Peer_14:basic
Peer_18:basic INFO 1000: Sending message <Ping:> to Peer_11:basic
Peer_18:basic INFO 1000: Sending message <Ping:> to Peer_12:basic
Peer_18:basic INFO 1000: Sending message <Ping:> to Peer_15:basic
Peer_18:basic INFO 1000: Sending message <Ping:> to Peer_2:basic
Peer_18:basic INFO 1000: Sending message <Ping:> to Peer_19:basic
Peer_18:basic INFO 1000: Sending message <Ping:> to Peer_8:basic
Peer_18:basic INFO 1000: Sending message <Ping:> to Peer_6:basic
Peer_18:basic INFO 1000: Sending message <Ping:> to Peer_5:basic
Peer_18:basic INFO 1000: Sending message <Ping:> to Peer_16:basic
Peer_18:basic INFO 1000: Sending message <Ping:> to Peer_4:basic
Peer_18:basic INFO 1000: Sending message <Ping:> to Peer_13:basic
Peer_18:basic INFO 1003.2176978158162: Received message <Ping:> from Peer_15:basic
Peer_18:basic INFO 1003.2176978158162: Sending message <Pong:> to Peer_15:basic
Peer_18:basic INFO 1003.6679116403062: Received message <Ping:> from Peer_9:basic
Peer_18:basic INFO 1003.6679116403062: Sending message <Pong:> to Peer_9:basic
Peer_18:basic INFO 1004.3679801717594: Received message <Ping:> from Peer_13:basic
Peer_18:basic INFO 1004.3679801717594: Sending message <Pong:> to Peer_13:basic
Peer_18:basic INFO 1004.4515624919397: Received message <Ping:> from Peer_2:basic
Peer_18:basic INFO 1004.4515624919397: Sending message <Pong:> to Peer_2:basic
Peer_18:basic INFO 1004.717579706284: Received message <Ping:> from Peer_5:basic
Peer_18:basic INFO 1004.717579706284: Sending message <Pong:> to Peer_5:basic
Peer_18:basic INFO 1004.8381667409305: Received message <Ping:> from Peer_8:basic
Peer_18:basic INFO 1004.8381667409305: Sending message <Pong:> to Peer_8:basic
Peer_18:basic INFO 1004.8621546615302: Received message <Ping:> from Peer_11:basic
Peer_18:basic INFO 1004.8621546615302: Sending message <Pong:> to Peer_11:basic
Peer_18:basic INFO 1004.9016603991967: Received message <Ping:> from Peer_4:basic
Peer_18:basic INFO 1004.9016603991967: Sending message <Pong:> to Peer_4:basic
Peer_18:basic INFO 1004.9242644741717: Received message <Ping:> from Peer_19:basic
Peer_18:basic INFO 1004.9242644741717: Sending message <Pong:> to Peer_19:basic
Peer_18:basic INFO 1004.9279520627357: Received message <Ping:> from Peer_6:basic
Peer_18:basic INFO 1004.9279520627357: Sending message <Pong:> to Peer_6:basic
Peer_18:basic INFO 1005.0661110580675: Received message <Ping:> from Peer_12:basic
Peer_18:basic INFO 1005.0661110580675: Sending message <Pong:> to Peer_12:basic
Peer_18:basic INFO 1005.0911229868642: Received message <Ping:> from Peer_14:basic
Peer_18:basic INFO 1005.0911229868642: Sending message <Pong:> to Peer_14:basic
Peer_18:basic INFO 1005.3080800082279: Received message <Ping:> from Peer_10:basic
Peer_18:basic INFO 1005.3080800082279: Sending message <Pong:> to Peer_10:basic
Peer_18:basic INFO 1005.3239368469134: Received message <Ping:> from Peer_2:basic
Peer_18:basic INFO 1005.3239368469134: Sending message <Pong:> to Peer_2:basic
Peer_18:basic INFO 1005.9715593191497: Received message <Ping:> from Peer_16:basic
Peer_18:basic INFO 1005.9715593191497: Sending message <Pong:> to Peer_16:basic
Peer_18:basic INFO 1006.7076712505271: Received message <Ping:> from Peer_17:basic
Peer_18:basic INFO 1006.7076712505271: Sending message <Pong:> to Peer_17:basic
Peer_18:basic INFO 1009.0256883811621: Received message <Pong:> from Peer_15:basic
Peer_18:basic INFO 1009.0803931925534: Received message <Pong:> from Peer_16:basic
Peer_18:basic INFO 1009.2162595169531: Received message <Pong:> from Peer_6:basic
Peer_18:basic INFO 1009.4380523679176: Received message <Pong:> from Peer_14:basic
Peer_18:basic INFO 1009.4815301098934: Received message <Pong:> from Peer_12:basic
Peer_18:basic INFO 1009.640740864192: Received message <Pong:> from Peer_13:basic
Peer_18:basic INFO 1009.642849771995: Received message <Pong:> from Peer_19:basic
Peer_18:basic INFO 1009.7479821831812: Received message <Pong:> from Peer_2:basic
Peer_18:basic INFO 1009.9145489609565: Received message <Pong:> from Peer_17:basic
Peer_18:basic INFO 1010.0631099715732: Received message <Pong:> from Peer_9:basic
Peer_18:basic INFO 1010.2102023125751: Received message <Pong:> from Peer_10:basic
Peer_18:basic INFO 1010.2528922984195: Received message <Pong:> from Peer_11:basic
Peer_18:basic INFO 1010.2768499444138: Received message <Pong:> from Peer_4:basic
Peer_18:basic INFO 1010.4651324571211: Received message <Pong:> from Peer_8:basic
Peer_18:basic INFO 1010.5326975639123: Received message <Pong:> from Peer_5:basic
Peer_18:basic INFO 1012.3423974382656: Received message <Pong:> from Peer_2:basic
Peer_18:basic INFO 2000: Sending message <Ping:> to Peer_9:basic
Peer_18:basic INFO 2000: Sending message <Ping:> to Peer_10:basic
Peer_18:basic INFO 2000: Sending message <Ping:> to Peer_17:basic
Peer_18:basic INFO 2000: Sending message <Ping:> to Peer_2:basic
Peer_18:basic INFO 2000: Sending message <Ping:> to Peer_14:basic
Peer_18:basic INFO 2000: Sending message <Ping:> to Peer_11:basic
Peer_18:basic INFO 2000: Sending message <Ping:> to Peer_12:basic
Peer_18:basic INFO 2000: Sending message <Ping:> to Peer_15:basic
Peer_18:basic INFO 2000: Sending message <Ping:> to Peer_2:basic
Peer_18:basic INFO 2000: Sending message <Ping:> to Peer_19:basic
Peer_18:basic INFO 2000: Sending message <Ping:> to Peer_8:basic
Peer_18:basic INFO 2000: Sending message <Ping:> to Peer_6:basic
Peer_18:basic INFO 2000: Sending message <Ping:> to Peer_5:basic
Peer_18:basic INFO 2000: Sending message <Ping:> to Peer_16:basic
Peer_18:basic INFO 2000: Sending message <Ping:> to Peer_4:basic
Peer_18:basic INFO 2000: Sending message <Ping:> to Peer_13:basic
Peer_18:basic INFO 2004.4642437011844: Received message <Ping:> from Peer_9:basic
Peer_18:basic INFO 2004.4642437011844: Sending message <Pong:> to Peer_9:basic
Peer_18:basic INFO 2004.4907277256111: Received message <Ping:> from Peer_17:basic
Peer_18:basic INFO 2004.4907277256111: Sending message <Pong:> to Peer_17:basic
Peer_18:basic INFO 2004.608712149865: Received message <Ping:> from Peer_6:basic
Peer_18:basic INFO 2004.608712149865: Sending message <Pong:> to Peer_6:basic
Peer_18:basic INFO 2004.7509035659878: Received message <Ping:> from Peer_5:basic
Peer_18:basic INFO 2004.7509035659878: Sending message <Pong:> to Peer_5:basic
Peer_18:basic INFO 2004.7562989822593: Received message <Ping:> from Peer_12:basic
Peer_18:basic INFO 2004.7562989822593: Sending message <Pong:> to Peer_12:basic
Peer_18:basic INFO 2004.8486013757747: Received message <Ping:> from Peer_13:basic
Peer_18:basic INFO 2004.8486013757747: Sending message <Pong:> to Peer_13:basic
Peer_18:basic INFO 2004.9450720860832: Received message <Ping:> from Peer_15:basic
Peer_18:basic INFO 2004.9450720860832: Sending message <Pong:> to Peer_15:basic
Peer_18:basic INFO 2004.9832584403907: Received message <Ping:> from Peer_19:basic
Peer_18:basic INFO 2004.9832584403907: Sending message <Pong:> to Peer_19:basic
Peer_18:basic INFO 2004.9916282754157: Received message <Ping:> from Peer_11:basic
Peer_18:basic INFO 2004.9916282754157: Sending message <Pong:> to Peer_11:basic
Peer_18:basic INFO 2004.9988326379448: Received message <Ping:> from Peer_2:basic
Peer_18:basic INFO 2004.9988326379448: Sending message <Pong:> to Peer_2:basic
Peer_18:basic INFO 2005.151907696475: Received message <Ping:> from Peer_8:basic
Peer_18:basic INFO 2005.151907696475: Sending message <Pong:> to Peer_8:basic
Peer_18:basic INFO 2005.2082084101744: Received message <Ping:> from Peer_14:basic
Peer_18:basic INFO 2005.2082084101744: Sending message <Pong:> to Peer_14:basic
Peer_18:basic INFO 2005.2583315439056: Received message <Ping:> from Peer_16:basic
Peer_18:basic INFO 2005.2583315439056: Sending message <Pong:> to Peer_16:basic
Peer_18:basic INFO 2005.3905332812005: Received message <Ping:> from Peer_4:basic
Peer_18:basic INFO 2005.3905332812005: Sending message <Pong:> to Peer_4:basic
Peer_18:basic INFO 2005.402416851603: Received message <Ping:> from Peer_2:basic
Peer_18:basic INFO 2005.402416851603: Sending message <Pong:> to Peer_2:basic
Peer_18:basic INFO 2005.437705728658: Received message <Ping:> from Peer_10:basic
Peer_18:basic INFO 2005.437705728658: Sending message <Pong:> to Peer_10:basic
Peer_18:basic INFO 2007.2920256996408: Received message <Pong:> from Peer_16:basic
Peer_18:basic INFO 2009.5117045271177: Received message <Pong:> from Peer_11:basic
Peer_18:basic INFO 2009.691156789922: Received message <Pong:> from Peer_2:basic
Peer_18:basic INFO 2009.7164191424679: Received message <Pong:> from Peer_4:basic
Peer_18:basic INFO 2009.9695071153928: Received message <Pong:> from Peer_5:basic
Peer_18:basic INFO 2010.018335234219: Received message <Pong:> from Peer_19:basic
Peer_18:basic INFO 2010.0431916634661: Received message <Pong:> from Peer_8:basic
Peer_18:basic INFO 2010.2091368901608: Received message <Pong:> from Peer_15:basic
Peer_18:basic INFO 2010.2109986030318: Received message <Pong:> from Peer_14:basic
Peer_18:basic INFO 2010.2162527968296: Received message <Pong:> from Peer_12:basic
Peer_18:basic INFO 2010.4090427177562: Received message <Pong:> from Peer_6:basic
Peer_18:basic INFO 2011.0577671339433: Received message <Pong:> from Peer_9:basic
Peer_18:basic INFO 2011.2131755909807: Received message <Pong:> from Peer_17:basic
Peer_18:basic INFO 2011.7478286225705: Received message <Pong:> from Peer_2:basic
Peer_18:basic INFO 2011.8214767107415: Received message <Pong:> from Peer_10:basic
Peer_18:basic INFO 2011.90155285593: Received message <Pong:> from Peer_13:basic
Peer_18:basic INFO 3000: Sending message <Ping:> to Peer_9:basic
Peer_18:basic INFO 3000: Sending message <Ping:> to Peer_10:basic
Peer_18:basic INFO 3000: Sending message <Ping:> to Peer_17:basic
Peer_18:basic INFO 3000: Sending message <Ping:> to Peer_2:basic
Peer_18:basic INFO 3000: Sending message <Ping:> to Peer_14:basic
Peer_18:basic INFO 3000: Sending message <Ping:> to Peer_11:basic
Peer_18:basic INFO 3000: Sending message <Ping:> to Peer_12:basic
Peer_18:basic INFO 3000: Sending message <Ping:> to Peer_15:basic
Peer_18:basic INFO 3000: Sending message <Ping:> to Peer_2:basic
Peer_18:basic INFO 3000: Sending message <Ping:> to Peer_19:basic
Peer_18:basic INFO 3000: Sending message <Ping:> to Peer_8:basic
Peer_18:basic INFO 3000: Sending message <Ping:> to Peer_6:basic
Peer_18:basic INFO 3000: Sending message <Ping:> to Peer_5:basic
Peer_18:basic INFO 3000: Sending message <Ping:> to Peer_16:basic
Peer_18:basic INFO 3000: Sending message <Ping:> to Peer_4:basic
Peer_18:basic INFO 3000: Sending message <Ping:> to Peer_13:basic
Peer_18:basic INFO 3003.68932192473: Received message <Ping:> from Peer_10:basic
Peer_18:basic INFO 3003.68932192473: Sending message <Pong:> to Peer_10:basic
Peer_18:basic INFO 3003.697878822437: Received message <Ping:> from Peer_9:basic
Peer_18:basic INFO 3003.697878822437: Sending message <Pong:> to Peer_9:basic
Peer_18:basic INFO 3004.096269936927: Received message <Ping:> from Peer_15:basic
Peer_18:basic INFO 3004.096269936927: Sending message <Pong:> to Peer_15:basic
Peer_18:basic INFO 3004.755125023383: Received message <Ping:> from Peer_14:basic
Peer_18:basic INFO 3004.755125023383: Sending message <Pong:> to Peer_14:basic
Peer_18:basic INFO 3005.0865775962952: Received message <Ping:> from Peer_8:basic
Peer_18:basic INFO 3005.0865775962952: Sending message <Pong:> to Peer_8:basic
Peer_18:basic INFO 3005.1314787720908: Received message <Ping:> from Peer_12:basic
Peer_18:basic INFO 3005.1314787720908: Sending message <Pong:> to Peer_12:basic
Peer_18:basic INFO 3005.1588886044456: Received message <Ping:> from Peer_2:basic
Peer_18:basic INFO 3005.1588886044456: Sending message <Pong:> to Peer_2:basic
Peer_18:basic INFO 3005.173188591871: Received message <Ping:> from Peer_6:basic
Peer_18:basic INFO 3005.173188591871: Sending message <Pong:> to Peer_6:basic
Peer_18:basic INFO 3005.2273891426016: Received message <Ping:> from Peer_11:basic
Peer_18:basic INFO 3005.2273891426016: Sending message <Pong:> to Peer_11:basic
Peer_18:basic INFO 3005.2773049743946: Received message <Ping:> from Peer_2:basic
Peer_18:basic INFO 3005.2773049743946: Sending message <Pong:> to Peer_2:basic
Peer_18:basic INFO 3005.2857184630293: Received message <Ping:> from Peer_5:basic
Peer_18:basic INFO 3005.2857184630293: Sending message <Pong:> to Peer_5:basic
Peer_18:basic INFO 3005.3027413524774: Received message <Ping:> from Peer_4:basic
Peer_18:basic INFO 3005.3027413524774: Sending message <Pong:> to Peer_4:basic
Peer_18:basic INFO 3005.699334755282: Received message <Ping:> from Peer_19:basic
Peer_18:basic INFO 3005.699334755282: Sending message <Pong:> to Peer_19:basic
Peer_18:basic INFO 3006.2262344189444: Received message <Ping:> from Peer_16:basic
Peer_18:basic INFO 3006.2262344189444: Sending message <Pong:> to Peer_16:basic
Peer_18:basic INFO 3006.5402342668303: Received message <Ping:> from Peer_13:basic
Peer_18:basic INFO 3006.5402342668303: Sending message <Pong:> to Peer_13:basic
Peer_18:basic INFO 3006.852443348882: Received message <Ping:> from Peer_17:basic
Peer_18:basic INFO 3006.852443348882: Sending message <Pong:> to Peer_17:basic
Peer_18:basic INFO 3008.709438288844: Received message <Pong:> from Peer_2:basic
Peer_18:basic INFO 3008.9400927509796: Received message <Pong:> from Peer_17:basic
Peer_18:basic INFO 3008.9539370989046: Received message <Pong:> from Peer_16:basic
Peer_18:basic INFO 3008.9885504017984: Received message <Pong:> from Peer_15:basic
Peer_18:basic INFO 3009.2263027986114: Received message <Pong:> from Peer_10:basic
Peer_18:basic INFO 3009.46608749343: Received message <Pong:> from Peer_2:basic
Peer_18:basic INFO 3009.4843415079595: Received message <Pong:> from Peer_8:basic
Peer_18:basic INFO 3009.8606613338693: Received message <Pong:> from Peer_12:basic
Peer_18:basic INFO 3009.956474158616: Received message <Pong:> from Peer_4:basic
Peer_18:basic INFO 3010.013525317439: Received message <Pong:> from Peer_6:basic
Peer_18:basic INFO 3010.0678853242657: Received message <Pong:> from Peer_19:basic
Peer_18:basic INFO 3010.1161469917442: Received message <Pong:> from Peer_14:basic
Peer_18:basic INFO 3010.1263931378094: Received message <Pong:> from Peer_9:basic
Peer_18:basic INFO 3010.2744699768564: Received message <Pong:> from Peer_5:basic
Peer_18:basic INFO 3010.440437404126: Received message <Pong:> from Peer_11:basic
Peer_18:basic INFO 3011.0252987436274: Received message <Pong:> from Peer_13:basic
Peer_18:basic INFO 4000: Sending message <Ping:> to Peer_9:basic
Peer_18:basic INFO 4000: Sending message <Ping:> to Peer_10:basic
Peer_18:basic INFO 4000: Sending message <Ping:> to Peer_17:basic
Peer_18:basic INFO 4000: Sending message <Ping:> to Peer_2:basic
Peer_18:basic INFO 4000: Sending message <Ping:> to Peer_14:basic
Peer_18:basic INFO 4000: Sending message <Ping:> to Peer_11:basic
Peer_18:basic INFO 4000: Sending message <Ping:> to Peer_12:basic
Peer_18:basic INFO 4000: Sending message <Ping:> to Peer_15:basic
Peer_18:basic INFO 4000: Sending message <Ping:> to Peer_2:basic
Peer_18:basic INFO 4000: Sending message <Ping:> to Peer_19:basic
Peer_18:basic INFO 4000: Sending message <Ping:> to Peer_8:basic
Peer_18:basic INFO 4000: Sending message <Ping:> to Peer_6:basic
Peer_18:basic INFO 4000: Sending message <Ping:> to Peer_5:basic
Peer_18:basic INFO 4000: Sending message <Ping:> to Peer_16:basic
Peer_18:basic INFO 4000: Sending message <Ping:> to Peer_4:basic
Peer_18:basic INFO 4000: Sending message <Ping:> to Peer_13:basic
Peer_18:basic INFO 4004.2624902475363: Received message <Ping:> from Peer_9:basic
Peer_18:basic INFO 4004.2624902475363: Sending message <Pong:> to Peer_9:basic
Peer_18:basic INFO 4004.3427293988566: Received message <Ping:> from Peer_13:basic
Peer_18:basic INFO 4004.3427293988566: Sending message <Pong:> to Peer_13:basic
Peer_18:basic INFO 4004.6745164477834: Received message <Ping:> from Peer_12:basic
Peer_18:basic INFO 4004.6745164477834: Sending message <Pong:> to Peer_12:basic
Peer_18:basic INFO 4004.739504171484: Received message <Ping:> from Peer_19:basic
Peer_18:basic INFO 4004.739504171484: Sending message <Pong:> to Peer_19:basic
Peer_18:basic INFO 4004.7735691194935: Received message <Ping:> from Peer_2:basic
Peer_18:basic INFO 4004.7735691194935: Sending message <Pong:> to Peer_2:basic
Peer_18:basic INFO 4004.7784112187296: Received message <Ping:> from Peer_14:basic
Peer_18:basic INFO 4004.7784112187296: Sending message <Pong:> to Peer_14:basic
Peer_18:basic INFO 4004.9354608648086: Received message <Ping:> from Peer_5:basic
Peer_18:basic INFO 4004.9354608648086: Sending message <Pong:> to Peer_5:basic
Peer_18:basic INFO 4005.2181659623216: Received message <Ping:> from Peer_8:basic
Peer_18:basic INFO 4005.2181659623216: Sending message <Pong:> to Peer_8:basic
Peer_18:basic INFO 4005.2348515489243: Received message <Ping:> from Peer_6:basic
Peer_18:basic INFO 4005.2348515489243: Sending message <Pong:> to Peer_6:basic
Peer_18:basic INFO 4005.275428571809: Received message <Ping:> from Peer_11:basic
Peer_18:basic INFO 4005.275428571809: Sending message <Pong:> to Peer_11:basic
Peer_18:basic INFO 4005.4219550473504: Received message <Ping:> from Peer_4:basic
Peer_18:basic INFO 4005.4219550473504: Sending message <Pong:> to Peer_4:basic
Peer_18:basic INFO 4005.5206637437072: Received message <Ping:> from Peer_2:basic
Peer_18:basic INFO 4005.5206637437072: Sending message <Pong:> to Peer_2:basic
Peer_18:basic INFO 4005.856369962117: Received message <Ping:> from Peer_16:basic
Peer_18:basic INFO 4005.856369962117: Sending message <Pong:> to Peer_16:basic
Peer_18:basic INFO 4005.892760058839: Received message <Ping:> from Peer_10:basic
Peer_18:basic INFO 4005.892760058839: Sending message <Pong:> to Peer_10:basic
Peer_18:basic INFO 4006.3226124725943: Received message <Ping:> from Peer_17:basic
Peer_18:basic INFO 4006.3226124725943: Sending message <Pong:> to Peer_17:basic
Peer_18:basic INFO 4006.766531348993: Received message <Ping:> from Peer_15:basic
Peer_18:basic INFO 4006.766531348993: Sending message <Pong:> to Peer_15:basic
Peer_18:basic INFO 4008.258312181236: Received message <Pong:> from Peer_16:basic
Peer_18:basic INFO 4009.1295843491016: Received message <Pong:> from Peer_17:basic
Peer_18:basic INFO 4009.345031166004: Received message <Pong:> from Peer_15:basic
Peer_18:basic INFO 4009.4011552300562: Received message <Pong:> from Peer_11:basic
Peer_18:basic INFO 4009.423080054739: Received message <Pong:> from Peer_14:basic
Peer_18:basic INFO 4009.532526101382: Received message <Pong:> from Peer_10:basic
Peer_18:basic INFO 4009.5447265113644: Received message <Pong:> from Peer_19:basic
Peer_18:basic INFO 4009.9160665247978: Received message <Pong:> from Peer_9:basic
Peer_18:basic INFO 4009.9377705717975: Received message <Pong:> from Peer_4:basic
Peer_18:basic INFO 4009.9758315392214: Received message <Pong:> from Peer_6:basic
Peer_18:basic INFO 4010.101741409732: Received message <Pong:> from Peer_2:basic
Peer_18:basic INFO 4010.180402761933: Received message <Pong:> from Peer_5:basic
Peer_18:basic INFO 4010.239764706859: Received message <Pong:> from Peer_8:basic
Peer_18:basic INFO 4010.4244033151995: Received message <Pong:> from Peer_2:basic
Peer_18:basic INFO 4010.597345683127: Received message <Pong:> from Peer_13:basic
Peer_18:basic INFO 4010.737301782339: Received message <Pong:> from Peer_12:basic
