Peer_17:basic INFO 2.5812844825110823: Received message <Hello:> from Peer_4:basic
Peer_17:basic INFO 2.5812844825110823: Connecting to Peer_4:basic
Peer_17:basic INFO 2.5812844825110823: Sending message <Hello:> to Peer_4:basic
Peer_17:basic INFO 3.6617758434463066: Connecting to Peer_18:basic
Peer_17:basic INFO 3.7073449403451737: Connecting to Peer_12:basic
Peer_17:basic INFO 3.865911485253704: Received message <Hello:> from Peer_12:basic
Peer_17:basic INFO 3.9759279963287826: Connecting to Peer_15:basic
Peer_17:basic INFO 4.097135314738646: Received message <Hello:> from Peer_8:basic
Peer_17:basic INFO 4.097135314738646: Connecting to Peer_8:basic
Peer_17:basic INFO 4.097135314738646: Sending message <Hello:> to Peer_8:basic
Peer_17:basic INFO 4.126656848013811: Received message <Hello:> from Peer_13:basic
Peer_17:basic INFO 4.126656848013811: Connecting to Peer_13:basic
Peer_17:basic INFO 4.126656848013811: Sending message <Hello:> to Peer_13:basic
Peer_17:basic INFO 4.167444723363182: Connecting to Peer_10:basic
Peer_17:basic INFO 4.271771823780645: Connecting to Peer_19:basic
Peer_17:basic INFO 4.31542634769682: Received message <Hello:> from Peer_18:basic
Peer_17:basic INFO 4.336316811646557: Connecting to Peer_3:basic
Peer_17:basic INFO 4.373701771484432: Connecting to Peer_14:basic
Peer_17:basic INFO 4.671260314596864: Received message <Hello:> from Peer_2:basic
Peer_17:basic INFO 4.671260314596864: Connecting to Peer_2:basic
Peer_17:basic INFO 4.671260314596864: Sending message <Hello:> to Peer_2:basic
Peer_17:basic INFO 4.712135926280119: Received message <Hello:> from Peer_16:basic
Peer_17:basic INFO 4.712135926280119: Connecting to Peer_16:basic
Peer_17:basic INFO 4.712135926280119: Sending message <Hello:> to Peer_16:basic
Peer_17:basic INFO 4.919301101901895: Connecting to Peer_6:basic
Peer_17:basic INFO 5.102967693443766: Received message <Hello:> from Peer_2:basic
Peer_17:basic INFO 5.102967693443766: Connecting to Peer_2:basic
Peer_17:basic INFO 5.102967693443766: Sending message <Hello:> to Peer_2:basic
Peer_17:basic INFO 5.140495120998492: Received message <Hello:> from Peer_6:basic
Peer_17:basic INFO 5.196829025179755: Received message <Hello:> from Peer_14:basic
Peer_17:basic INFO 5.367244704881979: Received message <Hello:> from Peer_15:basic
Peer_17:basic INFO 5.457302755189914: Received message <Hello:> from Peer_7:basic
Peer_17:basic INFO 5.457302755189914: Connecting to Peer_7:basic
Peer_17:basic INFO 5.457302755189914: Sending message <Hello:> to Peer_7:basic
Peer_17:basic INFO 5.530362782581044: Received message <Hello:> from Peer_10:basic
Peer_17:basic INFO 5.573284544014134: Received message <Hello:> from Peer_19:basic
Peer_17:basic INFO 5.585271961966974: Connecting to Peer_11:basic
Peer_17:basic INFO 5.934548225321203: Received message <Hello:> from Peer_11:basic
Peer_17:basic INFO 6.188447184068613: Received message <Hello:> from Peer_3:basic
Peer_17:basic INFO 6.975045883641153: Received message <Hello:> from Peer_1:basic
Peer_17:basic INFO 6.975045883641153: Connecting to Peer_1:basic
Peer_17:basic INFO 6.975045883641153: Sending message <Hello:> to Peer_1:basic
Peer_17:basic INFO 7.365332699536967: Received message <Hello:> from Peer_9:basic
Peer_17:basic INFO 7.365332699536967: Connecting to Peer_9:basic
Peer_17:basic INFO 7.365332699536967: Sending message <Hello:> to Peer_9:basic
Peer_17:basic INFO 7.419480953059123: Received message <Hello:> from Peer_19:basic
Peer_17:basic INFO 8.84456137800648: Received message <Hello:> from Peer_12:basic
Peer_17:basic INFO 8.89970094744427: Received message <Hello:> from Peer_18:basic
Peer_17:basic INFO 9.815308174651856: Received message <Hello:> from Peer_3:basic
Peer_17:basic INFO 9.924263121226405: Received message <Hello:> from Peer_11:basic
Peer_17:basic INFO 10.190077132036077: Received message <Hello:> from Peer_6:basic
Peer_17:basic INFO 10.469769982311112: Received message <Hello:> from Peer_14:basic
Peer_17:basic INFO 13.642737052284138: Received message <Hello:> from Peer_10:basic
Peer_17:basic INFO 15.32933480218261: Received message <Hello:> from Peer_15:basic
Peer_17:basic INFO 1000: Sending message <Ping:> to Peer_4:basic
Peer_17:basic INFO 1000: Sending message <Ping:> to Peer_18:basic
Peer_17:basic INFO 1000: Sending message <Ping:> to Peer_12:basic
Peer_17:basic INFO 1000: Sending message <Ping:> to Peer_15:basic
Peer_17:basic INFO 1000: Sending message <Ping:> to Peer_8:basic
Peer_17:basic INFO 1000: Sending message <Ping:> to Peer_13:basic
Peer_17:basic INFO 1000: Sending message <Ping:> to Peer_10:basic
Peer_17:basic INFO 1000: Sending message <Ping:> to Peer_19:basic
Peer_17:basic INFO 1000: Sending message <Ping:> to Peer_3:basic
Peer_17:basic INFO 1000: Sending message <Ping:> to Peer_14:basic
Peer_17:basic INFO 1000: Sending message <Ping:> to Peer_2:basic
Peer_17:basic INFO 1000: Sending message <Ping:> to Peer_16:basic
Peer_17:basic INFO 1000: Sending message <Ping:> to Peer_6:basic
Peer_17:basic INFO 1000: Sending message <Ping:> to Peer_2:basic
Peer_17:basic INFO 1000: Sending message <Ping:> to Peer_7:basic
Peer_17:basic INFO 1000: Sending message <Ping:> to Peer_11:basic
Peer_17:basic INFO 1000: Sending message <Ping:> to Peer_1:basic
Peer_17:basic INFO 1000: Sending message <Ping:> to Peer_9:basic
Peer_17:basic INFO 1003.5339364089003: Received message <Ping:> from Peer_10:basic
Peer_17:basic INFO 1003.5339364089003: Sending message <Pong:> to Peer_10:basic
Peer_17:basic INFO 1003.7657350760319: Received message <Ping:> from Peer_12:basic
Peer_17:basic INFO 1003.7657350760319: Sending message <Pong:> to Peer_12:basic
Peer_17:basic INFO 1004.1005433618949: Received message <Ping:> from Peer_19:basic
Peer_17:basic INFO 1004.1005433618949: Sending message <Pong:> to Peer_19:basic
Peer_17:basic INFO 1004.2124836381515: Received message <Ping:> from Peer_15:basic
Peer_17:basic INFO 1004.2124836381515: Sending message <Pong:> to Peer_15:basic
Peer_17:basic INFO 1004.2143140343292: Received message <Ping:> from Peer_16:basic
Peer_17:basic INFO 1004.2143140343292: Sending message <Pong:> to Peer_16:basic
Peer_17:basic INFO 1004.6254666255322: Received message <Ping:> from Peer_2:basic
Peer_17:basic INFO 1004.6254666255322: Sending message <Pong:> to Peer_2:basic
Peer_17:basic INFO 1004.7153014272885: Received message <Ping:> from Peer_13:basic
Peer_17:basic INFO 1004.7153014272885: Sending message <Pong:> to Peer_13:basic
Peer_17:basic INFO 1004.8079368037086: Received message <Ping:> from Peer_9:basic
Peer_17:basic INFO 1004.8079368037086: Sending message <Pong:> to Peer_9:basic
Peer_17:basic INFO 1005.15158762828: Received message <Ping:> from Peer_1:basic
Peer_17:basic INFO 1005.15158762828: Sending message <Pong:> to Peer_1:basic
Peer_17:basic INFO 1005.1783510112953: Received message <Ping:> from Peer_14:basic
Peer_17:basic INFO 1005.1783510112953: Sending message <Pong:> to Peer_14:basic
Peer_17:basic INFO 1005.1922137947038: Received message <Ping:> from Peer_8:basic
Peer_17:basic INFO 1005.1922137947038: Sending message <Pong:> to Peer_8:basic
Peer_17:basic INFO 1005.2749370407895: Received message <Ping:> from Peer_4:basic
Peer_17:basic INFO 1005.2749370407895: Sending message <Pong:> to Peer_4:basic
Peer_17:basic INFO 1005.3802437356171: Received message <Ping:> from Peer_2:basic
Peer_17:basic INFO 1005.3802437356171: Sending message <Pong:> to Peer_2:basic
Peer_17:basic INFO 1005.435713127731: Received message <Ping:> from Peer_6:basic
Peer_17:basic INFO 1005.435713127731: Sending message <Pong:> to Peer_6:basic
Peer_17:basic INFO 1005.744249008962: Received message <Ping:> from Peer_7:basic
Peer_17:basic INFO 1005.744249008962: Sending message <Pong:> to Peer_7:basic
Peer_17:basic INFO 1006.4445874001382: Received message <Ping:> from Peer_18:basic
Peer_17:basic INFO 1006.4445874001382: Sending message <Pong:> to Peer_18:basic
Peer_17:basic INFO 1007.2460216284268: Received message <Ping:> from Peer_11:basic
Peer_17:basic INFO 1007.2460216284268: Sending message <Pong:> to Peer_11:basic
Peer_17:basic INFO 1007.6805286838909: Received message <Pong:> from Peer_9:basic
Peer_17:basic INFO 1008.1109095883959: Received message <Pong:> from Peer_2:basic
Peer_17:basic INFO 1008.125801473709: Received message <Pong:> from Peer_3:basic
Peer_17:basic INFO 1008.4877983644363: Received message <Pong:> from Peer_6:basic
Peer_17:basic INFO 1008.9399345115606: Received message <Pong:> from Peer_12:basic
Peer_17:basic INFO 1009.2399640576895: Received message <Pong:> from Peer_7:basic
Peer_17:basic INFO 1009.4607138182035: Received message <Pong:> from Peer_15:basic
Peer_17:basic INFO 1009.7790091036278: Received message <Pong:> from Peer_8:basic
Peer_17:basic INFO 1009.9361062322838: Received message <Pong:> from Peer_14:basic
Peer_17:basic INFO 1009.9620884964747: Received message <Pong:> from Peer_1:basic
Peer_17:basic INFO 1010.1468658219026: Received message <Pong:> from Peer_19:basic
Peer_17:basic INFO 1010.4043796699151: Received message <Pong:> from Peer_4:basic
Peer_17:basic INFO 1011.2674108919708: Received message <Pong:> from Peer_16:basic
Peer_17:basic INFO 1011.4579024299647: Received message <Pong:> from Peer_2:basic
Peer_17:basic INFO 1011.5155595280337: Received message <Pong:> from Peer_11:basic
Peer_17:basic INFO 1011.9412001992583: Received message <Pong:> from Peer_18:basic
Peer_17:basic INFO 1013.2681744678632: Received message <Ping:> from Peer_3:basic
Peer_17:basic INFO 1013.2681744678632: Sending message <Pong:> to Peer_3:basic
Peer_17:basic INFO 1014.7395860110106: Received message <Pong:> from Peer_10:basic
Peer_17:basic INFO 1016.3980761811567: Received message <Pong:> from Peer_13:basic
Peer_17:basic INFO 2000: Sending message <Ping:> to Peer_4:basic
Peer_17:basic INFO 2000: Sending message <Ping:> to Peer_18:basic
Peer_17:basic INFO 2000: Sending message <Ping:> to Peer_12:basic
Peer_17:basic INFO 2000: Sending message <Ping:> to Peer_15:basic
Peer_17:basic INFO 2000: Sending message <Ping:> to Peer_8:basic
Peer_17:basic INFO 2000: Sending message <Ping:> to Peer_13:basic
Peer_17:basic INFO 2000: Sending message <Ping:> to Peer_10:basic
Peer_17:basic INFO 2000: Sending message <Ping:> to Peer_19:basic
Peer_17:basic INFO 2000: Sending message <Ping:> to Peer_3:basic
Peer_17:basic INFO 2000: Sending message <Ping:> to Peer_14:basic
Peer_17:basic INFO 2000: Sending message <Ping:> to Peer_2:basic
Peer_17:basic INFO 2000: Sending message <Ping:> to Peer_16:basic
Peer_17:basic INFO 2000: Sending message <Ping:> to Peer_6:basic
Peer_17:basic INFO 2000: Sending message <Ping:> to Peer_2:basic
Peer_17:basic INFO 2000: Sending message <Ping:> to Peer_7:basic
Peer_17:basic INFO 2000: Sending message <Ping:> to Peer_11:basic
Peer_17:basic INFO 2000: Sending message <Ping:> to Peer_1:basic
Peer_17:basic INFO 2000: Sending message <Ping:> to Peer_9:basic
Peer_17:basic INFO 2002.2562714322933: Received message <Ping:> from Peer_2:basic
Peer_17:basic INFO 2002.2562714322933: Sending message <Pong:> to Peer_2:basic
Peer_17:basic INFO 2003.581693210179: Received message <Ping:> from Peer_4:basic
Peer_17:basic INFO 2003.581693210179: Sending message <Pong:> to Peer_4:basic
Peer_17:basic INFO 2004.0411454009495: Received message <Ping:> from Peer_16:basic
Peer_17:basic INFO 2004.0411454009495: Sending message <Pong:> to Peer_16:basic
Peer_17:basic INFO 2004.0616266750412: Received message <Ping:> from Peer_2:basic
Peer_17:basic INFO 2004.0616266750412: Sending message <Pong:> to Peer_2:basic
Peer_17:basic INFO 2004.134636390663: Received message <Ping:> from Peer_12:basic
Peer_17:basic INFO 2004.134636390663: Sending message <Pong:> to Peer_12:basic
Peer_17:basic INFO 2004.4900195387313: Received message <Ping:> from Peer_8:basic
Peer_17:basic INFO 2004.4900195387313: Sending message <Pong:> to Peer_8:basic
Peer_17:basic INFO 2004.597299216859: Received message <Ping:> from Peer_15:basic
Peer_17:basic INFO 2004.597299216859: Sending message <Pong:> to Peer_15:basic
Peer_17:basic INFO 2005.1558155140635: Received message <Ping:> from Peer_3:basic
Peer_17:basic INFO 2005.1558155140635: Sending message <Pong:> to Peer_3:basic
Peer_17:basic INFO 2005.4450881284183: Received message <Ping:> from Peer_19:basic
Peer_17:basic INFO 2005.4450881284183: Sending message <Pong:> to Peer_19:basic
Peer_17:basic INFO 2005.5534826541077: Received message <Ping:> from Peer_18:basic
Peer_17:basic INFO 2005.5534826541077: Sending message <Pong:> to Peer_18:basic
Peer_17:basic INFO 2005.8513689557492: Received message <Ping:> from Peer_11:basic
Peer_17:basic INFO 2005.8513689557492: Sending message <Pong:> to Peer_11:basic
Peer_17:basic INFO 2005.860898042841: Received message <Ping:> from Peer_14:basic
Peer_17:basic INFO 2005.860898042841: Sending message <Pong:> to Peer_14:basic
Peer_17:basic INFO 2006.1116954243644: Received message <Ping:> from Peer_13:basic
Peer_17:basic INFO 2006.1116954243644: Sending message <Pong:> to Peer_13:basic
Peer_17:basic INFO 2006.523853196983: Received message <Ping:> from Peer_7:basic
Peer_17:basic INFO 2006.523853196983: Sending message <Pong:> to Peer_7:basic
Peer_17:basic INFO 2007.0768394605357: Received message <Ping:> from Peer_6:basic
Peer_17:basic INFO 2007.0768394605357: Sending message <Pong:> to Peer_6:basic
Peer_17:basic INFO 2007.165871186734: Received message <Pong:> from Peer_10:basic
Peer_17:basic INFO 2007.2438852905523: Received message <Pong:> from Peer_7:basic
Peer_17:basic INFO 2007.4513627390716: Received message <Pong:> from Peer_8:basic
Peer_17:basic INFO 2007.5177412837593: Received message <Pong:> from Peer_6:basic
Peer_17:basic INFO 2007.7782202845112: Received message <Pong:> from Peer_11:basic
Peer_17:basic INFO 2008.8394169956355: Received message <Pong:> from Peer_2:basic
Peer_17:basic INFO 2008.9339482554687: Received message <Pong:> from Peer_18:basic
Peer_17:basic INFO 2009.4855209948955: Received message <Ping:> from Peer_10:basic
Peer_17:basic INFO 2009.4855209948955: Sending message <Pong:> to Peer_10:basic
Peer_17:basic INFO 2009.6925358204521: Received message <Pong:> from Peer_15:basic
Peer_17:basic INFO 2009.7770261894957: Received message <Pong:> from Peer_12:basic
Peer_17:basic INFO 2010.320357565755: Received message <Ping:> from Peer_9:basic
Peer_17:basic INFO 2010.320357565755: Sending message <Pong:> to Peer_9:basic
Peer_17:basic INFO 2010.4045195646797: Received message <Pong:> from Peer_19:basic
Peer_17:basic INFO 2010.8471605339832: Received message <Pong:> from Peer_4:basic
Peer_17:basic INFO 2011.1502561016262: Received message <Ping:> from Peer_1:basic
Peer_17:basic INFO 2011.1502561016262: Sending message <Pong:> to Peer_1:basic
Peer_17:basic INFO 2012.2276149457361: Received message <Pong:> from Peer_16:basic
Peer_17:basic INFO 2012.8347537816037: Received message <Pong:> from Peer_9:basic
Peer_17:basic INFO 2013.0521622876763: Received message <Pong:> from Peer_14:basic
Peer_17:basic INFO 2013.1763652458328: Received message <Pong:> from Peer_3:basic
Peer_17:basic INFO 2013.8656475256541: Received message <Pong:> from Peer_2:basic
Peer_17:basic INFO 2013.9929017990328: Received message <Pong:> from Peer_1:basic
Peer_17:basic INFO 2015.6434111658941: Received message <Pong:> from Peer_13:basic
Peer_17:basic INFO 3000: Sending message <Ping:> to Peer_4:basic
Peer_17:basic INFO 3000: Sending message <Ping:> to Peer_18:basic
Peer_17:basic INFO 3000: Sending message <Ping:> to Peer_12:basic
Peer_17:basic INFO 3000: Sending message <Ping:> to Peer_15:basic
Peer_17:basic INFO 3000: Sending message <Ping:> to Peer_8:basic
Peer_17:basic INFO 3000: Sending message <Ping:> to Peer_13:basic
Peer_17:basic INFO 3000: Sending message <Ping:> to Peer_10:basic
Peer_17:basic INFO 3000: Sending message <Ping:> to Peer_19:basic
Peer_17:basic INFO 3000: Sending message <Ping:> to Peer_3:basic
Peer_17:basic INFO 3000: Sending message <Ping:> to Peer_14:basic
Peer_17:basic INFO 3000: Sending message <Ping:> to Peer_2:basic
Peer_17:basic INFO 3000: Sending message <Ping:> to Peer_16:basic
Peer_17:basic INFO 3000: Sending message <Ping:> to Peer_6:basic
Peer_17:basic INFO 3000: Sending message <Ping:> to Peer_2:basic
Peer_17:basic INFO 3000: Sending message <Ping:> to Peer_7:basic
Peer_17:basic INFO 3000: Sending message <Ping:> to Peer_11:basic
Peer_17:basic INFO 3000: Sending message <Ping:> to Peer_1:basic
Peer_17:basic INFO 3000: Sending message <Ping:> to Peer_9:basic
Peer_17:basic INFO 3002.0103177043275: Received message <Ping:> from Peer_7:basic
Peer_17:basic INFO 3002.0103177043275: Sending message <Pong:> to Peer_7:basic
Peer_17:basic INFO 3003.2443833267753: Received message <Ping:> from Peer_10:basic
Peer_17:basic INFO 3003.2443833267753: Sending message <Pong:> to Peer_10:basic
Peer_17:basic INFO 3003.5927982218777: Received message <Ping:> from Peer_2:basic
Peer_17:basic INFO 3003.5927982218777: Sending message <Pong:> to Peer_2:basic
Peer_17:basic INFO 3003.6465660278686: Received message <Ping:> from Peer_18:basic
Peer_17:basic INFO 3003.6465660278686: Sending message <Pong:> to Peer_18:basic
Peer_17:basic INFO 3003.7098768105434: Received message <Ping:> from Peer_16:basic
Peer_17:basic INFO 3003.7098768105434: Sending message <Pong:> to Peer_16:basic
Peer_17:basic INFO 3004.2114083768615: Received message <Ping:> from Peer_19:basic
Peer_17:basic INFO 3004.2114083768615: Sending message <Pong:> to Peer_19:basic
Peer_17:basic INFO 3004.248169168819: Received message <Ping:> from Peer_1:basic
Peer_17:basic INFO 3004.248169168819: Sending message <Pong:> to Peer_1:basic
Peer_17:basic INFO 3004.626069874993: Received message <Ping:> from Peer_8:basic
Peer_17:basic INFO 3004.626069874993: Sending message <Pong:> to Peer_8:basic
Peer_17:basic INFO 3004.815386620197: Received message <Ping:> from Peer_11:basic
Peer_17:basic INFO 3004.815386620197: Sending message <Pong:> to Peer_11:basic
Peer_17:basic INFO 3004.8710849819863: Received message <Ping:> from Peer_6:basic
Peer_17:basic INFO 3004.8710849819863: Sending message <Pong:> to Peer_6:basic
Peer_17:basic INFO 3004.9811525986606: Received message <Ping:> from Peer_15:basic
Peer_17:basic INFO 3004.9811525986606: Sending message <Pong:> to Peer_15:basic
Peer_17:basic INFO 3004.993930356791: Received message <Ping:> from Peer_4:basic
Peer_17:basic INFO 3004.993930356791: Sending message <Pong:> to Peer_4:basic
Peer_17:basic INFO 3005.0086818729965: Received message <Ping:> from Peer_13:basic
Peer_17:basic INFO 3005.0086818729965: Sending message <Pong:> to Peer_13:basic
Peer_17:basic INFO 3005.0126235056914: Received message <Ping:> from Peer_12:basic
Peer_17:basic INFO 3005.0126235056914: Sending message <Pong:> to Peer_12:basic
Peer_17:basic INFO 3006.141106470049: Received message <Ping:> from Peer_14:basic
Peer_17:basic INFO 3006.141106470049: Sending message <Pong:> to Peer_14:basic
Peer_17:basic INFO 3006.583341806417: Received message <Ping:> from Peer_2:basic
Peer_17:basic INFO 3006.583341806417: Sending message <Pong:> to Peer_2:basic
Peer_17:basic INFO 3006.9771640198737: Received message <Ping:> from Peer_9:basic
Peer_17:basic INFO 3006.9771640198737: Sending message <Pong:> to Peer_9:basic
Peer_17:basic INFO 3007.24917455392: Received message <Ping:> from Peer_3:basic
Peer_17:basic INFO 3007.24917455392: Sending message <Pong:> to Peer_3:basic
Peer_17:basic INFO 3007.7107032379276: Received message <Pong:> from Peer_2:basic
Peer_17:basic INFO 3007.9391002845455: Received message <Pong:> from Peer_19:basic
Peer_17:basic INFO 3008.3043490268687: Received message <Pong:> from Peer_6:basic
Peer_17:basic INFO 3008.3105028108494: Received message <Pong:> from Peer_8:basic
Peer_17:basic INFO 3008.981623251105: Received message <Pong:> from Peer_1:basic
Peer_17:basic INFO 3009.2587799005883: Received message <Pong:> from Peer_2:basic
Peer_17:basic INFO 3009.5219186079057: Received message <Pong:> from Peer_12:basic
Peer_17:basic INFO 3009.559325419507: Received message <Pong:> from Peer_11:basic
Peer_17:basic INFO 3009.74929442624: Received message <Pong:> from Peer_4:basic
Peer_17:basic INFO 3010.1722944171734: Received message <Pong:> from Peer_13:basic
Peer_17:basic INFO 3010.506001396866: Received message <Pong:> from Peer_3:basic
Peer_17:basic INFO 3010.8197791764064: Received message <Pong:> from Peer_14:basic
Peer_17:basic INFO 3011.622274506708: Received message <Pong:> from Peer_18:basic
Peer_17:basic INFO 3012.1370406206393: Received message <Pong:> from Peer_7:basic
Peer_17:basic INFO 3013.1696563068635: Received message <Pong:> from Peer_15:basic
Peer_17:basic INFO 3015.370819834177: Received message <Pong:> from Peer_9:basic
Peer_17:basic INFO 3017.0016747982663: Received message <Pong:> from Peer_10:basic
Peer_17:basic INFO 3019.040651098859: Received message <Pong:> from Peer_16:basic
Peer_17:basic INFO 4000: Sending message <Ping:> to Peer_4:basic
Peer_17:basic INFO 4000: Sending message <Ping:> to Peer_18:basic
Peer_17:basic INFO 4000: Sending message <Ping:> to Peer_12:basic
Peer_17:basic INFO 4000: Sending message <Ping:> to Peer_15:basic
Peer_17:basic INFO 4000: Sending message <Ping:> to Peer_8:basic
Peer_17:basic INFO 4000: Sending message <Ping:> to Peer_13:basic
Peer_17:basic INFO 4000: Sending message <Ping:> to Peer_10:basic
Peer_17:basic INFO 4000: Sending message <Ping:> to Peer_19:basic
Peer_17:basic INFO 4000: Sending message <Ping:> to Peer_3:basic
Peer_17:basic INFO 4000: Sending message <Ping:> to Peer_14:basic
Peer_17:basic INFO 4000: Sending message <Ping:> to Peer_2:basic
Peer_17:basic INFO 4000: Sending message <Ping:> to Peer_16:basic
Peer_17:basic INFO 4000: Sending message <Ping:> to Peer_6:basic
Peer_17:basic INFO 4000: Sending message <Ping:> to Peer_2:basic
Peer_17:basic INFO 4000: Sending message <Ping:> to Peer_7:basic
Peer_17:basic INFO 4000: Sending message <Ping:> to Peer_11:basic
Peer_17:basic INFO 4000: Sending message <Ping:> to Peer_1:basic
Peer_17:basic INFO 4000: Sending message <Ping:> to Peer_9:basic
Peer_17:basic INFO 4001.6480094869758: Received message <Ping:> from Peer_7:basic
Peer_17:basic INFO 4001.6480094869758: Sending message <Pong:> to Peer_7:basic
Peer_17:basic INFO 4002.0571327195807: Received message <Ping:> from Peer_9:basic
Peer_17:basic INFO 4002.0571327195807: Sending message <Pong:> to Peer_9:basic
Peer_17:basic INFO 4002.521032434061: Received message <Ping:> from Peer_3:basic
Peer_17:basic INFO 4002.521032434061: Sending message <Pong:> to Peer_3:basic
Peer_17:basic INFO 4003.7770865496063: Received message <Ping:> from Peer_13:basic
Peer_17:basic INFO 4003.7770865496063: Sending message <Pong:> to Peer_13:basic
Peer_17:basic INFO 4004.2240011611184: Received message <Ping:> from Peer_10:basic
Peer_17:basic INFO 4004.2240011611184: Sending message <Pong:> to Peer_10:basic
Peer_17:basic INFO 4004.41354921969: Received message <Ping:> from Peer_16:basic
Peer_17:basic INFO 4004.41354921969: Sending message <Pong:> to Peer_16:basic
Peer_17:basic INFO 4004.4224504592553: Received message <Ping:> from Peer_4:basic
Peer_17:basic INFO 4004.4224504592553: Sending message <Pong:> to Peer_4:basic
Peer_17:basic INFO 4004.438359806773: Received message <Ping:> from Peer_2:basic
Peer_17:basic INFO 4004.438359806773: Sending message <Pong:> to Peer_2:basic
Peer_17:basic INFO 4004.612041850385: Received message <Ping:> from Peer_14:basic
Peer_17:basic INFO 4004.612041850385: Sending message <Pong:> to Peer_14:basic
Peer_17:basic INFO 4004.8799081741327: Received message <Ping:> from Peer_18:basic
Peer_17:basic INFO 4004.8799081741327: Sending message <Pong:> to Peer_18:basic
Peer_17:basic INFO 4004.968857395274: Received message <Ping:> from Peer_11:basic
Peer_17:basic INFO 4004.968857395274: Sending message <Pong:> to Peer_11:basic
Peer_17:basic INFO 4005.1326590298195: Received message <Ping:> from Peer_19:basic
Peer_17:basic INFO 4005.1326590298195: Sending message <Pong:> to Peer_19:basic
Peer_17:basic INFO 4005.2013833408673: Received message <Ping:> from Peer_6:basic
Peer_17:basic INFO 4005.2013833408673: Sending message <Pong:> to Peer_6:basic
Peer_17:basic INFO 4005.342907664591: Received message <Ping:> from Peer_12:basic
Peer_17:basic INFO 4005.342907664591: Sending message <Pong:> to Peer_12:basic
Peer_17:basic INFO 4005.433159260541: Received message <Ping:> from Peer_8:basic
Peer_17:basic INFO 4005.433159260541: Sending message <Pong:> to Peer_8:basic
Peer_17:basic INFO 4005.5368185743623: Received message <Ping:> from Peer_1:basic
Peer_17:basic INFO 4005.5368185743623: Sending message <Pong:> to Peer_1:basic
Peer_17:basic INFO 4007.568134189063: Received message <Pong:> from Peer_2:basic
Peer_17:basic INFO 4007.8411506641187: Received message <Ping:> from Peer_15:basic
Peer_17:basic INFO 4007.8411506641187: Sending message <Pong:> to Peer_15:basic
Peer_17:basic INFO 4008.720279836638: Received message <Pong:> from Peer_10:basic
Peer_17:basic INFO 4008.798534130262: Received message <Pong:> from Peer_2:basic
Peer_17:basic INFO 4009.667595112079: Received message <Pong:> from Peer_6:basic
Peer_17:basic INFO 4009.7572269205584: Received message <Pong:> from Peer_4:basic
Peer_17:basic INFO 4009.8175945685466: Received message <Pong:> from Peer_8:basic
Peer_17:basic INFO 4009.85275371234: Received message <Ping:> from Peer_2:basic
Peer_17:basic INFO 4009.85275371234: Sending message <Pong:> to Peer_2:basic
Peer_17:basic INFO 4009.8710606936024: Received message <Pong:> from Peer_9:basic
Peer_17:basic INFO 4009.9258046455457: Received message <Pong:> from Peer_12:basic
Peer_17:basic INFO 4010.0428930750572: Received message <Pong:> from Peer_1:basic
Peer_17:basic INFO 4010.507902255344: Received message <Pong:> from Peer_11:basic
Peer_17:basic INFO 4011.1876555379517: Received message <Pong:> from Peer_14:basic
Peer_17:basic INFO 4011.7730301298657: Received message <Pong:> from Peer_18:basic
Peer_17:basic INFO 4011.8208522991467: Received message <Pong:> from Peer_19:basic
Peer_17:basic INFO 4011.908621209504: Received message <Pong:> from Peer_3:basic
Peer_17:basic INFO 4011.932035098467: Received message <Pong:> from Peer_16:basic
Peer_17:basic INFO 4014.163702459239: Received message <Pong:> from Peer_13:basic
Peer_17:basic INFO 4014.8278516668365: Received message <Pong:> from Peer_15:basic
Peer_17:basic INFO 4016.490459518262: Received message <Pong:> from Peer_7:basic
