Peer_14:basic INFO 4.196594050103611: Received message <Hello:> from Peer_2:basic
Peer_14:basic INFO 4.196594050103611: Connecting to Peer_2:basic
Peer_14:basic INFO 4.196594050103611: Sending message <Hello:> to Peer_2:basic
Peer_14:basic INFO 4.228539310955251: Connecting to Peer_18:basic
Peer_14:basic INFO 4.373701771484432: Received message <Hello:> from Peer_17:basic
Peer_14:basic INFO 4.373701771484432: Connecting to Peer_17:basic
Peer_14:basic INFO 4.373701771484432: Sending message <Hello:> to Peer_17:basic
Peer_14:basic INFO 4.389478260401885: Received message <Hello:> from Peer_13:basic
Peer_14:basic INFO 4.389478260401885: Connecting to Peer_13:basic
Peer_14:basic INFO 4.389478260401885: Sending message <Hello:> to Peer_13:basic
Peer_14:basic INFO 4.54541629144687: Received message <Hello:> from Peer_16:basic
Peer_14:basic INFO 4.54541629144687: Connecting to Peer_16:basic
Peer_14:basic INFO 4.54541629144687: Sending message <Hello:> to Peer_16:basic
Peer_14:basic INFO 4.581666397618244: Connecting to Peer_12:basic
Peer_14:basic INFO 4.609879293545673: Connecting to Peer_9:basic
Peer_14:basic INFO 4.717320423436708: Received message <Hello:> from Peer_18:basic
Peer_14:basic INFO 4.774173481998283: Received message <Hello:> from Peer_5:basic
Peer_14:basic INFO 4.774173481998283: Connecting to Peer_5:basic
Peer_14:basic INFO 4.774173481998283: Sending message <Hello:> to Peer_5:basic
Peer_14:basic INFO 4.882148209410679: Received message <Hello:> from Peer_9:basic
Peer_14:basic INFO 4.925688207492703: Connecting to Peer_11:basic
Peer_14:basic INFO 4.9575420011633655: Received message <Hello:> from Peer_19:basic
Peer_14:basic INFO 4.9575420011633655: Connecting to Peer_19:basic
Peer_14:basic INFO 4.9575420011633655: Sending message <Hello:> to Peer_19:basic
Peer_14:basic INFO 4.972022069943255: Received message <Hello:> from Peer_12:basic
Peer_14:basic INFO 5.0211650896786475: Received message <Hello:> from Peer_11:basic
Peer_14:basic INFO 5.029367825131181: Connecting to Peer_2:basic
Peer_14:basic INFO 5.102947591492631: Received message <Hello:> from Peer_10:basic
Peer_14:basic INFO 5.102947591492631: Connecting to Peer_10:basic
Peer_14:basic INFO 5.102947591492631: Sending message <Hello:> to Peer_10:basic
Peer_14:basic INFO 5.149535162621962: Received message <Hello:> from Peer_15:basic
Peer_14:basic INFO 5.149535162621962: Connecting to Peer_15:basic
Peer_14:basic INFO 5.149535162621962: Sending message <Hello:> to Peer_15:basic
Peer_14:basic INFO 5.269007867883301: Connecting to Peer_3:basic
Peer_14:basic INFO 5.310735182177535: Received message <Hello:> from Peer_2:basic
Peer_14:basic INFO 5.502375406967958: Received message <Hello:> from Peer_3:basic
Peer_14:basic INFO 7.74985251685048: Received message <Hello:> from Peer_9:basic
Peer_14:basic INFO 9.273698624312292: Received message <Hello:> from Peer_3:basic
Peer_14:basic INFO 9.379340857279756: Received message <Hello:> from Peer_18:basic
Peer_14:basic INFO 9.779610884039283: Received message <Hello:> from Peer_11:basic
Peer_14:basic INFO 9.958034122858077: Received message <Hello:> from Peer_12:basic
Peer_14:basic INFO 10.104974308584305: Received message <Hello:> from Peer_2:basic
Peer_14:basic INFO 1000: Sending message <Ping:> to Peer_2:basic
Peer_14:basic INFO 1000: Sending message <Ping:> to Peer_18:basic
Peer_14:basic INFO 1000: Sending message <Ping:> to Peer_17:basic
Peer_14:basic INFO 1000: Sending message <Ping:> to Peer_13:basic
Peer_14:basic INFO 1000: Sending message <Ping:> to Peer_16:basic
Peer_14:basic INFO 1000: Sending message <Ping:> to Peer_12:basic
Peer_14:basic INFO 1000: Sending message <Ping:> to Peer_9:basic
Peer_14:basic INFO 1000: Sending message <Ping:> to Peer_5:basic
Peer_14:basic INFO 1000: Sending message <Ping:> to Peer_11:basic
Peer_14:basic INFO 1000: Sending message <Ping:> to Peer_19:basic
Peer_14:basic INFO 1000: Sending message <Ping:> to Peer_2:basic
Peer_14:basic INFO 1000: Sending message <Ping:> to Peer_10:basic
Peer_14:basic INFO 1000: Sending message <Ping:> to Peer_15:basic
Peer_14:basic INFO 1000: Sending message <Ping:> to Peer_3:basic
Peer_14:basic INFO 1003.6008910988094: Received message <Ping:> from Peer_9:basic
Peer_14:basic INFO 1003.6008910988094: Sending message <Pong:> to Peer_9:basic
Peer_14:basic INFO 1003.9061536542594: Received message <Ping:> from Peer_3:basic
Peer_14:basic INFO 1003.9061536542594: Sending message <Pong:> to Peer_3:basic
Peer_14:basic INFO 1004.5389007285113: Received message <Ping:> from Peer_13:basic
Peer_14:basic INFO 1004.5389007285113: Sending message <Pong:> to Peer_13:basic
Peer_14:basic INFO 1004.7267862018667: Received message <Ping:> from Peer_18:basic
Peer_14:basic INFO 1004.7267862018667: Sending message <Pong:> to Peer_18:basic
Peer_14:basic INFO 1004.7587423938666: Received message <Ping:> from Peer_12:basic
Peer_14:basic INFO 1004.7587423938666: Sending message <Pong:> to Peer_12:basic
Peer_14:basic INFO 1004.7598077894326: Received message <Ping:> from Peer_11:basic
Peer_14:basic INFO 1004.7598077894326: Sending message <Pong:> to Peer_11:basic
Peer_14:basic INFO 1004.8502824254073: Received message <Ping:> from Peer_5:basic
Peer_14:basic INFO 1004.8502824254073: Sending message <Pong:> to Peer_5:basic
Peer_14:basic INFO 1005.0784702855112: Received message <Ping:> from Peer_19:basic
Peer_14:basic INFO 1005.0784702855112: Sending message <Pong:> to Peer_19:basic
Peer_14:basic INFO 1005.140603911843: Received message <Ping:> from Peer_2:basic
Peer_14:basic INFO 1005.140603911843: Sending message <Pong:> to Peer_2:basic
Peer_14:basic INFO 1005.5213019067569: Received message <Ping:> from Peer_16:basic
Peer_14:basic INFO 1005.5213019067569: Sending message <Pong:> to Peer_16:basic
Peer_14:basic INFO 1005.858711463139: Received message <Ping:> from Peer_2:basic
Peer_14:basic INFO 1005.858711463139: Sending message <Pong:> to Peer_2:basic
Peer_14:basic INFO 1006.0007350216198: Received message <Ping:> from Peer_17:basic
Peer_14:basic INFO 1006.0007350216198: Sending message <Pong:> to Peer_17:basic
Peer_14:basic INFO 1006.309650274352: Received message <Ping:> from Peer_10:basic
Peer_14:basic INFO 1006.309650274352: Sending message <Pong:> to Peer_10:basic
Peer_14:basic INFO 1006.6046478032359: Received message <Pong:> from Peer_13:basic
Peer_14:basic INFO 1006.8294071500965: Received message <Ping:> from Peer_15:basic
Peer_14:basic INFO 1006.8294071500965: Sending message <Pong:> to Peer_15:basic
Peer_14:basic INFO 1007.5847994708045: Received message <Pong:> from Peer_10:basic
Peer_14:basic INFO 1008.8329272474834: Received message <Pong:> from Peer_9:basic
Peer_14:basic INFO 1009.139190666165: Received message <Pong:> from Peer_3:basic
Peer_14:basic INFO 1009.8406029499287: Received message <Pong:> from Peer_11:basic
Peer_14:basic INFO 1009.9054054343234: Received message <Pong:> from Peer_12:basic
Peer_14:basic INFO 1009.975554528464: Received message <Pong:> from Peer_5:basic
Peer_14:basic INFO 1010.005856430451: Received message <Pong:> from Peer_17:basic
Peer_14:basic INFO 1010.1687316289381: Received message <Pong:> from Peer_2:basic
Peer_14:basic INFO 1010.2128062792767: Received message <Pong:> from Peer_19:basic
Peer_14:basic INFO 1010.3905190981337: Received message <Pong:> from Peer_18:basic
Peer_14:basic INFO 1010.8257388636292: Received message <Pong:> from Peer_16:basic
Peer_14:basic INFO 1012.1000116050528: Received message <Pong:> from Peer_2:basic
Peer_14:basic INFO 1012.9669005489359: Received message <Pong:> from Peer_15:basic
Peer_14:basic INFO 2000: Sending message <Ping:> to Peer_2:basic
Peer_14:basic INFO 2000: Sending message <Ping:> to Peer_18:basic
Peer_14:basic INFO 2000: Sending message <Ping:> to Peer_17:basic
Peer_14:basic INFO 2000: Sending message <Ping:> to Peer_13:basic
Peer_14:basic INFO 2000: Sending message <Ping:> to Peer_16:basic
Peer_14:basic INFO 2000: Sending message <Ping:> to Peer_12:basic
Peer_14:basic INFO 2000: Sending message <Ping:> to Peer_9:basic
Peer_14:basic INFO 2000: Sending message <Ping:> to Peer_5:basic
Peer_14:basic INFO 2000: Sending message <Ping:> to Peer_11:basic
Peer_14:basic INFO 2000: Sending message <Ping:> to Peer_19:basic
Peer_14:basic INFO 2000: Sending message <Ping:> to Peer_2:basic
Peer_14:basic INFO 2000: Sending message <Ping:> to Peer_10:basic
Peer_14:basic INFO 2000: Sending message <Ping:> to Peer_15:basic
Peer_14:basic INFO 2000: Sending message <Ping:> to Peer_3:basic
Peer_14:basic INFO 2003.2040230817286: Received message <Ping:> from Peer_15:basic
Peer_14:basic INFO 2003.2040230817286: Sending message <Pong:> to Peer_15:basic
Peer_14:basic INFO 2004.160414826494: Received message <Ping:> from Peer_13:basic
Peer_14:basic INFO 2004.160414826494: Sending message <Pong:> to Peer_13:basic
Peer_14:basic INFO 2004.5670432100746: Received message <Ping:> from Peer_10:basic
Peer_14:basic INFO 2004.5670432100746: Sending message <Pong:> to Peer_10:basic
Peer_14:basic INFO 2004.5793553735707: Received message <Ping:> from Peer_3:basic
Peer_14:basic INFO 2004.5793553735707: Sending message <Pong:> to Peer_3:basic
Peer_14:basic INFO 2004.6447380533023: Received message <Ping:> from Peer_2:basic
Peer_14:basic INFO 2004.6447380533023: Sending message <Pong:> to Peer_2:basic
Peer_14:basic INFO 2004.7310339187413: Received message <Ping:> from Peer_5:basic
Peer_14:basic INFO 2004.7310339187413: Sending message <Pong:> to Peer_5:basic
Peer_14:basic INFO 2004.9959162949044: Received message <Ping:> from Peer_18:basic
Peer_14:basic INFO 2004.9959162949044: Sending message <Pong:> to Peer_18:basic
Peer_14:basic INFO 2005.1627533024484: Received message <Ping:> from Peer_19:basic
Peer_14:basic INFO 2005.1627533024484: Sending message <Pong:> to Peer_19:basic
Peer_14:basic INFO 2005.210070506428: Received message <Ping:> from Peer_12:basic
Peer_14:basic INFO 2005.210070506428: Sending message <Pong:> to Peer_12:basic
Peer_14:basic INFO 2005.4551851880924: Received message <Ping:> from Peer_11:basic
Peer_14:basic INFO 2005.4551851880924: Sending message <Pong:> to Peer_11:basic
Peer_14:basic INFO 2006.3060955320527: Received message <Ping:> from Peer_17:basic
Peer_14:basic INFO 2006.3060955320527: Sending message <Pong:> to Peer_17:basic
Peer_14:basic INFO 2006.4570405535226: Received message <Ping:> from Peer_9:basic
Peer_14:basic INFO 2006.4570405535226: Sending message <Pong:> to Peer_9:basic
Peer_14:basic INFO 2006.8717319117563: Received message <Ping:> from Peer_16:basic
Peer_14:basic INFO 2006.8717319117563: Sending message <Pong:> to Peer_16:basic
Peer_14:basic INFO 2007.0470515163736: Received message <Ping:> from Peer_2:basic
Peer_14:basic INFO 2007.0470515163736: Sending message <Pong:> to Peer_2:basic
Peer_14:basic INFO 2008.2272786480262: Received message <Pong:> from Peer_15:basic
Peer_14:basic INFO 2008.6385500649255: Received message <Pong:> from Peer_3:basic
Peer_14:basic INFO 2008.9367812517994: Received message <Pong:> from Peer_2:basic
Peer_14:basic INFO 2009.378083435108: Received message <Pong:> from Peer_19:basic
Peer_14:basic INFO 2009.7855941633243: Received message <Pong:> from Peer_10:basic
Peer_14:basic INFO 2009.7978744023176: Received message <Pong:> from Peer_11:basic
Peer_14:basic INFO 2009.8515291438378: Received message <Pong:> from Peer_2:basic
Peer_14:basic INFO 2009.8787386644383: Received message <Pong:> from Peer_13:basic
Peer_14:basic INFO 2009.996089953306: Received message <Pong:> from Peer_16:basic
Peer_14:basic INFO 2010.0913017757462: Received message <Pong:> from Peer_18:basic
Peer_14:basic INFO 2010.153839932733: Received message <Pong:> from Peer_5:basic
Peer_14:basic INFO 2010.3833364482145: Received message <Pong:> from Peer_9:basic
Peer_14:basic INFO 2010.6350917133977: Received message <Pong:> from Peer_12:basic
Peer_14:basic INFO 2011.1199294122598: Received message <Pong:> from Peer_17:basic
Peer_14:basic INFO 3000: Sending message <Ping:> to Peer_2:basic
Peer_14:basic INFO 3000: Sending message <Ping:> to Peer_18:basic
Peer_14:basic INFO 3000: Sending message <Ping:> to Peer_17:basic
Peer_14:basic INFO 3000: Sending message <Ping:> to Peer_13:basic
Peer_14:basic INFO 3000: Sending message <Ping:> to Peer_16:basic
Peer_14:basic INFO 3000: Sending message <Ping:> to Peer_12:basic
Peer_14:basic INFO 3000: Sending message <Ping:> to Peer_9:basic
Peer_14:basic INFO 3000: Sending message <Ping:> to Peer_5:basic
Peer_14:basic INFO 3000: Sending message <Ping:> to Peer_11:basic
Peer_14:basic INFO 3000: Sending message <Ping:> to Peer_19:basic
Peer_14:basic INFO 3000: Sending message <Ping:> to Peer_2:basic
Peer_14:basic INFO 3000: Sending message <Ping:> to Peer_10:basic
Peer_14:basic INFO 3000: Sending message <Ping:> to Peer_15:basic
Peer_14:basic INFO 3000: Sending message <Ping:> to Peer_3:basic
Peer_14:basic INFO 3003.5920145189043: Received message <Ping:> from Peer_3:basic
Peer_14:basic INFO 3003.5920145189043: Sending message <Pong:> to Peer_3:basic
Peer_14:basic INFO 3004.1882791606604: Received message <Ping:> from Peer_15:basic
Peer_14:basic INFO 3004.1882791606604: Sending message <Pong:> to Peer_15:basic
Peer_14:basic INFO 3004.469362512859: Received message <Ping:> from Peer_2:basic
Peer_14:basic INFO 3004.469362512859: Sending message <Pong:> to Peer_2:basic
Peer_14:basic INFO 3004.566417250575: Received message <Ping:> from Peer_19:basic
Peer_14:basic INFO 3004.566417250575: Sending message <Pong:> to Peer_19:basic
Peer_14:basic INFO 3004.7790189279594: Received message <Ping:> from Peer_16:basic
Peer_14:basic INFO 3004.7790189279594: Sending message <Pong:> to Peer_16:basic
Peer_14:basic INFO 3005.0195503911796: Received message <Ping:> from Peer_12:basic
Peer_14:basic INFO 3005.0195503911796: Sending message <Pong:> to Peer_12:basic
Peer_14:basic INFO 3005.127475560693: Received message <Ping:> from Peer_18:basic
Peer_14:basic INFO 3005.127475560693: Sending message <Pong:> to Peer_18:basic
Peer_14:basic INFO 3005.1747923360617: Received message <Ping:> from Peer_2:basic
Peer_14:basic INFO 3005.1747923360617: Sending message <Pong:> to Peer_2:basic
Peer_14:basic INFO 3005.2168494000603: Received message <Ping:> from Peer_5:basic
Peer_14:basic INFO 3005.2168494000603: Sending message <Pong:> to Peer_5:basic
Peer_14:basic INFO 3005.2867700263128: Received message <Ping:> from Peer_11:basic
Peer_14:basic INFO 3005.2867700263128: Sending message <Pong:> to Peer_11:basic
Peer_14:basic INFO 3005.4209359308643: Received message <Ping:> from Peer_10:basic
Peer_14:basic INFO 3005.4209359308643: Sending message <Pong:> to Peer_10:basic
Peer_14:basic INFO 3005.4916525096364: Received message <Ping:> from Peer_17:basic
Peer_14:basic INFO 3005.4916525096364: Sending message <Pong:> to Peer_17:basic
Peer_14:basic INFO 3005.632558932658: Received message <Ping:> from Peer_13:basic
Peer_14:basic INFO 3005.632558932658: Sending message <Pong:> to Peer_13:basic
Peer_14:basic INFO 3005.9828568492353: Received message <Ping:> from Peer_9:basic
Peer_14:basic INFO 3005.9828568492353: Sending message <Pong:> to Peer_9:basic
Peer_14:basic INFO 3007.7312719474694: Received message <Pong:> from Peer_15:basic
Peer_14:basic INFO 3009.3347522907347: Received message <Pong:> from Peer_5:basic
Peer_14:basic INFO 3009.347335475962: Received message <Pong:> from Peer_3:basic
Peer_14:basic INFO 3009.739498076951: Received message <Pong:> from Peer_19:basic
Peer_14:basic INFO 3009.7524006390377: Received message <Pong:> from Peer_13:basic
Peer_14:basic INFO 3009.7666387854783: Received message <Pong:> from Peer_11:basic
Peer_14:basic INFO 3009.8120305894445: Received message <Pong:> from Peer_10:basic
Peer_14:basic INFO 3009.870731030885: Received message <Pong:> from Peer_12:basic
Peer_14:basic INFO 3010.007247185863: Received message <Pong:> from Peer_18:basic
Peer_14:basic INFO 3010.0551869460155: Received message <Pong:> from Peer_2:basic
Peer_14:basic INFO 3010.114599873692: Received message <Pong:> from Peer_2:basic
Peer_14:basic INFO 3011.0567310873766: Received message <Pong:> from Peer_16:basic
Peer_14:basic INFO 3011.2451936361654: Received message <Pong:> from Peer_9:basic
Peer_14:basic INFO 3011.7595490979343: Received message <Pong:> from Peer_17:basic
Peer_14:basic INFO 4000: Sending message <Ping:> to Peer_2:basic
Peer_14:basic INFO 4000: Sending message <Ping:> to Peer_18:basic
Peer_14:basic INFO 4000: Sending message <Ping:> to Peer_17:basic
Peer_14:basic INFO 4000: Sending message <Ping:> to Peer_13:basic
Peer_14:basic INFO 4000: Sending message <Ping:> to Peer_16:basic
Peer_14:basic INFO 4000: Sending message <Ping:> to Peer_12:basic
Peer_14:basic INFO 4000: Sending message <Ping:> to Peer_9:basic
Peer_14:basic INFO 4000: Sending message <Ping:> to Peer_5:basic
Peer_14:basic INFO 4000: Sending message <Ping:> to Peer_11:basic
Peer_14:basic INFO 4000: Sending message <Ping:> to Peer_19:basic
Peer_14:basic INFO 4000: Sending message <Ping:> to Peer_2:basic
Peer_14:basic INFO 4000: Sending message <Ping:> to Peer_10:basic
Peer_14:basic INFO 4000: Sending message <Ping:> to Peer_15:basic
Peer_14:basic INFO 4000: Sending message <Ping:> to Peer_3:basic
Peer_14:basic INFO 4003.3584606776285: Received message <Ping:> from Peer_10:basic
Peer_14:basic INFO 4003.3584606776285: Sending message <Pong:> to Peer_10:basic
Peer_14:basic INFO 4004.0123635094524: Received message <Ping:> from Peer_13:basic
Peer_14:basic INFO 4004.0123635094524: Sending message <Pong:> to Peer_13:basic
Peer_14:basic INFO 4004.5977878548983: Received message <Ping:> from Peer_3:basic
Peer_14:basic INFO 4004.5977878548983: Sending message <Pong:> to Peer_3:basic
Peer_14:basic INFO 4004.60478373185: Received message <Ping:> from Peer_12:basic
Peer_14:basic INFO 4004.60478373185: Sending message <Pong:> to Peer_12:basic
Peer_14:basic INFO 4004.653010451696: Received message <Ping:> from Peer_9:basic
Peer_14:basic INFO 4004.653010451696: Sending message <Pong:> to Peer_9:basic
Peer_14:basic INFO 4004.7152986102724: Received message <Ping:> from Peer_18:basic
Peer_14:basic INFO 4004.7152986102724: Sending message <Pong:> to Peer_18:basic
Peer_14:basic INFO 4004.9879400338136: Received message <Ping:> from Peer_2:basic
Peer_14:basic INFO 4004.9879400338136: Sending message <Pong:> to Peer_2:basic
Peer_14:basic INFO 4005.0044250515825: Received message <Ping:> from Peer_11:basic
Peer_14:basic INFO 4005.0044250515825: Sending message <Pong:> to Peer_11:basic
Peer_14:basic INFO 4005.0199217486756: Received message <Ping:> from Peer_2:basic
Peer_14:basic INFO 4005.0199217486756: Sending message <Pong:> to Peer_2:basic
Peer_14:basic INFO 4005.161931018341: Received message <Ping:> from Peer_16:basic
Peer_14:basic INFO 4005.161931018341: Sending message <Pong:> to Peer_16:basic
Peer_14:basic INFO 4005.2986100557337: Received message <Ping:> from Peer_5:basic
Peer_14:basic INFO 4005.2986100557337: Sending message <Pong:> to Peer_5:basic
Peer_14:basic INFO 4005.4994113828084: Received message <Ping:> from Peer_19:basic
Peer_14:basic INFO 4005.4994113828084: Sending message <Pong:> to Peer_19:basic
Peer_14:basic INFO 4006.8852041211785: Received message <Pong:> from Peer_15:basic
Peer_14:basic INFO 4006.9383230048866: Received message <Ping:> from Peer_17:basic
Peer_14:basic INFO 4006.9383230048866: Sending message <Pong:> to Peer_17:basic
Peer_14:basic INFO 4007.4644970771747: Received message <Ping:> from Peer_15:basic
Peer_14:basic INFO 4007.4644970771747: Sending message <Pong:> to Peer_15:basic
Peer_14:basic INFO 4007.556732698823: Received message <Pong:> from Peer_9:basic
Peer_14:basic INFO 4008.9057357682836: Received message <Pong:> from Peer_2:basic
Peer_14:basic INFO 4009.4285498510276: Received message <Pong:> from Peer_5:basic
Peer_14:basic INFO 4009.8155258106076: Received message <Pong:> from Peer_17:basic
Peer_14:basic INFO 4009.964978490625: Received message <Pong:> from Peer_2:basic
Peer_14:basic INFO 4010.014194113145: Received message <Pong:> from Peer_11:basic
Peer_14:basic INFO 4010.021820147313: Received message <Pong:> from Peer_13:basic
Peer_14:basic INFO 4010.0986916268066: Received message <Pong:> from Peer_3:basic
Peer_14:basic INFO 4010.145011221655: Received message <Pong:> from Peer_18:basic
Peer_14:basic INFO 4010.155815707944: Received message <Pong:> from Peer_19:basic
Peer_14:basic INFO 4010.6972103365165: Received message <Pong:> from Peer_16:basic
Peer_14:basic INFO 4010.71035867415: Received message <Pong:> from Peer_12:basic
Peer_14:basic INFO 4010.8154535334916: Received message <Pong:> from Peer_10:basic
