Peer_5:basic INFO 3.6469137691069258: Connecting to Peer_1:basic
Peer_5:basic INFO 4.390571640622894: Received message <Hello:> from Peer_13:basic
Peer_5:basic INFO 4.390571640622894: Connecting to Peer_13:basic
Peer_5:basic INFO 4.390571640622894: Sending message <Hello:> to Peer_13:basic
Peer_5:basic INFO 4.580591708660059: Received message <Hello:> from Peer_1:basic
Peer_5:basic INFO 4.724615392657756: Received message <Hello:> from Peer_15:basic
Peer_5:basic INFO 4.724615392657756: Connecting to Peer_15:basic
Peer_5:basic INFO 4.724615392657756: Sending message <Hello:> to Peer_15:basic
Peer_5:basic INFO 4.766402585349319: Connecting to Peer_8:basic
Peer_5:basic INFO 4.774173481998283: Connecting to Peer_14:basic
Peer_5:basic INFO 4.787307213279401: Connecting to Peer_12:basic
Peer_5:basic INFO 4.876861115449515: Connecting to Peer_2:basic
Peer_5:basic INFO 4.900705255509464: Received message <Hello:> from Peer_4:basic
Peer_5:basic INFO 4.900705255509464: Connecting to Peer_4:basic
Peer_5:basic INFO 4.900705255509464: Sending message <Hello:> to Peer_4:basic
Peer_5:basic INFO 4.969198895901569: Received message <Hello:> from Peer_9:basic
Peer_5:basic INFO 4.969198895901569: Connecting to Peer_9:basic
Peer_5:basic INFO 4.969198895901569: Sending message <Hello:> to Peer_9:basic
Peer_5:basic INFO 5.00602947651015: Connecting to Peer_18:basic
Peer_5:basic INFO 5.043977561468196: Received message <Hello:> from Peer_8:basic
Peer_5:basic INFO 5.044299521050344: Received message <Hello:> from Peer_18:basic
Peer_5:basic INFO 5.0846604631949806: Received message <Hello:> from Peer_19:basic
Peer_5:basic INFO 5.0846604631949806: Connecting to Peer_19:basic
Peer_5:basic INFO 5.0846604631949806: Sending message <Hello:> to Peer_19:basic
Peer_5:basic INFO 5.094122522580453: Received message <Hello:> from Peer_12:basic
Peer_5:basic INFO 5.2418333180315555: Received message <Hello:> from Peer_14:basic
Peer_5:basic INFO 5.365599736933312: Received message <Hello:> from Peer_10:basic
Peer_5:basic INFO 5.365599736933312: Connecting to Peer_10:basic
Peer_5:basic INFO 5.365599736933312: Sending message <Hello:> to Peer_10:basic
Peer_5:basic INFO 5.58206160911405: Received message <Hello:> from Peer_2:basic
Peer_5:basic INFO 6.004375159347491: Received message <Hello:> from Peer_16:basic
Peer_5:basic INFO 6.004375159347491: Connecting to Peer_16:basic
Peer_5:basic INFO 6.004375159347491: Sending message <Hello:> to Peer_16:basic
Peer_5:basic INFO 9.525872826178805: Received message <Hello:> from Peer_8:basic
Peer_5:basic INFO 9.553340498876143: Received message <Hello:> from Peer_1:basic
Peer_5:basic INFO 9.725077318759702: Received message <Hello:> from Peer_18:basic
Peer_5:basic INFO 9.783457402058064: Received message <Hello:> from Peer_12:basic
Peer_5:basic INFO 9.885074905947162: Received message <Hello:> from Peer_2:basic
Peer_5:basic INFO 10.077043316619308: Received message <Hello:> from Peer_14:basic
Peer_5:basic INFO 1000: Sending message <Ping:> to Peer_1:basic
Peer_5:basic INFO 1000: Sending message <Ping:> to Peer_13:basic
Peer_5:basic INFO 1000: Sending message <Ping:> to Peer_15:basic
Peer_5:basic INFO 1000: Sending message <Ping:> to Peer_8:basic
Peer_5:basic INFO 1000: Sending message <Ping:> to Peer_14:basic
Peer_5:basic INFO 1000: Sending message <Ping:> to Peer_12:basic
Peer_5:basic INFO 1000: Sending message <Ping:> to Peer_2:basic
Peer_5:basic INFO 1000: Sending message <Ping:> to Peer_4:basic
Peer_5:basic INFO 1000: Sending message <Ping:> to Peer_9:basic
Peer_5:basic INFO 1000: Sending message <Ping:> to Peer_18:basic
Peer_5:basic INFO 1000: Sending message <Ping:> to Peer_19:basic
Peer_5:basic INFO 1000: Sending message <Ping:> to Peer_10:basic
Peer_5:basic INFO 1000: Sending message <Ping:> to Peer_16:basic
Peer_5:basic INFO 1003.8681176314265: Received message <Ping:> from Peer_9:basic
Peer_5:basic INFO 1003.8681176314265: Sending message <Pong:> to Peer_9:basic
Peer_5:basic INFO 1004.4698256964765: Received message <Ping:> from Peer_15:basic
Peer_5:basic INFO 1004.4698256964765: Sending message <Pong:> to Peer_15:basic
Peer_5:basic INFO 1004.7175514019876: Received message <Ping:> from Peer_16:basic
Peer_5:basic INFO 1004.7175514019876: Sending message <Pong:> to Peer_16:basic
Peer_5:basic INFO 1004.976629378305: Received message <Ping:> from Peer_13:basic
Peer_5:basic INFO 1004.976629378305: Sending message <Pong:> to Peer_13:basic
Peer_5:basic INFO 1005.0611936567053: Received message <Ping:> from Peer_4:basic
Peer_5:basic INFO 1005.0611936567053: Sending message <Pong:> to Peer_4:basic
Peer_5:basic INFO 1005.1255047998427: Received message <Ping:> from Peer_14:basic
Peer_5:basic INFO 1005.1255047998427: Sending message <Pong:> to Peer_14:basic
Peer_5:basic INFO 1005.1454668561233: Received message <Ping:> from Peer_12:basic
Peer_5:basic INFO 1005.1454668561233: Sending message <Pong:> to Peer_12:basic
Peer_5:basic INFO 1005.2242600017127: Received message <Ping:> from Peer_2:basic
Peer_5:basic INFO 1005.2242600017127: Sending message <Pong:> to Peer_2:basic
Peer_5:basic INFO 1005.2524928421999: Received message <Ping:> from Peer_18:basic
Peer_5:basic INFO 1005.2524928421999: Sending message <Pong:> to Peer_18:basic
Peer_5:basic INFO 1005.2589181661165: Received message <Ping:> from Peer_8:basic
Peer_5:basic INFO 1005.2589181661165: Sending message <Pong:> to Peer_8:basic
Peer_5:basic INFO 1005.3985759223483: Received message <Ping:> from Peer_19:basic
Peer_5:basic INFO 1005.3985759223483: Sending message <Pong:> to Peer_19:basic
Peer_5:basic INFO 1005.4300973106438: Received message <Ping:> from Peer_10:basic
Peer_5:basic INFO 1005.4300973106438: Sending message <Pong:> to Peer_10:basic
Peer_5:basic INFO 1006.0416122711185: Received message <Ping:> from Peer_1:basic
Peer_5:basic INFO 1006.0416122711185: Sending message <Pong:> to Peer_1:basic
Peer_5:basic INFO 1009.5230132795821: Received message <Pong:> from Peer_15:basic
Peer_5:basic INFO 1009.5954108674113: Received message <Pong:> from Peer_8:basic
Peer_5:basic INFO 1009.7356294520989: Received message <Pong:> from Peer_18:basic
Peer_5:basic INFO 1009.921528057723: Received message <Pong:> from Peer_19:basic
Peer_5:basic INFO 1009.958648139527: Received message <Pong:> from Peer_4:basic
Peer_5:basic INFO 1009.9715450051858: Received message <Pong:> from Peer_12:basic
Peer_5:basic INFO 1010.0607994274327: Received message <Pong:> from Peer_14:basic
Peer_5:basic INFO 1010.3160530175014: Received message <Pong:> from Peer_9:basic
Peer_5:basic INFO 1010.4620299443033: Received message <Pong:> from Peer_2:basic
Peer_5:basic INFO 1010.7886250219536: Received message <Pong:> from Peer_16:basic
Peer_5:basic INFO 1010.9285449672708: Received message <Pong:> from Peer_13:basic
Peer_5:basic INFO 1011.197690395882: Received message <Pong:> from Peer_10:basic
Peer_5:basic INFO 1012.4860333292161: Received message <Pong:> from Peer_1:basic
Peer_5:basic INFO 2000: Sending message <Ping:> to Peer_1:basic
Peer_5:basic INFO 2000: Sending message <Ping:> to Peer_13:basic
Peer_5:basic INFO 2000: Sending message <Ping:> to Peer_15:basic
Peer_5:basic INFO 2000: Sending message <Ping:> to Peer_8:basic
Peer_5:basic INFO 2000: Sending message <Ping:> to Peer_14:basic
Peer_5:basic INFO 2000: Sending message <Ping:> to Peer_12:basic
Peer_5:basic INFO 2000: Sending message <Ping:> to Peer_2:basic
Peer_5:basic INFO 2000: Sending message <Ping:> to Peer_4:basic
Peer_5:basic INFO 2000: Sending message <Ping:> to Peer_9:basic
Peer_5:basic INFO 2000: Sending message <Ping:> to Peer_18:basic
Peer_5:basic INFO 2000: Sending message <Ping:> to Peer_19:basic
Peer_5:basic INFO 2000: Sending message <Ping:> to Peer_10:basic
Peer_5:basic INFO 2000: Sending message <Ping:> to Peer_16:basic
Peer_5:basic INFO 2003.4657036169322: Received message <Ping:> from Peer_1:basic
Peer_5:basic INFO 2003.4657036169322: Sending message <Pong:> to Peer_1:basic
Peer_5:basic INFO 2003.7087177272633: Received message <Ping:> from Peer_13:basic
Peer_5:basic INFO 2003.7087177272633: Sending message <Pong:> to Peer_13:basic
Peer_5:basic INFO 2003.8270879952322: Received message <Ping:> from Peer_10:basic
Peer_5:basic INFO 2003.8270879952322: Sending message <Pong:> to Peer_10:basic
Peer_5:basic INFO 2004.5361787749544: Received message <Ping:> from Peer_9:basic
Peer_5:basic INFO 2004.5361787749544: Sending message <Pong:> to Peer_9:basic
Peer_5:basic INFO 2004.8497404842253: Received message <Ping:> from Peer_18:basic
Peer_5:basic INFO 2004.8497404842253: Sending message <Pong:> to Peer_18:basic
Peer_5:basic INFO 2004.956302744006: Received message <Ping:> from Peer_12:basic
Peer_5:basic INFO 2004.956302744006: Sending message <Pong:> to Peer_12:basic
Peer_5:basic INFO 2005.1122410491582: Received message <Ping:> from Peer_8:basic
Peer_5:basic INFO 2005.1122410491582: Sending message <Pong:> to Peer_8:basic
Peer_5:basic INFO 2005.1143118994673: Received message <Ping:> from Peer_2:basic
Peer_5:basic INFO 2005.1143118994673: Sending message <Pong:> to Peer_2:basic
Peer_5:basic INFO 2005.152112479111: Received message <Ping:> from Peer_4:basic
Peer_5:basic INFO 2005.152112479111: Sending message <Pong:> to Peer_4:basic
Peer_5:basic INFO 2005.1634431087869: Received message <Ping:> from Peer_14:basic
Peer_5:basic INFO 2005.1634431087869: Sending message <Pong:> to Peer_14:basic
Peer_5:basic INFO 2005.1697410356517: Received message <Ping:> from Peer_19:basic
Peer_5:basic INFO 2005.1697410356517: Sending message <Pong:> to Peer_19:basic
Peer_5:basic INFO 2005.814599637859: Received message <Ping:> from Peer_15:basic
Peer_5:basic INFO 2005.814599637859: Sending message <Pong:> to Peer_15:basic
Peer_5:basic INFO 2006.088110378899: Received message <Ping:> from Peer_16:basic
Peer_5:basic INFO 2006.088110378899: Sending message <Pong:> to Peer_16:basic
Peer_5:basic INFO 2007.0149401109131: Received message <Pong:> from Peer_16:basic
Peer_5:basic INFO 2007.7406480638003: Received message <Pong:> from Peer_9:basic
Peer_5:basic INFO 2007.8913721986844: Received message <Pong:> from Peer_13:basic
Peer_5:basic INFO 2009.361802525725: Received message <Pong:> from Peer_12:basic
Peer_5:basic INFO 2009.422918614572: Received message <Pong:> from Peer_8:basic
Peer_5:basic INFO 2009.4843602716128: Received message <Pong:> from Peer_1:basic
Peer_5:basic INFO 2009.8656826939507: Received message <Pong:> from Peer_10:basic
Peer_5:basic INFO 2009.9408997225403: Received message <Pong:> from Peer_18:basic
Peer_5:basic INFO 2010.0678522825842: Received message <Pong:> from Peer_14:basic
Peer_5:basic INFO 2010.3027608669208: Received message <Pong:> from Peer_4:basic
Peer_5:basic INFO 2010.6459464513746: Received message <Pong:> from Peer_19:basic
Peer_5:basic INFO 2010.6658097393451: Received message <Pong:> from Peer_2:basic
Peer_5:basic INFO 2011.8417299462353: Received message <Pong:> from Peer_15:basic
Peer_5:basic INFO 3000: Sending message <Ping:> to Peer_1:basic
Peer_5:basic INFO 3000: Sending message <Ping:> to Peer_13:basic
Peer_5:basic INFO 3000: Sending message <Ping:> to Peer_15:basic
Peer_5:basic INFO 3000: Sending message <Ping:> to Peer_8:basic
Peer_5:basic INFO 3000: Sending message <Ping:> to Peer_14:basic
Peer_5:basic INFO 3000: Sending message <Ping:> to Peer_12:basic
Peer_5:basic INFO 3000: Sending message <Ping:> to Peer_2:basic
Peer_5:basic INFO 3000: Sending message <Ping:> to Peer_4:basic
Peer_5:basic INFO 3000: Sending message <Ping:> to Peer_9:basic
Peer_5:basic INFO 3000: Sending message <Ping:> to Peer_18:basic
Peer_5:basic INFO 3000: Sending message <Ping:> to Peer_19:basic
Peer_5:basic INFO 3000: Sending message <Ping:> to Peer_10:basic
Peer_5:basic INFO 3000: Sending message <Ping:> to Peer_16:basic
Peer_5:basic INFO 3003.532633904066: Received message <Ping:> from Peer_13:basic
Peer_5:basic INFO 3003.532633904066: Sending message <Pong:> to Peer_13:basic
Peer_5:basic INFO 3003.979323038368: Received message <Ping:> from Peer_15:basic
Peer_5:basic INFO 3003.979323038368: Sending message <Pong:> to Peer_15:basic
Peer_5:basic INFO 3004.700698577366: Received message <Ping:> from Peer_1:basic
Peer_5:basic INFO 3004.700698577366: Sending message <Pong:> to Peer_1:basic
Peer_5:basic INFO 3004.7520636740655: Received message <Ping:> from Peer_12:basic
Peer_5:basic INFO 3004.7520636740655: Sending message <Pong:> to Peer_12:basic
Peer_5:basic INFO 3004.8990997399205: Received message <Ping:> from Peer_4:basic
Peer_5:basic INFO 3004.8990997399205: Sending message <Pong:> to Peer_4:basic
Peer_5:basic INFO 3004.9045085003286: Received message <Ping:> from Peer_19:basic
Peer_5:basic INFO 3004.9045085003286: Sending message <Pong:> to Peer_19:basic
Peer_5:basic INFO 3004.9934177999617: Received message <Ping:> from Peer_14:basic
Peer_5:basic INFO 3004.9934177999617: Sending message <Pong:> to Peer_14:basic
Peer_5:basic INFO 3005.0377949472245: Received message <Ping:> from Peer_2:basic
Peer_5:basic INFO 3005.0377949472245: Sending message <Pong:> to Peer_2:basic
Peer_5:basic INFO 3005.048781604406: Received message <Ping:> from Peer_8:basic
Peer_5:basic INFO 3005.048781604406: Sending message <Pong:> to Peer_8:basic
Peer_5:basic INFO 3005.14209212692: Received message <Ping:> from Peer_10:basic
Peer_5:basic INFO 3005.14209212692: Sending message <Pong:> to Peer_10:basic
Peer_5:basic INFO 3005.276071931341: Received message <Ping:> from Peer_16:basic
Peer_5:basic INFO 3005.276071931341: Sending message <Pong:> to Peer_16:basic
Peer_5:basic INFO 3005.3769375982547: Received message <Ping:> from Peer_18:basic
Peer_5:basic INFO 3005.3769375982547: Sending message <Pong:> to Peer_18:basic
Peer_5:basic INFO 3005.8621884264394: Received message <Ping:> from Peer_9:basic
Peer_5:basic INFO 3005.8621884264394: Sending message <Pong:> to Peer_9:basic
Peer_5:basic INFO 3006.2345774326423: Received message <Pong:> from Peer_1:basic
Peer_5:basic INFO 3007.2418365575545: Received message <Pong:> from Peer_16:basic
Peer_5:basic INFO 3007.856049042591: Received message <Pong:> from Peer_9:basic
Peer_5:basic INFO 3009.088475442209: Received message <Pong:> from Peer_10:basic
Peer_5:basic INFO 3009.4471268976713: Received message <Pong:> from Peer_8:basic
Peer_5:basic INFO 3009.6090622332604: Received message <Pong:> from Peer_4:basic
Peer_5:basic INFO 3009.6907874608073: Received message <Pong:> from Peer_19:basic
Peer_5:basic INFO 3009.805627262968: Received message <Pong:> from Peer_2:basic
Peer_5:basic INFO 3009.9711812743813: Received message <Pong:> from Peer_14:basic
Peer_5:basic INFO 3010.0575147479826: Received message <Pong:> from Peer_12:basic
Peer_5:basic INFO 3010.3067860286196: Received message <Pong:> from Peer_18:basic
Peer_5:basic INFO 3010.4868118663385: Received message <Pong:> from Peer_13:basic
Peer_5:basic INFO 3012.198587234908: Received message <Pong:> from Peer_15:basic
Peer_5:basic INFO 4000: Sending message <Ping:> to Peer_1:basic
Peer_5:basic INFO 4000: Sending message <Ping:> to Peer_13:basic
Peer_5:basic INFO 4000: Sending message <Ping:> to Peer_15:basic
Peer_5:basic INFO 4000: Sending message <Ping:> to Peer_8:basic
Peer_5:basic INFO 4000: Sending message <Ping:> to Peer_14:basic
Peer_5:basic INFO 4000: Sending message <Ping:> to Peer_12:basic
Peer_5:basic INFO 4000: Sending message <Ping:> to Peer_2:basic
Peer_5:basic INFO 4000: Sending message <Ping:> to Peer_4:basic
Peer_5:basic INFO 4000: Sending message <Ping:> to Peer_9:basic
Peer_5:basic INFO 4000: Sending message <Ping:> to Peer_18:basic
Peer_5:basic INFO 4000: Sending message <Ping:> to Peer_19:basic
Peer_5:basic INFO 4000: Sending message <Ping:> to Peer_10:basic
Peer_5:basic INFO 4000: Sending message <Ping:> to Peer_16:basic
Peer_5:basic INFO 4002.7426895673375: Received message <Ping:> from Peer_13:basic
Peer_5:basic INFO 4002.7426895673375: Sending message <Pong:> to Peer_13:basic
Peer_5:basic INFO 4003.3912585343514: Received message <Ping:> from Peer_1:basic
Peer_5:basic INFO 4003.3912585343514: Sending message <Pong:> to Peer_1:basic
Peer_5:basic INFO 4004.124103918708: Received message <Ping:> from Peer_10:basic
Peer_5:basic INFO 4004.124103918708: Sending message <Pong:> to Peer_10:basic
Peer_5:basic INFO 4004.609347227022: Received message <Ping:> from Peer_4:basic
Peer_5:basic INFO 4004.609347227022: Sending message <Pong:> to Peer_4:basic
Peer_5:basic INFO 4004.8255515593196: Received message <Ping:> from Peer_2:basic
Peer_5:basic INFO 4004.8255515593196: Sending message <Pong:> to Peer_2:basic
Peer_5:basic INFO 4004.82655694555: Received message <Ping:> from Peer_14:basic
Peer_5:basic INFO 4004.82655694555: Sending message <Pong:> to Peer_14:basic
Peer_5:basic INFO 4004.8706186036998: Received message <Ping:> from Peer_9:basic
Peer_5:basic INFO 4004.8706186036998: Sending message <Pong:> to Peer_9:basic
Peer_5:basic INFO 4004.933800035242: Received message <Ping:> from Peer_8:basic
Peer_5:basic INFO 4004.933800035242: Sending message <Pong:> to Peer_8:basic
Peer_5:basic INFO 4005.0749923254525: Received message <Ping:> from Peer_18:basic
Peer_5:basic INFO 4005.0749923254525: Sending message <Pong:> to Peer_18:basic
Peer_5:basic INFO 4005.1141369376273: Received message <Ping:> from Peer_12:basic
Peer_5:basic INFO 4005.1141369376273: Sending message <Pong:> to Peer_12:basic
Peer_5:basic INFO 4005.2353641491445: Received message <Ping:> from Peer_15:basic
Peer_5:basic INFO 4005.2353641491445: Sending message <Pong:> to Peer_15:basic
Peer_5:basic INFO 4005.271650241591: Received message <Ping:> from Peer_19:basic
Peer_5:basic INFO 4005.271650241591: Sending message <Pong:> to Peer_19:basic
Peer_5:basic INFO 4006.1493498400378: Received message <Ping:> from Peer_16:basic
Peer_5:basic INFO 4006.1493498400378: Sending message <Pong:> to Peer_16:basic
Peer_5:basic INFO 4009.1406685487304: Received message <Pong:> from Peer_1:basic
Peer_5:basic INFO 4009.2950807262364: Received message <Pong:> from Peer_19:basic
Peer_5:basic INFO 4009.4193619557486: Received message <Pong:> from Peer_10:basic
Peer_5:basic INFO 4009.4535733336043: Received message <Pong:> from Peer_18:basic
Peer_5:basic INFO 4009.57515643016: Received message <Pong:> from Peer_13:basic
Peer_5:basic INFO 4009.7571472083255: Received message <Pong:> from Peer_15:basic
Peer_5:basic INFO 4010.0867470847693: Received message <Pong:> from Peer_4:basic
Peer_5:basic INFO 4010.1791250315487: Received message <Pong:> from Peer_14:basic
Peer_5:basic INFO 4010.1941777745055: Received message <Pong:> from Peer_12:basic
Peer_5:basic INFO 4010.2001808559467: Received message <Pong:> from Peer_8:basic
Peer_5:basic INFO 4010.258750305609: Received message <Pong:> from Peer_2:basic
Peer_5:basic INFO 4011.2559402477864: Received message <Pong:> from Peer_16:basic
Peer_5:basic INFO 4013.8396679445586: Received message <Pong:> from Peer_9:basic
