Peer_13:basic INFO 1.9548586766140774: Connecting to Peer_9:basic
Peer_13:basic INFO 2.1674285949868515: Received message <Hello:> from Peer_3:basic
Peer_13:basic INFO 2.1674285949868515: Connecting to Peer_3:basic
Peer_13:basic INFO 2.1674285949868515: Sending message <Hello:> to Peer_3:basic
Peer_13:basic INFO 2.931266737985243: Received message <Hello:> from Peer_6:basic
Peer_13:basic INFO 2.931266737985243: Connecting to Peer_6:basic
Peer_13:basic INFO 2.931266737985243: Sending message <Hello:> to Peer_6:basic
Peer_13:basic INFO 3.6775195082924568: Received message <Hello:> from Peer_12:basic
Peer_13:basic INFO 3.6775195082924568: Connecting to Peer_12:basic
Peer_13:basic INFO 3.6775195082924568: Sending message <Hello:> to Peer_12:basic
Peer_13:basic INFO 3.954303461251813: Received message <Hello:> from Peer_4:basic
Peer_13:basic INFO 3.954303461251813: Connecting to Peer_4:basic
Peer_13:basic INFO 3.954303461251813: Sending message <Hello:> to Peer_4:basic
Peer_13:basic INFO 4.126656848013811: Connecting to Peer_17:basic
Peer_13:basic INFO 4.154020575682053: Connecting to Peer_7:basic
Peer_13:basic INFO 4.380226402327009: Connecting to Peer_2:basic
Peer_13:basic INFO 4.389478260401885: Connecting to Peer_14:basic
Peer_13:basic INFO 4.390571640622894: Connecting to Peer_5:basic
Peer_13:basic INFO 4.763178185995918: Connecting to Peer_2:basic
Peer_13:basic INFO 4.89878941897151: Received message <Hello:> from Peer_8:basic
Peer_13:basic INFO 4.89878941897151: Connecting to Peer_8:basic
Peer_13:basic INFO 4.89878941897151: Sending message <Hello:> to Peer_8:basic
Peer_13:basic INFO 5.169751499281419: Received message <Hello:> from Peer_5:basic
Peer_13:basic INFO 5.671066673142897: Received message <Hello:> from Peer_7:basic
Peer_13:basic INFO 5.71344738629659: Received message <Hello:> from Peer_2:basic
Peer_13:basic INFO 6.142263881467689: Received message <Hello:> from Peer_15:basic
Peer_13:basic INFO 6.142263881467689: Connecting to Peer_15:basic
Peer_13:basic INFO 6.142263881467689: Sending message <Hello:> to Peer_15:basic
Peer_13:basic INFO 6.37409439085388: Received message <Hello:> from Peer_9:basic
Peer_13:basic INFO 6.381872162367202: Received message <Hello:> from Peer_18:basic
Peer_13:basic INFO 6.381872162367202: Connecting to Peer_18:basic
Peer_13:basic INFO 6.381872162367202: Sending message <Hello:> to Peer_18:basic
Peer_13:basic INFO 6.4120092851369055: Received message <Hello:> from Peer_16:basic
Peer_13:basic INFO 6.4120092851369055: Connecting to Peer_16:basic
Peer_13:basic INFO 6.4120092851369055: Sending message <Hello:> to Peer_16:basic
Peer_13:basic INFO 6.457132553678684: Received message <Hello:> from Peer_14:basic
Peer_13:basic INFO 6.622787608081137: Received message <Hello:> from Peer_9:basic
Peer_13:basic INFO 6.948490949105947: Received message <Hello:> from Peer_7:basic
Peer_13:basic INFO 7.287105258528174: Received message <Hello:> from Peer_2:basic
Peer_13:basic INFO 7.7014091691527105: Connecting to Peer_1:basic
Peer_13:basic INFO 8.761574622292505: Received message <Hello:> from Peer_1:basic
Peer_13:basic INFO 8.849970321359883: Received message <Hello:> from Peer_17:basic
Peer_13:basic INFO 9.493520000241855: Received message <Hello:> from Peer_14:basic
Peer_13:basic INFO 9.557818254649028: Received message <Hello:> from Peer_5:basic
Peer_13:basic INFO 9.869257884919524: Received message <Hello:> from Peer_2:basic
Peer_13:basic INFO 11.661317762259914: Received message <Hello:> from Peer_17:basic
Peer_13:basic INFO 13.876183934572433: Received message <Hello:> from Peer_2:basic
Peer_13:basic INFO 16.072873469404698: Received message <Hello:> from Peer_1:basic
Peer_13:basic INFO 1000: Sending message <Ping:> to Peer_9:basic
Peer_13:basic INFO 1000: Sending message <Ping:> to Peer_3:basic
Peer_13:basic INFO 1000: Sending message <Ping:> to Peer_6:basic
Peer_13:basic INFO 1000: Sending message <Ping:> to Peer_12:basic
Peer_13:basic INFO 1000: Sending message <Ping:> to Peer_4:basic
Peer_13:basic INFO 1000: Sending message <Ping:> to Peer_17:basic
Peer_13:basic INFO 1000: Sending message <Ping:> to Peer_7:basic
Peer_13:basic INFO 1000: Sending message <Ping:> to Peer_2:basic
Peer_13:basic INFO 1000: Sending message <Ping:> to Peer_14:basic
Peer_13:basic INFO 1000: Sending message <Ping:> to Peer_5:basic
Peer_13:basic INFO 1000: Sending message <Ping:> to Peer_2:basic
Peer_13:basic INFO 1000: Sending message <Ping:> to Peer_8:basic
Peer_13:basic INFO 1000: Sending message <Ping:> to Peer_15:basic
Peer_13:basic INFO 1000: Sending message <Ping:> to Peer_18:basic
Peer_13:basic INFO 1000: Sending message <Ping:> to Peer_16:basic
Peer_13:basic INFO 1000: Sending message <Ping:> to Peer_1:basic
Peer_13:basic INFO 1002.2213451634917: Received message <Ping:> from Peer_2:basic
Peer_13:basic INFO 1002.2213451634917: Sending message <Pong:> to Peer_2:basic
Peer_13:basic INFO 1002.5244080497633: Received message <Ping:> from Peer_3:basic
Peer_13:basic INFO 1002.5244080497633: Sending message <Pong:> to Peer_3:basic
Peer_13:basic INFO 1002.6622393620884: Received message <Ping:> from Peer_16:basic
Peer_13:basic INFO 1002.6622393620884: Sending message <Pong:> to Peer_16:basic
Peer_13:basic INFO 1003.6633595378976: Received message <Ping:> from Peer_14:basic
Peer_13:basic INFO 1003.6633595378976: Sending message <Pong:> to Peer_14:basic
Peer_13:basic INFO 1004.3228361546632: Received message <Ping:> from Peer_8:basic
Peer_13:basic INFO 1004.3228361546632: Sending message <Pong:> to Peer_8:basic
Peer_13:basic INFO 1004.4618369132487: Received message <Ping:> from Peer_4:basic
Peer_13:basic INFO 1004.4618369132487: Sending message <Pong:> to Peer_4:basic
Peer_13:basic INFO 1004.7670030514053: Received message <Ping:> from Peer_2:basic
Peer_13:basic INFO 1004.7670030514053: Sending message <Pong:> to Peer_2:basic
Peer_13:basic INFO 1005.142873542465: Received message <Ping:> from Peer_7:basic
Peer_13:basic INFO 1005.142873542465: Sending message <Pong:> to Peer_7:basic
Peer_13:basic INFO 1005.2051737377593: Received message <Ping:> from Peer_18:basic
Peer_13:basic INFO 1005.2051737377593: Sending message <Pong:> to Peer_18:basic
Peer_13:basic INFO 1005.2104496059206: Received message <Ping:> from Peer_12:basic
Peer_13:basic INFO 1005.2104496059206: Sending message <Pong:> to Peer_12:basic
Peer_13:basic INFO 1005.3290443469245: Received message <Ping:> from Peer_5:basic
Peer_13:basic INFO 1005.3290443469245: Sending message <Pong:> to Peer_5:basic
Peer_13:basic INFO 1005.4044438847354: Received message <Ping:> from Peer_15:basic
Peer_13:basic INFO 1005.4044438847354: Sending message <Pong:> to Peer_15:basic
Peer_13:basic INFO 1005.44110501378: Received message <Ping:> from Peer_17:basic
Peer_13:basic INFO 1005.44110501378: Sending message <Pong:> to Peer_17:basic
Peer_13:basic INFO 1006.0692334200731: Received message <Ping:> from Peer_6:basic
Peer_13:basic INFO 1006.0692334200731: Sending message <Pong:> to Peer_6:basic
Peer_13:basic INFO 1006.1989757090643: Received message <Ping:> from Peer_9:basic
Peer_13:basic INFO 1006.1989757090643: Sending message <Pong:> to Peer_9:basic
Peer_13:basic INFO 1008.4717415089754: Received message <Ping:> from Peer_1:basic
Peer_13:basic INFO 1008.4717415089754: Sending message <Pong:> to Peer_1:basic
Peer_13:basic INFO 1008.7555915746401: Received message <Pong:> from Peer_17:basic
Peer_13:basic INFO 1008.945217902084: Received message <Pong:> from Peer_2:basic
Peer_13:basic INFO 1009.2650187915033: Received message <Pong:> from Peer_4:basic
Peer_13:basic INFO 1009.7221816720304: Received message <Pong:> from Peer_6:basic
Peer_13:basic INFO 1009.7630995313993: Received message <Pong:> from Peer_12:basic
Peer_13:basic INFO 1010.2779915373062: Received message <Pong:> from Peer_18:basic
Peer_13:basic INFO 1010.9423148664057: Received message <Pong:> from Peer_5:basic
Peer_13:basic INFO 1011.23985811046: Received message <Pong:> from Peer_8:basic
Peer_13:basic INFO 1011.442056405136: Received message <Pong:> from Peer_14:basic
Peer_13:basic INFO 1011.4992299904064: Received message <Pong:> from Peer_3:basic
Peer_13:basic INFO 1012.2354301298855: Received message <Pong:> from Peer_2:basic
Peer_13:basic INFO 1012.5574151275001: Received message <Pong:> from Peer_15:basic
Peer_13:basic INFO 1013.1258643010564: Received message <Pong:> from Peer_16:basic
Peer_13:basic INFO 1015.6776968141597: Received message <Pong:> from Peer_9:basic
Peer_13:basic INFO 1017.1200937123026: Received message <Pong:> from Peer_1:basic
Peer_13:basic INFO 1017.9539012562316: Received message <Pong:> from Peer_7:basic
Peer_13:basic INFO 2000: Sending message <Ping:> to Peer_9:basic
Peer_13:basic INFO 2000: Sending message <Ping:> to Peer_3:basic
Peer_13:basic INFO 2000: Sending message <Ping:> to Peer_6:basic
Peer_13:basic INFO 2000: Sending message <Ping:> to Peer_12:basic
Peer_13:basic INFO 2000: Sending message <Ping:> to Peer_4:basic
Peer_13:basic INFO 2000: Sending message <Ping:> to Peer_17:basic
Peer_13:basic INFO 2000: Sending message <Ping:> to Peer_7:basic
Peer_13:basic INFO 2000: Sending message <Ping:> to Peer_2:basic
Peer_13:basic INFO 2000: Sending message <Ping:> to Peer_14:basic
Peer_13:basic INFO 2000: Sending message <Ping:> to Peer_5:basic
Peer_13:basic INFO 2000: Sending message <Ping:> to Peer_2:basic
Peer_13:basic INFO 2000: Sending message <Ping:> to Peer_8:basic
Peer_13:basic INFO 2000: Sending message <Ping:> to Peer_15:basic
Peer_13:basic INFO 2000: Sending message <Ping:> to Peer_18:basic
Peer_13:basic INFO 2000: Sending message <Ping:> to Peer_16:basic
Peer_13:basic INFO 2000: Sending message <Ping:> to Peer_1:basic
Peer_13:basic INFO 2003.822564207264: Received message <Ping:> from Peer_5:basic
Peer_13:basic INFO 2003.822564207264: Sending message <Pong:> to Peer_5:basic
Peer_13:basic INFO 2004.289893820703: Received message <Ping:> from Peer_15:basic
Peer_13:basic INFO 2004.289893820703: Sending message <Pong:> to Peer_15:basic
Peer_13:basic INFO 2004.4026739785545: Received message <Ping:> from Peer_12:basic
Peer_13:basic INFO 2004.4026739785545: Sending message <Pong:> to Peer_12:basic
Peer_13:basic INFO 2004.6724300274964: Received message <Ping:> from Peer_7:basic
Peer_13:basic INFO 2004.6724300274964: Sending message <Pong:> to Peer_7:basic
Peer_13:basic INFO 2005.146558723891: Received message <Ping:> from Peer_14:basic
Peer_13:basic INFO 2005.146558723891: Sending message <Pong:> to Peer_14:basic
Peer_13:basic INFO 2005.2753453046237: Received message <Ping:> from Peer_2:basic
Peer_13:basic INFO 2005.2753453046237: Sending message <Pong:> to Peer_2:basic
Peer_13:basic INFO 2005.306886365832: Received message <Ping:> from Peer_1:basic
Peer_13:basic INFO 2005.306886365832: Sending message <Pong:> to Peer_1:basic
Peer_13:basic INFO 2005.4924333840586: Received message <Ping:> from Peer_4:basic
Peer_13:basic INFO 2005.4924333840586: Sending message <Pong:> to Peer_4:basic
Peer_13:basic INFO 2005.6258123861082: Received message <Ping:> from Peer_18:basic
Peer_13:basic INFO 2005.6258123861082: Sending message <Pong:> to Peer_18:basic
Peer_13:basic INFO 2005.6876021205428: Received message <Ping:> from Peer_16:basic
Peer_13:basic INFO 2005.6876021205428: Sending message <Pong:> to Peer_16:basic
Peer_13:basic INFO 2005.8386338017738: Received message <Ping:> from Peer_2:basic
Peer_13:basic INFO 2005.8386338017738: Sending message <Pong:> to Peer_2:basic
Peer_13:basic INFO 2005.9095358126501: Received message <Ping:> from Peer_8:basic
Peer_13:basic INFO 2005.9095358126501: Sending message <Pong:> to Peer_8:basic
Peer_13:basic INFO 2006.1091993831146: Received message <Ping:> from Peer_6:basic
Peer_13:basic INFO 2006.1091993831146: Sending message <Pong:> to Peer_6:basic
Peer_13:basic INFO 2006.4375651096645: Received message <Pong:> from Peer_15:basic
Peer_13:basic INFO 2007.4318257916598: Received message <Ping:> from Peer_3:basic
Peer_13:basic INFO 2007.4318257916598: Sending message <Pong:> to Peer_3:basic
Peer_13:basic INFO 2007.658858932007: Received message <Ping:> from Peer_9:basic
Peer_13:basic INFO 2007.658858932007: Sending message <Pong:> to Peer_9:basic
Peer_13:basic INFO 2007.6740365922587: Received message <Ping:> from Peer_17:basic
Peer_13:basic INFO 2007.6740365922587: Sending message <Pong:> to Peer_17:basic
Peer_13:basic INFO 2007.862299968356: Received message <Pong:> from Peer_2:basic
Peer_13:basic INFO 2008.4981192608222: Received message <Pong:> from Peer_14:basic
Peer_13:basic INFO 2009.211022382191: Received message <Pong:> from Peer_4:basic
Peer_13:basic INFO 2009.2989286036675: Received message <Pong:> from Peer_12:basic
Peer_13:basic INFO 2009.304130349135: Received message <Pong:> from Peer_18:basic
Peer_13:basic INFO 2009.7222509143817: Received message <Pong:> from Peer_5:basic
Peer_13:basic INFO 2009.7569145894438: Received message <Pong:> from Peer_8:basic
Peer_13:basic INFO 2010.1244534105151: Received message <Pong:> from Peer_16:basic
Peer_13:basic INFO 2010.5158391266104: Received message <Pong:> from Peer_2:basic
Peer_13:basic INFO 2010.5538327711868: Received message <Pong:> from Peer_1:basic
Peer_13:basic INFO 2010.6346303994433: Received message <Pong:> from Peer_17:basic
Peer_13:basic INFO 2011.688732404082: Received message <Pong:> from Peer_6:basic
Peer_13:basic INFO 2012.9644454009947: Received message <Pong:> from Peer_7:basic
Peer_13:basic INFO 2017.1074491023285: Received message <Pong:> from Peer_9:basic
Peer_13:basic INFO 2024.5349288823254: Received message <Pong:> from Peer_3:basic
Peer_13:basic INFO 3000: Sending message <Ping:> to Peer_9:basic
Peer_13:basic INFO 3000: Sending message <Ping:> to Peer_3:basic
Peer_13:basic INFO 3000: Sending message <Ping:> to Peer_6:basic
Peer_13:basic INFO 3000: Sending message <Ping:> to Peer_12:basic
Peer_13:basic INFO 3000: Sending message <Ping:> to Peer_4:basic
Peer_13:basic INFO 3000: Sending message <Ping:> to Peer_17:basic
Peer_13:basic INFO 3000: Sending message <Ping:> to Peer_7:basic
Peer_13:basic INFO 3000: Sending message <Ping:> to Peer_2:basic
Peer_13:basic INFO 3000: Sending message <Ping:> to Peer_14:basic
Peer_13:basic INFO 3000: Sending message <Ping:> to Peer_5:basic
Peer_13:basic INFO 3000: Sending message <Ping:> to Peer_2:basic
Peer_13:basic INFO 3000: Sending message <Ping:> to Peer_8:basic
Peer_13:basic INFO 3000: Sending message <Ping:> to Peer_15:basic
Peer_13:basic INFO 3000: Sending message <Ping:> to Peer_18:basic
Peer_13:basic INFO 3000: Sending message <Ping:> to Peer_16:basic
Peer_13:basic INFO 3000: Sending message <Ping:> to Peer_1:basic
Peer_13:basic INFO 3004.1604293867626: Received message <Ping:> from Peer_17:basic
Peer_13:basic INFO 3004.1604293867626: Sending message <Pong:> to Peer_17:basic
Peer_13:basic INFO 3004.2114905289313: Received message <Ping:> from Peer_14:basic
Peer_13:basic INFO 3004.2114905289313: Sending message <Pong:> to Peer_14:basic
Peer_13:basic INFO 3004.33501068122: Received message <Ping:> from Peer_12:basic
Peer_13:basic INFO 3004.33501068122: Sending message <Pong:> to Peer_12:basic
Peer_13:basic INFO 3004.349203916912: Received message <Ping:> from Peer_6:basic
Peer_13:basic INFO 3004.349203916912: Sending message <Pong:> to Peer_6:basic
Peer_13:basic INFO 3004.7433421819997: Received message <Ping:> from Peer_3:basic
Peer_13:basic INFO 3004.7433421819997: Sending message <Pong:> to Peer_3:basic
Peer_13:basic INFO 3005.1021776059733: Received message <Ping:> from Peer_15:basic
Peer_13:basic INFO 3005.1021776059733: Sending message <Pong:> to Peer_15:basic
Peer_13:basic INFO 3005.4287301389027: Received message <Ping:> from Peer_4:basic
Peer_13:basic INFO 3005.4287301389027: Sending message <Pong:> to Peer_4:basic
Peer_13:basic INFO 3005.5060617403674: Received message <Ping:> from Peer_5:basic
Peer_13:basic INFO 3005.5060617403674: Sending message <Pong:> to Peer_5:basic
Peer_13:basic INFO 3005.538341978106: Received message <Ping:> from Peer_8:basic
Peer_13:basic INFO 3005.538341978106: Sending message <Pong:> to Peer_8:basic
Peer_13:basic INFO 3005.7736456595403: Received message <Ping:> from Peer_18:basic
Peer_13:basic INFO 3005.7736456595403: Sending message <Pong:> to Peer_18:basic
Peer_13:basic INFO 3005.830186243996: Received message <Ping:> from Peer_2:basic
Peer_13:basic INFO 3005.830186243996: Sending message <Pong:> to Peer_2:basic
Peer_13:basic INFO 3006.2225631122215: Received message <Ping:> from Peer_9:basic
Peer_13:basic INFO 3006.2225631122215: Sending message <Pong:> to Peer_9:basic
Peer_13:basic INFO 3006.4695267871266: Received message <Ping:> from Peer_2:basic
Peer_13:basic INFO 3006.4695267871266: Sending message <Pong:> to Peer_2:basic
Peer_13:basic INFO 3006.698695301692: Received message <Ping:> from Peer_1:basic
Peer_13:basic INFO 3006.698695301692: Sending message <Pong:> to Peer_1:basic
Peer_13:basic INFO 3008.0151174804646: Received message <Pong:> from Peer_6:basic
Peer_13:basic INFO 3008.350761776216: Received message <Pong:> from Peer_5:basic
Peer_13:basic INFO 3008.767031427215: Received message <Ping:> from Peer_7:basic
Peer_13:basic INFO 3008.767031427215: Sending message <Pong:> to Peer_7:basic
Peer_13:basic INFO 3009.00679560198: Received message <Pong:> from Peer_1:basic
Peer_13:basic INFO 3010.1538441436387: Received message <Pong:> from Peer_2:basic
Peer_13:basic INFO 3010.364505577692: Received message <Pong:> from Peer_18:basic
Peer_13:basic INFO 3010.4557988605593: Received message <Pong:> from Peer_12:basic
Peer_13:basic INFO 3010.462527668767: Received message <Pong:> from Peer_14:basic
Peer_13:basic INFO 3010.8768816872953: Received message <Pong:> from Peer_16:basic
Peer_13:basic INFO 3011.109975945999: Received message <Pong:> from Peer_17:basic
Peer_13:basic INFO 3011.210556774354: Received message <Pong:> from Peer_8:basic
Peer_13:basic INFO 3011.4042246997737: Received message <Pong:> from Peer_4:basic
Peer_13:basic INFO 3011.6173956582597: Received message <Pong:> from Peer_2:basic
Peer_13:basic INFO 3011.82106795727: Received message <Pong:> from Peer_3:basic
Peer_13:basic INFO 3012.081123610742: Received message <Ping:> from Peer_16:basic
Peer_13:basic INFO 3012.081123610742: Sending message <Pong:> to Peer_16:basic
Peer_13:basic INFO 3012.4413243897197: Received message <Pong:> from Peer_7:basic
Peer_13:basic INFO 3018.7822789788274: Received message <Pong:> from Peer_9:basic
Peer_13:basic INFO 3024.708913979087: Received message <Pong:> from Peer_15:basic
Peer_13:basic INFO 4000: Sending message <Ping:> to Peer_9:basic
Peer_13:basic INFO 4000: Sending message <Ping:> to Peer_3:basic
Peer_13:basic INFO 4000: Sending message <Ping:> to Peer_6:basic
Peer_13:basic INFO 4000: Sending message <Ping:> to Peer_12:basic
Peer_13:basic INFO 4000: Sending message <Ping:> to Peer_4:basic
Peer_13:basic INFO 4000: Sending message <Ping:> to Peer_17:basic
Peer_13:basic INFO 4000: Sending message <Ping:> to Peer_7:basic
Peer_13:basic INFO 4000: Sending message <Ping:> to Peer_2:basic
Peer_13:basic INFO 4000: Sending message <Ping:> to Peer_14:basic
Peer_13:basic INFO 4000: Sending message <Ping:> to Peer_5:basic
Peer_13:basic INFO 4000: Sending message <Ping:> to Peer_2:basic
Peer_13:basic INFO 4000: Sending message <Ping:> to Peer_8:basic
Peer_13:basic INFO 4000: Sending message <Ping:> to Peer_15:basic
Peer_13:basic INFO 4000: Sending message <Ping:> to Peer_18:basic
Peer_13:basic INFO 4000: Sending message <Ping:> to Peer_16:basic
Peer_13:basic INFO 4000: Sending message <Ping:> to Peer_1:basic
Peer_13:basic INFO 4002.768866709889: Received message <Ping:> from Peer_1:basic
Peer_13:basic INFO 4002.768866709889: Sending message <Pong:> to Peer_1:basic
Peer_13:basic INFO 4003.07276871863: Received message <Ping:> from Peer_15:basic
Peer_13:basic INFO 4003.07276871863: Sending message <Pong:> to Peer_15:basic
Peer_13:basic INFO 4003.2171111312855: Received message <Ping:> from Peer_9:basic
Peer_13:basic INFO 4003.2171111312855: Sending message <Pong:> to Peer_9:basic
Peer_13:basic INFO 4003.307256083405: Received message <Ping:> from Peer_7:basic
Peer_13:basic INFO 4003.307256083405: Sending message <Pong:> to Peer_7:basic
Peer_13:basic INFO 4003.6702649583185: Received message <Ping:> from Peer_12:basic
Peer_13:basic INFO 4003.6702649583185: Sending message <Pong:> to Peer_12:basic
Peer_13:basic INFO 4003.8344226557283: Received message <Ping:> from Peer_2:basic
Peer_13:basic INFO 4003.8344226557283: Sending message <Pong:> to Peer_2:basic
Peer_13:basic INFO 4003.847035056709: Received message <Ping:> from Peer_6:basic
Peer_13:basic INFO 4003.847035056709: Sending message <Pong:> to Peer_6:basic
Peer_13:basic INFO 4004.3494406442323: Received message <Ping:> from Peer_5:basic
Peer_13:basic INFO 4004.3494406442323: Sending message <Pong:> to Peer_5:basic
Peer_13:basic INFO 4004.6108993444063: Received message <Ping:> from Peer_8:basic
Peer_13:basic INFO 4004.6108993444063: Sending message <Pong:> to Peer_8:basic
Peer_13:basic INFO 4005.649084193266: Received message <Ping:> from Peer_18:basic
Peer_13:basic INFO 4005.649084193266: Sending message <Pong:> to Peer_18:basic
Peer_13:basic INFO 4005.8235288458195: Received message <Ping:> from Peer_4:basic
Peer_13:basic INFO 4005.8235288458195: Sending message <Pong:> to Peer_4:basic
Peer_13:basic INFO 4005.9477629780263: Received message <Ping:> from Peer_16:basic
Peer_13:basic INFO 4005.9477629780263: Sending message <Pong:> to Peer_16:basic
Peer_13:basic INFO 4006.032754563279: Received message <Ping:> from Peer_3:basic
Peer_13:basic INFO 4006.032754563279: Sending message <Pong:> to Peer_3:basic
Peer_13:basic INFO 4006.728748433012: Received message <Ping:> from Peer_14:basic
Peer_13:basic INFO 4006.728748433012: Sending message <Pong:> to Peer_14:basic
Peer_13:basic INFO 4007.9946986247473: Received message <Ping:> from Peer_17:basic
Peer_13:basic INFO 4007.9946986247473: Sending message <Pong:> to Peer_17:basic
Peer_13:basic INFO 4008.468551412387: Received message <Pong:> from Peer_2:basic
Peer_13:basic INFO 4008.6449262760957: Received message <Pong:> from Peer_14:basic
Peer_13:basic INFO 4008.7857758789746: Received message <Pong:> from Peer_4:basic
Peer_13:basic INFO 4008.793982664836: Received message <Ping:> from Peer_2:basic
Peer_13:basic INFO 4008.793982664836: Sending message <Pong:> to Peer_2:basic
Peer_13:basic INFO 4008.910572835975: Received message <Pong:> from Peer_8:basic
Peer_13:basic INFO 4009.0105542504843: Received message <Pong:> from Peer_5:basic
Peer_13:basic INFO 4009.2810629632963: Received message <Pong:> from Peer_12:basic
Peer_13:basic INFO 4009.7186971370925: Received message <Pong:> from Peer_17:basic
Peer_13:basic INFO 4009.8344470526877: Received message <Pong:> from Peer_18:basic
Peer_13:basic INFO 4009.9923095541226: Received message <Pong:> from Peer_7:basic
Peer_13:basic INFO 4010.510989901354: Received message <Pong:> from Peer_1:basic
Peer_13:basic INFO 4010.8726954913764: Received message <Pong:> from Peer_6:basic
Peer_13:basic INFO 4011.2113005456285: Received message <Pong:> from Peer_2:basic
Peer_13:basic INFO 4011.64529410999: Received message <Pong:> from Peer_9:basic
Peer_13:basic INFO 4012.7832364442484: Received message <Pong:> from Peer_15:basic
Peer_13:basic INFO 4014.468841830641: Received message <Pong:> from Peer_16:basic
Peer_13:basic INFO 4014.646796435292: Received message <Pong:> from Peer_3:basic
